2024-04-20 20:04:40,159 [T1] INFO  EngineStarter
BOT Engine Start - v3.1.000.01101
BOT ID: D_20240420_200437_191
BOT PID: 14288
BOT PPID: 9512
BOT Working Directory: C:\Users\aysla\AppData\Roaming\Brity RPA Designer

2024-04-20 20:04:40,211 [T1] INFO  EngineStarter
System Language: pt-BR
Resolution: 1920 x 1848

2024-04-20 20:04:41,240 [T1] INFO  Config
Initialize Config

2024-04-20 20:04:41,447 [T1] DEBUG Config
Config Loaded

2024-04-20 20:04:41,449 [T1] DEBUG Config
Backup config file.

2024-04-20 20:04:41,467 [T1] INFO  Config
Orchestrator Service => https://orch.sdsbrity.com:8777

2024-04-20 20:04:41,475 [T1] INFO  Config
Initialize Resource Config

2024-04-20 20:04:41,638 [T1] DEBUG Config
Refresh Language Information

2024-04-20 20:04:42,065 [T1] INFO  Config
All Config Initialized.

2024-04-20 20:04:42,082 [T1] DEBUG KeyManager
Initialize KeyManager

2024-04-20 20:04:42,104 [T1] DEBUG KeyManager
Device ID is initialized.

2024-04-20 20:04:42,284 [T1] INFO  CertLicenseClient
Initialize certificate.

2024-04-20 20:04:42,303 [T1] DEBUG CertLicenseClient
Set Security Protocol: Tls12

2024-04-20 20:04:42,379 [T6] DEBUG JobService
Connect to agent service

2024-04-20 20:04:42,475 [T6] DEBUG JobService
JobService URL : net.tcp://127.0.0.1:59001/rpa/agent

2024-04-20 20:04:42,486 [T6] DEBUG JobService
Open connection

2024-04-20 20:04:42,486 [T1] DEBUG ApplicationInitializer
InitMode: Thread

2024-04-20 20:04:42,498 [T1] INFO  LibraryManager
Load Libraries - Started

2024-04-20 20:04:42,513 [T6] DEBUG JobService
Register engine to agent

2024-04-20 20:04:42,529 [T1] DEBUG AddInLoader
Load Assembly : IPA.Lib.Chrome

2024-04-20 20:04:42,539 [T6] DEBUG JobService
Engine is connected to agent service.

2024-04-20 20:04:42,539 [T6] DEBUG JobService
Owner Process PID: 9512

2024-04-20 20:04:42,545 [T6] INFO  JobService
Start monitoring owner process is terminated.

2024-04-20 20:04:43,137 [T1] DEBUG AddInLoader
Load Assembly : IPA.Lib.Desktop

2024-04-20 20:04:43,654 [T1] DEBUG AddInLoader
Load Assembly : IPA.Lib.Excel

2024-04-20 20:04:44,001 [T1] DEBUG AddInLoader
Load Assembly : IPA.Lib.Flow

2024-04-20 20:04:44,429 [T1] DEBUG AddInLoader
Load Assembly : IPA.Lib.IE

2024-04-20 20:04:44,620 [T1] DEBUG AddInLoader
Load Assembly : IPA.Lib.ImageConverter

2024-04-20 20:04:44,834 [T1] DEBUG AddInLoader
Load Assembly : IPA.Lib.ImageRecognition

2024-04-20 20:04:45,333 [T1] DEBUG AddInLoader
Load Assembly : IPA.Lib.MicrosoftOCR

2024-04-20 20:04:45,639 [T1] DEBUG AddInLoader
Load Assembly : IPA.Lib.Net

2024-04-20 20:04:46,512 [T1] DEBUG AddInLoader
Load Assembly : IPA.Lib.Orchestra

2024-04-20 20:04:46,795 [T1] DEBUG AddInLoader
Load Assembly : IPA.Lib.ProcessFlow

2024-04-20 20:04:47,131 [T1] DEBUG AddInLoader
Load Assembly : IPA.Lib.SAP

2024-04-20 20:04:47,672 [T1] DEBUG AddInLoader
Load Assembly : IPA.Lib.Web

2024-04-20 20:04:48,392 [T1] DEBUG AddInLoader
Load Assembly : IPA.Lib.Win

2024-04-20 20:04:49,063 [T1] INFO  ScreenCapture
Default Screen Capture Bounds: -336;-1080;1920;1848

2024-04-20 20:04:49,138 [T1] DEBUG AddInLoader
Load Assembly : BrityRPA.AddIn.NativeApp

2024-04-20 20:04:49,544 [T1] DEBUG AddInLoader
Load Assembly : BrityWorks.AddIn.Outlook

2024-04-20 20:04:49,749 [T1] DEBUG AddInLoader
Load Assembly : BrityWorks.AddIn.Pdf

2024-04-20 20:04:49,852 [T1] DEBUG LibraryManager
Load Library - Chrome

2024-04-20 20:04:49,855 [T1] DEBUG LibraryManager
Load Library - Desktop

2024-04-20 20:04:49,857 [T1] DEBUG LibraryManager
Load Library - Excel

2024-04-20 20:04:49,857 [T1] DEBUG LibraryManager
Load Library - Flow

2024-04-20 20:04:49,858 [T1] DEBUG LibraryManager
Load Library - IE

2024-04-20 20:04:49,858 [T1] DEBUG LibraryManager
Load Library - ImageConverter

2024-04-20 20:04:49,859 [T1] DEBUG LibraryManager
Load Library - ImageRecognition

2024-04-20 20:04:49,860 [T1] DEBUG LibraryManager
Load Library - MicrosoftOCR

2024-04-20 20:04:49,861 [T1] DEBUG LibraryManager
Load Library - NativeApp

2024-04-20 20:04:49,864 [T1] DEBUG LibraryManager
Load Library - Net

2024-04-20 20:04:49,865 [T1] DEBUG LibraryManager
Load Library - Orchestra

2024-04-20 20:04:49,866 [T1] DEBUG LibraryManager
Load Library - Outlook

2024-04-20 20:04:49,866 [T1] DEBUG LibraryManager
Load Library - Pdf

2024-04-20 20:04:49,866 [T1] DEBUG LibraryManager
Load Library - SAP

2024-04-20 20:04:49,867 [T1] DEBUG LibraryManager
Load Library - Web

2024-04-20 20:04:49,868 [T1] DEBUG LibraryManager
Load Library - Win

2024-04-20 20:04:49,869 [T1] DEBUG LibraryManager
Load Library - WorkFlow

2024-04-20 20:04:49,875 [T1] DEBUG LibraryManager
Load built-in script libraries

2024-04-20 20:04:49,998 [T1] INFO  LibraryManager
Load Libraries - Completed.

2024-04-20 20:04:50,010 [T1] INFO  App
Launch Arguments: Total: 6 |  -eid D_20240420_200437_191 -runtype ProcRunner -ppid 9512

2024-04-20 20:04:50,010 [T1] DEBUG Config
Refresh Language Information

2024-04-20 20:04:50,011 [T1] DEBUG LibraryManager
LibraryManager Initialized.

2024-04-20 20:05:19,642 [T9] INFO  JobService
Start Job: T_ReadData (Foreground)
{
  "UsePIP": false,
  "UserID": null,
  "UserPWD": null,
  "IsRunning": false,
  "ResultMessage": null,
  "JobWorkDir": "C:\\Users\\aysla\\OneDrive\\Documents\\Brity RPA Projects\\Atividade\\Histories\\20240420_200519_T_ReadData_Designer_20240420_200516_939",
  "JobLogDir": "C:\\Users\\aysla\\OneDrive\\Documents\\Brity RPA Projects\\Atividade\\Histories\\20240420_200519_T_ReadData_Designer_20240420_200516_939\\Log",
  "JobScreenshotDir": "C:\\Users\\aysla\\OneDrive\\Documents\\Brity RPA Projects\\Atividade\\Histories\\20240420_200519_T_ReadData_Designer_20240420_200516_939\\Log\\Screenshot",
  "TotalProcessStepCount": 0,
  "CurrentStepNo": 0,
  "CurrentStepName": null,
  "StartTime": "2024-04-20 20:05:19",
  "EndTime": null,
  "Data": null,
  "EngineID": "D_20240420_200437_191",
  "EnginePID": 0,
  "EngineRecommededVersion": "",
  "JobId": "Designer_20240420_200516_939",
  "JobType": 1,
  "UserAuthentication": null,
  "ProcessPath": "C:\\Users\\aysla\\OneDrive\\Documents\\Brity RPA Projects\\Atividade\\T_ReadData.proc",
  "ProcessId": "050167e3-7605-4076-89ac-55f49898cab0",
  "ProcessVer": "",
  "ProcessArgs": "S841084c431474584b63edfae191f9600;;False",
  "RequesterType": 3,
  "RequesterId": "designer",
  "RequesterPID": 9512,
  "OptionsJsonString": null,
  "TimeoutSec": 0,
  "State": 0
}

2024-04-20 20:05:19,807 [T11] DEBUG JobService
Waiting library loading...

2024-04-20 20:05:19,812 [T11] DEBUG Config
Reload User Settings

2024-04-20 20:05:19,814 [T11] INFO  Config
UserSettings Reloaded =>
 - LastExecution : suMlysZjke3nuvyUHrZFZ66JlJ8a7M61izblxkbDZtA= -> IqFlOyZTylBFAnHPq4DIJWUkt0chFPyWjjjoYIcUVyE=

2024-04-20 20:05:19,814 [T11] INFO  JobService
Config Loading Completed.

2024-04-20 20:05:19,814 [T11] DEBUG JobService
Config Loading Time: 6 ms.

2024-04-20 20:05:19,824 [T11] INFO  JobManager
Create JobManager instance for job T_ReadData(Designer_20240420_200516_939)

2024-04-20 20:05:19,832 [T11] INFO  JobRequest
Job ID : Designer_20240420_200516_939
Project Path  : C:\Users\aysla\OneDrive\Documents\Brity RPA Projects\Atividade\Atividade.proj
Process Name  : T_ReadData
Engine Mode   : Designer
Requester Type: Designer
Requester PID : 9512

2024-04-20 20:05:19,834 [T10] INFO  JobRequest
Start Callback Sender

2024-04-20 20:05:19,835 [T10] DEBUG JobRequest
Step Callback Interval: 500

2024-04-20 20:05:19,888 [T11] DEBUG ProjectManager
Set Project Information

2024-04-20 20:05:19,913 [T11] INFO  PlayOptionManager
PlayOption
- Step Interval : 1
- Disable DrawBounds : False
- Invoke First : False
- Allow Upload of DumpScreen results : False

2024-04-20 20:05:19,914 [T11] INFO  JobRunner
Initialize Script Engine

2024-04-20 20:05:19,932 [TScriptEngine] INFO  JobRequest
##############################################################
### STATE: Initializing
##############################################################


2024-04-20 20:05:19,957 [T10] DEBUG JobRequest
Callback - State: Initializing


2024-04-20 20:05:20,864 [TScriptEngine] INFO  JobRequest
##############################################################
### STATE: Ready
##############################################################


2024-04-20 20:05:20,866 [T10] DEBUG JobRequest
Callback - State: Ready


2024-04-20 20:05:20,876 [T11] INFO  JobRunnerHook
HotKey Hook Started

2024-04-20 20:05:20,877 [T11] INFO  JobRequest
##############################################################
### STATE: Starting
##############################################################


2024-04-20 20:05:20,879 [TScriptEngine] INFO  JobRunner
RunProcess start

2024-04-20 20:05:20,881 [TScriptEngine] INFO  JobRequest
##############################################################
### STATE: Running
##############################################################


2024-04-20 20:05:20,881 [TScriptEngine] INFO  JobRequest
Last job life cycle state: Running

2024-04-20 20:05:20,882 [T10] DEBUG JobRequest
Callback - State: Starting


2024-04-20 20:05:20,897 [T10] DEBUG JobRequest
Callback - State: Running


2024-04-20 20:05:21,044 [TScriptEngine] WARN  ProcessDataValidator
It can be occurred a malfunction to play T_ReadData,
because this system is different from designed system environment.
(OS, Resolution, etc)

2024-04-20 20:05:21,945 [TScriptEngine] DEBUG ScreenCapture
DirectX Screen Capture Initialized.

2024-04-20 20:05:22,087 [TScriptEngine] DEBUG JobRunner
DirectX ScreenCapture Checked.

2024-04-20 20:05:22,129 [TScriptEngine] INFO  JobRequest
##############################################################
### STATE: StartProcess - T_ReadData
##############################################################
050167e3-7605-4076-89ac-55f49898cab0
T_ReadData


2024-04-20 20:05:22,185 [TScriptEngine] INFO  JobRequest
**************************************************************
*** TASK: T_ReadData
**************************************************************
 - STEP 1: S841084c431474584b63edfae191f9600 (6/17) - (1/12)
 - [6] WaitAppear


2024-04-20 20:05:22,972 [T12] INFO  UIAEventHandler
Start UIA event handler

2024-04-20 20:05:23,976 [T12] DEBUG UIAEventHandler
UI Structure Changed Count: 0

2024-04-20 20:05:23,976 [T12] INFO  UIAEventHandler
waiting for 958 msec during the screen structure is changing.

2024-04-20 20:05:25,710 [TScriptEngine] INFO  JobRequest
 - STEP 2: S0b378dafa20342eabadd82ecdb4a54b2 (7/17) - (2/12)
 - [7] WaitAppear


2024-04-20 20:05:26,510 [T12] DEBUG UIAEventHandler
UI Structure Changed Count: 0

2024-04-20 20:05:26,510 [T12] INFO  UIAEventHandler
waiting for 96 msec during the screen structure is changing.

2024-04-20 20:05:26,557 [TScriptEngine] INFO  JobRequest
 - STEP 3: Se42655ba1e1144508c70d4d4e6bc5645 (8/17) - (3/12)
 - [8] ChromeGetData


2024-04-20 20:05:27,696 [TScriptEngine] INFO  JobRequest
 - STEP 4: S07a6862599344a3cb4f9d8f92573b57c (9/17) - (4/12)
 - [9] ChromeGetData


2024-04-20 20:05:28,292 [TScriptEngine] INFO  JobRequest
 - STEP 5: Sc567a2717a14482baf6990d452159f80 (10/17) - (5/12)
 - [10] Click


2024-04-20 20:05:29,740 [TScriptEngine] INFO  JobRequest
 - STEP 6: Sc1d75d0190034baca217e2378949610e (11/17) - (6/12)
 - [11] Click


2024-04-20 20:05:30,555 [TScriptEngine] INFO  JobRequest
 - STEP 7: S5dcbe24ae3c04ed3ad3bfe00fefd64de (12/17) - (7/12)
 - [12] GetText


2024-04-20 20:05:31,606 [T18] DEBUG UIAEventHandler
UI Structure Changed Count: 0

2024-04-20 20:05:31,606 [T18] INFO  UIAEventHandler
waiting for 808 msec during the screen structure is changing.

2024-04-20 20:05:31,726 [TScriptEngine] DEBUG UIAElement
Failed to get object text information: O método ou a operação não está implementada.

2024-04-20 20:05:31,743 [TScriptEngine] INFO  JobRequest
 - STEP 8: Sbde1623e24bc4214bb96f9bccafb285f (13/17) - (8/12)
 - [13] GetActiveExcel


2024-04-20 20:05:32,057 [TScriptEngine] INFO  JobRequest
 - STEP 9: S9bd1d47825ec4548801937604e06103c (14/17) - (9/12)
 - [14] WriteString


2024-04-20 20:05:32,323 [TScriptEngine] ERROR WriteString
Invalid range(position) value entered. => Bnull

2024-04-20 20:05:34,966 [T17] INFO  JobService
Stop Job

2024-04-20 20:05:34,969 [T17] INFO  JobRunner
Stop Job Runner - Cause: LocalUser / Message: stop by user

2024-04-20 20:05:34,970 [T17] INFO  JobRequest
##############################################################
### STATE: Stopping
##############################################################
stop by user


2024-04-20 20:05:34,980 [T10] DEBUG JobRequest
Callback - State: Stopping
stop by user

2024-04-20 20:05:37,036 [TScriptEngine] INFO  JobRunner
Stop Job Runner - Cause: LocalUser / Message: Catch Step Exception

2024-04-20 20:05:37,036 [TScriptEngine] WARN  JobRunner
Already Stop Requested. State: Stopping

2024-04-20 20:05:37,036 [TScriptEngine] WARN  ScriptSupport
[CATCH_STEP_EXCEPTION] Process: T_ReadData
Step: WriteString (14/17)

Error: Invalid range(position) value entered. => Bnull

2024-04-20 20:05:37,042 [TScriptEngine] FINE  JobRunner
RunTask ExceptionOccured. TASK: T_ReadData => Invalid range(position) value entered. => Bnull

2024-04-20 20:05:37,071 [TScriptEngine] INFO  JobRequest
##############################################################
### STATE: EndProcess - T_ReadData
##############################################################
050167e3-7605-4076-89ac-55f49898cab0
T_ReadData


2024-04-20 20:05:37,093 [TScriptEngine] DEBUG JobManager
Set Result State: Stopped

2024-04-20 20:05:37,099 [TScriptEngine] INFO  JobRunner
Make report.

2024-04-20 20:05:37,147 [TScriptEngine] INFO  JobRunner
Start to clean up resources.

2024-04-20 20:05:37,148 [TScriptEngine] DEBUG JobRunner
OnProcessCompleted

2024-04-20 20:05:37,148 [T29] DEBUG JobRunner
Start timer for checking the job to be completed.

2024-04-20 20:05:37,154 [TScriptEngine] DEBUG ExcelBase
DisposeExcel

2024-04-20 20:05:37,183 [TScriptEngine] INFO  JobRunner
Start to clean up resources.

2024-04-20 20:05:37,186 [TScriptEngine] DEBUG JobRunner
Remove all libraries

2024-04-20 20:05:37,195 [TScriptEngine] DEBUG NetPlayer
WebPlayer OnDispose

2024-04-20 20:05:37,199 [TScriptEngine] DEBUG WebPlayer
WebPlayer OnDispose : Do Nothing

2024-04-20 20:05:37,201 [TScriptEngine] DEBUG UIAEventHandler
Stop UIA event handler

2024-04-20 20:05:37,215 [TScriptEngine] DEBUG UiaAppHelper
WinHelper DisposeAppList Count: 0

2024-04-20 20:05:37,215 [TScriptEngine] INFO  JobRunner
All Resources Clear

2024-04-20 20:05:37,216 [TScriptEngine] DEBUG JobRunner
OnCompleted

2024-04-20 20:05:37,217 [TScriptEngine] DEBUG JobRunner
SendJobResult: Stopped

2024-04-20 20:05:37,217 [TScriptEngine] INFO  JobRequest
##############################################################
### STATE: Stopped
##############################################################
Process: T_ReadData

Process: T_ReadData
Step: WriteString (14/17)
Invalid range(position) value entered. => Bnull


2024-04-20 20:05:37,217 [TScriptEngine] INFO  JobRequest
Last job life cycle state: Stopped

2024-04-20 20:05:37,224 [T10] DEBUG JobRequest
Callback - State: Stopped
Process: T_ReadData

Process: T_ReadData
Step: WriteString (14/17)
Invalid range(position) value entered. => Bnull

2024-04-20 20:05:37,226 [TScriptEngine] INFO  JobRequest
##############################################################
### JOB COMPLETED
##############################################################


2024-04-20 20:05:37,239 [T10] INFO  JobRequest
Callback - EngineClosed

2024-04-20 20:05:37,239 [T10] INFO  JobService
Disconnect agent service

