2024-04-17 20:28:37,244 [T1] INFO  EngineStarter
BOT Engine Start - v3.1.000.01101
BOT ID: D_20240417_202836_195
BOT PID: 9772
BOT PPID: 15112
BOT Working Directory: C:\Users\aysla\AppData\Roaming\Brity RPA Designer

2024-04-17 20:28:37,261 [T1] INFO  EngineStarter
System Language: pt-BR
Resolution: 1366 x 768

2024-04-17 20:28:37,520 [T1] INFO  Config
Initialize Config

2024-04-17 20:28:37,557 [T1] DEBUG Config
Config Loaded

2024-04-17 20:28:37,557 [T1] DEBUG Config
Backup config file.

2024-04-17 20:28:37,582 [T1] INFO  Config
Orchestrator Service => https://orch.sdsbrity.com:8777

2024-04-17 20:28:37,587 [T1] INFO  Config
Initialize Resource Config

2024-04-17 20:28:37,617 [T1] DEBUG Config
Refresh Language Information

2024-04-17 20:28:37,782 [T1] INFO  Config
All Config Initialized.

2024-04-17 20:28:37,786 [T1] DEBUG KeyManager
Initialize KeyManager

2024-04-17 20:28:37,792 [T1] DEBUG KeyManager
Device ID is initialized.

2024-04-17 20:28:37,832 [T1] INFO  CertLicenseClient
Initialize certificate.

2024-04-17 20:28:37,835 [T1] DEBUG CertLicenseClient
Set Security Protocol: Tls12

2024-04-17 20:28:37,890 [T4] DEBUG JobService
Connect to agent service

2024-04-17 20:28:37,921 [T4] DEBUG JobService
JobService URL : net.tcp://127.0.0.1:59001/rpa/agent

2024-04-17 20:28:37,923 [T4] DEBUG JobService
Open connection

2024-04-17 20:28:37,930 [T1] DEBUG ApplicationInitializer
InitMode: Thread

2024-04-17 20:28:37,939 [T1] INFO  LibraryManager
Load Libraries - Started

2024-04-17 20:28:37,940 [T4] DEBUG JobService
Register engine to agent

2024-04-17 20:28:37,956 [T1] DEBUG AddInLoader
Load Assembly : IPA.Lib.Chrome

2024-04-17 20:28:37,956 [T4] DEBUG JobService
Engine is connected to agent service.

2024-04-17 20:28:37,957 [T4] DEBUG JobService
Owner Process PID: 15112

2024-04-17 20:28:37,962 [T4] INFO  JobService
Start monitoring owner process is terminated.

2024-04-17 20:28:38,223 [T1] DEBUG AddInLoader
Load Assembly : IPA.Lib.Desktop

2024-04-17 20:28:38,441 [T1] DEBUG AddInLoader
Load Assembly : IPA.Lib.Excel

2024-04-17 20:28:38,638 [T1] DEBUG AddInLoader
Load Assembly : IPA.Lib.Flow

2024-04-17 20:28:38,788 [T1] DEBUG AddInLoader
Load Assembly : IPA.Lib.IE

2024-04-17 20:28:38,900 [T1] DEBUG AddInLoader
Load Assembly : IPA.Lib.ImageConverter

2024-04-17 20:28:38,974 [T1] DEBUG AddInLoader
Load Assembly : IPA.Lib.ImageRecognition

2024-04-17 20:28:39,386 [T1] DEBUG AddInLoader
Load Assembly : IPA.Lib.MicrosoftOCR

2024-04-17 20:28:39,452 [T1] DEBUG AddInLoader
Load Assembly : IPA.Lib.Net

2024-04-17 20:28:39,555 [T1] DEBUG AddInLoader
Load Assembly : IPA.Lib.Orchestra

2024-04-17 20:28:39,645 [T1] DEBUG AddInLoader
Load Assembly : IPA.Lib.ProcessFlow

2024-04-17 20:28:39,749 [T1] DEBUG AddInLoader
Load Assembly : IPA.Lib.SAP

2024-04-17 20:28:39,843 [T1] DEBUG AddInLoader
Load Assembly : IPA.Lib.Web

2024-04-17 20:28:40,064 [T1] DEBUG AddInLoader
Load Assembly : IPA.Lib.Win

2024-04-17 20:28:40,259 [T1] INFO  ScreenCapture
Default Screen Capture Bounds: 0;0;1366;768

2024-04-17 20:28:40,303 [T1] DEBUG AddInLoader
Load Assembly : BrityRPA.AddIn.NativeApp

2024-04-17 20:28:40,461 [T1] DEBUG AddInLoader
Load Assembly : BrityWorks.AddIn.Outlook

2024-04-17 20:28:40,566 [T1] DEBUG AddInLoader
Load Assembly : BrityWorks.AddIn.Pdf

2024-04-17 20:28:40,667 [T1] DEBUG LibraryManager
Load Library - Chrome

2024-04-17 20:28:40,673 [T1] DEBUG LibraryManager
Load Library - Desktop

2024-04-17 20:28:40,675 [T1] DEBUG LibraryManager
Load Library - Excel

2024-04-17 20:28:40,677 [T1] DEBUG LibraryManager
Load Library - Flow

2024-04-17 20:28:40,678 [T1] DEBUG LibraryManager
Load Library - IE

2024-04-17 20:28:40,679 [T1] DEBUG LibraryManager
Load Library - ImageConverter

2024-04-17 20:28:40,681 [T1] DEBUG LibraryManager
Load Library - ImageRecognition

2024-04-17 20:28:40,682 [T1] DEBUG LibraryManager
Load Library - MicrosoftOCR

2024-04-17 20:28:40,683 [T1] DEBUG LibraryManager
Load Library - NativeApp

2024-04-17 20:28:40,687 [T1] DEBUG LibraryManager
Load Library - Net

2024-04-17 20:28:40,688 [T1] DEBUG LibraryManager
Load Library - Orchestra

2024-04-17 20:28:40,689 [T1] DEBUG LibraryManager
Load Library - Outlook

2024-04-17 20:28:40,689 [T1] DEBUG LibraryManager
Load Library - Pdf

2024-04-17 20:28:40,689 [T1] DEBUG LibraryManager
Load Library - SAP

2024-04-17 20:28:40,690 [T1] DEBUG LibraryManager
Load Library - Web

2024-04-17 20:28:40,692 [T1] DEBUG LibraryManager
Load Library - Win

2024-04-17 20:28:40,693 [T1] DEBUG LibraryManager
Load Library - WorkFlow

2024-04-17 20:28:40,701 [T1] DEBUG LibraryManager
Load built-in script libraries

2024-04-17 20:28:40,871 [T1] INFO  LibraryManager
Load Libraries - Completed.

2024-04-17 20:28:40,883 [T1] INFO  App
Launch Arguments: Total: 6 |  -eid D_20240417_202836_195 -runtype ProcRunner -ppid 15112

2024-04-17 20:28:40,884 [T1] DEBUG Config
Refresh Language Information

2024-04-17 20:28:40,885 [T1] DEBUG LibraryManager
LibraryManager Initialized.

2024-04-17 20:29:10,621 [T9] INFO  JobService
Start Job: P_Atividade (Foreground)
{
  "UsePIP": false,
  "UserID": null,
  "UserPWD": null,
  "IsRunning": false,
  "ResultMessage": null,
  "JobWorkDir": "C:\\Users\\aysla\\OneDrive\\Documents\\Brity RPA Projects\\Atividade\\Histories\\20240417_202910_P_Atividade_Designer_20240417_202910_179",
  "JobLogDir": "C:\\Users\\aysla\\OneDrive\\Documents\\Brity RPA Projects\\Atividade\\Histories\\20240417_202910_P_Atividade_Designer_20240417_202910_179\\Log",
  "JobScreenshotDir": "C:\\Users\\aysla\\OneDrive\\Documents\\Brity RPA Projects\\Atividade\\Histories\\20240417_202910_P_Atividade_Designer_20240417_202910_179\\Log\\Screenshot",
  "TotalProcessStepCount": 0,
  "CurrentStepNo": 0,
  "CurrentStepName": null,
  "StartTime": "2024-04-17 20:29:10",
  "EndTime": null,
  "Data": null,
  "EngineID": "D_20240417_202836_195",
  "EnginePID": 0,
  "EngineRecommededVersion": "",
  "JobId": "Designer_20240417_202910_179",
  "JobType": 1,
  "UserAuthentication": null,
  "ProcessPath": "C:\\Users\\aysla\\OneDrive\\Documents\\Brity RPA Projects\\Atividade\\P_Atividade.proc",
  "ProcessId": "05688af9-4021-4715-968f-8735111f8ff4",
  "ProcessVer": "",
  "ProcessArgs": null,
  "RequesterType": 3,
  "RequesterId": "designer",
  "RequesterPID": 15112,
  "OptionsJsonString": null,
  "TimeoutSec": 0,
  "State": 0
}

2024-04-17 20:29:10,774 [T10] DEBUG JobService
Waiting library loading...

2024-04-17 20:29:10,777 [T10] DEBUG Config
Reload User Settings

2024-04-17 20:29:10,778 [T10] INFO  JobService
Config Loading Completed.

2024-04-17 20:29:10,778 [T10] DEBUG JobService
Config Loading Time: 3 ms.

2024-04-17 20:29:10,787 [T10] INFO  JobManager
Create JobManager instance for job P_Atividade(Designer_20240417_202910_179)

2024-04-17 20:29:10,796 [T10] INFO  JobRequest
Job ID : Designer_20240417_202910_179
Project Path  : C:\Users\aysla\OneDrive\Documents\Brity RPA Projects\Atividade\Atividade.proj
Process Name  : P_Atividade
Engine Mode   : Designer
Requester Type: Designer
Requester PID : 15112

2024-04-17 20:29:10,801 [T11] INFO  JobRequest
Start Callback Sender

2024-04-17 20:29:10,801 [T11] DEBUG JobRequest
Step Callback Interval: 500

2024-04-17 20:29:10,853 [T10] DEBUG ProjectManager
Set Project Information

2024-04-17 20:29:10,879 [T10] INFO  PlayOptionManager
PlayOption
- Step Interval : 1
- Disable DrawBounds : False
- Invoke First : False
- Allow Upload of DumpScreen results : False

2024-04-17 20:29:10,880 [T10] INFO  JobRunner
Initialize Script Engine

2024-04-17 20:29:10,897 [TScriptEngine] INFO  JobRequest
##############################################################
### STATE: Initializing
##############################################################


2024-04-17 20:29:10,926 [T11] DEBUG JobRequest
Callback - State: Initializing


2024-04-17 20:29:11,862 [TScriptEngine] INFO  JobRequest
##############################################################
### STATE: Ready
##############################################################


2024-04-17 20:29:11,874 [T11] DEBUG JobRequest
Callback - State: Ready


2024-04-17 20:29:11,875 [T10] INFO  JobRunnerHook
HotKey Hook Started

2024-04-17 20:29:11,875 [T10] INFO  JobRequest
##############################################################
### STATE: Starting
##############################################################


2024-04-17 20:29:11,877 [TScriptEngine] INFO  JobRunner
RunProcess start

2024-04-17 20:29:11,879 [TScriptEngine] INFO  JobRequest
##############################################################
### STATE: Running
##############################################################


2024-04-17 20:29:11,879 [TScriptEngine] INFO  JobRequest
Last job life cycle state: Running

2024-04-17 20:29:11,890 [T11] DEBUG JobRequest
Callback - State: Starting


2024-04-17 20:29:11,891 [T11] DEBUG JobRequest
Callback - State: Running


2024-04-17 20:29:12,054 [TScriptEngine] WARN  ProcessDataValidator
It can be occurred a malfunction to play P_Atividade,
because this system is different from designed system environment.
(OS, Resolution, etc)

2024-04-17 20:29:12,919 [TScriptEngine] DEBUG ScreenCapture
DirectX Screen Capture Initialized.

2024-04-17 20:29:12,981 [TScriptEngine] DEBUG JobRunner
DirectX ScreenCapture Checked.

2024-04-17 20:29:13,017 [TScriptEngine] INFO  JobRequest
##############################################################
### STATE: StartProcess - P_Atividade
##############################################################
05688af9-4021-4715-968f-8735111f8ff4
P_Atividade


2024-04-17 20:29:13,081 [TScriptEngine] INFO  JobRequest
**************************************************************
*** TASK: P_Atividade
**************************************************************
 - STEP 1: S81a0ebfb5a2c4a8b9a71dee37d7e0b78 (1/13) - (1/24)
 - [1] ExecuteScript


2024-04-17 20:29:13,209 [TScriptEngine] INFO  JobRequest
 - STEP 2: S2f262c6eb2384f8789f53ce6aa08aa75 (2/13) - (2/24)
 - [2] GetActiveExcel


2024-04-17 20:29:13,494 [TScriptEngine] INFO  JobRequest
 - STEP 3: Sa2ffea335c68462984398f8647d25471 (3/13) - (3/24)
 - [3] GetRowCount


2024-04-17 20:29:13,728 [TScriptEngine] INFO  JobRequest
 - STEP 4: Sda3e6b23bb1a4d39affe5280218ea58b (4/13) - (4/24)
 - [4] For


2024-04-17 20:29:13,744 [TScriptEngine] INFO  JobRequest
 - STEP 5: Sdea2da61b925487181471142e9aaa813 (5/13) - (5/24)
 - [5] ChromeClose


2024-04-17 20:29:15,372 [TScriptEngine] INFO  JobRequest
 - STEP 6: S09d63d9d3fda427bb7475440858c030e (6/13) - (6/24)
 - [6] ReadString


2024-04-17 20:29:15,559 [TScriptEngine] INFO  JobRequest
 - STEP 7: S7e95aa17246a433abdcada2f20679a68 (7/13) - (7/24)
 - [7] ExecuteScript


2024-04-17 20:29:15,575 [TScriptEngine] INFO  JobRequest
 - STEP 8: Sb01899dd9dcc43c9adaaaab1ed7a6f0c (8/13) - (8/24)
 - [8] IfElse


2024-04-17 20:29:15,591 [TScriptEngine] INFO  JobRequest
 - STEP 9: Sa9456650272b4b5e83a3073cf8af312a (9/13) - (9/24)
 - [9] RunTask


2024-04-17 20:29:15,606 [TScriptEngine] INFO  JobRequest
##############################################################
### STATE: StartTask - T_ReadData
##############################################################
050167e3-7605-4076-89ac-55f49898cab0
T_ReadData


2024-04-17 20:29:15,622 [TScriptEngine] INFO  JobRequest
**************************************************************
*** TASK: T_ReadData
**************************************************************
 - STEP 10: S7b5451ab03f24e968aa01b02443d0230 (1/12) - (10/24)
 - [1] ChromeOpen


2024-04-17 20:29:15,700 [T10] DEBUG ChromeCommonExtension
extension default locale empty

2024-04-17 20:29:15,715 [T10] DEBUG ChromeCommonExtension
extension default locale empty

2024-04-17 20:29:16,231 [T10] DEBUG ChromeCommonExtension
extension default locale empty

2024-04-17 20:29:16,231 [T10] DEBUG ChromeCommonExtension
extension default locale empty

2024-04-17 20:29:21,631 [TScriptEngine] INFO  JobRequest
 - STEP 11: See956307f79448ce844eef8e27180a04 (2/12) - (11/24)
 - [2] ChromeClick


2024-04-17 20:29:25,978 [TScriptEngine] INFO  JobRequest
 - STEP 12: Se42655ba1e1144508c70d4d4e6bc5645 (4/12) - (12/24)
 - [4] ChromeGetData


2024-04-17 20:29:26,469 [TScriptEngine] INFO  JobRequest
 - STEP 13: S07a6862599344a3cb4f9d8f92573b57c (5/12) - (13/24)
 - [5] ChromeGetData


2024-04-17 20:29:27,331 [TScriptEngine] INFO  JobRequest
 - STEP 14: S0139794d469e4c37b7f7c8dfcf659bbb (6/12) - (14/24)
 - [6] ChromeClick


2024-04-17 20:29:37,416 [TScriptEngine] DEBUG ChromeFind
Chrome Find Wrapper : The object was not found.
Please re-specify the object.

2024-04-17 20:29:46,596 [TScriptEngine] INFO  JobRunner
Stop Job Runner - Cause: LocalUser / Message: Catch Step Exception

2024-04-17 20:29:46,597 [TScriptEngine] INFO  JobRequest
##############################################################
### STATE: Stopping
##############################################################
Catch Step Exception


2024-04-17 20:29:46,606 [TScriptEngine] WARN  ScriptSupport
[CATCH_STEP_EXCEPTION] Process: P_Atividade
Task: T_ReadData
Step: ChromeClick (6/12)

Error: The object was not found.
Please re-specify the object.

2024-04-17 20:29:46,612 [TScriptEngine] FINE  JobRunner
RunTask ExceptionOccured. TASK: T_ReadData => The object was not found.
Please re-specify the object.

2024-04-17 20:29:46,613 [T11] DEBUG JobRequest
Callback - State: Stopping
Catch Step Exception

2024-04-17 20:29:46,639 [TScriptEngine] INFO  JobRequest
##############################################################
### STATE: EndTask - T_ReadData
##############################################################
050167e3-7605-4076-89ac-55f49898cab0
T_ReadData


2024-04-17 20:29:46,639 [TScriptEngine] DEBUG JobRunner
RunTask ExceptionOccured. TASK: P_Atividade => Process: P_Atividade
Task: T_ReadData
Step: ChromeClick (6/12)
The object was not found.
Please re-specify the object.

2024-04-17 20:29:46,639 [TScriptEngine] INFO  JobRequest
##############################################################
### STATE: EndProcess - P_Atividade
##############################################################
05688af9-4021-4715-968f-8735111f8ff4
P_Atividade


2024-04-17 20:29:46,667 [TScriptEngine] DEBUG JobManager
Set Result State: Stopped

2024-04-17 20:29:46,677 [TScriptEngine] INFO  JobRunner
Make report.

2024-04-17 20:29:46,740 [TScriptEngine] INFO  JobRunner
Start to clean up resources.

2024-04-17 20:29:46,742 [T22] DEBUG JobRunner
Start timer for checking the job to be completed.

2024-04-17 20:29:46,742 [TScriptEngine] DEBUG JobRunner
OnProcessCompleted

2024-04-17 20:29:46,749 [TScriptEngine] DEBUG ExcelBase
DisposeExcel

2024-04-17 20:29:46,788 [TScriptEngine] INFO  JobRunner
Start to clean up resources.

2024-04-17 20:29:46,792 [TScriptEngine] DEBUG JobRunner
Remove all libraries

2024-04-17 20:29:46,794 [TScriptEngine] DEBUG NetPlayer
WebPlayer OnDispose

2024-04-17 20:29:46,797 [TScriptEngine] DEBUG WebPlayer
WebPlayer OnDispose : Do Nothing

2024-04-17 20:29:46,801 [TScriptEngine] DEBUG UiaAppHelper
WinHelper DisposeAppList Count: 0

2024-04-17 20:29:46,802 [TScriptEngine] INFO  JobRunner
All Resources Clear

2024-04-17 20:29:46,803 [TScriptEngine] DEBUG JobRunner
OnCompleted

2024-04-17 20:29:46,804 [TScriptEngine] DEBUG JobRunner
SendJobResult: Stopped

2024-04-17 20:29:46,804 [TScriptEngine] INFO  JobRequest
##############################################################
### STATE: Stopped
##############################################################
Process: P_Atividade

Process: P_Atividade
Task: T_ReadData
Step: ChromeClick (6/12)
The object was not found.
Please re-specify the object.


2024-04-17 20:29:46,804 [TScriptEngine] INFO  JobRequest
Last job life cycle state: Stopped

2024-04-17 20:29:46,804 [TScriptEngine] INFO  JobRequest
Update skipped current step informations.

2024-04-17 20:29:46,817 [TScriptEngine] INFO  JobRequest
##############################################################
### JOB COMPLETED
##############################################################


2024-04-17 20:29:46,828 [T11] DEBUG JobRequest
Callback - State: Stopped
Process: P_Atividade

Process: P_Atividade
Task: T_ReadData
Step: ChromeClick (6/12)
The object was not found.
Please re-specify the object.

2024-04-17 20:29:46,831 [T11] INFO  JobRequest
Callback - EngineClosed

2024-04-17 20:29:46,833 [T11] INFO  JobService
Disconnect agent service

2024-04-17 20:29:46,839 [T11] DEBUG JobRequest
End of Callback Sender

2024-04-17 20:29:46,841 [TScriptEngine] INFO  JobRunner
RunProcess end

2024-04-17 20:29:46,843 [T1] INFO  JobService
Exit - Shutdown Engine BOT

