2024-04-20 19:57:41,618 [T1] INFO  EngineStarter
BOT Engine Start - v3.1.000.01101
BOT ID: D_20240420_195740_757
BOT PID: 9132
BOT PPID: 9512
BOT Working Directory: C:\Users\aysla\AppData\Roaming\Brity RPA Designer

2024-04-20 19:57:41,633 [T1] INFO  EngineStarter
System Language: pt-BR
Resolution: 1920 x 1848

2024-04-20 19:57:41,892 [T1] INFO  Config
Initialize Config

2024-04-20 19:57:41,928 [T1] DEBUG Config
Config Loaded

2024-04-20 19:57:41,928 [T1] DEBUG Config
Backup config file.

2024-04-20 19:57:41,937 [T1] INFO  Config
Orchestrator Service => https://orch.sdsbrity.com:8777

2024-04-20 19:57:41,942 [T1] INFO  Config
Initialize Resource Config

2024-04-20 19:57:41,973 [T1] DEBUG Config
Refresh Language Information

2024-04-20 19:57:42,057 [T1] INFO  Config
All Config Initialized.

2024-04-20 19:57:42,061 [T1] DEBUG KeyManager
Initialize KeyManager

2024-04-20 19:57:42,068 [T1] DEBUG KeyManager
Device ID is initialized.

2024-04-20 19:57:42,109 [T1] INFO  CertLicenseClient
Initialize certificate.

2024-04-20 19:57:42,112 [T1] DEBUG CertLicenseClient
Set Security Protocol: Tls12

2024-04-20 19:57:42,152 [T5] DEBUG JobService
Connect to agent service

2024-04-20 19:57:42,183 [T5] DEBUG JobService
JobService URL : net.tcp://127.0.0.1:59001/rpa/agent

2024-04-20 19:57:42,185 [T5] DEBUG JobService
Open connection

2024-04-20 19:57:42,191 [T1] DEBUG ApplicationInitializer
InitMode: Thread

2024-04-20 19:57:42,200 [T1] INFO  LibraryManager
Load Libraries - Started

2024-04-20 19:57:42,203 [T5] DEBUG JobService
Register engine to agent

2024-04-20 19:57:42,214 [T1] DEBUG AddInLoader
Load Assembly : IPA.Lib.Chrome

2024-04-20 19:57:42,216 [T5] DEBUG JobService
Engine is connected to agent service.

2024-04-20 19:57:42,216 [T5] DEBUG JobService
Owner Process PID: 9512

2024-04-20 19:57:42,221 [T5] INFO  JobService
Start monitoring owner process is terminated.

2024-04-20 19:57:42,454 [T1] DEBUG AddInLoader
Load Assembly : IPA.Lib.Desktop

2024-04-20 19:57:42,635 [T1] DEBUG AddInLoader
Load Assembly : IPA.Lib.Excel

2024-04-20 19:57:42,797 [T1] DEBUG AddInLoader
Load Assembly : IPA.Lib.Flow

2024-04-20 19:57:42,925 [T1] DEBUG AddInLoader
Load Assembly : IPA.Lib.IE

2024-04-20 19:57:43,018 [T1] DEBUG AddInLoader
Load Assembly : IPA.Lib.ImageConverter

2024-04-20 19:57:43,083 [T1] DEBUG AddInLoader
Load Assembly : IPA.Lib.ImageRecognition

2024-04-20 19:57:43,277 [T1] DEBUG AddInLoader
Load Assembly : IPA.Lib.MicrosoftOCR

2024-04-20 19:57:43,343 [T1] DEBUG AddInLoader
Load Assembly : IPA.Lib.Net

2024-04-20 19:57:43,430 [T1] DEBUG AddInLoader
Load Assembly : IPA.Lib.Orchestra

2024-04-20 19:57:43,514 [T1] DEBUG AddInLoader
Load Assembly : IPA.Lib.ProcessFlow

2024-04-20 19:57:43,607 [T1] DEBUG AddInLoader
Load Assembly : IPA.Lib.SAP

2024-04-20 19:57:43,695 [T1] DEBUG AddInLoader
Load Assembly : IPA.Lib.Web

2024-04-20 19:57:43,818 [T1] DEBUG AddInLoader
Load Assembly : IPA.Lib.Win

2024-04-20 19:57:43,948 [T1] INFO  ScreenCapture
Default Screen Capture Bounds: -336;-1080;1920;1848

2024-04-20 19:57:43,981 [T1] DEBUG AddInLoader
Load Assembly : BrityRPA.AddIn.NativeApp

2024-04-20 19:57:44,101 [T1] DEBUG AddInLoader
Load Assembly : BrityWorks.AddIn.Outlook

2024-04-20 19:57:44,175 [T1] DEBUG AddInLoader
Load Assembly : BrityWorks.AddIn.Pdf

2024-04-20 19:57:44,249 [T1] DEBUG LibraryManager
Load Library - Chrome

2024-04-20 19:57:44,252 [T1] DEBUG LibraryManager
Load Library - Desktop

2024-04-20 19:57:44,253 [T1] DEBUG LibraryManager
Load Library - Excel

2024-04-20 19:57:44,254 [T1] DEBUG LibraryManager
Load Library - Flow

2024-04-20 19:57:44,254 [T1] DEBUG LibraryManager
Load Library - IE

2024-04-20 19:57:44,255 [T1] DEBUG LibraryManager
Load Library - ImageConverter

2024-04-20 19:57:44,256 [T1] DEBUG LibraryManager
Load Library - ImageRecognition

2024-04-20 19:57:44,257 [T1] DEBUG LibraryManager
Load Library - MicrosoftOCR

2024-04-20 19:57:44,258 [T1] DEBUG LibraryManager
Load Library - NativeApp

2024-04-20 19:57:44,261 [T1] DEBUG LibraryManager
Load Library - Net

2024-04-20 19:57:44,262 [T1] DEBUG LibraryManager
Load Library - Orchestra

2024-04-20 19:57:44,263 [T1] DEBUG LibraryManager
Load Library - Outlook

2024-04-20 19:57:44,263 [T1] DEBUG LibraryManager
Load Library - Pdf

2024-04-20 19:57:44,263 [T1] DEBUG LibraryManager
Load Library - SAP

2024-04-20 19:57:44,264 [T1] DEBUG LibraryManager
Load Library - Web

2024-04-20 19:57:44,265 [T1] DEBUG LibraryManager
Load Library - Win

2024-04-20 19:57:44,265 [T1] DEBUG LibraryManager
Load Library - WorkFlow

2024-04-20 19:57:44,271 [T1] DEBUG LibraryManager
Load built-in script libraries

2024-04-20 19:57:44,382 [T1] INFO  LibraryManager
Load Libraries - Completed.

2024-04-20 19:57:44,393 [T1] INFO  App
Launch Arguments: Total: 6 |  -eid D_20240420_195740_757 -runtype ProcRunner -ppid 9512

2024-04-20 19:57:44,393 [T1] DEBUG Config
Refresh Language Information

2024-04-20 19:57:44,394 [T1] DEBUG LibraryManager
LibraryManager Initialized.

2024-04-20 19:58:26,891 [T8] INFO  JobService
Start Job: T_ReadData (Foreground)
{
  "UsePIP": false,
  "UserID": null,
  "UserPWD": null,
  "IsRunning": false,
  "ResultMessage": null,
  "JobWorkDir": "C:\\Users\\aysla\\OneDrive\\Documents\\Brity RPA Projects\\Atividade\\Histories\\20240420_195826_T_ReadData_Designer_20240420_195824_878",
  "JobLogDir": "C:\\Users\\aysla\\OneDrive\\Documents\\Brity RPA Projects\\Atividade\\Histories\\20240420_195826_T_ReadData_Designer_20240420_195824_878\\Log",
  "JobScreenshotDir": "C:\\Users\\aysla\\OneDrive\\Documents\\Brity RPA Projects\\Atividade\\Histories\\20240420_195826_T_ReadData_Designer_20240420_195824_878\\Log\\Screenshot",
  "TotalProcessStepCount": 0,
  "CurrentStepNo": 0,
  "CurrentStepName": null,
  "StartTime": "2024-04-20 19:58:26",
  "EndTime": null,
  "Data": null,
  "EngineID": "D_20240420_195740_757",
  "EnginePID": 0,
  "EngineRecommededVersion": "",
  "JobId": "Designer_20240420_195824_878",
  "JobType": 1,
  "UserAuthentication": null,
  "ProcessPath": "C:\\Users\\aysla\\OneDrive\\Documents\\Brity RPA Projects\\Atividade\\T_ReadData.proc",
  "ProcessId": "050167e3-7605-4076-89ac-55f49898cab0",
  "ProcessVer": "",
  "ProcessArgs": null,
  "RequesterType": 3,
  "RequesterId": "designer",
  "RequesterPID": 9512,
  "OptionsJsonString": null,
  "TimeoutSec": 0,
  "State": 0
}

2024-04-20 19:58:27,038 [T10] DEBUG JobService
Waiting library loading...

2024-04-20 19:58:27,041 [T10] DEBUG Config
Reload User Settings

2024-04-20 19:58:27,042 [T10] INFO  Config
UserSettings Reloaded =>
 - LastExecution : rK0ilHG1RkDiOSsL9uJ7d55/LAL+y9qMv7QlXge8cQM= -> wq3iK1yW8JXhovkFCu3RF+llVXbXBKclAJZj75MYKnU=

2024-04-20 19:58:27,042 [T10] INFO  JobService
Config Loading Completed.

2024-04-20 19:58:27,042 [T10] DEBUG JobService
Config Loading Time: 3 ms.

2024-04-20 19:58:27,050 [T10] INFO  JobManager
Create JobManager instance for job T_ReadData(Designer_20240420_195824_878)

2024-04-20 19:58:27,057 [T10] INFO  JobRequest
Job ID : Designer_20240420_195824_878
Project Path  : C:\Users\aysla\OneDrive\Documents\Brity RPA Projects\Atividade\Atividade.proj
Process Name  : T_ReadData
Engine Mode   : Designer
Requester Type: Designer
Requester PID : 9512

2024-04-20 19:58:27,060 [T9] INFO  JobRequest
Start Callback Sender

2024-04-20 19:58:27,060 [T9] DEBUG JobRequest
Step Callback Interval: 500

2024-04-20 19:58:27,110 [T10] DEBUG ProjectManager
Set Project Information

2024-04-20 19:58:27,134 [T10] INFO  PlayOptionManager
PlayOption
- Step Interval : 1
- Disable DrawBounds : False
- Invoke First : False
- Allow Upload of DumpScreen results : False

2024-04-20 19:58:27,135 [T10] INFO  JobRunner
Initialize Script Engine

2024-04-20 19:58:27,151 [TScriptEngine] INFO  JobRequest
##############################################################
### STATE: Initializing
##############################################################


2024-04-20 19:58:27,178 [T9] DEBUG JobRequest
Callback - State: Initializing


2024-04-20 19:58:28,083 [TScriptEngine] INFO  JobRequest
##############################################################
### STATE: Ready
##############################################################


2024-04-20 19:58:28,092 [T9] DEBUG JobRequest
Callback - State: Ready


2024-04-20 19:58:28,095 [T10] INFO  JobRunnerHook
HotKey Hook Started

2024-04-20 19:58:28,096 [T10] INFO  JobRequest
##############################################################
### STATE: Starting
##############################################################


2024-04-20 19:58:28,098 [TScriptEngine] INFO  JobRunner
RunProcess start

2024-04-20 19:58:28,100 [TScriptEngine] INFO  JobRequest
##############################################################
### STATE: Running
##############################################################


2024-04-20 19:58:28,100 [TScriptEngine] INFO  JobRequest
Last job life cycle state: Running

2024-04-20 19:58:28,108 [T9] DEBUG JobRequest
Callback - State: Starting


2024-04-20 19:58:28,109 [T9] DEBUG JobRequest
Callback - State: Running


2024-04-20 19:58:28,271 [TScriptEngine] WARN  ProcessDataValidator
It can be occurred a malfunction to play T_ReadData,
because this system is different from designed system environment.
(OS, Resolution, etc)

2024-04-20 19:58:29,175 [TScriptEngine] DEBUG ScreenCapture
DirectX Screen Capture Initialized.

2024-04-20 19:58:29,266 [TScriptEngine] DEBUG JobRunner
DirectX ScreenCapture Checked.

2024-04-20 19:58:29,303 [TScriptEngine] INFO  JobRequest
##############################################################
### STATE: StartProcess - T_ReadData
##############################################################
050167e3-7605-4076-89ac-55f49898cab0
T_ReadData


2024-04-20 19:58:29,361 [TScriptEngine] INFO  JobRequest
**************************************************************
*** TASK: T_ReadData
**************************************************************
 - STEP 1: S7b5451ab03f24e968aa01b02443d0230 (1/16) - (1/16)
 - [1] ChromeOpen


2024-04-20 19:58:29,651 [T11] DEBUG ChromeCommonExtension
extension default locale empty

2024-04-20 19:58:29,653 [T11] DEBUG ChromeCommonExtension
extension default locale empty

2024-04-20 19:58:30,485 [T11] DEBUG ChromeCommonExtension
extension default locale empty

2024-04-20 19:58:30,486 [T11] DEBUG ChromeCommonExtension
extension default locale empty

2024-04-20 19:58:31,351 [T8] INFO  JobService
Stop Job

2024-04-20 19:58:31,356 [T8] INFO  JobRunner
Stop Job Runner - Cause: LocalUser / Message: stop by user

2024-04-20 19:58:31,359 [T8] INFO  JobRequest
##############################################################
### STATE: Stopping
##############################################################
stop by user


2024-04-20 19:58:31,377 [T9] DEBUG JobRequest
Callback - State: Stopping
stop by user

2024-04-20 19:58:32,371 [TScriptEngine] DEBUG ChromeOpen
O thread foi interrompido por um estado de espera.

2024-04-20 19:58:32,391 [TScriptEngine] DEBUG JobRunner
RunTask Interrupted. TASK: T_ReadData => Script execution interrupted by host

2024-04-20 19:58:32,427 [TScriptEngine] DEBUG JobManager
Set Result State: Stopped

2024-04-20 19:58:32,435 [TScriptEngine] INFO  JobRunner
Make report.

2024-04-20 19:58:32,471 [TScriptEngine] INFO  JobRunner
Start to clean up resources.

2024-04-20 19:58:32,472 [TScriptEngine] DEBUG JobRunner
OnProcessCompleted

2024-04-20 19:58:32,472 [T10] DEBUG JobRunner
Start timer for checking the job to be completed.

2024-04-20 19:58:32,474 [TScriptEngine] INFO  JobRunner
Start to clean up resources.

2024-04-20 19:58:32,475 [TScriptEngine] DEBUG JobRunner
Remove all Process Stack: 1

2024-04-20 19:58:32,491 [TScriptEngine] INFO  JobRequest
##############################################################
### STATE: EndProcess - T_ReadData
##############################################################
050167e3-7605-4076-89ac-55f49898cab0
T_ReadData


2024-04-20 19:58:32,493 [TScriptEngine] DEBUG JobRunner
Remove all libraries

2024-04-20 19:58:32,498 [TScriptEngine] DEBUG NetPlayer
WebPlayer OnDispose

2024-04-20 19:58:32,501 [TScriptEngine] DEBUG WebPlayer
WebPlayer OnDispose : Do Nothing

2024-04-20 19:58:32,505 [TScriptEngine] DEBUG UiaAppHelper
WinHelper DisposeAppList Count: 0

2024-04-20 19:58:32,505 [TScriptEngine] INFO  JobRunner
All Resources Clear

2024-04-20 19:58:32,506 [TScriptEngine] DEBUG JobRunner
OnCompleted

2024-04-20 19:58:32,507 [TScriptEngine] DEBUG JobRunner
SendJobResult: Stopped

2024-04-20 19:58:32,507 [TScriptEngine] INFO  JobRequest
##############################################################
### STATE: Stopped
##############################################################
Process: T_ReadData
Step: ChromeOpen (1/16)

Stopped by User


2024-04-20 19:58:32,507 [TScriptEngine] INFO  JobRequest
Last job life cycle state: Stopped

2024-04-20 19:58:32,517 [TScriptEngine] INFO  JobRequest
##############################################################
### JOB COMPLETED
##############################################################


2024-04-20 19:58:32,519 [T9] DEBUG JobRequest
Callback - State: Stopped
Process: T_ReadData
Step: ChromeOpen (1/16)

Stopped by User

2024-04-20 19:58:32,521 [T9] INFO  JobRequest
Callback - EngineClosed

2024-04-20 19:58:32,521 [T9] INFO  JobService
Disconnect agent service

