<?xml version="1.0" encoding="utf-8"?>
<Result id="050167e3-7605-4076-89ac-55f49898cab0" name="T_ReadData" result="Stop" detail="Process: T_ReadData&#xA;Step: ChromeOpen (1/16)&#xA;&#xA;Stopped by User" start="2024-04-20T22:58:29.297" end="2024-04-20T22:58:32.432" jobId="Designer_20240420_195824_878">
  <Step id="S7b5451ab03f24e968aa01b02443d0230" taskName="T_ReadData" type="Chrome" name="ChromeOpen" displayName="ChromeOpen" callDepth="1" depth="1" num="1" result="Stop" start="2024-04-20T22:58:29.363" end="2024-04-20T22:58:32.430" displayTime="3.1s">
    <Variables>
      <Variable name="RESULT" scope="System" declareType="Any" isChanged="false" isChangable="true" runtimeType="Any" value="&lt;null&gt;" />
      <Variable name="product_name" scope="Input" owner="T_ReadData" declareType="Any" isChanged="false" isChangable="true" runtimeType="Any" value="&lt;null&gt;" />
    </Variables>
    <Properties setIndex="0">
      <Property value="" runtimeType="String" key="Options_OnError" displayKey="On Error" visible="true" required="false" />
      <Property value="" runtimeType="String" key="Key_Description" displayKey="Description" visible="true" required="false" />
      <Property value="[output] RESULT" runtimeType="String" key="CHROME_Browser" displayKey="Browser" visible="true" required="true" />
      <Property value="Chrome" runtimeType="String" key="CHROME_TypeOfBrowser" displayKey="Browser Type" visible="true" required="false" />
      <Property value="false" runtimeType="Boolean" key="CHROME_BrowserType" displayKey="Headless Mode" visible="true" required="false" />
      <Property value="'pelando.com.br/busca/null/promocoes'" runtimeType="String" key="CHROME_URL" displayKey="URL" visible="true" required="true" />
      <Property value="" runtimeType="String" key="CHROME_ChromePath" displayKey="Browser Path" visible="true" required="false" />
      <Property value="false" runtimeType="Boolean" key="CHROME_Maximize" displayKey="Maximize" visible="true" required="false" />
      <Property value="20" runtimeType="Integer" key="CHROME_WaitTimeSec" displayKey="Page Load Timeout" visible="true" required="false" />
      <Property value="" runtimeType="String" key="CHROME_ExtensionList" displayKey="Included Extensions" visible="true" required="false" />
      <Property value="" runtimeType="String" key="CHROME_DownloadPath" displayKey="Download Path" visible="true" required="false" />
      <Property value="false" runtimeType="Boolean" key="CHROME_WindowsAccountPermissions" displayKey="Windows Account Permissions" visible="true" required="false" />
      <Property value="" runtimeType="String" key="CHROME_UserAgent" displayKey="User Agent" visible="true" required="false" />
      <Property value="false" runtimeType="Boolean" key="CHROME_DisableAutomationControl" displayKey="Disable AutomationControl" visible="true" required="false" />
    </Properties>
  </Step>
  <JobInfo>
    <Info name="Bot Version" value="3.1.000.01101" />
    <Info name="Resolution" value="1920 x 1848" />
    <Info name="Language" value="Português (Brasil)" />
    <Info name="BotID" value="DESIGNER-00153" />
  </JobInfo>
</Result>