2024-04-20 19:40:40,366 [T1] INFO  EngineStarter
BOT Engine Start - v3.1.000.01101
BOT ID: D_20240420_194039_585
BOT PID: 7676
BOT PPID: 9512
BOT Working Directory: C:\Users\aysla\AppData\Roaming\Brity RPA Designer

2024-04-20 19:40:40,382 [T1] INFO  EngineStarter
System Language: pt-BR
Resolution: 1366 x 768

2024-04-20 19:40:40,686 [T1] INFO  Config
Initialize Config

2024-04-20 19:40:40,749 [T1] DEBUG Config
Config Loaded

2024-04-20 19:40:40,749 [T1] DEBUG Config
Backup config file.

2024-04-20 19:40:40,763 [T1] INFO  Config
Orchestrator Service => https://orch.sdsbrity.com:8777

2024-04-20 19:40:40,767 [T1] INFO  Config
Initialize Resource Config

2024-04-20 19:40:40,802 [T1] DEBUG Config
Refresh Language Information

2024-04-20 19:40:40,889 [T1] INFO  Config
All Config Initialized.

2024-04-20 19:40:40,892 [T1] DEBUG KeyManager
Initialize KeyManager

2024-04-20 19:40:40,900 [T1] DEBUG KeyManager
Device ID is initialized.

2024-04-20 19:40:40,940 [T1] INFO  CertLicenseClient
Initialize certificate.

2024-04-20 19:40:40,944 [T1] DEBUG CertLicenseClient
Set Security Protocol: Tls12

2024-04-20 19:40:40,970 [T5] DEBUG JobService
Connect to agent service

2024-04-20 19:40:41,007 [T5] DEBUG JobService
JobService URL : net.tcp://127.0.0.1:59001/rpa/agent

2024-04-20 19:40:41,008 [T5] DEBUG JobService
Open connection

2024-04-20 19:40:41,015 [T1] DEBUG ApplicationInitializer
InitMode: Thread

2024-04-20 19:40:41,028 [T1] INFO  LibraryManager
Load Libraries - Started

2024-04-20 19:40:41,031 [T5] DEBUG JobService
Register engine to agent

2024-04-20 19:40:41,048 [T5] DEBUG JobService
Engine is connected to agent service.

2024-04-20 19:40:41,048 [T5] DEBUG JobService
Owner Process PID: 9512

2024-04-20 19:40:41,049 [T1] DEBUG AddInLoader
Load Assembly : IPA.Lib.Chrome

2024-04-20 19:40:41,054 [T5] INFO  JobService
Start monitoring owner process is terminated.

2024-04-20 19:40:41,331 [T1] DEBUG AddInLoader
Load Assembly : IPA.Lib.Desktop

2024-04-20 19:40:41,521 [T1] DEBUG AddInLoader
Load Assembly : IPA.Lib.Excel

2024-04-20 19:40:41,682 [T1] DEBUG AddInLoader
Load Assembly : IPA.Lib.Flow

2024-04-20 19:40:41,889 [T1] DEBUG AddInLoader
Load Assembly : IPA.Lib.IE

2024-04-20 19:40:42,010 [T1] DEBUG AddInLoader
Load Assembly : IPA.Lib.ImageConverter

2024-04-20 19:40:42,094 [T1] DEBUG AddInLoader
Load Assembly : IPA.Lib.ImageRecognition

2024-04-20 19:40:42,333 [T1] DEBUG AddInLoader
Load Assembly : IPA.Lib.MicrosoftOCR

2024-04-20 19:40:42,415 [T1] DEBUG AddInLoader
Load Assembly : IPA.Lib.Net

2024-04-20 19:40:42,507 [T1] DEBUG AddInLoader
Load Assembly : IPA.Lib.Orchestra

2024-04-20 19:40:42,609 [T1] DEBUG AddInLoader
Load Assembly : IPA.Lib.ProcessFlow

2024-04-20 19:40:42,711 [T1] DEBUG AddInLoader
Load Assembly : IPA.Lib.SAP

2024-04-20 19:40:42,811 [T1] DEBUG AddInLoader
Load Assembly : IPA.Lib.Web

2024-04-20 19:40:42,952 [T1] DEBUG AddInLoader
Load Assembly : IPA.Lib.Win

2024-04-20 19:40:43,110 [T1] INFO  ScreenCapture
Default Screen Capture Bounds: 0;0;1366;768

2024-04-20 19:40:43,153 [T1] DEBUG AddInLoader
Load Assembly : BrityRPA.AddIn.NativeApp

2024-04-20 19:40:43,317 [T1] DEBUG AddInLoader
Load Assembly : BrityWorks.AddIn.Outlook

2024-04-20 19:40:43,408 [T1] DEBUG AddInLoader
Load Assembly : BrityWorks.AddIn.Pdf

2024-04-20 19:40:43,499 [T1] DEBUG LibraryManager
Load Library - Chrome

2024-04-20 19:40:43,504 [T1] DEBUG LibraryManager
Load Library - Desktop

2024-04-20 19:40:43,505 [T1] DEBUG LibraryManager
Load Library - Excel

2024-04-20 19:40:43,506 [T1] DEBUG LibraryManager
Load Library - Flow

2024-04-20 19:40:43,506 [T1] DEBUG LibraryManager
Load Library - IE

2024-04-20 19:40:43,507 [T1] DEBUG LibraryManager
Load Library - ImageConverter

2024-04-20 19:40:43,508 [T1] DEBUG LibraryManager
Load Library - ImageRecognition

2024-04-20 19:40:43,509 [T1] DEBUG LibraryManager
Load Library - MicrosoftOCR

2024-04-20 19:40:43,510 [T1] DEBUG LibraryManager
Load Library - NativeApp

2024-04-20 19:40:43,516 [T1] DEBUG LibraryManager
Load Library - Net

2024-04-20 19:40:43,517 [T1] DEBUG LibraryManager
Load Library - Orchestra

2024-04-20 19:40:43,518 [T1] DEBUG LibraryManager
Load Library - Outlook

2024-04-20 19:40:43,519 [T1] DEBUG LibraryManager
Load Library - Pdf

2024-04-20 19:40:43,519 [T1] DEBUG LibraryManager
Load Library - SAP

2024-04-20 19:40:43,521 [T1] DEBUG LibraryManager
Load Library - Web

2024-04-20 19:40:43,522 [T1] DEBUG LibraryManager
Load Library - Win

2024-04-20 19:40:43,524 [T1] DEBUG LibraryManager
Load Library - WorkFlow

2024-04-20 19:40:43,531 [T1] DEBUG LibraryManager
Load built-in script libraries

2024-04-20 19:40:43,673 [T1] INFO  LibraryManager
Load Libraries - Completed.

2024-04-20 19:40:43,685 [T1] INFO  App
Launch Arguments: Total: 6 |  -eid D_20240420_194039_585 -runtype ProcRunner -ppid 9512

2024-04-20 19:40:43,685 [T1] DEBUG Config
Refresh Language Information

2024-04-20 19:40:43,686 [T1] DEBUG LibraryManager
LibraryManager Initialized.

2024-04-20 19:42:01,754 [T9] INFO  JobService
Start Job: T_ReadData (Foreground)
{
  "UsePIP": false,
  "UserID": null,
  "UserPWD": null,
  "IsRunning": false,
  "ResultMessage": null,
  "JobWorkDir": "C:\\Users\\aysla\\OneDrive\\Documents\\Brity RPA Projects\\Atividade\\Histories\\20240420_194201_T_ReadData_Designer_20240420_194159_892",
  "JobLogDir": "C:\\Users\\aysla\\OneDrive\\Documents\\Brity RPA Projects\\Atividade\\Histories\\20240420_194201_T_ReadData_Designer_20240420_194159_892\\Log",
  "JobScreenshotDir": "C:\\Users\\aysla\\OneDrive\\Documents\\Brity RPA Projects\\Atividade\\Histories\\20240420_194201_T_ReadData_Designer_20240420_194159_892\\Log\\Screenshot",
  "TotalProcessStepCount": 0,
  "CurrentStepNo": 0,
  "CurrentStepName": null,
  "StartTime": "2024-04-20 19:42:01",
  "EndTime": null,
  "Data": null,
  "EngineID": "D_20240420_194039_585",
  "EnginePID": 0,
  "EngineRecommededVersion": "",
  "JobId": "Designer_20240420_194159_892",
  "JobType": 1,
  "UserAuthentication": null,
  "ProcessPath": "C:\\Users\\aysla\\OneDrive\\Documents\\Brity RPA Projects\\Atividade\\T_ReadData.proc",
  "ProcessId": "050167e3-7605-4076-89ac-55f49898cab0",
  "ProcessVer": "",
  "ProcessArgs": null,
  "RequesterType": 3,
  "RequesterId": "designer",
  "RequesterPID": 9512,
  "OptionsJsonString": null,
  "TimeoutSec": 0,
  "State": 0
}

2024-04-20 19:42:01,959 [T10] DEBUG JobService
Waiting library loading...

2024-04-20 19:42:01,966 [T10] DEBUG Config
Reload User Settings

2024-04-20 19:42:01,968 [T10] INFO  Config
UserSettings Reloaded =>
 - LastExecution : oawMjkmndRP+Lr7Px/iN1ulg0jCUxm6whYdQo6Df4Hs= -> 1m4GkrxfyrwKDPz2Jp0EGH/+CmH68w7XVgsri8R0RJA=

2024-04-20 19:42:01,968 [T10] INFO  JobService
Config Loading Completed.

2024-04-20 19:42:01,968 [T10] DEBUG JobService
Config Loading Time: 7 ms.

2024-04-20 19:42:01,981 [T10] INFO  JobManager
Create JobManager instance for job T_ReadData(Designer_20240420_194159_892)

2024-04-20 19:42:01,988 [T10] INFO  JobRequest
Job ID : Designer_20240420_194159_892
Project Path  : C:\Users\aysla\OneDrive\Documents\Brity RPA Projects\Atividade\Atividade.proj
Process Name  : T_ReadData
Engine Mode   : Designer
Requester Type: Designer
Requester PID : 9512

2024-04-20 19:42:01,992 [T12] INFO  JobRequest
Start Callback Sender

2024-04-20 19:42:01,992 [T12] DEBUG JobRequest
Step Callback Interval: 500

2024-04-20 19:42:02,047 [T10] DEBUG ProjectManager
Set Project Information

2024-04-20 19:42:02,072 [T10] INFO  PlayOptionManager
PlayOption
- Step Interval : 1
- Disable DrawBounds : False
- Invoke First : False
- Allow Upload of DumpScreen results : False

2024-04-20 19:42:02,073 [T10] INFO  JobRunner
Initialize Script Engine

2024-04-20 19:42:02,088 [TScriptEngine] INFO  JobRequest
##############################################################
### STATE: Initializing
##############################################################


2024-04-20 19:42:02,111 [T12] DEBUG JobRequest
Callback - State: Initializing


2024-04-20 19:42:03,050 [TScriptEngine] INFO  JobRequest
##############################################################
### STATE: Ready
##############################################################


2024-04-20 19:42:03,061 [T12] DEBUG JobRequest
Callback - State: Ready


2024-04-20 19:42:03,061 [T10] INFO  JobRunnerHook
HotKey Hook Started

2024-04-20 19:42:03,062 [T10] INFO  JobRequest
##############################################################
### STATE: Starting
##############################################################


2024-04-20 19:42:03,064 [TScriptEngine] INFO  JobRunner
RunProcess start

2024-04-20 19:42:03,066 [TScriptEngine] INFO  JobRequest
##############################################################
### STATE: Running
##############################################################


2024-04-20 19:42:03,066 [TScriptEngine] INFO  JobRequest
Last job life cycle state: Running

2024-04-20 19:42:03,077 [T12] DEBUG JobRequest
Callback - State: Starting


2024-04-20 19:42:03,077 [T12] DEBUG JobRequest
Callback - State: Running


2024-04-20 19:42:04,115 [TScriptEngine] DEBUG ScreenCapture
DirectX Screen Capture Initialized.

2024-04-20 19:42:04,141 [TScriptEngine] DEBUG JobRunner
DirectX ScreenCapture Checked.

2024-04-20 19:42:04,188 [TScriptEngine] INFO  JobRequest
##############################################################
### STATE: StartProcess - T_ReadData
##############################################################
050167e3-7605-4076-89ac-55f49898cab0
T_ReadData


2024-04-20 19:42:04,283 [TScriptEngine] INFO  JobRequest
**************************************************************
*** TASK: T_ReadData
**************************************************************
 - STEP 1: S7b5451ab03f24e968aa01b02443d0230 (1/15) - (1/15)
 - [1] ChromeOpen


2024-04-20 19:42:04,686 [T7] INFO  JobService
Stop Job

2024-04-20 19:42:04,688 [T7] INFO  JobRunner
Stop Job Runner - Cause: LocalUser / Message: stop by user

2024-04-20 19:42:04,689 [T7] INFO  JobRequest
##############################################################
### STATE: Stopping
##############################################################
stop by user


2024-04-20 19:42:04,703 [T12] DEBUG JobRequest
Callback - State: Stopping
stop by user

2024-04-20 19:42:05,147 [TScriptEngine] DEBUG ChromeOpen
The variable 'RESULT' already has a browser set through ChromeOpen and cannot be overwritten.
Please change the variable specified in Output or try again after closing the browser through ChromeClose.

2024-04-20 19:42:05,152 [TScriptEngine] DEBUG JobRunner
RunTask Interrupted. TASK: T_ReadData => Script execution interrupted by host

2024-04-20 19:42:05,182 [TScriptEngine] DEBUG JobManager
Set Result State: Stopped

2024-04-20 19:42:05,189 [TScriptEngine] INFO  JobRunner
Make report.

2024-04-20 19:42:05,234 [TScriptEngine] INFO  JobRunner
Start to clean up resources.

2024-04-20 19:42:05,235 [TScriptEngine] DEBUG JobRunner
OnProcessCompleted

2024-04-20 19:42:05,235 [T4] DEBUG JobRunner
Start timer for checking the job to be completed.

2024-04-20 19:42:05,237 [TScriptEngine] INFO  JobRunner
Start to clean up resources.

2024-04-20 19:42:05,238 [TScriptEngine] DEBUG JobRunner
Remove all Process Stack: 1

2024-04-20 19:42:05,261 [TScriptEngine] INFO  JobRequest
##############################################################
### STATE: EndProcess - T_ReadData
##############################################################
050167e3-7605-4076-89ac-55f49898cab0
T_ReadData


2024-04-20 19:42:05,262 [TScriptEngine] DEBUG JobRunner
Remove all libraries

2024-04-20 19:42:05,271 [TScriptEngine] DEBUG NetPlayer
WebPlayer OnDispose

2024-04-20 19:42:05,274 [TScriptEngine] DEBUG WebPlayer
WebPlayer OnDispose : Do Nothing

2024-04-20 19:42:05,279 [TScriptEngine] DEBUG UiaAppHelper
WinHelper DisposeAppList Count: 0

2024-04-20 19:42:05,280 [TScriptEngine] INFO  JobRunner
All Resources Clear

2024-04-20 19:42:05,281 [TScriptEngine] DEBUG JobRunner
OnCompleted

2024-04-20 19:42:05,282 [TScriptEngine] DEBUG JobRunner
SendJobResult: Stopped

2024-04-20 19:42:05,282 [TScriptEngine] INFO  JobRequest
##############################################################
### STATE: Stopped
##############################################################
Process: T_ReadData
Step: ChromeOpen (1/15)

Stopped by User


2024-04-20 19:42:05,282 [TScriptEngine] INFO  JobRequest
Last job life cycle state: Stopped

2024-04-20 19:42:05,292 [TScriptEngine] INFO  JobRequest
##############################################################
### JOB COMPLETED
##############################################################


2024-04-20 19:42:05,298 [T12] DEBUG JobRequest
Callback - State: Stopped
Process: T_ReadData
Step: ChromeOpen (1/15)

Stopped by User

2024-04-20 19:42:05,301 [T12] INFO  JobRequest
Callback - EngineClosed

2024-04-20 19:42:05,302 [T12] INFO  JobService
Disconnect agent service

2024-04-20 19:42:05,307 [T12] DEBUG JobRequest
End of Callback Sender

2024-04-20 19:42:05,314 [TScriptEngine] INFO  JobRunner
RunProcess end

2024-04-20 19:42:05,315 [T1] INFO  JobService
Exit - Shutdown Engine BOT

