2024-04-20 19:54:55,721 [T1] INFO  EngineStarter
BOT Engine Start - v3.1.000.01101
BOT ID: D_20240420_195454_917
BOT PID: 1800
BOT PPID: 9512
BOT Working Directory: C:\Users\aysla\AppData\Roaming\Brity RPA Designer

2024-04-20 19:54:55,740 [T1] INFO  EngineStarter
System Language: pt-BR
Resolution: 1920 x 1848

2024-04-20 19:54:56,012 [T1] INFO  Config
Initialize Config

2024-04-20 19:54:56,070 [T1] DEBUG Config
Config Loaded

2024-04-20 19:54:56,070 [T1] DEBUG Config
Backup config file.

2024-04-20 19:54:56,094 [T1] INFO  Config
Orchestrator Service => https://orch.sdsbrity.com:8777

2024-04-20 19:54:56,100 [T1] INFO  Config
Initialize Resource Config

2024-04-20 19:54:56,134 [T1] DEBUG Config
Refresh Language Information

2024-04-20 19:54:56,224 [T1] INFO  Config
All Config Initialized.

2024-04-20 19:54:56,229 [T1] DEBUG KeyManager
Initialize KeyManager

2024-04-20 19:54:56,236 [T1] DEBUG KeyManager
Device ID is initialized.

2024-04-20 19:54:56,279 [T1] INFO  CertLicenseClient
Initialize certificate.

2024-04-20 19:54:56,282 [T1] DEBUG CertLicenseClient
Set Security Protocol: Tls12

2024-04-20 19:54:56,333 [T4] DEBUG JobService
Connect to agent service

2024-04-20 19:54:56,365 [T4] DEBUG JobService
JobService URL : net.tcp://127.0.0.1:59001/rpa/agent

2024-04-20 19:54:56,368 [T4] DEBUG JobService
Open connection

2024-04-20 19:54:56,377 [T1] DEBUG ApplicationInitializer
InitMode: Thread

2024-04-20 19:54:56,386 [T1] INFO  LibraryManager
Load Libraries - Started

2024-04-20 19:54:56,387 [T4] DEBUG JobService
Register engine to agent

2024-04-20 19:54:56,403 [T4] DEBUG JobService
Engine is connected to agent service.

2024-04-20 19:54:56,403 [T4] DEBUG JobService
Owner Process PID: 9512

2024-04-20 19:54:56,403 [T1] DEBUG AddInLoader
Load Assembly : IPA.Lib.Chrome

2024-04-20 19:54:56,407 [T4] INFO  JobService
Start monitoring owner process is terminated.

2024-04-20 19:54:56,693 [T1] DEBUG AddInLoader
Load Assembly : IPA.Lib.Desktop

2024-04-20 19:54:56,879 [T1] DEBUG AddInLoader
Load Assembly : IPA.Lib.Excel

2024-04-20 19:54:57,066 [T1] DEBUG AddInLoader
Load Assembly : IPA.Lib.Flow

2024-04-20 19:54:57,230 [T1] DEBUG AddInLoader
Load Assembly : IPA.Lib.IE

2024-04-20 19:54:57,363 [T1] DEBUG AddInLoader
Load Assembly : IPA.Lib.ImageConverter

2024-04-20 19:54:57,441 [T1] DEBUG AddInLoader
Load Assembly : IPA.Lib.ImageRecognition

2024-04-20 19:54:57,635 [T1] DEBUG AddInLoader
Load Assembly : IPA.Lib.MicrosoftOCR

2024-04-20 19:54:57,707 [T1] DEBUG AddInLoader
Load Assembly : IPA.Lib.Net

2024-04-20 19:54:57,816 [T1] DEBUG AddInLoader
Load Assembly : IPA.Lib.Orchestra

2024-04-20 19:54:57,917 [T1] DEBUG AddInLoader
Load Assembly : IPA.Lib.ProcessFlow

2024-04-20 19:54:58,012 [T1] DEBUG AddInLoader
Load Assembly : IPA.Lib.SAP

2024-04-20 19:54:58,107 [T1] DEBUG AddInLoader
Load Assembly : IPA.Lib.Web

2024-04-20 19:54:58,247 [T1] DEBUG AddInLoader
Load Assembly : IPA.Lib.Win

2024-04-20 19:54:58,426 [T1] INFO  ScreenCapture
Default Screen Capture Bounds: -336;-1080;1920;1848

2024-04-20 19:54:58,472 [T1] DEBUG AddInLoader
Load Assembly : BrityRPA.AddIn.NativeApp

2024-04-20 19:54:58,618 [T1] DEBUG AddInLoader
Load Assembly : BrityWorks.AddIn.Outlook

2024-04-20 19:54:58,693 [T1] DEBUG AddInLoader
Load Assembly : BrityWorks.AddIn.Pdf

2024-04-20 19:54:58,768 [T1] DEBUG LibraryManager
Load Library - Chrome

2024-04-20 19:54:58,772 [T1] DEBUG LibraryManager
Load Library - Desktop

2024-04-20 19:54:58,773 [T1] DEBUG LibraryManager
Load Library - Excel

2024-04-20 19:54:58,774 [T1] DEBUG LibraryManager
Load Library - Flow

2024-04-20 19:54:58,774 [T1] DEBUG LibraryManager
Load Library - IE

2024-04-20 19:54:58,775 [T1] DEBUG LibraryManager
Load Library - ImageConverter

2024-04-20 19:54:58,776 [T1] DEBUG LibraryManager
Load Library - ImageRecognition

2024-04-20 19:54:58,777 [T1] DEBUG LibraryManager
Load Library - MicrosoftOCR

2024-04-20 19:54:58,778 [T1] DEBUG LibraryManager
Load Library - NativeApp

2024-04-20 19:54:58,781 [T1] DEBUG LibraryManager
Load Library - Net

2024-04-20 19:54:58,782 [T1] DEBUG LibraryManager
Load Library - Orchestra

2024-04-20 19:54:58,782 [T1] DEBUG LibraryManager
Load Library - Outlook

2024-04-20 19:54:58,782 [T1] DEBUG LibraryManager
Load Library - Pdf

2024-04-20 19:54:58,782 [T1] DEBUG LibraryManager
Load Library - SAP

2024-04-20 19:54:58,783 [T1] DEBUG LibraryManager
Load Library - Web

2024-04-20 19:54:58,784 [T1] DEBUG LibraryManager
Load Library - Win

2024-04-20 19:54:58,786 [T1] DEBUG LibraryManager
Load Library - WorkFlow

2024-04-20 19:54:58,792 [T1] DEBUG LibraryManager
Load built-in script libraries

2024-04-20 19:54:58,941 [T1] INFO  LibraryManager
Load Libraries - Completed.

2024-04-20 19:54:58,953 [T1] INFO  App
Launch Arguments: Total: 6 |  -eid D_20240420_195454_917 -runtype ProcRunner -ppid 9512

2024-04-20 19:54:58,954 [T1] DEBUG Config
Refresh Language Information

2024-04-20 19:54:58,954 [T1] DEBUG LibraryManager
LibraryManager Initialized.

2024-04-20 19:55:03,932 [T8] INFO  JobService
Start Job: P_Atividade (Foreground)
{
  "UsePIP": false,
  "UserID": null,
  "UserPWD": null,
  "IsRunning": false,
  "ResultMessage": null,
  "JobWorkDir": "C:\\Users\\aysla\\OneDrive\\Documents\\Brity RPA Projects\\Atividade\\Histories\\20240420_195503_P_Atividade_Designer_20240420_195503_548",
  "JobLogDir": "C:\\Users\\aysla\\OneDrive\\Documents\\Brity RPA Projects\\Atividade\\Histories\\20240420_195503_P_Atividade_Designer_20240420_195503_548\\Log",
  "JobScreenshotDir": "C:\\Users\\aysla\\OneDrive\\Documents\\Brity RPA Projects\\Atividade\\Histories\\20240420_195503_P_Atividade_Designer_20240420_195503_548\\Log\\Screenshot",
  "TotalProcessStepCount": 0,
  "CurrentStepNo": 0,
  "CurrentStepName": null,
  "StartTime": "2024-04-20 19:55:03",
  "EndTime": null,
  "Data": null,
  "EngineID": "D_20240420_195454_917",
  "EnginePID": 0,
  "EngineRecommededVersion": "",
  "JobId": "Designer_20240420_195503_548",
  "JobType": 1,
  "UserAuthentication": null,
  "ProcessPath": "C:\\Users\\aysla\\OneDrive\\Documents\\Brity RPA Projects\\Atividade\\P_Atividade.proc",
  "ProcessId": "05688af9-4021-4715-968f-8735111f8ff4",
  "ProcessVer": "",
  "ProcessArgs": null,
  "RequesterType": 3,
  "RequesterId": "designer",
  "RequesterPID": 9512,
  "OptionsJsonString": null,
  "TimeoutSec": 0,
  "State": 0
}

2024-04-20 19:55:04,078 [T7] DEBUG JobService
Waiting library loading...

2024-04-20 19:55:04,082 [T7] DEBUG Config
Reload User Settings

2024-04-20 19:55:04,083 [T7] INFO  JobService
Config Loading Completed.

2024-04-20 19:55:04,083 [T7] DEBUG JobService
Config Loading Time: 4 ms.

2024-04-20 19:55:04,093 [T7] INFO  JobManager
Create JobManager instance for job P_Atividade(Designer_20240420_195503_548)

2024-04-20 19:55:04,101 [T7] INFO  JobRequest
Job ID : Designer_20240420_195503_548
Project Path  : C:\Users\aysla\OneDrive\Documents\Brity RPA Projects\Atividade\Atividade.proj
Process Name  : P_Atividade
Engine Mode   : Designer
Requester Type: Designer
Requester PID : 9512

2024-04-20 19:55:04,105 [T6] INFO  JobRequest
Start Callback Sender

2024-04-20 19:55:04,106 [T6] DEBUG JobRequest
Step Callback Interval: 500

2024-04-20 19:55:04,154 [T7] DEBUG ProjectManager
Set Project Information

2024-04-20 19:55:04,178 [T7] INFO  PlayOptionManager
PlayOption
- Step Interval : 1
- Disable DrawBounds : False
- Invoke First : False
- Allow Upload of DumpScreen results : False

2024-04-20 19:55:04,179 [T7] INFO  JobRunner
Initialize Script Engine

2024-04-20 19:55:04,195 [TScriptEngine] INFO  JobRequest
##############################################################
### STATE: Initializing
##############################################################


2024-04-20 19:55:04,224 [T6] DEBUG JobRequest
Callback - State: Initializing


2024-04-20 19:55:05,140 [TScriptEngine] INFO  JobRequest
##############################################################
### STATE: Ready
##############################################################


2024-04-20 19:55:05,150 [T6] DEBUG JobRequest
Callback - State: Ready


2024-04-20 19:55:05,152 [T7] INFO  JobRunnerHook
HotKey Hook Started

2024-04-20 19:55:05,153 [T7] INFO  JobRequest
##############################################################
### STATE: Starting
##############################################################


2024-04-20 19:55:05,154 [TScriptEngine] INFO  JobRunner
RunProcess start

2024-04-20 19:55:05,156 [TScriptEngine] INFO  JobRequest
##############################################################
### STATE: Running
##############################################################


2024-04-20 19:55:05,156 [TScriptEngine] INFO  JobRequest
Last job life cycle state: Running

2024-04-20 19:55:05,166 [T6] DEBUG JobRequest
Callback - State: Starting


2024-04-20 19:55:05,166 [T6] DEBUG JobRequest
Callback - State: Running


2024-04-20 19:55:05,425 [TScriptEngine] WARN  ProcessDataValidator
It can be occurred a malfunction to play T_ReadData,
because this system is different from designed system environment.
(OS, Resolution, etc)

2024-04-20 19:55:06,314 [TScriptEngine] DEBUG ScreenCapture
DirectX Screen Capture Initialized.

2024-04-20 19:55:06,400 [TScriptEngine] DEBUG JobRunner
DirectX ScreenCapture Checked.

2024-04-20 19:55:06,429 [TScriptEngine] INFO  JobRequest
##############################################################
### STATE: StartProcess - P_Atividade
##############################################################
05688af9-4021-4715-968f-8735111f8ff4
P_Atividade


2024-04-20 19:55:06,494 [TScriptEngine] INFO  JobRequest
**************************************************************
*** TASK: P_Atividade
**************************************************************
 - STEP 1: S81a0ebfb5a2c4a8b9a71dee37d7e0b78 (1/17) - (1/33)
 - [1] ExecuteScript


2024-04-20 19:55:06,607 [TScriptEngine] INFO  JobRequest
 - STEP 2: S2fe14a09e8ec4fee96d82b281a338c15 (2/17) - (2/33)
 - [2] OpenExcel


2024-04-20 19:55:08,241 [TScriptEngine] INFO  JobRequest
 - STEP 3: Sa2ffea335c68462984398f8647d25471 (3/17) - (3/33)
 - [3] GetRowCount


2024-04-20 19:55:08,411 [TScriptEngine] INFO  JobRequest
 - STEP 4: Se4b2ea00830543c89117e6b63f8f7099 (4/17) - (4/33)
 - [4] For


2024-04-20 19:55:08,426 [TScriptEngine] INFO  JobRequest
 - STEP 5: Sdea2da61b925487181471142e9aaa813 (5/17) - (5/33)
 - [5] ChromeClose


2024-04-20 19:55:10,579 [TScriptEngine] DEBUG ChromeRemoteConnect
GetRemoteBrowserUsingEndPoint Fail : Um ou mais erros.

2024-04-20 19:55:10,579 [TScriptEngine] DEBUG LastUsedPageManager
lastUsedPage browser not exist

2024-04-20 19:55:10,580 [TScriptEngine] DEBUG RestorePuppeteer
Chrome Try RestoreConnection Start

2024-04-20 19:55:12,620 [TScriptEngine] DEBUG ChromeRemoteConnect
GetRemoteBrowserUsingEndPoint Fail : Um ou mais erros.

2024-04-20 19:55:12,621 [TScriptEngine] DEBUG RestorePuppeteer
The page or browser has been disconnected.
Please check if the page or browser exists and try again. : Chrome Try RestoreConnection Fail : remoteBrowser is null

2024-04-20 19:55:12,622 [TScriptEngine] DEBUG RestorePuppeteer
Chrome Try RestoreConnection Fail : The page or browser has been disconnected.
Please check if the page or browser exists and try again.

2024-04-20 19:55:12,625 [TScriptEngine] DEBUG LastUsedPageManager
The page or browser has been disconnected.
Please check if the page or browser exists and try again.

2024-04-20 19:55:12,627 [TScriptEngine] ERROR ChromeClose
The page or browser has been disconnected.
Please check if the page or browser exists and try again.

2024-04-20 19:55:12,641 [TScriptEngine] WARN  ScriptSupport
CatchException: The page or browser has been disconnected.
Please check if the page or browser exists and try again.

2024-04-20 19:55:12,648 [TScriptEngine] INFO  JobRequest
 - STEP 6: S09d63d9d3fda427bb7475440858c030e (6/17) - (6/33)
 - [6] ReadString


2024-04-20 19:55:12,743 [TScriptEngine] INFO  JobRequest
 - STEP 7: S7e95aa17246a433abdcada2f20679a68 (7/17) - (7/33)
 - [7] ExecuteScript


2024-04-20 19:55:12,759 [TScriptEngine] INFO  JobRequest
 - STEP 8: Sb01899dd9dcc43c9adaaaab1ed7a6f0c (8/17) - (8/33)
 - [8] IfElse


2024-04-20 19:55:12,774 [TScriptEngine] INFO  JobRequest
 - STEP 9: S1294e846cb7e45fa87588af8fbb093d8 (9/17) - (9/33)
 - [9] Else


2024-04-20 19:55:12,790 [TScriptEngine] INFO  JobRequest
 - STEP 10: S4520f5ba2c86491bb60615333cf09df3 (10/17) - (10/33)
 - [10] GetActiveExcel


2024-04-20 19:55:12,852 [TScriptEngine] INFO  JobRequest
 - STEP 11: Sd2d8c5a614f84283bc4930fa6caf54a6 (11/17) - (11/33)
 - [11] ReadRange


2024-04-20 19:55:12,931 [TScriptEngine] INFO  JobRequest
 - STEP 12: Sf179dc02da1e444b891e6dc9f1bd3850 (12/17) - (12/33)
 - [12] IfThen


2024-04-20 19:55:12,947 [TScriptEngine] INFO  JobRequest
 - STEP 13: S66814069ae31455499a502c05b32a3eb (14/17) - (30/33)
 - [14] End-IfThen


2024-04-20 19:55:12,962 [TScriptEngine] INFO  JobRequest
 - STEP 14: S1da9a24927094a558b63654f8830a226 (15/17) - (31/33)
 - [15] End-IfElse


2024-04-20 19:55:12,978 [TScriptEngine] INFO  JobRequest
 - STEP 15: Sdea2da61b925487181471142e9aaa813 (5/17) - (31/33)
 - [5] ChromeClose


2024-04-20 19:55:15,003 [TScriptEngine] DEBUG ChromeRemoteConnect
GetRemoteBrowserUsingEndPoint Fail : Um ou mais erros.

2024-04-20 19:55:15,003 [TScriptEngine] DEBUG LastUsedPageManager
lastUsedPage browser not exist

2024-04-20 19:55:15,004 [TScriptEngine] DEBUG RestorePuppeteer
Chrome Try RestoreConnection Start

2024-04-20 19:55:17,015 [TScriptEngine] DEBUG ChromeRemoteConnect
GetRemoteBrowserUsingEndPoint Fail : Um ou mais erros.

2024-04-20 19:55:17,015 [TScriptEngine] DEBUG RestorePuppeteer
The page or browser has been disconnected.
Please check if the page or browser exists and try again. : Chrome Try RestoreConnection Fail : remoteBrowser is null

2024-04-20 19:55:17,015 [TScriptEngine] DEBUG RestorePuppeteer
Chrome Try RestoreConnection Fail : The page or browser has been disconnected.
Please check if the page or browser exists and try again.

2024-04-20 19:55:17,015 [TScriptEngine] DEBUG LastUsedPageManager
The page or browser has been disconnected.
Please check if the page or browser exists and try again.

2024-04-20 19:55:17,016 [TScriptEngine] ERROR ChromeClose
The page or browser has been disconnected.
Please check if the page or browser exists and try again.

2024-04-20 19:55:17,017 [TScriptEngine] WARN  ScriptSupport
CatchException: The page or browser has been disconnected.
Please check if the page or browser exists and try again.

2024-04-20 19:55:17,029 [TScriptEngine] INFO  JobRequest
 - STEP 16: S09d63d9d3fda427bb7475440858c030e (6/17) - (31/33)
 - [6] ReadString


2024-04-20 19:55:17,107 [TScriptEngine] INFO  JobRequest
 - STEP 17: S7e95aa17246a433abdcada2f20679a68 (7/17) - (31/33)
 - [7] ExecuteScript


2024-04-20 19:55:17,122 [TScriptEngine] INFO  JobRequest
 - STEP 18: Sb01899dd9dcc43c9adaaaab1ed7a6f0c (8/17) - (31/33)
 - [8] IfElse


2024-04-20 19:55:17,138 [TScriptEngine] INFO  JobRequest
 - STEP 19: S1294e846cb7e45fa87588af8fbb093d8 (9/17) - (31/33)
 - [9] Else


2024-04-20 19:55:17,153 [TScriptEngine] INFO  JobRequest
 - STEP 20: S4520f5ba2c86491bb60615333cf09df3 (10/17) - (31/33)
 - [10] GetActiveExcel


2024-04-20 19:55:17,201 [TScriptEngine] INFO  JobRequest
 - STEP 21: Sd2d8c5a614f84283bc4930fa6caf54a6 (11/17) - (31/33)
 - [11] ReadRange


2024-04-20 19:55:17,294 [TScriptEngine] INFO  JobRequest
 - STEP 22: Sf179dc02da1e444b891e6dc9f1bd3850 (12/17) - (31/33)
 - [12] IfThen


2024-04-20 19:55:17,309 [TScriptEngine] INFO  JobRequest
 - STEP 23: Sa9456650272b4b5e83a3073cf8af312a (13/17) - (31/33)
 - [13] RunTask


2024-04-20 19:55:17,330 [TScriptEngine] INFO  JobRequest
##############################################################
### STATE: StartTask - T_ReadData
##############################################################
050167e3-7605-4076-89ac-55f49898cab0
T_ReadData


2024-04-20 19:55:17,340 [TScriptEngine] INFO  JobRequest
**************************************************************
*** TASK: T_ReadData
**************************************************************
 - STEP 24: S7b5451ab03f24e968aa01b02443d0230 (1/16) - (31/33)
 - [1] ChromeOpen


2024-04-20 19:55:20,225 [T5] DEBUG ChromeRemoteConnect
GetRemoteBrowserUsingEndPoint Fail : Um ou mais erros.

2024-04-20 19:55:20,281 [T5] DEBUG ChromeCommonExtension
extension default locale empty

2024-04-20 19:55:20,283 [T5] DEBUG ChromeCommonExtension
extension default locale empty

2024-04-20 19:55:21,074 [T5] DEBUG ChromeCommonExtension
extension default locale empty

2024-04-20 19:55:21,086 [T5] DEBUG ChromeCommonExtension
extension default locale empty

2024-04-20 19:55:28,662 [TScriptEngine] INFO  JobRequest
 - STEP 25: S28ce395c2bad42d2ad72147b0f13f61c (2/16) - (31/33)
 - [2] Click


2024-04-20 19:55:28,944 [T10] INFO  UIAEventHandler
Start UIA event handler

2024-04-20 19:55:30,001 [T10] DEBUG UIAEventHandler
UI Structure Changed Count: 0

2024-04-20 19:55:30,001 [T10] INFO  UIAEventHandler
waiting for 941 msec during the screen structure is changing.

2024-04-20 19:55:33,798 [TScriptEngine] INFO  JobRequest
 - STEP 26: S74259ddc3cd649838accf6e4495a26c4 (3/16) - (31/33)
 - [3] Click


2024-04-20 19:55:35,755 [TScriptEngine] INFO  JobRequest
 - STEP 27: See12bc6239f4434a9894d915accb32b4 (4/16) - (31/33)
 - [4] Delay


2024-04-20 19:55:36,914 [TScriptEngine] INFO  JobRequest
 - STEP 28: Sbfebe55bbe8746b2822da9cbed34d88c (5/16) - (31/33)
 - [5] Click


2024-04-20 19:55:37,203 [T24] DEBUG UIAEventHandler
UI Structure Changed Count: 0

2024-04-20 19:55:37,203 [T24] INFO  UIAEventHandler
waiting for 100 msec during the screen structure is changing.

2024-04-20 19:55:37,925 [TScriptEngine] INFO  JobRequest
 - STEP 29: S0b378dafa20342eabadd82ecdb4a54b2 (6/16) - (31/33)
 - [6] WaitAppear


2024-04-20 19:55:41,121 [TScriptEngine] INFO  JobRequest
 - STEP 30: Se42655ba1e1144508c70d4d4e6bc5645 (7/16) - (31/33)
 - [7] ChromeGetData


2024-04-20 19:55:42,901 [TScriptEngine] INFO  JobRequest
 - STEP 31: S07a6862599344a3cb4f9d8f92573b57c (8/16) - (31/33)
 - [8] ChromeGetData


2024-04-20 19:55:43,973 [TScriptEngine] DEBUG ChromeFind
Chrome Find Wrapper : The object was not found.
Please re-specify the object.

2024-04-20 19:55:43,975 [TScriptEngine] WARN  ScriptSupport
CatchException: The object was not found.
Please re-specify the object.

2024-04-20 19:55:44,016 [TScriptEngine] INFO  JobRequest
 - STEP 32: Sc567a2717a14482baf6990d452159f80 (9/16) - (31/33)
 - [9] Click


2024-04-20 19:55:44,997 [TScriptEngine] INFO  JobRequest
 - STEP 33: Sc1d75d0190034baca217e2378949610e (10/16) - (31/33)
 - [10] Click


2024-04-20 19:55:45,974 [T19] DEBUG UIAEventHandler
UI Structure Changed Count: 0

2024-04-20 19:55:45,974 [T19] INFO  UIAEventHandler
waiting for 792 msec during the screen structure is changing.

2024-04-20 19:55:47,572 [T19] DEBUG UIAEventHandler
UI Structure Changed Count: 0

2024-04-20 19:55:47,573 [T19] INFO  UIAEventHandler
waiting for 621 msec during the screen structure is changing.

2024-04-20 19:55:53,353 [TScriptEngine] INFO  JobRequest
 - STEP 34: S5dcbe24ae3c04ed3ad3bfe00fefd64de (11/16) - (31/33)
 - [11] GetText


2024-04-20 19:55:53,871 [TScriptEngine] DEBUG UIAElement
Failed to get object text information: O método ou a operação não está implementada.

2024-04-20 19:55:53,888 [TScriptEngine] INFO  JobRequest
 - STEP 35: Sbde1623e24bc4214bb96f9bccafb285f (12/16) - (31/33)
 - [12] GetActiveExcel


2024-04-20 19:55:54,733 [TScriptEngine] INFO  JobRequest
 - STEP 36: S9bd1d47825ec4548801937604e06103c (13/16) - (31/33)
 - [13] WriteString


2024-04-20 19:55:54,937 [TScriptEngine] INFO  JobRequest
 - STEP 37: Sffd9ac747bf54859ad6159140bb52f88 (14/16) - (31/33)
 - [14] WriteString


2024-04-20 19:55:55,142 [TScriptEngine] INFO  JobRequest
 - STEP 38: Sfd17e47c3890492aa7522e4a155f23f6 (15/16) - (31/33)
 - [15] WriteString


2024-04-20 19:55:55,346 [TScriptEngine] INFO  JobRequest
 - STEP 39: S838f13c11f9548efa33b84c5cfd07bdb (16/16) - (31/33)
 - [16] WriteString


2024-04-20 19:55:55,483 [TScriptEngine] INFO  JobRunner
[PASS] TASK: T_ReadData

2024-04-20 19:55:55,503 [TScriptEngine] INFO  JobRequest
##############################################################
### STATE: EndTask - T_ReadData
##############################################################
050167e3-7605-4076-89ac-55f49898cab0
T_ReadData


2024-04-20 19:55:55,517 [TScriptEngine] INFO  JobRequest
**************************************************************
*** TASK: P_Atividade
**************************************************************
 - STEP 40: S66814069ae31455499a502c05b32a3eb (14/17) - (31/33)
 - [14] End-IfThen


2024-04-20 19:55:55,533 [TScriptEngine] INFO  JobRequest
 - STEP 41: S1da9a24927094a558b63654f8830a226 (15/17) - (31/33)
 - [15] End-IfElse


2024-04-20 19:55:55,550 [TScriptEngine] INFO  JobRequest
 - STEP 42: Sdea2da61b925487181471142e9aaa813 (5/17) - (31/33)
 - [5] ChromeClose


2024-04-20 19:55:56,998 [TScriptEngine] INFO  JobRequest
 - STEP 43: S09d63d9d3fda427bb7475440858c030e (6/17) - (31/33)
 - [6] ReadString


2024-04-20 19:55:57,139 [TScriptEngine] INFO  JobRequest
 - STEP 44: S7e95aa17246a433abdcada2f20679a68 (7/17) - (31/33)
 - [7] ExecuteScript


2024-04-20 19:55:57,154 [TScriptEngine] INFO  JobRequest
 - STEP 45: Sb01899dd9dcc43c9adaaaab1ed7a6f0c (8/17) - (31/33)
 - [8] IfElse


2024-04-20 19:55:57,170 [TScriptEngine] INFO  JobRequest
 - STEP 46: S1294e846cb7e45fa87588af8fbb093d8 (9/17) - (31/33)
 - [9] Else


2024-04-20 19:55:57,185 [TScriptEngine] INFO  JobRequest
 - STEP 47: S4520f5ba2c86491bb60615333cf09df3 (10/17) - (31/33)
 - [10] GetActiveExcel


2024-04-20 19:55:57,265 [TScriptEngine] INFO  JobRequest
 - STEP 48: Sd2d8c5a614f84283bc4930fa6caf54a6 (11/17) - (31/33)
 - [11] ReadRange


2024-04-20 19:55:57,388 [TScriptEngine] INFO  JobRequest
 - STEP 49: Sf179dc02da1e444b891e6dc9f1bd3850 (12/17) - (31/33)
 - [12] IfThen


2024-04-20 19:55:57,404 [TScriptEngine] INFO  JobRequest
 - STEP 50: Sa9456650272b4b5e83a3073cf8af312a (13/17) - (31/33)
 - [13] RunTask


2024-04-20 19:55:57,419 [TScriptEngine] INFO  JobRequest
##############################################################
### STATE: StartTask - T_ReadData
##############################################################
050167e3-7605-4076-89ac-55f49898cab0
T_ReadData


2024-04-20 19:55:57,435 [TScriptEngine] INFO  JobRequest
**************************************************************
*** TASK: T_ReadData
**************************************************************
 - STEP 51: S7b5451ab03f24e968aa01b02443d0230 (1/16) - (31/33)
 - [1] ChromeOpen


2024-04-20 19:55:57,440 [T20] DEBUG ChromeCommonExtension
extension default locale empty

2024-04-20 19:55:57,442 [T20] DEBUG ChromeCommonExtension
extension default locale empty

2024-04-20 19:55:58,178 [T20] DEBUG ChromeCommonExtension
extension default locale empty

2024-04-20 19:55:58,180 [T20] DEBUG ChromeCommonExtension
extension default locale empty

2024-04-20 19:56:02,464 [TScriptEngine] INFO  JobRequest
 - STEP 52: S28ce395c2bad42d2ad72147b0f13f61c (2/16) - (31/33)
 - [2] Click


2024-04-20 19:56:04,640 [TScriptEngine] INFO  JobRequest
 - STEP 53: S74259ddc3cd649838accf6e4495a26c4 (3/16) - (31/33)
 - [3] Click


2024-04-20 19:56:06,232 [TScriptEngine] INFO  JobRequest
 - STEP 54: See12bc6239f4434a9894d915accb32b4 (4/16) - (31/33)
 - [4] Delay


2024-04-20 19:56:07,571 [TScriptEngine] INFO  JobRequest
 - STEP 55: Sbfebe55bbe8746b2822da9cbed34d88c (5/16) - (31/33)
 - [5] Click


2024-04-20 19:56:08,110 [T20] DEBUG UIAEventHandler
UI Structure Changed Count: 0

2024-04-20 19:56:08,110 [T20] INFO  UIAEventHandler
waiting for 114 msec during the screen structure is changing.

2024-04-20 19:56:08,748 [TScriptEngine] INFO  JobRequest
 - STEP 56: S0b378dafa20342eabadd82ecdb4a54b2 (6/16) - (31/33)
 - [6] WaitAppear


2024-04-20 19:56:13,589 [TScriptEngine] INFO  JobRequest
 - STEP 57: Se42655ba1e1144508c70d4d4e6bc5645 (7/16) - (31/33)
 - [7] ChromeGetData


2024-04-20 19:56:14,288 [TScriptEngine] INFO  JobRequest
 - STEP 58: S07a6862599344a3cb4f9d8f92573b57c (8/16) - (31/33)
 - [8] ChromeGetData


2024-04-20 19:56:16,280 [TScriptEngine] DEBUG ChromeFind
Chrome Find Wrapper : The object was not found.
Please re-specify the object.

2024-04-20 19:56:16,288 [TScriptEngine] WARN  ScriptSupport
CatchException: The object was not found.
Please re-specify the object.

2024-04-20 19:56:16,314 [TScriptEngine] INFO  JobRequest
 - STEP 59: Sc567a2717a14482baf6990d452159f80 (9/16) - (31/33)
 - [9] Click


2024-04-20 19:56:17,428 [TScriptEngine] INFO  JobRequest
 - STEP 60: Sc1d75d0190034baca217e2378949610e (10/16) - (31/33)
 - [10] Click


2024-04-20 19:56:18,408 [T19] DEBUG UIAEventHandler
UI Structure Changed Count: 0

2024-04-20 19:56:18,408 [T19] INFO  UIAEventHandler
waiting for 634 msec during the screen structure is changing.

2024-04-20 19:56:20,452 [T19] DEBUG UIAEventHandler
UI Structure Changed Count: 0

2024-04-20 19:56:20,452 [T19] INFO  UIAEventHandler
waiting for 195 msec during the screen structure is changing.

2024-04-20 19:56:25,140 [TScriptEngine] INFO  JobRequest
 - STEP 61: S5dcbe24ae3c04ed3ad3bfe00fefd64de (11/16) - (31/33)
 - [11] GetText


2024-04-20 19:56:25,457 [T22] DEBUG UIAEventHandler
UI Structure Changed Count: 0

2024-04-20 19:56:25,457 [T22] INFO  UIAEventHandler
waiting for 112 msec during the screen structure is changing.

2024-04-20 19:56:25,460 [TScriptEngine] DEBUG UIAElement
Failed to get object text information: O método ou a operação não está implementada.

2024-04-20 19:56:25,470 [TScriptEngine] INFO  JobRequest
 - STEP 62: Sbde1623e24bc4214bb96f9bccafb285f (12/16) - (31/33)
 - [12] GetActiveExcel


2024-04-20 19:56:25,642 [TScriptEngine] INFO  JobRequest
 - STEP 63: S9bd1d47825ec4548801937604e06103c (13/16) - (31/33)
 - [13] WriteString


2024-04-20 19:56:25,849 [TScriptEngine] INFO  JobRequest
 - STEP 64: Sffd9ac747bf54859ad6159140bb52f88 (14/16) - (31/33)
 - [14] WriteString


2024-04-20 19:56:25,992 [TScriptEngine] INFO  JobRequest
 - STEP 65: Sfd17e47c3890492aa7522e4a155f23f6 (15/16) - (31/33)
 - [15] WriteString


2024-04-20 19:56:26,118 [TScriptEngine] INFO  JobRequest
 - STEP 66: S838f13c11f9548efa33b84c5cfd07bdb (16/16) - (31/33)
 - [16] WriteString


2024-04-20 19:56:26,242 [TScriptEngine] INFO  JobRunner
[PASS] TASK: T_ReadData

2024-04-20 19:56:26,243 [TScriptEngine] INFO  JobRequest
##############################################################
### STATE: EndTask - T_ReadData
##############################################################
050167e3-7605-4076-89ac-55f49898cab0
T_ReadData


2024-04-20 19:56:26,257 [TScriptEngine] INFO  JobRequest
**************************************************************
*** TASK: P_Atividade
**************************************************************
 - STEP 67: S66814069ae31455499a502c05b32a3eb (14/17) - (31/33)
 - [14] End-IfThen


2024-04-20 19:56:26,272 [TScriptEngine] INFO  JobRequest
 - STEP 68: S1da9a24927094a558b63654f8830a226 (15/17) - (31/33)
 - [15] End-IfElse


2024-04-20 19:56:26,287 [TScriptEngine] INFO  JobRequest
 - STEP 69: Sdea2da61b925487181471142e9aaa813 (5/17) - (31/33)
 - [5] ChromeClose


2024-04-20 19:56:27,201 [TScriptEngine] INFO  JobRequest
 - STEP 70: S09d63d9d3fda427bb7475440858c030e (6/17) - (31/33)
 - [6] ReadString


2024-04-20 19:56:27,309 [TScriptEngine] INFO  JobRequest
 - STEP 71: S7e95aa17246a433abdcada2f20679a68 (7/17) - (31/33)
 - [7] ExecuteScript


2024-04-20 19:56:27,324 [TScriptEngine] INFO  JobRequest
 - STEP 72: Sb01899dd9dcc43c9adaaaab1ed7a6f0c (8/17) - (31/33)
 - [8] IfElse


2024-04-20 19:56:27,339 [TScriptEngine] INFO  JobRequest
 - STEP 73: S1294e846cb7e45fa87588af8fbb093d8 (9/17) - (31/33)
 - [9] Else


2024-04-20 19:56:27,355 [TScriptEngine] INFO  JobRequest
 - STEP 74: S4520f5ba2c86491bb60615333cf09df3 (10/17) - (31/33)
 - [10] GetActiveExcel


2024-04-20 19:56:27,465 [TScriptEngine] INFO  JobRequest
 - STEP 75: Sd2d8c5a614f84283bc4930fa6caf54a6 (11/17) - (31/33)
 - [11] ReadRange


2024-04-20 19:56:27,605 [TScriptEngine] INFO  JobRequest
 - STEP 76: Sf179dc02da1e444b891e6dc9f1bd3850 (12/17) - (31/33)
 - [12] IfThen


2024-04-20 19:56:27,621 [TScriptEngine] INFO  JobRequest
 - STEP 77: Sa9456650272b4b5e83a3073cf8af312a (13/17) - (31/33)
 - [13] RunTask


2024-04-20 19:56:27,634 [TScriptEngine] INFO  JobRequest
##############################################################
### STATE: StartTask - T_ReadData
##############################################################
050167e3-7605-4076-89ac-55f49898cab0
T_ReadData


2024-04-20 19:56:27,651 [TScriptEngine] INFO  JobRequest
**************************************************************
*** TASK: T_ReadData
**************************************************************
 - STEP 78: S7b5451ab03f24e968aa01b02443d0230 (1/16) - (31/33)
 - [1] ChromeOpen


2024-04-20 19:56:27,657 [T22] DEBUG ChromeCommonExtension
extension default locale empty

2024-04-20 19:56:27,658 [T22] DEBUG ChromeCommonExtension
extension default locale empty

2024-04-20 19:56:28,378 [T22] DEBUG ChromeCommonExtension
extension default locale empty

2024-04-20 19:56:28,382 [T22] DEBUG ChromeCommonExtension
extension default locale empty

2024-04-20 19:56:35,269 [TScriptEngine] INFO  JobRequest
 - STEP 79: S28ce395c2bad42d2ad72147b0f13f61c (2/16) - (31/33)
 - [2] Click


2024-04-20 19:56:37,586 [TScriptEngine] INFO  JobRequest
 - STEP 80: S74259ddc3cd649838accf6e4495a26c4 (3/16) - (31/33)
 - [3] Click


2024-04-20 19:56:38,831 [TScriptEngine] INFO  JobRequest
 - STEP 81: See12bc6239f4434a9894d915accb32b4 (4/16) - (31/33)
 - [4] Delay


2024-04-20 19:56:39,910 [TScriptEngine] INFO  JobRequest
 - STEP 82: Sbfebe55bbe8746b2822da9cbed34d88c (5/16) - (31/33)
 - [5] Click


2024-04-20 19:56:41,022 [TScriptEngine] INFO  JobRequest
 - STEP 83: S0b378dafa20342eabadd82ecdb4a54b2 (6/16) - (31/33)
 - [6] WaitAppear


2024-04-20 19:56:52,181 [TScriptEngine] DEBUG WinFinder
UI Inspection Time: 11 seconds.

2024-04-20 19:56:52,183 [TScriptEngine] INFO  JobRequest
 - STEP 84: Se42655ba1e1144508c70d4d4e6bc5645 (7/16) - (31/33)
 - [7] ChromeGetData


2024-04-20 19:56:52,475 [TScriptEngine] INFO  JobRequest
 - STEP 85: S07a6862599344a3cb4f9d8f92573b57c (8/16) - (31/33)
 - [8] ChromeGetData


2024-04-20 19:56:52,928 [TScriptEngine] INFO  JobRequest
 - STEP 86: Sc567a2717a14482baf6990d452159f80 (9/16) - (31/33)
 - [9] Click


2024-04-20 19:56:55,408 [TScriptEngine] INFO  JobRequest
 - STEP 87: Sc1d75d0190034baca217e2378949610e (10/16) - (31/33)
 - [10] Click


2024-04-20 19:56:56,300 [TScriptEngine] INFO  JobRequest
 - STEP 88: S5dcbe24ae3c04ed3ad3bfe00fefd64de (11/16) - (31/33)
 - [11] GetText


2024-04-20 19:56:57,330 [T21] DEBUG UIAEventHandler
UI Structure Changed Count: 0

2024-04-20 19:56:57,330 [T21] INFO  UIAEventHandler
waiting for 938 msec during the screen structure is changing.

2024-04-20 19:56:57,658 [T21] DEBUG UIAEventHandler
UI Structure Changed Count: 0

2024-04-20 19:56:57,658 [T21] INFO  UIAEventHandler
waiting for 102 msec during the screen structure is changing.

2024-04-20 19:56:57,662 [TScriptEngine] DEBUG UIAElement
Failed to get object text information: O método ou a operação não está implementada.

2024-04-20 19:56:57,687 [TScriptEngine] INFO  JobRequest
 - STEP 89: Sbde1623e24bc4214bb96f9bccafb285f (12/16) - (31/33)
 - [12] GetActiveExcel


2024-04-20 19:56:57,918 [TScriptEngine] INFO  JobRequest
 - STEP 90: S9bd1d47825ec4548801937604e06103c (13/16) - (31/33)
 - [13] WriteString


2024-04-20 19:56:58,536 [TScriptEngine] INFO  JobRequest
 - STEP 91: Sffd9ac747bf54859ad6159140bb52f88 (14/16) - (31/33)
 - [14] WriteString


2024-04-20 19:56:58,724 [TScriptEngine] INFO  JobRequest
 - STEP 92: Sfd17e47c3890492aa7522e4a155f23f6 (15/16) - (31/33)
 - [15] WriteString


2024-04-20 19:56:58,878 [TScriptEngine] INFO  JobRequest
 - STEP 93: S838f13c11f9548efa33b84c5cfd07bdb (16/16) - (31/33)
 - [16] WriteString


2024-04-20 19:56:59,021 [TScriptEngine] INFO  JobRunner
[PASS] TASK: T_ReadData

2024-04-20 19:56:59,023 [TScriptEngine] INFO  JobRequest
##############################################################
### STATE: EndTask - T_ReadData
##############################################################
050167e3-7605-4076-89ac-55f49898cab0
T_ReadData


2024-04-20 19:56:59,035 [TScriptEngine] INFO  JobRequest
**************************************************************
*** TASK: P_Atividade
**************************************************************
 - STEP 94: S66814069ae31455499a502c05b32a3eb (14/17) - (31/33)
 - [14] End-IfThen


2024-04-20 19:56:59,050 [TScriptEngine] INFO  JobRequest
 - STEP 95: S1da9a24927094a558b63654f8830a226 (15/17) - (31/33)
 - [15] End-IfElse


2024-04-20 19:56:59,066 [TScriptEngine] INFO  JobRequest
 - STEP 96: S31dd7ee209fb416da4dacedbc163d388 (16/17) - (32/33)
 - [16] End-For


2024-04-20 19:56:59,082 [TScriptEngine] INFO  JobRequest
 - STEP 97: Se49b4ed6a8314fad838c2392959d384f (17/17) - (33/33)
 - [17] Debugger


2024-04-20 19:56:59,171 [TScriptEngine] INFO  JobRunner
Try Pause

2024-04-20 19:56:59,171 [TScriptEngine] INFO  JobRequest
##############################################################
### STATE: Paused
##############################################################


2024-04-20 19:56:59,171 [TScriptEngine] INFO  JobRequest
Last job life cycle state: Paused

2024-04-20 19:56:59,220 [T6] DEBUG JobRequest
Callback - State: Paused


2024-04-20 19:57:12,907 [T26] INFO  JobService
Stop Job

2024-04-20 19:57:12,909 [T26] INFO  JobRunner
Stop Job Runner - Cause: LocalUser / Message: stop by user

2024-04-20 19:57:12,909 [T26] INFO  JobRequest
##############################################################
### STATE: Stopping
##############################################################
stop by user


2024-04-20 19:57:12,916 [TScriptEngine] DEBUG JobRunner
RunTask Interrupted. TASK: P_Atividade => Script execution interrupted by host

2024-04-20 19:57:12,920 [T6] DEBUG JobRequest
Callback - State: Stopping
stop by user

2024-04-20 19:57:12,952 [TScriptEngine] DEBUG JobManager
Set Result State: Stopped

2024-04-20 19:57:12,958 [TScriptEngine] INFO  JobRunner
Make report.

2024-04-20 19:57:13,042 [TScriptEngine] INFO  JobRunner
Start to clean up resources.

2024-04-20 19:57:13,044 [T21] DEBUG JobRunner
Start timer for checking the job to be completed.

2024-04-20 19:57:13,044 [TScriptEngine] DEBUG JobRunner
OnProcessCompleted

2024-04-20 19:57:13,049 [TScriptEngine] DEBUG ExcelBase
DisposeExcel

2024-04-20 19:57:13,071 [TScriptEngine] INFO  JobRunner
Start to clean up resources.

2024-04-20 19:57:13,072 [TScriptEngine] DEBUG JobRunner
Remove all Process Stack: 1

2024-04-20 19:57:13,072 [TScriptEngine] INFO  JobRequest
##############################################################
### STATE: EndProcess - P_Atividade
##############################################################
05688af9-4021-4715-968f-8735111f8ff4
P_Atividade


2024-04-20 19:57:13,074 [TScriptEngine] DEBUG JobRunner
Remove all libraries

2024-04-20 19:57:13,076 [TScriptEngine] DEBUG NetPlayer
WebPlayer OnDispose

2024-04-20 19:57:13,080 [TScriptEngine] DEBUG WebPlayer
WebPlayer OnDispose : Do Nothing

2024-04-20 19:57:13,082 [TScriptEngine] DEBUG UIAEventHandler
Stop UIA event handler

2024-04-20 19:57:13,095 [TScriptEngine] DEBUG UiaAppHelper
WinHelper DisposeAppList Count: 0

2024-04-20 19:57:13,096 [TScriptEngine] INFO  JobRunner
All Resources Clear

2024-04-20 19:57:13,097 [TScriptEngine] DEBUG JobRunner
OnCompleted

2024-04-20 19:57:13,098 [TScriptEngine] DEBUG JobRunner
SendJobResult: Stopped

2024-04-20 19:57:13,098 [TScriptEngine] INFO  JobRequest
##############################################################
### STATE: Stopped
##############################################################
Process: P_Atividade
Step: Debugger (17/17)

Stopped by User


2024-04-20 19:57:13,098 [TScriptEngine] INFO  JobRequest
Last job life cycle state: Stopped

2024-04-20 19:57:13,098 [TScriptEngine] INFO  JobRequest
Update skipped current step informations.

2024-04-20 19:57:13,107 [T6] DEBUG JobRequest
Callback - State: Stopped
Process: P_Atividade
Step: Debugger (17/17)

Stopped by User

2024-04-20 19:57:13,111 [TScriptEngine] INFO  JobRequest
##############################################################
### JOB COMPLETED
##############################################################


2024-04-20 19:57:13,124 [T6] INFO  JobRequest
Callback - EngineClosed

2024-04-20 19:57:13,125 [T6] INFO  JobService
Disconnect agent service

2024-04-20 19:57:13,127 [T6] DEBUG JobRequest
End of Callback Sender

