2024-04-17 20:27:45,196 [T1] INFO  EngineStarter
BOT Engine Start - v3.1.000.01101
BOT ID: D_20240417_202744_391
BOT PID: 11412
BOT PPID: 15112
BOT Working Directory: C:\Users\aysla\AppData\Roaming\Brity RPA Designer

2024-04-17 20:27:45,212 [T1] INFO  EngineStarter
System Language: pt-BR
Resolution: 1366 x 768

2024-04-17 20:27:45,471 [T1] INFO  Config
Initialize Config

2024-04-17 20:27:45,518 [T1] DEBUG Config
Config Loaded

2024-04-17 20:27:45,518 [T1] DEBUG Config
Backup config file.

2024-04-17 20:27:45,533 [T1] INFO  Config
Orchestrator Service => https://orch.sdsbrity.com:8777

2024-04-17 20:27:45,549 [T1] INFO  Config
Initialize Resource Config

2024-04-17 20:27:45,580 [T1] DEBUG Config
Refresh Language Information

2024-04-17 20:27:45,695 [T1] INFO  Config
All Config Initialized.

2024-04-17 20:27:45,695 [T1] DEBUG KeyManager
Initialize KeyManager

2024-04-17 20:27:45,711 [T1] DEBUG KeyManager
Device ID is initialized.

2024-04-17 20:27:45,764 [T1] INFO  CertLicenseClient
Initialize certificate.

2024-04-17 20:27:45,768 [T1] DEBUG CertLicenseClient
Set Security Protocol: Tls12

2024-04-17 20:27:45,815 [T4] DEBUG JobService
Connect to agent service

2024-04-17 20:27:45,861 [T4] DEBUG JobService
JobService URL : net.tcp://127.0.0.1:59001/rpa/agent

2024-04-17 20:27:45,861 [T4] DEBUG JobService
Open connection

2024-04-17 20:27:45,893 [T1] DEBUG ApplicationInitializer
InitMode: Thread

2024-04-17 20:27:45,924 [T4] DEBUG JobService
Register engine to agent

2024-04-17 20:27:45,924 [T1] INFO  LibraryManager
Load Libraries - Started

2024-04-17 20:27:45,940 [T4] DEBUG JobService
Engine is connected to agent service.

2024-04-17 20:27:45,940 [T4] DEBUG JobService
Owner Process PID: 15112

2024-04-17 20:27:45,955 [T1] DEBUG AddInLoader
Load Assembly : IPA.Lib.Chrome

2024-04-17 20:27:45,955 [T4] INFO  JobService
Start monitoring owner process is terminated.

2024-04-17 20:27:46,180 [T1] DEBUG AddInLoader
Load Assembly : IPA.Lib.Desktop

2024-04-17 20:27:46,378 [T1] DEBUG AddInLoader
Load Assembly : IPA.Lib.Excel

2024-04-17 20:27:46,565 [T1] DEBUG AddInLoader
Load Assembly : IPA.Lib.Flow

2024-04-17 20:27:46,712 [T1] DEBUG AddInLoader
Load Assembly : IPA.Lib.IE

2024-04-17 20:27:46,830 [T1] DEBUG AddInLoader
Load Assembly : IPA.Lib.ImageConverter

2024-04-17 20:27:46,908 [T1] DEBUG AddInLoader
Load Assembly : IPA.Lib.ImageRecognition

2024-04-17 20:27:47,118 [T1] DEBUG AddInLoader
Load Assembly : IPA.Lib.MicrosoftOCR

2024-04-17 20:27:47,181 [T1] DEBUG AddInLoader
Load Assembly : IPA.Lib.Net

2024-04-17 20:27:47,269 [T1] DEBUG AddInLoader
Load Assembly : IPA.Lib.Orchestra

2024-04-17 20:27:47,363 [T1] DEBUG AddInLoader
Load Assembly : IPA.Lib.ProcessFlow

2024-04-17 20:27:47,456 [T1] DEBUG AddInLoader
Load Assembly : IPA.Lib.SAP

2024-04-17 20:27:47,534 [T1] DEBUG AddInLoader
Load Assembly : IPA.Lib.Web

2024-04-17 20:27:47,665 [T1] DEBUG AddInLoader
Load Assembly : IPA.Lib.Win

2024-04-17 20:27:47,799 [T1] INFO  ScreenCapture
Default Screen Capture Bounds: 0;0;1366;768

2024-04-17 20:27:47,830 [T1] DEBUG AddInLoader
Load Assembly : BrityRPA.AddIn.NativeApp

2024-04-17 20:27:47,955 [T1] DEBUG AddInLoader
Load Assembly : BrityWorks.AddIn.Outlook

2024-04-17 20:27:48,018 [T1] DEBUG AddInLoader
Load Assembly : BrityWorks.AddIn.Pdf

2024-04-17 20:27:48,107 [T1] DEBUG LibraryManager
Load Library - Chrome

2024-04-17 20:27:48,110 [T1] DEBUG LibraryManager
Load Library - Desktop

2024-04-17 20:27:48,111 [T1] DEBUG LibraryManager
Load Library - Excel

2024-04-17 20:27:48,113 [T1] DEBUG LibraryManager
Load Library - Flow

2024-04-17 20:27:48,113 [T1] DEBUG LibraryManager
Load Library - IE

2024-04-17 20:27:48,114 [T1] DEBUG LibraryManager
Load Library - ImageConverter

2024-04-17 20:27:48,115 [T1] DEBUG LibraryManager
Load Library - ImageRecognition

2024-04-17 20:27:48,116 [T1] DEBUG LibraryManager
Load Library - MicrosoftOCR

2024-04-17 20:27:48,117 [T1] DEBUG LibraryManager
Load Library - NativeApp

2024-04-17 20:27:48,119 [T1] DEBUG LibraryManager
Load Library - Net

2024-04-17 20:27:48,119 [T1] DEBUG LibraryManager
Load Library - Orchestra

2024-04-17 20:27:48,119 [T1] DEBUG LibraryManager
Load Library - Outlook

2024-04-17 20:27:48,119 [T1] DEBUG LibraryManager
Load Library - Pdf

2024-04-17 20:27:48,119 [T1] DEBUG LibraryManager
Load Library - SAP

2024-04-17 20:27:48,119 [T1] DEBUG LibraryManager
Load Library - Web

2024-04-17 20:27:48,119 [T1] DEBUG LibraryManager
Load Library - Win

2024-04-17 20:27:48,119 [T1] DEBUG LibraryManager
Load Library - WorkFlow

2024-04-17 20:27:48,135 [T1] DEBUG LibraryManager
Load built-in script libraries

2024-04-17 20:27:48,256 [T1] INFO  LibraryManager
Load Libraries - Completed.

2024-04-17 20:27:48,268 [T1] INFO  App
Launch Arguments: Total: 6 |  -eid D_20240417_202744_391 -runtype ProcRunner -ppid 15112

2024-04-17 20:27:48,268 [T1] DEBUG Config
Refresh Language Information

2024-04-17 20:27:48,268 [T1] DEBUG LibraryManager
LibraryManager Initialized.

2024-04-17 20:28:18,954 [T8] INFO  JobService
Start Job: T_ReadData (Foreground)
{
  "UsePIP": false,
  "UserID": null,
  "UserPWD": null,
  "IsRunning": false,
  "ResultMessage": null,
  "JobWorkDir": "C:\\Users\\aysla\\OneDrive\\Documents\\Brity RPA Projects\\Atividade\\Histories\\20240417_202818_T_ReadData_Designer_20240417_202817_344",
  "JobLogDir": "C:\\Users\\aysla\\OneDrive\\Documents\\Brity RPA Projects\\Atividade\\Histories\\20240417_202818_T_ReadData_Designer_20240417_202817_344\\Log",
  "JobScreenshotDir": "C:\\Users\\aysla\\OneDrive\\Documents\\Brity RPA Projects\\Atividade\\Histories\\20240417_202818_T_ReadData_Designer_20240417_202817_344\\Log\\Screenshot",
  "TotalProcessStepCount": 0,
  "CurrentStepNo": 0,
  "CurrentStepName": null,
  "StartTime": "2024-04-17 20:28:18",
  "EndTime": null,
  "Data": null,
  "EngineID": "D_20240417_202744_391",
  "EnginePID": 0,
  "EngineRecommededVersion": "",
  "JobId": "Designer_20240417_202817_344",
  "JobType": 1,
  "UserAuthentication": null,
  "ProcessPath": "C:\\Users\\aysla\\OneDrive\\Documents\\Brity RPA Projects\\Atividade\\T_ReadData.proc",
  "ProcessId": "050167e3-7605-4076-89ac-55f49898cab0",
  "ProcessVer": "",
  "ProcessArgs": "S0139794d469e4c37b7f7c8dfcf659bbb;;False",
  "RequesterType": 3,
  "RequesterId": "designer",
  "RequesterPID": 15112,
  "OptionsJsonString": null,
  "TimeoutSec": 0,
  "State": 0
}

2024-04-17 20:28:19,113 [T10] DEBUG JobService
Waiting library loading...

2024-04-17 20:28:19,116 [T10] DEBUG Config
Reload User Settings

2024-04-17 20:28:19,116 [T10] INFO  Config
UserSettings Reloaded =>
 - LastExecution : i7ThCfj+IP66k0xop5j/KudZE5Rym9gOQupe/Esxo10= -> SRDEzJTa6OJZ4ahFCa+fJZS4Q5W5szxGIFcFDHKouRQ=

2024-04-17 20:28:19,116 [T10] INFO  JobService
Config Loading Completed.

2024-04-17 20:28:19,116 [T10] DEBUG JobService
Config Loading Time: 3 ms.

2024-04-17 20:28:19,116 [T10] INFO  JobManager
Create JobManager instance for job T_ReadData(Designer_20240417_202817_344)

2024-04-17 20:28:19,131 [T10] INFO  JobRequest
Job ID : Designer_20240417_202817_344
Project Path  : C:\Users\aysla\OneDrive\Documents\Brity RPA Projects\Atividade\Atividade.proj
Process Name  : T_ReadData
Engine Mode   : Designer
Requester Type: Designer
Requester PID : 15112

2024-04-17 20:28:19,131 [T9] INFO  JobRequest
Start Callback Sender

2024-04-17 20:28:19,131 [T9] DEBUG JobRequest
Step Callback Interval: 500

2024-04-17 20:28:19,178 [T10] DEBUG ProjectManager
Set Project Information

2024-04-17 20:28:19,209 [T10] INFO  PlayOptionManager
PlayOption
- Step Interval : 1
- Disable DrawBounds : False
- Invoke First : False
- Allow Upload of DumpScreen results : False

2024-04-17 20:28:19,209 [T10] INFO  JobRunner
Initialize Script Engine

2024-04-17 20:28:19,225 [TScriptEngine] INFO  JobRequest
##############################################################
### STATE: Initializing
##############################################################


2024-04-17 20:28:19,258 [T9] DEBUG JobRequest
Callback - State: Initializing


2024-04-17 20:28:20,195 [TScriptEngine] INFO  JobRequest
##############################################################
### STATE: Ready
##############################################################


2024-04-17 20:28:20,195 [T10] INFO  JobRunnerHook
HotKey Hook Started

2024-04-17 20:28:20,211 [T9] DEBUG JobRequest
Callback - State: Ready


2024-04-17 20:28:20,211 [T10] INFO  JobRequest
##############################################################
### STATE: Starting
##############################################################


2024-04-17 20:28:20,211 [TScriptEngine] INFO  JobRunner
RunProcess start

2024-04-17 20:28:20,211 [TScriptEngine] INFO  JobRequest
##############################################################
### STATE: Running
##############################################################


2024-04-17 20:28:20,211 [TScriptEngine] INFO  JobRequest
Last job life cycle state: Running

2024-04-17 20:28:20,226 [T9] DEBUG JobRequest
Callback - State: Starting


2024-04-17 20:28:20,226 [T9] DEBUG JobRequest
Callback - State: Running


2024-04-17 20:28:21,262 [TScriptEngine] DEBUG ScreenCapture
DirectX Screen Capture Initialized.

2024-04-17 20:28:21,329 [TScriptEngine] DEBUG JobRunner
DirectX ScreenCapture Checked.

2024-04-17 20:28:21,360 [TScriptEngine] INFO  JobRequest
##############################################################
### STATE: StartProcess - T_ReadData
##############################################################
050167e3-7605-4076-89ac-55f49898cab0
T_ReadData


2024-04-17 20:28:21,423 [TScriptEngine] INFO  JobRequest
**************************************************************
*** TASK: T_ReadData
**************************************************************
 - STEP 1: S0139794d469e4c37b7f7c8dfcf659bbb (6/12) - (1/7)
 - [6] ChromeClick


2024-04-17 20:28:22,874 [TScriptEngine] INFO  JobRequest
 - STEP 2: Sb9383e8601e14d419d1783e0adc2efcc (7/12) - (2/7)
 - [7] Delay


2024-04-17 20:28:27,913 [TScriptEngine] INFO  JobRequest
 - STEP 3: S5dcbe24ae3c04ed3ad3bfe00fefd64de (8/12) - (3/7)
 - [8] GetText


2024-04-17 20:28:28,468 [T10] INFO  UIAEventHandler
Start UIA event handler

2024-04-17 20:28:29,468 [T10] DEBUG UIAEventHandler
UI Structure Changed Count: 0

2024-04-17 20:28:29,468 [T10] INFO  UIAEventHandler
waiting for 858 msec during the screen structure is changing.

2024-04-17 20:28:30,063 [T10] DEBUG UIAEventHandler
UI Structure Changed Count: 1

2024-04-17 20:28:30,178 [T10] INFO  UIAEventHandler
waiting for 231 msec during the screen structure is changing.

2024-04-17 20:28:30,218 [TScriptEngine] DEBUG UIAElement
Failed to get object text information: O método ou a operação não está implementada.

2024-04-17 20:28:30,237 [TScriptEngine] INFO  JobRequest
 - STEP 4: Sbde1623e24bc4214bb96f9bccafb285f (9/12) - (4/7)
 - [9] GetActiveExcel


2024-04-17 20:28:30,658 [TScriptEngine] INFO  JobRequest
 - STEP 5: S9bd1d47825ec4548801937604e06103c (10/12) - (5/7)
 - [10] WriteString


2024-04-17 20:28:30,931 [TScriptEngine] ERROR WriteString
Invalid range(position) value entered. => Bnull

2024-04-17 20:28:35,940 [TScriptEngine] INFO  JobRunner
Stop Job Runner - Cause: LocalUser / Message: Catch Step Exception

2024-04-17 20:28:35,941 [TScriptEngine] INFO  JobRequest
##############################################################
### STATE: Stopping
##############################################################
Catch Step Exception


2024-04-17 20:28:35,950 [T9] DEBUG JobRequest
Callback - State: Stopping
Catch Step Exception

2024-04-17 20:28:35,951 [TScriptEngine] WARN  ScriptSupport
[CATCH_STEP_EXCEPTION] Process: T_ReadData
Step: WriteString (10/12)

Error: Invalid range(position) value entered. => Bnull

2024-04-17 20:28:35,955 [TScriptEngine] FINE  JobRunner
RunTask ExceptionOccured. TASK: T_ReadData => Invalid range(position) value entered. => Bnull

2024-04-17 20:28:35,994 [TScriptEngine] INFO  JobRequest
##############################################################
### STATE: EndProcess - T_ReadData
##############################################################
050167e3-7605-4076-89ac-55f49898cab0
T_ReadData


2024-04-17 20:28:36,021 [TScriptEngine] DEBUG JobManager
Set Result State: Stopped

2024-04-17 20:28:36,027 [TScriptEngine] INFO  JobRunner
Make report.

2024-04-17 20:28:36,076 [TScriptEngine] INFO  JobRunner
Start to clean up resources.

2024-04-17 20:28:36,077 [TScriptEngine] DEBUG JobRunner
OnProcessCompleted

2024-04-17 20:28:36,077 [T23] DEBUG JobRunner
Start timer for checking the job to be completed.

2024-04-17 20:28:36,084 [TScriptEngine] DEBUG ExcelBase
DisposeExcel

2024-04-17 20:28:36,112 [TScriptEngine] INFO  JobRunner
Start to clean up resources.

2024-04-17 20:28:36,115 [TScriptEngine] DEBUG JobRunner
Remove all libraries

2024-04-17 20:28:36,127 [TScriptEngine] DEBUG NetPlayer
WebPlayer OnDispose

2024-04-17 20:28:36,130 [TScriptEngine] DEBUG WebPlayer
WebPlayer OnDispose : Do Nothing

2024-04-17 20:28:36,132 [TScriptEngine] DEBUG UIAEventHandler
Stop UIA event handler

2024-04-17 20:28:36,146 [TScriptEngine] DEBUG UiaAppHelper
WinHelper DisposeAppList Count: 0

2024-04-17 20:28:36,147 [TScriptEngine] INFO  JobRunner
All Resources Clear

2024-04-17 20:28:36,148 [TScriptEngine] DEBUG JobRunner
OnCompleted

2024-04-17 20:28:36,149 [TScriptEngine] DEBUG JobRunner
SendJobResult: Stopped

2024-04-17 20:28:36,149 [TScriptEngine] INFO  JobRequest
##############################################################
### STATE: Stopped
##############################################################
Process: T_ReadData

Process: T_ReadData
Step: WriteString (10/12)
Invalid range(position) value entered. => Bnull


2024-04-17 20:28:36,149 [TScriptEngine] INFO  JobRequest
Last job life cycle state: Stopped

2024-04-17 20:28:36,149 [TScriptEngine] INFO  JobRequest
Update skipped current step informations.

2024-04-17 20:28:36,161 [TScriptEngine] INFO  JobRequest
##############################################################
### JOB COMPLETED
##############################################################


2024-04-17 20:28:36,172 [T9] DEBUG JobRequest
Callback - State: Stopped
Process: T_ReadData

Process: T_ReadData
Step: WriteString (10/12)
Invalid range(position) value entered. => Bnull

2024-04-17 20:28:36,178 [T9] INFO  JobRequest
Callback - EngineClosed

2024-04-17 20:28:36,179 [T9] INFO  JobService
Disconnect agent service

2024-04-17 20:28:36,182 [T9] DEBUG JobRequest
End of Callback Sender

2024-04-17 20:28:36,188 [TScriptEngine] INFO  JobRunner
RunProcess end

2024-04-17 20:28:36,188 [T1] INFO  JobService
Exit - Shutdown Engine BOT

