2024-04-20 19:36:45,844 [T1] INFO  EngineStarter
BOT Engine Start - v3.1.000.01101
BOT ID: D_20240420_193644_984
BOT PID: 4368
BOT PPID: 9512
BOT Working Directory: C:\Users\aysla\AppData\Roaming\Brity RPA Designer

2024-04-20 19:36:45,860 [T1] INFO  EngineStarter
System Language: pt-BR
Resolution: 1366 x 768

2024-04-20 19:36:46,145 [T1] INFO  Config
Initialize Config

2024-04-20 19:36:46,186 [T1] DEBUG Config
Config Loaded

2024-04-20 19:36:46,187 [T1] DEBUG Config
Backup config file.

2024-04-20 19:36:46,198 [T1] INFO  Config
Orchestrator Service => https://orch.sdsbrity.com:8777

2024-04-20 19:36:46,203 [T1] INFO  Config
Initialize Resource Config

2024-04-20 19:36:46,235 [T1] DEBUG Config
Refresh Language Information

2024-04-20 19:36:46,320 [T1] INFO  Config
All Config Initialized.

2024-04-20 19:36:46,324 [T1] DEBUG KeyManager
Initialize KeyManager

2024-04-20 19:36:46,333 [T1] DEBUG KeyManager
Device ID is initialized.

2024-04-20 19:36:46,375 [T1] INFO  CertLicenseClient
Initialize certificate.

2024-04-20 19:36:46,379 [T1] DEBUG CertLicenseClient
Set Security Protocol: Tls12

2024-04-20 19:36:46,406 [T4] DEBUG JobService
Connect to agent service

2024-04-20 19:36:46,439 [T4] DEBUG JobService
JobService URL : net.tcp://127.0.0.1:59001/rpa/agent

2024-04-20 19:36:46,441 [T4] DEBUG JobService
Open connection

2024-04-20 19:36:46,449 [T1] DEBUG ApplicationInitializer
InitMode: Thread

2024-04-20 19:36:46,460 [T1] INFO  LibraryManager
Load Libraries - Started

2024-04-20 19:36:46,460 [T4] DEBUG JobService
Register engine to agent

2024-04-20 19:36:46,475 [T1] DEBUG AddInLoader
Load Assembly : IPA.Lib.Chrome

2024-04-20 19:36:46,476 [T4] DEBUG JobService
Engine is connected to agent service.

2024-04-20 19:36:46,476 [T4] DEBUG JobService
Owner Process PID: 9512

2024-04-20 19:36:46,482 [T4] INFO  JobService
Start monitoring owner process is terminated.

2024-04-20 19:36:46,744 [T1] DEBUG AddInLoader
Load Assembly : IPA.Lib.Desktop

2024-04-20 19:36:46,963 [T1] DEBUG AddInLoader
Load Assembly : IPA.Lib.Excel

2024-04-20 19:36:47,137 [T1] DEBUG AddInLoader
Load Assembly : IPA.Lib.Flow

2024-04-20 19:36:47,270 [T1] DEBUG AddInLoader
Load Assembly : IPA.Lib.IE

2024-04-20 19:36:47,387 [T1] DEBUG AddInLoader
Load Assembly : IPA.Lib.ImageConverter

2024-04-20 19:36:47,462 [T1] DEBUG AddInLoader
Load Assembly : IPA.Lib.ImageRecognition

2024-04-20 19:36:47,715 [T1] DEBUG AddInLoader
Load Assembly : IPA.Lib.MicrosoftOCR

2024-04-20 19:36:47,795 [T1] DEBUG AddInLoader
Load Assembly : IPA.Lib.Net

2024-04-20 19:36:47,901 [T1] DEBUG AddInLoader
Load Assembly : IPA.Lib.Orchestra

2024-04-20 19:36:47,992 [T1] DEBUG AddInLoader
Load Assembly : IPA.Lib.ProcessFlow

2024-04-20 19:36:48,095 [T1] DEBUG AddInLoader
Load Assembly : IPA.Lib.SAP

2024-04-20 19:36:48,204 [T1] DEBUG AddInLoader
Load Assembly : IPA.Lib.Web

2024-04-20 19:36:48,325 [T1] DEBUG AddInLoader
Load Assembly : IPA.Lib.Win

2024-04-20 19:36:48,457 [T1] INFO  ScreenCapture
Default Screen Capture Bounds: 0;0;1366;768

2024-04-20 19:36:48,555 [T1] DEBUG AddInLoader
Load Assembly : BrityRPA.AddIn.NativeApp

2024-04-20 19:36:48,713 [T1] DEBUG AddInLoader
Load Assembly : BrityWorks.AddIn.Outlook

2024-04-20 19:36:48,814 [T1] DEBUG AddInLoader
Load Assembly : BrityWorks.AddIn.Pdf

2024-04-20 19:36:48,898 [T1] DEBUG LibraryManager
Load Library - Chrome

2024-04-20 19:36:48,901 [T1] DEBUG LibraryManager
Load Library - Desktop

2024-04-20 19:36:48,903 [T1] DEBUG LibraryManager
Load Library - Excel

2024-04-20 19:36:48,904 [T1] DEBUG LibraryManager
Load Library - Flow

2024-04-20 19:36:48,904 [T1] DEBUG LibraryManager
Load Library - IE

2024-04-20 19:36:48,905 [T1] DEBUG LibraryManager
Load Library - ImageConverter

2024-04-20 19:36:48,906 [T1] DEBUG LibraryManager
Load Library - ImageRecognition

2024-04-20 19:36:48,907 [T1] DEBUG LibraryManager
Load Library - MicrosoftOCR

2024-04-20 19:36:48,908 [T1] DEBUG LibraryManager
Load Library - NativeApp

2024-04-20 19:36:48,912 [T1] DEBUG LibraryManager
Load Library - Net

2024-04-20 19:36:48,913 [T1] DEBUG LibraryManager
Load Library - Orchestra

2024-04-20 19:36:48,914 [T1] DEBUG LibraryManager
Load Library - Outlook

2024-04-20 19:36:48,914 [T1] DEBUG LibraryManager
Load Library - Pdf

2024-04-20 19:36:48,914 [T1] DEBUG LibraryManager
Load Library - SAP

2024-04-20 19:36:48,915 [T1] DEBUG LibraryManager
Load Library - Web

2024-04-20 19:36:48,915 [T1] DEBUG LibraryManager
Load Library - Win

2024-04-20 19:36:48,917 [T1] DEBUG LibraryManager
Load Library - WorkFlow

2024-04-20 19:36:48,923 [T1] DEBUG LibraryManager
Load built-in script libraries

2024-04-20 19:36:49,044 [T1] INFO  LibraryManager
Load Libraries - Completed.

2024-04-20 19:36:49,056 [T1] INFO  App
Launch Arguments: Total: 6 |  -eid D_20240420_193644_984 -runtype ProcRunner -ppid 9512

2024-04-20 19:36:49,057 [T1] DEBUG Config
Refresh Language Information

2024-04-20 19:36:49,057 [T1] DEBUG LibraryManager
LibraryManager Initialized.

2024-04-20 19:37:12,601 [T9] INFO  JobService
Start Job: P_Atividade (Foreground)
{
  "UsePIP": false,
  "UserID": null,
  "UserPWD": null,
  "IsRunning": false,
  "ResultMessage": null,
  "JobWorkDir": "C:\\Users\\aysla\\OneDrive\\Documents\\Brity RPA Projects\\Atividade\\Histories\\20240420_193712_P_Atividade_Designer_20240420_193712_130",
  "JobLogDir": "C:\\Users\\aysla\\OneDrive\\Documents\\Brity RPA Projects\\Atividade\\Histories\\20240420_193712_P_Atividade_Designer_20240420_193712_130\\Log",
  "JobScreenshotDir": "C:\\Users\\aysla\\OneDrive\\Documents\\Brity RPA Projects\\Atividade\\Histories\\20240420_193712_P_Atividade_Designer_20240420_193712_130\\Log\\Screenshot",
  "TotalProcessStepCount": 0,
  "CurrentStepNo": 0,
  "CurrentStepName": null,
  "StartTime": "2024-04-20 19:37:12",
  "EndTime": null,
  "Data": null,
  "EngineID": "D_20240420_193644_984",
  "EnginePID": 0,
  "EngineRecommededVersion": "",
  "JobId": "Designer_20240420_193712_130",
  "JobType": 1,
  "UserAuthentication": null,
  "ProcessPath": "C:\\Users\\aysla\\OneDrive\\Documents\\Brity RPA Projects\\Atividade\\P_Atividade.proc",
  "ProcessId": "05688af9-4021-4715-968f-8735111f8ff4",
  "ProcessVer": "",
  "ProcessArgs": null,
  "RequesterType": 3,
  "RequesterId": "designer",
  "RequesterPID": 9512,
  "OptionsJsonString": null,
  "TimeoutSec": 0,
  "State": 0
}

2024-04-20 19:37:12,753 [T11] DEBUG JobService
Waiting library loading...

2024-04-20 19:37:12,758 [T11] DEBUG Config
Reload User Settings

2024-04-20 19:37:12,760 [T11] INFO  JobService
Config Loading Completed.

2024-04-20 19:37:12,760 [T11] DEBUG JobService
Config Loading Time: 5 ms.

2024-04-20 19:37:12,770 [T11] INFO  JobManager
Create JobManager instance for job P_Atividade(Designer_20240420_193712_130)

2024-04-20 19:37:12,777 [T11] INFO  JobRequest
Job ID : Designer_20240420_193712_130
Project Path  : C:\Users\aysla\OneDrive\Documents\Brity RPA Projects\Atividade\Atividade.proj
Process Name  : P_Atividade
Engine Mode   : Designer
Requester Type: Designer
Requester PID : 9512

2024-04-20 19:37:12,780 [T12] INFO  JobRequest
Start Callback Sender

2024-04-20 19:37:12,780 [T12] DEBUG JobRequest
Step Callback Interval: 500

2024-04-20 19:37:12,830 [T11] DEBUG ProjectManager
Set Project Information

2024-04-20 19:37:12,854 [T11] INFO  PlayOptionManager
PlayOption
- Step Interval : 1
- Disable DrawBounds : False
- Invoke First : False
- Allow Upload of DumpScreen results : False

2024-04-20 19:37:12,855 [T11] INFO  JobRunner
Initialize Script Engine

2024-04-20 19:37:12,871 [TScriptEngine] INFO  JobRequest
##############################################################
### STATE: Initializing
##############################################################


2024-04-20 19:37:12,894 [T12] DEBUG JobRequest
Callback - State: Initializing


2024-04-20 19:37:13,956 [TScriptEngine] INFO  JobRequest
##############################################################
### STATE: Ready
##############################################################


2024-04-20 19:37:13,960 [T12] DEBUG JobRequest
Callback - State: Ready


2024-04-20 19:37:13,969 [T11] INFO  JobRunnerHook
HotKey Hook Started

2024-04-20 19:37:13,970 [T11] INFO  JobRequest
##############################################################
### STATE: Starting
##############################################################


2024-04-20 19:37:13,972 [TScriptEngine] INFO  JobRunner
RunProcess start

2024-04-20 19:37:13,974 [TScriptEngine] INFO  JobRequest
##############################################################
### STATE: Running
##############################################################


2024-04-20 19:37:13,974 [TScriptEngine] INFO  JobRequest
Last job life cycle state: Running

2024-04-20 19:37:13,977 [T12] DEBUG JobRequest
Callback - State: Starting


2024-04-20 19:37:13,992 [T12] DEBUG JobRequest
Callback - State: Running


2024-04-20 19:37:14,144 [TScriptEngine] WARN  ProcessDataValidator
It can be occurred a malfunction to play P_Atividade,
because this system is different from designed system environment.
(OS, Resolution, etc)

2024-04-20 19:37:15,008 [TScriptEngine] DEBUG ScreenCapture
DirectX Screen Capture Initialized.

2024-04-20 19:37:15,087 [TScriptEngine] DEBUG JobRunner
DirectX ScreenCapture Checked.

2024-04-20 19:37:15,120 [TScriptEngine] INFO  JobRequest
##############################################################
### STATE: StartProcess - P_Atividade
##############################################################
05688af9-4021-4715-968f-8735111f8ff4
P_Atividade


2024-04-20 19:37:15,180 [TScriptEngine] INFO  JobRequest
**************************************************************
*** TASK: P_Atividade
**************************************************************
 - STEP 1: S81a0ebfb5a2c4a8b9a71dee37d7e0b78 (1/17) - (1/32)
 - [1] ExecuteScript


2024-04-20 19:37:15,296 [TScriptEngine] INFO  JobRequest
 - STEP 2: S2fe14a09e8ec4fee96d82b281a338c15 (2/17) - (2/32)
 - [2] OpenExcel


2024-04-20 19:37:16,899 [TScriptEngine] INFO  JobRequest
 - STEP 3: Sa2ffea335c68462984398f8647d25471 (3/17) - (3/32)
 - [3] GetRowCount


2024-04-20 19:37:17,088 [TScriptEngine] INFO  JobRequest
 - STEP 4: Se4b2ea00830543c89117e6b63f8f7099 (4/17) - (4/32)
 - [4] For


2024-04-20 19:37:17,103 [TScriptEngine] INFO  JobRequest
 - STEP 5: Sdea2da61b925487181471142e9aaa813 (5/17) - (5/32)
 - [5] ChromeClose


2024-04-20 19:37:17,184 [TScriptEngine] DEBUG LastUsedPageManager
The browser could not be found.
Please create a browser.

2024-04-20 19:37:17,184 [TScriptEngine] ERROR ChromeClose
The browser could not be found.
Please create a browser.

2024-04-20 19:37:17,189 [TScriptEngine] WARN  ScriptSupport
CatchException: The browser could not be found.
Please create a browser.

2024-04-20 19:37:17,197 [TScriptEngine] INFO  JobRequest
 - STEP 6: S09d63d9d3fda427bb7475440858c030e (6/17) - (6/32)
 - [6] ReadString


2024-04-20 19:37:19,896 [TScriptEngine] INFO  JobRunner
Try Pause

2024-04-20 19:37:19,896 [TScriptEngine] INFO  JobRequest
##############################################################
### STATE: Paused
##############################################################


2024-04-20 19:37:19,896 [TScriptEngine] INFO  JobRequest
Last job life cycle state: Paused

2024-04-20 19:37:19,916 [T12] DEBUG JobRequest
Callback - State: Paused


2024-04-20 19:37:24,268 [T9] INFO  JobService
ResumeJob

2024-04-20 19:37:24,268 [T9] INFO  JobRunner
Try Resume

2024-04-20 19:37:24,268 [T9] INFO  JobRequest
##############################################################
### STATE: Running
##############################################################


2024-04-20 19:37:24,268 [T9] INFO  JobRequest
Last job life cycle state: Running

2024-04-20 19:37:24,281 [TScriptEngine] WARN  ScriptSupport
[CATCH_STEP_EXCEPTION] Process: P_Atividade
Step: ReadString (6/17)

Error: Invalid range(position) value entered. => A0

2024-04-20 19:37:24,281 [T12] DEBUG JobRequest
Callback - State: Running


2024-04-20 19:37:24,297 [TScriptEngine] INFO  JobRequest
 - STEP 7: S09d63d9d3fda427bb7475440858c030e (6/17) - (6/32)
 - [6] ReadString


2024-04-20 19:37:30,480 [TScriptEngine] INFO  JobRunner
Stop Job Runner - Cause: LocalUser / Message: Catch Step Exception

2024-04-20 19:37:30,481 [TScriptEngine] INFO  JobRequest
##############################################################
### STATE: Stopping
##############################################################
Catch Step Exception


2024-04-20 19:37:30,492 [T12] DEBUG JobRequest
Callback - State: Stopping
Catch Step Exception

2024-04-20 19:37:30,494 [TScriptEngine] WARN  ScriptSupport
[CATCH_STEP_EXCEPTION] Process: P_Atividade
Step: ReadString (6/17)

Error: Invalid range(position) value entered. => A0

2024-04-20 19:37:30,498 [TScriptEngine] FINE  JobRunner
RunTask ExceptionOccured. TASK: P_Atividade => Invalid range(position) value entered. => A0

2024-04-20 19:37:30,529 [TScriptEngine] INFO  JobRequest
##############################################################
### STATE: EndProcess - P_Atividade
##############################################################
05688af9-4021-4715-968f-8735111f8ff4
P_Atividade


2024-04-20 19:37:30,560 [TScriptEngine] DEBUG JobManager
Set Result State: Stopped

2024-04-20 19:37:30,565 [TScriptEngine] INFO  JobRunner
Make report.

2024-04-20 19:37:30,630 [TScriptEngine] INFO  JobRunner
Start to clean up resources.

2024-04-20 19:37:30,631 [TScriptEngine] DEBUG JobRunner
OnProcessCompleted

2024-04-20 19:37:30,631 [T10] DEBUG JobRunner
Start timer for checking the job to be completed.

2024-04-20 19:37:30,636 [TScriptEngine] DEBUG ExcelBase
DisposeExcel

2024-04-20 19:37:30,660 [TScriptEngine] INFO  JobRunner
Start to clean up resources.

2024-04-20 19:37:30,662 [TScriptEngine] DEBUG JobRunner
Remove all libraries

2024-04-20 19:37:30,674 [TScriptEngine] DEBUG NetPlayer
WebPlayer OnDispose

2024-04-20 19:37:30,677 [TScriptEngine] DEBUG WebPlayer
WebPlayer OnDispose : Do Nothing

2024-04-20 19:37:30,681 [TScriptEngine] DEBUG UiaAppHelper
WinHelper DisposeAppList Count: 0

2024-04-20 19:37:30,681 [TScriptEngine] INFO  JobRunner
All Resources Clear

2024-04-20 19:37:30,682 [TScriptEngine] DEBUG JobRunner
OnCompleted

2024-04-20 19:37:30,683 [TScriptEngine] DEBUG JobRunner
SendJobResult: Stopped

2024-04-20 19:37:30,683 [TScriptEngine] INFO  JobRequest
##############################################################
### STATE: Stopped
##############################################################
Process: P_Atividade

Process: P_Atividade
Step: ReadString (6/17)
Invalid range(position) value entered. => A0


2024-04-20 19:37:30,683 [TScriptEngine] INFO  JobRequest
Last job life cycle state: Stopped

2024-04-20 19:37:30,683 [TScriptEngine] INFO  JobRequest
Update skipped current step informations.

2024-04-20 19:37:30,691 [TScriptEngine] INFO  JobRequest
##############################################################
### JOB COMPLETED
##############################################################


2024-04-20 19:37:30,695 [T12] DEBUG JobRequest
Callback - State: Stopped
Process: P_Atividade

Process: P_Atividade
Step: ReadString (6/17)
Invalid range(position) value entered. => A0

2024-04-20 19:37:30,697 [T12] INFO  JobRequest
Callback - EngineClosed

2024-04-20 19:37:30,698 [T12] INFO  JobService
Disconnect agent service

