2024-04-20 19:35:01,652 [T1] INFO  EngineStarter
BOT Engine Start - v3.1.000.01101
BOT ID: D_20240420_193500_821
BOT PID: 8376
BOT PPID: 9512
BOT Working Directory: C:\Users\aysla\AppData\Roaming\Brity RPA Designer

2024-04-20 19:35:01,672 [T1] INFO  EngineStarter
System Language: pt-BR
Resolution: 1366 x 768

2024-04-20 19:35:01,967 [T1] INFO  Config
Initialize Config

2024-04-20 19:35:02,005 [T1] DEBUG Config
Config Loaded

2024-04-20 19:35:02,006 [T1] DEBUG Config
Backup config file.

2024-04-20 19:35:02,016 [T1] INFO  Config
Orchestrator Service => https://orch.sdsbrity.com:8777

2024-04-20 19:35:02,020 [T1] INFO  Config
Initialize Resource Config

2024-04-20 19:35:02,052 [T1] DEBUG Config
Refresh Language Information

2024-04-20 19:35:02,149 [T1] INFO  Config
All Config Initialized.

2024-04-20 19:35:02,153 [T1] DEBUG KeyManager
Initialize KeyManager

2024-04-20 19:35:02,162 [T1] DEBUG KeyManager
Device ID is initialized.

2024-04-20 19:35:02,209 [T1] INFO  CertLicenseClient
Initialize certificate.

2024-04-20 19:35:02,213 [T1] DEBUG CertLicenseClient
Set Security Protocol: Tls12

2024-04-20 19:35:02,235 [T4] DEBUG JobService
Connect to agent service

2024-04-20 19:35:02,273 [T4] DEBUG JobService
JobService URL : net.tcp://127.0.0.1:59001/rpa/agent

2024-04-20 19:35:02,274 [T4] DEBUG JobService
Open connection

2024-04-20 19:35:02,282 [T1] DEBUG ApplicationInitializer
InitMode: Thread

2024-04-20 19:35:02,310 [T1] INFO  LibraryManager
Load Libraries - Started

2024-04-20 19:35:02,315 [T4] DEBUG JobService
Register engine to agent

2024-04-20 19:35:02,337 [T1] DEBUG AddInLoader
Load Assembly : IPA.Lib.Chrome

2024-04-20 19:35:02,338 [T4] DEBUG JobService
Engine is connected to agent service.

2024-04-20 19:35:02,338 [T4] DEBUG JobService
Owner Process PID: 9512

2024-04-20 19:35:02,343 [T4] INFO  JobService
Start monitoring owner process is terminated.

2024-04-20 19:35:02,574 [T1] DEBUG AddInLoader
Load Assembly : IPA.Lib.Desktop

2024-04-20 19:35:02,822 [T1] DEBUG AddInLoader
Load Assembly : IPA.Lib.Excel

2024-04-20 19:35:03,022 [T1] DEBUG AddInLoader
Load Assembly : IPA.Lib.Flow

2024-04-20 19:35:03,174 [T1] DEBUG AddInLoader
Load Assembly : IPA.Lib.IE

2024-04-20 19:35:03,275 [T1] DEBUG AddInLoader
Load Assembly : IPA.Lib.ImageConverter

2024-04-20 19:35:03,344 [T1] DEBUG AddInLoader
Load Assembly : IPA.Lib.ImageRecognition

2024-04-20 19:35:03,548 [T1] DEBUG AddInLoader
Load Assembly : IPA.Lib.MicrosoftOCR

2024-04-20 19:35:03,612 [T1] DEBUG AddInLoader
Load Assembly : IPA.Lib.Net

2024-04-20 19:35:03,699 [T1] DEBUG AddInLoader
Load Assembly : IPA.Lib.Orchestra

2024-04-20 19:35:03,802 [T1] DEBUG AddInLoader
Load Assembly : IPA.Lib.ProcessFlow

2024-04-20 19:35:03,921 [T1] DEBUG AddInLoader
Load Assembly : IPA.Lib.SAP

2024-04-20 19:35:04,042 [T1] DEBUG AddInLoader
Load Assembly : IPA.Lib.Web

2024-04-20 19:35:04,158 [T1] DEBUG AddInLoader
Load Assembly : IPA.Lib.Win

2024-04-20 19:35:04,319 [T1] INFO  ScreenCapture
Default Screen Capture Bounds: 0;0;1366;768

2024-04-20 19:35:04,366 [T1] DEBUG AddInLoader
Load Assembly : BrityRPA.AddIn.NativeApp

2024-04-20 19:35:04,535 [T1] DEBUG AddInLoader
Load Assembly : BrityWorks.AddIn.Outlook

2024-04-20 19:35:04,643 [T1] DEBUG AddInLoader
Load Assembly : BrityWorks.AddIn.Pdf

2024-04-20 19:35:04,738 [T1] DEBUG LibraryManager
Load Library - Chrome

2024-04-20 19:35:04,742 [T1] DEBUG LibraryManager
Load Library - Desktop

2024-04-20 19:35:04,743 [T1] DEBUG LibraryManager
Load Library - Excel

2024-04-20 19:35:04,744 [T1] DEBUG LibraryManager
Load Library - Flow

2024-04-20 19:35:04,744 [T1] DEBUG LibraryManager
Load Library - IE

2024-04-20 19:35:04,745 [T1] DEBUG LibraryManager
Load Library - ImageConverter

2024-04-20 19:35:04,746 [T1] DEBUG LibraryManager
Load Library - ImageRecognition

2024-04-20 19:35:04,748 [T1] DEBUG LibraryManager
Load Library - MicrosoftOCR

2024-04-20 19:35:04,749 [T1] DEBUG LibraryManager
Load Library - NativeApp

2024-04-20 19:35:04,754 [T1] DEBUG LibraryManager
Load Library - Net

2024-04-20 19:35:04,755 [T1] DEBUG LibraryManager
Load Library - Orchestra

2024-04-20 19:35:04,756 [T1] DEBUG LibraryManager
Load Library - Outlook

2024-04-20 19:35:04,757 [T1] DEBUG LibraryManager
Load Library - Pdf

2024-04-20 19:35:04,757 [T1] DEBUG LibraryManager
Load Library - SAP

2024-04-20 19:35:04,758 [T1] DEBUG LibraryManager
Load Library - Web

2024-04-20 19:35:04,759 [T1] DEBUG LibraryManager
Load Library - Win

2024-04-20 19:35:04,760 [T1] DEBUG LibraryManager
Load Library - WorkFlow

2024-04-20 19:35:04,769 [T1] DEBUG LibraryManager
Load built-in script libraries

2024-04-20 19:35:04,915 [T1] INFO  LibraryManager
Load Libraries - Completed.

2024-04-20 19:35:04,929 [T1] INFO  App
Launch Arguments: Total: 6 |  -eid D_20240420_193500_821 -runtype ProcRunner -ppid 9512

2024-04-20 19:35:04,930 [T1] DEBUG Config
Refresh Language Information

2024-04-20 19:35:04,930 [T1] DEBUG LibraryManager
LibraryManager Initialized.

2024-04-20 19:35:13,115 [T9] INFO  JobService
Start Job: P_Atividade (Foreground)
{
  "UsePIP": false,
  "UserID": null,
  "UserPWD": null,
  "IsRunning": false,
  "ResultMessage": null,
  "JobWorkDir": "C:\\Users\\aysla\\OneDrive\\Documents\\Brity RPA Projects\\Atividade\\Histories\\20240420_193512_P_Atividade_Designer_20240420_193512_699",
  "JobLogDir": "C:\\Users\\aysla\\OneDrive\\Documents\\Brity RPA Projects\\Atividade\\Histories\\20240420_193512_P_Atividade_Designer_20240420_193512_699\\Log",
  "JobScreenshotDir": "C:\\Users\\aysla\\OneDrive\\Documents\\Brity RPA Projects\\Atividade\\Histories\\20240420_193512_P_Atividade_Designer_20240420_193512_699\\Log\\Screenshot",
  "TotalProcessStepCount": 0,
  "CurrentStepNo": 0,
  "CurrentStepName": null,
  "StartTime": "2024-04-20 19:35:12",
  "EndTime": null,
  "Data": null,
  "EngineID": "D_20240420_193500_821",
  "EnginePID": 0,
  "EngineRecommededVersion": "",
  "JobId": "Designer_20240420_193512_699",
  "JobType": 1,
  "UserAuthentication": null,
  "ProcessPath": "C:\\Users\\aysla\\OneDrive\\Documents\\Brity RPA Projects\\Atividade\\P_Atividade.proc",
  "ProcessId": "05688af9-4021-4715-968f-8735111f8ff4",
  "ProcessVer": "",
  "ProcessArgs": null,
  "RequesterType": 3,
  "RequesterId": "designer",
  "RequesterPID": 9512,
  "OptionsJsonString": null,
  "TimeoutSec": 0,
  "State": 0
}

2024-04-20 19:35:13,317 [T5] DEBUG JobService
Waiting library loading...

2024-04-20 19:35:13,319 [T5] DEBUG Config
Reload User Settings

2024-04-20 19:35:13,320 [T5] INFO  JobService
Config Loading Completed.

2024-04-20 19:35:13,321 [T5] DEBUG JobService
Config Loading Time: 3 ms.

2024-04-20 19:35:13,332 [T5] INFO  JobManager
Create JobManager instance for job P_Atividade(Designer_20240420_193512_699)

2024-04-20 19:35:13,339 [T5] INFO  JobRequest
Job ID : Designer_20240420_193512_699
Project Path  : C:\Users\aysla\OneDrive\Documents\Brity RPA Projects\Atividade\Atividade.proj
Process Name  : P_Atividade
Engine Mode   : Designer
Requester Type: Designer
Requester PID : 9512

2024-04-20 19:35:13,342 [T10] INFO  JobRequest
Start Callback Sender

2024-04-20 19:35:13,342 [T10] DEBUG JobRequest
Step Callback Interval: 500

2024-04-20 19:35:13,397 [T5] DEBUG ProjectManager
Set Project Information

2024-04-20 19:35:13,423 [T5] INFO  PlayOptionManager
PlayOption
- Step Interval : 1
- Disable DrawBounds : False
- Invoke First : False
- Allow Upload of DumpScreen results : False

2024-04-20 19:35:13,424 [T5] INFO  JobRunner
Initialize Script Engine

2024-04-20 19:35:13,441 [TScriptEngine] INFO  JobRequest
##############################################################
### STATE: Initializing
##############################################################


2024-04-20 19:35:13,459 [T10] DEBUG JobRequest
Callback - State: Initializing


2024-04-20 19:35:14,586 [TScriptEngine] INFO  JobRequest
##############################################################
### STATE: Ready
##############################################################


2024-04-20 19:35:14,598 [T10] DEBUG JobRequest
Callback - State: Ready


2024-04-20 19:35:14,600 [T5] INFO  JobRunnerHook
HotKey Hook Started

2024-04-20 19:35:14,600 [T5] INFO  JobRequest
##############################################################
### STATE: Starting
##############################################################


2024-04-20 19:35:14,602 [TScriptEngine] INFO  JobRunner
RunProcess start

2024-04-20 19:35:14,604 [TScriptEngine] INFO  JobRequest
##############################################################
### STATE: Running
##############################################################


2024-04-20 19:35:14,605 [TScriptEngine] INFO  JobRequest
Last job life cycle state: Running

2024-04-20 19:35:14,614 [T10] DEBUG JobRequest
Callback - State: Starting


2024-04-20 19:35:14,614 [T10] DEBUG JobRequest
Callback - State: Running


2024-04-20 19:35:14,763 [TScriptEngine] WARN  ProcessDataValidator
It can be occurred a malfunction to play P_Atividade,
because this system is different from designed system environment.
(OS, Resolution, etc)

2024-04-20 19:35:15,645 [TScriptEngine] DEBUG ScreenCapture
DirectX Screen Capture Initialized.

2024-04-20 19:35:15,712 [TScriptEngine] DEBUG JobRunner
DirectX ScreenCapture Checked.

2024-04-20 19:35:15,740 [TScriptEngine] INFO  JobRequest
##############################################################
### STATE: StartProcess - P_Atividade
##############################################################
05688af9-4021-4715-968f-8735111f8ff4
P_Atividade


2024-04-20 19:35:15,797 [TScriptEngine] INFO  JobRequest
**************************************************************
*** TASK: P_Atividade
**************************************************************
 - STEP 1: S81a0ebfb5a2c4a8b9a71dee37d7e0b78 (1/18) - (1/33)
 - [1] ExecuteScript


2024-04-20 19:35:15,897 [TScriptEngine] INFO  JobRequest
 - STEP 2: S2fe14a09e8ec4fee96d82b281a338c15 (2/18) - (2/33)
 - [2] OpenExcel


2024-04-20 19:35:17,626 [TScriptEngine] INFO  JobRequest
 - STEP 3: Sa2ffea335c68462984398f8647d25471 (3/18) - (3/33)
 - [3] GetRowCount


2024-04-20 19:35:17,797 [TScriptEngine] INFO  JobRequest
 - STEP 4: S4919a9e9d82a4d6bb2c1e6d6e368cb1e (4/18) - (4/33)
 - [4] While


2024-04-20 19:35:17,812 [TScriptEngine] INFO  JobRequest
 - STEP 5: S3bcfaf093c5a470d8ba108466126bacd (17/18) - (32/33)
 - [17] End-While


2024-04-20 19:35:17,828 [TScriptEngine] INFO  JobRequest
 - STEP 6: Se49b4ed6a8314fad838c2392959d384f (18/18) - (33/33)
 - [18] Debugger


2024-04-20 19:35:17,900 [TScriptEngine] INFO  JobRunner
Try Pause

2024-04-20 19:35:17,900 [TScriptEngine] INFO  JobRequest
##############################################################
### STATE: Paused
##############################################################


2024-04-20 19:35:17,900 [TScriptEngine] INFO  JobRequest
Last job life cycle state: Paused

2024-04-20 19:35:17,928 [T10] DEBUG JobRequest
Callback - State: Paused


2024-04-20 19:35:25,978 [T9] INFO  JobService
Stop Job

2024-04-20 19:35:25,981 [T9] INFO  JobRunner
Stop Job Runner - Cause: LocalUser / Message: stop by user

2024-04-20 19:35:25,982 [T9] INFO  JobRequest
##############################################################
### STATE: Stopping
##############################################################
stop by user


2024-04-20 19:35:25,992 [TScriptEngine] DEBUG JobRunner
RunTask Interrupted. TASK: P_Atividade => Script execution interrupted by host

2024-04-20 19:35:25,999 [T10] DEBUG JobRequest
Callback - State: Stopping
stop by user

2024-04-20 19:35:26,010 [TScriptEngine] DEBUG JobManager
Set Result State: Stopped

2024-04-20 19:35:26,015 [TScriptEngine] INFO  JobRunner
Make report.

2024-04-20 19:35:26,077 [TScriptEngine] INFO  JobRunner
Start to clean up resources.

2024-04-20 19:35:26,078 [TScriptEngine] DEBUG JobRunner
OnProcessCompleted

2024-04-20 19:35:26,078 [T7] DEBUG JobRunner
Start timer for checking the job to be completed.

2024-04-20 19:35:26,083 [TScriptEngine] DEBUG ExcelBase
DisposeExcel

2024-04-20 19:35:26,099 [TScriptEngine] INFO  JobRunner
Start to clean up resources.

2024-04-20 19:35:26,100 [TScriptEngine] DEBUG JobRunner
Remove all Process Stack: 1

2024-04-20 19:35:26,107 [TScriptEngine] INFO  JobRequest
##############################################################
### STATE: EndProcess - P_Atividade
##############################################################
05688af9-4021-4715-968f-8735111f8ff4
P_Atividade


2024-04-20 19:35:26,109 [TScriptEngine] DEBUG JobRunner
Remove all libraries

2024-04-20 19:35:26,121 [TScriptEngine] DEBUG NetPlayer
WebPlayer OnDispose

2024-04-20 19:35:26,123 [TScriptEngine] DEBUG WebPlayer
WebPlayer OnDispose : Do Nothing

2024-04-20 19:35:26,128 [TScriptEngine] DEBUG UiaAppHelper
WinHelper DisposeAppList Count: 0

2024-04-20 19:35:26,128 [TScriptEngine] INFO  JobRunner
All Resources Clear

2024-04-20 19:35:26,130 [TScriptEngine] DEBUG JobRunner
OnCompleted

2024-04-20 19:35:26,130 [TScriptEngine] DEBUG JobRunner
SendJobResult: Stopped

2024-04-20 19:35:26,130 [TScriptEngine] INFO  JobRequest
##############################################################
### STATE: Stopped
##############################################################
Process: P_Atividade
Step: Debugger (18/18)

Stopped by User


2024-04-20 19:35:26,130 [TScriptEngine] INFO  JobRequest
Last job life cycle state: Stopped

2024-04-20 19:35:26,130 [TScriptEngine] INFO  JobRequest
Update skipped current step informations.

2024-04-20 19:35:26,139 [TScriptEngine] INFO  JobRequest
##############################################################
### JOB COMPLETED
##############################################################


2024-04-20 19:35:26,140 [T10] DEBUG JobRequest
Callback - State: Stopped
Process: P_Atividade
Step: Debugger (18/18)

Stopped by User

2024-04-20 19:35:26,141 [T10] INFO  JobRequest
Callback - EngineClosed

2024-04-20 19:35:26,142 [T10] INFO  JobService
Disconnect agent service

