<?xml version="1.0" encoding="utf-8"?>
<Result id="05688af9-4021-4715-968f-8735111f8ff4" name="P_Atividade" result="Stop" detail="Process: P_Atividade&#xA;Step: Debugger (18/18)&#xA;&#xA;Stopped by User" start="2024-04-20T22:35:15.735" end="2024-04-20T22:35:26.012" jobId="Designer_20240420_193512_699">
  <Step id="S81a0ebfb5a2c4a8b9a71dee37d7e0b78" taskName="P_Atividade" type="Flow" name="ExecuteScript" displayName="ExecuteScript" callDepth="1" depth="1" num="1" result="Pass" start="2024-04-20T22:35:15.799" end="2024-04-20T22:35:15.890" displayTime="0.1s">
    <Variables />
    <Properties setIndex="0">
      <Property value="" runtimeType="String" key="Options_OnError" displayKey="On Error" visible="true" required="false" />
      <Property value="Declarate the product objet to use in collect data aplication" runtimeType="String" key="Key_Description" displayKey="Description" visible="true" required="false" />
      <Property value="declareate_variables" runtimeType="String" key="Conditions_Title" displayKey="Title" visible="true" required="true" />
      <Property value="&lt;Too Long&gt; // voce pode mudar a localização do excel de destino aqui. &#xD;&#xA;// certifique-se de seguir mesma format ... 359 more" runtimeType="String" key="Key_Script" displayKey="Script" visible="true" required="false" />
    </Properties>
  </Step>
  <Step id="S2fe14a09e8ec4fee96d82b281a338c15" taskName="P_Atividade" type="Excel" name="OpenExcel" displayName="OpenExcel" callDepth="1" depth="1" num="2" result="Pass" start="2024-04-20T22:35:15.897" end="2024-04-20T22:35:17.615" displayTime="1.7s">
    <Variables>
      <Variable name="RESULT" scope="System" declareType="Any" isChanged="false" isChangable="true" runtimeType="Any" value="&lt;null&gt;" />
    </Variables>
    <Properties setIndex="0">
      <Property value="" runtimeType="String" key="Options_OnError" displayKey="On Error" visible="true" required="false" />
      <Property value="" runtimeType="String" key="Key_Description" displayKey="Description" visible="true" required="false" />
      <Property value="RESULT : Workbook" runtimeType="Any" key="Output_OutputExcel" displayKey="Excel" visible="true" required="true" />
      <Property value="'C:\\Data\\teste.xlsx'" runtimeType="String" key="File_Path" displayKey="Path" visible="true" required="true" />
      <Property value="false" runtimeType="Boolean" key="File_Invisible" displayKey="Invisible" visible="true" required="false" />
      <Property value="false" runtimeType="Boolean" key="File_ReadOnly" displayKey="ReadOnly" visible="true" required="false" />
      <Property value="true" runtimeType="Boolean" key="File_Maximize" displayKey="Maximize" visible="true" required="false" />
      <Property value="false" runtimeType="Boolean" key="File_ExecuteShell" displayKey="Execute Shell" visible="true" required="false" />
      <Property value="60" runtimeType="Integer" key="File_Timeout" displayKey="Timeout" visible="false" required="true" />
      <Property value="false" runtimeType="Boolean" key="File_UsePassword" displayKey="UsePassword" visible="true" required="false" />
      <Property value="&lt;Secure Data&gt;" runtimeType="String" key="File_OpenPassword" displayKey="OpenPassword" visible="false" required="false" />
      <Property value="&lt;Secure Data&gt;" runtimeType="String" key="File_WritePassword" displayKey="WritePassword" visible="false" required="false" />
      <Property value="Comma(,)" runtimeType="String" key="File_TextDelimiter" displayKey="Text Delimiter" visible="true" required="false" />
    </Properties>
  </Step>
  <Step id="Sa2ffea335c68462984398f8647d25471" taskName="P_Atividade" type="Excel" name="GetRowCount" displayName="GetRowCount" callDepth="1" depth="1" num="3" result="Pass" start="2024-04-20T22:35:17.626" end="2024-04-20T22:35:17.786" displayTime="0.2s">
    <Variables />
    <Properties setIndex="0">
      <Property value="" runtimeType="String" key="Options_OnError" displayKey="On Error" visible="true" required="false" />
      <Property value="" runtimeType="String" key="Key_Description" displayKey="Description" visible="true" required="false" />
      <Property value="&lt;ActiveExcel&gt;" runtimeType="Any" key="Input_InputExcel" displayKey="Excel" visible="true" required="true" />
      <Property value="this.row_count : 6" runtimeType="Integer" key="Output_OutputCount" displayKey="RowCount" visible="true" required="true" />
      <Property value="&lt;ActiveSheet&gt;" runtimeType="Any" key="Sheet_SheetName" displayKey="SheetName" visible="true" required="true" />
    </Properties>
  </Step>
  <Step id="S4919a9e9d82a4d6bb2c1e6d6e368cb1e" taskName="P_Atividade" type="Flow" name="UntilLoop" displayName="While" callDepth="1" depth="1" num="4" result="Pass" start="2024-04-20T22:35:17.797" end="2024-04-20T22:35:17.799" displayTime="0s">
    <Variables />
    <Properties setIndex="0">
      <Property value="" runtimeType="String" key="Key_Description" displayKey="Description" visible="true" required="false" />
      <Property value="this.i &lt;= this.row_count" runtimeType="String" key="Conditions_Expression" displayKey="While Condition" visible="false" required="true" />
      <Property value="true" runtimeType="Boolean" key="Conditions_CombineCondition" displayKey="Combine Condition" visible="false" required="false" />
      <Property value="false" runtimeType="Boolean" key="Conditions_Expression1" displayKey="Condition" visible="true" required="true" />
      <Property value="" runtimeType="String" key="Conditions_AddCondition" displayKey="Add Condition" visible="true" required="false" />
    </Properties>
  </Step>
  <Step id="S3bcfaf093c5a470d8ba108466126bacd" taskName="P_Atividade" type="Flow" name="EndLoop" displayName="End-While" callDepth="1" depth="2" num="17" result="Pass" start="2024-04-20T22:35:17.812" end="2024-04-20T22:35:17.813" displayTime="0s">
    <Variables />
    <Properties setIndex="0">
      <Property value="" runtimeType="String" key="Key_Description" displayKey="Description" visible="true" required="false" />
    </Properties>
  </Step>
  <Step id="Se49b4ed6a8314fad838c2392959d384f" taskName="P_Atividade" type="Flow" name="Debugger" displayName="Debugger" callDepth="1" depth="1" num="18" result="Stop" start="2024-04-20T22:35:17.828" end="2024-04-20T22:35:26.012" displayTime="8.2s">
    <Variables>
      <Variable name="RESULT" scope="System" declareType="Any" isChanged="false" isChangable="true" runtimeType="Any" value="Workbook" />
    </Variables>
    <Properties setIndex="0">
      <Property value="" runtimeType="String" key="Options_OnError" displayKey="On Error" visible="true" required="false" />
      <Property value="" runtimeType="String" key="Key_Description" displayKey="Description" visible="true" required="false" />
      <Property value="Workbook" runtimeType="Any" key="Conditions_Message" displayKey="Message" visible="true" required="false" />
    </Properties>
  </Step>
  <JobInfo>
    <Info name="Bot Version" value="3.1.000.01101" />
    <Info name="Resolution" value="1366 x 768" />
    <Info name="Language" value="Português (Brasil)" />
    <Info name="BotID" value="DESIGNER-00153" />
  </JobInfo>
</Result>