2024-04-20 19:35:26,947 [T1] INFO  EngineStarter
BOT Engine Start - v3.1.000.01101
BOT ID: D_20240420_193526_143
BOT PID: 10140
BOT PPID: 9512
BOT Working Directory: C:\Users\aysla\AppData\Roaming\Brity RPA Designer

2024-04-20 19:35:26,966 [T1] INFO  EngineStarter
System Language: pt-BR
Resolution: 1366 x 768

2024-04-20 19:35:27,244 [T1] INFO  Config
Initialize Config

2024-04-20 19:35:27,292 [T1] DEBUG Config
Config Loaded

2024-04-20 19:35:27,292 [T1] DEBUG Config
Backup config file.

2024-04-20 19:35:27,302 [T1] INFO  Config
Orchestrator Service => https://orch.sdsbrity.com:8777

2024-04-20 19:35:27,306 [T1] INFO  Config
Initialize Resource Config

2024-04-20 19:35:27,335 [T1] DEBUG Config
Refresh Language Information

2024-04-20 19:35:27,424 [T1] INFO  Config
All Config Initialized.

2024-04-20 19:35:27,429 [T1] DEBUG KeyManager
Initialize KeyManager

2024-04-20 19:35:27,438 [T1] DEBUG KeyManager
Device ID is initialized.

2024-04-20 19:35:27,513 [T1] INFO  CertLicenseClient
Initialize certificate.

2024-04-20 19:35:27,521 [T1] DEBUG CertLicenseClient
Set Security Protocol: Tls12

2024-04-20 19:35:27,569 [T4] DEBUG JobService
Connect to agent service

2024-04-20 19:35:27,607 [T4] DEBUG JobService
JobService URL : net.tcp://127.0.0.1:59001/rpa/agent

2024-04-20 19:35:27,609 [T4] DEBUG JobService
Open connection

2024-04-20 19:35:27,618 [T1] DEBUG ApplicationInitializer
InitMode: Thread

2024-04-20 19:35:27,628 [T1] INFO  LibraryManager
Load Libraries - Started

2024-04-20 19:35:27,631 [T4] DEBUG JobService
Register engine to agent

2024-04-20 19:35:27,647 [T4] DEBUG JobService
Engine is connected to agent service.

2024-04-20 19:35:27,647 [T4] DEBUG JobService
Owner Process PID: 9512

2024-04-20 19:35:27,648 [T1] DEBUG AddInLoader
Load Assembly : IPA.Lib.Chrome

2024-04-20 19:35:27,651 [T4] INFO  JobService
Start monitoring owner process is terminated.

2024-04-20 19:35:27,906 [T1] DEBUG AddInLoader
Load Assembly : IPA.Lib.Desktop

2024-04-20 19:35:28,132 [T1] DEBUG AddInLoader
Load Assembly : IPA.Lib.Excel

2024-04-20 19:35:28,324 [T1] DEBUG AddInLoader
Load Assembly : IPA.Lib.Flow

2024-04-20 19:35:28,486 [T1] DEBUG AddInLoader
Load Assembly : IPA.Lib.IE

2024-04-20 19:35:28,599 [T1] DEBUG AddInLoader
Load Assembly : IPA.Lib.ImageConverter

2024-04-20 19:35:28,666 [T1] DEBUG AddInLoader
Load Assembly : IPA.Lib.ImageRecognition

2024-04-20 19:35:28,884 [T1] DEBUG AddInLoader
Load Assembly : IPA.Lib.MicrosoftOCR

2024-04-20 19:35:28,947 [T1] DEBUG AddInLoader
Load Assembly : IPA.Lib.Net

2024-04-20 19:35:29,035 [T1] DEBUG AddInLoader
Load Assembly : IPA.Lib.Orchestra

2024-04-20 19:35:29,146 [T1] DEBUG AddInLoader
Load Assembly : IPA.Lib.ProcessFlow

2024-04-20 19:35:29,282 [T1] DEBUG AddInLoader
Load Assembly : IPA.Lib.SAP

2024-04-20 19:35:29,409 [T1] DEBUG AddInLoader
Load Assembly : IPA.Lib.Web

2024-04-20 19:35:29,587 [T1] DEBUG AddInLoader
Load Assembly : IPA.Lib.Win

2024-04-20 19:35:29,773 [T1] INFO  ScreenCapture
Default Screen Capture Bounds: 0;0;1366;768

2024-04-20 19:35:29,809 [T1] DEBUG AddInLoader
Load Assembly : BrityRPA.AddIn.NativeApp

2024-04-20 19:35:29,932 [T1] DEBUG AddInLoader
Load Assembly : BrityWorks.AddIn.Outlook

2024-04-20 19:35:30,004 [T1] DEBUG AddInLoader
Load Assembly : BrityWorks.AddIn.Pdf

2024-04-20 19:35:30,082 [T1] DEBUG LibraryManager
Load Library - Chrome

2024-04-20 19:35:30,085 [T1] DEBUG LibraryManager
Load Library - Desktop

2024-04-20 19:35:30,086 [T1] DEBUG LibraryManager
Load Library - Excel

2024-04-20 19:35:30,087 [T1] DEBUG LibraryManager
Load Library - Flow

2024-04-20 19:35:30,087 [T1] DEBUG LibraryManager
Load Library - IE

2024-04-20 19:35:30,088 [T1] DEBUG LibraryManager
Load Library - ImageConverter

2024-04-20 19:35:30,089 [T1] DEBUG LibraryManager
Load Library - ImageRecognition

2024-04-20 19:35:30,090 [T1] DEBUG LibraryManager
Load Library - MicrosoftOCR

2024-04-20 19:35:30,091 [T1] DEBUG LibraryManager
Load Library - NativeApp

2024-04-20 19:35:30,094 [T1] DEBUG LibraryManager
Load Library - Net

2024-04-20 19:35:30,095 [T1] DEBUG LibraryManager
Load Library - Orchestra

2024-04-20 19:35:30,095 [T1] DEBUG LibraryManager
Load Library - Outlook

2024-04-20 19:35:30,096 [T1] DEBUG LibraryManager
Load Library - Pdf

2024-04-20 19:35:30,096 [T1] DEBUG LibraryManager
Load Library - SAP

2024-04-20 19:35:30,097 [T1] DEBUG LibraryManager
Load Library - Web

2024-04-20 19:35:30,098 [T1] DEBUG LibraryManager
Load Library - Win

2024-04-20 19:35:30,098 [T1] DEBUG LibraryManager
Load Library - WorkFlow

2024-04-20 19:35:30,105 [T1] DEBUG LibraryManager
Load built-in script libraries

2024-04-20 19:35:30,216 [T1] INFO  LibraryManager
Load Libraries - Completed.

2024-04-20 19:35:30,228 [T1] INFO  App
Launch Arguments: Total: 6 |  -eid D_20240420_193526_143 -runtype ProcRunner -ppid 9512

2024-04-20 19:35:30,229 [T1] DEBUG Config
Refresh Language Information

2024-04-20 19:35:30,230 [T1] DEBUG LibraryManager
LibraryManager Initialized.

2024-04-20 19:36:02,571 [T8] INFO  JobService
Start Job: P_Atividade (Foreground)
{
  "UsePIP": false,
  "UserID": null,
  "UserPWD": null,
  "IsRunning": false,
  "ResultMessage": null,
  "JobWorkDir": "C:\\Users\\aysla\\OneDrive\\Documents\\Brity RPA Projects\\Atividade\\Histories\\20240420_193602_P_Atividade_Designer_20240420_193602_168",
  "JobLogDir": "C:\\Users\\aysla\\OneDrive\\Documents\\Brity RPA Projects\\Atividade\\Histories\\20240420_193602_P_Atividade_Designer_20240420_193602_168\\Log",
  "JobScreenshotDir": "C:\\Users\\aysla\\OneDrive\\Documents\\Brity RPA Projects\\Atividade\\Histories\\20240420_193602_P_Atividade_Designer_20240420_193602_168\\Log\\Screenshot",
  "TotalProcessStepCount": 0,
  "CurrentStepNo": 0,
  "CurrentStepName": null,
  "StartTime": "2024-04-20 19:36:02",
  "EndTime": null,
  "Data": null,
  "EngineID": "D_20240420_193526_143",
  "EnginePID": 0,
  "EngineRecommededVersion": "",
  "JobId": "Designer_20240420_193602_168",
  "JobType": 1,
  "UserAuthentication": null,
  "ProcessPath": "C:\\Users\\aysla\\OneDrive\\Documents\\Brity RPA Projects\\Atividade\\P_Atividade.proc",
  "ProcessId": "05688af9-4021-4715-968f-8735111f8ff4",
  "ProcessVer": "",
  "ProcessArgs": null,
  "RequesterType": 3,
  "RequesterId": "designer",
  "RequesterPID": 9512,
  "OptionsJsonString": null,
  "TimeoutSec": 0,
  "State": 0
}

2024-04-20 19:36:02,722 [T11] DEBUG JobService
Waiting library loading...

2024-04-20 19:36:02,725 [T11] DEBUG Config
Reload User Settings

2024-04-20 19:36:02,727 [T11] INFO  Config
UserSettings Reloaded =>
 - LastExecution : 9JZQFncBgjKrAzLJOfmyZ9Q9WmwugjEw+7bODH5Y6rg= -> oawMjkmndRP+Lr7Px/iN1ulg0jCUxm6whYdQo6Df4Hs=

2024-04-20 19:36:02,727 [T11] INFO  JobService
Config Loading Completed.

2024-04-20 19:36:02,727 [T11] DEBUG JobService
Config Loading Time: 4 ms.

2024-04-20 19:36:02,736 [T11] INFO  JobManager
Create JobManager instance for job P_Atividade(Designer_20240420_193602_168)

2024-04-20 19:36:02,743 [T11] INFO  JobRequest
Job ID : Designer_20240420_193602_168
Project Path  : C:\Users\aysla\OneDrive\Documents\Brity RPA Projects\Atividade\Atividade.proj
Process Name  : P_Atividade
Engine Mode   : Designer
Requester Type: Designer
Requester PID : 9512

2024-04-20 19:36:02,747 [T10] INFO  JobRequest
Start Callback Sender

2024-04-20 19:36:02,747 [T10] DEBUG JobRequest
Step Callback Interval: 500

2024-04-20 19:36:02,794 [T11] DEBUG ProjectManager
Set Project Information

2024-04-20 19:36:02,819 [T11] INFO  PlayOptionManager
PlayOption
- Step Interval : 1
- Disable DrawBounds : False
- Invoke First : False
- Allow Upload of DumpScreen results : False

2024-04-20 19:36:02,820 [T11] INFO  JobRunner
Initialize Script Engine

2024-04-20 19:36:02,836 [TScriptEngine] INFO  JobRequest
##############################################################
### STATE: Initializing
##############################################################


2024-04-20 19:36:02,853 [T10] DEBUG JobRequest
Callback - State: Initializing


2024-04-20 19:36:03,790 [TScriptEngine] INFO  JobRequest
##############################################################
### STATE: Ready
##############################################################


2024-04-20 19:36:03,793 [T10] DEBUG JobRequest
Callback - State: Ready


2024-04-20 19:36:03,802 [T11] INFO  JobRunnerHook
HotKey Hook Started

2024-04-20 19:36:03,803 [T11] INFO  JobRequest
##############################################################
### STATE: Starting
##############################################################


2024-04-20 19:36:03,804 [TScriptEngine] INFO  JobRunner
RunProcess start

2024-04-20 19:36:03,806 [TScriptEngine] INFO  JobRequest
##############################################################
### STATE: Running
##############################################################


2024-04-20 19:36:03,806 [TScriptEngine] INFO  JobRequest
Last job life cycle state: Running

2024-04-20 19:36:03,808 [T10] DEBUG JobRequest
Callback - State: Starting


2024-04-20 19:36:03,824 [T10] DEBUG JobRequest
Callback - State: Running


2024-04-20 19:36:03,972 [TScriptEngine] WARN  ProcessDataValidator
It can be occurred a malfunction to play P_Atividade,
because this system is different from designed system environment.
(OS, Resolution, etc)

2024-04-20 19:36:04,848 [TScriptEngine] DEBUG ScreenCapture
DirectX Screen Capture Initialized.

2024-04-20 19:36:04,918 [TScriptEngine] DEBUG JobRunner
DirectX ScreenCapture Checked.

2024-04-20 19:36:04,951 [TScriptEngine] INFO  JobRequest
##############################################################
### STATE: StartProcess - P_Atividade
##############################################################
05688af9-4021-4715-968f-8735111f8ff4
P_Atividade


2024-04-20 19:36:05,019 [TScriptEngine] INFO  JobRequest
**************************************************************
*** TASK: P_Atividade
**************************************************************
 - STEP 1: S81a0ebfb5a2c4a8b9a71dee37d7e0b78 (1/17) - (1/32)
 - [1] ExecuteScript


2024-04-20 19:36:05,133 [TScriptEngine] INFO  JobRequest
 - STEP 2: S2fe14a09e8ec4fee96d82b281a338c15 (2/17) - (2/32)
 - [2] OpenExcel


2024-04-20 19:36:06,766 [TScriptEngine] INFO  JobRequest
 - STEP 3: Sa2ffea335c68462984398f8647d25471 (3/17) - (3/32)
 - [3] GetRowCount


2024-04-20 19:36:06,919 [TScriptEngine] INFO  JobRequest
 - STEP 4: Se4b2ea00830543c89117e6b63f8f7099 (4/17) - (4/32)
 - [4] For


2024-04-20 19:36:06,935 [TScriptEngine] INFO  JobRequest
 - STEP 5: Sdea2da61b925487181471142e9aaa813 (5/17) - (5/32)
 - [5] ChromeClose


2024-04-20 19:36:07,017 [TScriptEngine] DEBUG LastUsedPageManager
The browser could not be found.
Please create a browser.

2024-04-20 19:36:07,018 [TScriptEngine] ERROR ChromeClose
The browser could not be found.
Please create a browser.

2024-04-20 19:36:07,022 [TScriptEngine] WARN  ScriptSupport
CatchException: The browser could not be found.
Please create a browser.

2024-04-20 19:36:07,031 [TScriptEngine] INFO  JobRequest
 - STEP 6: S09d63d9d3fda427bb7475440858c030e (6/17) - (6/32)
 - [6] ReadString


2024-04-20 19:36:12,276 [TScriptEngine] INFO  JobRunner
Try Pause

2024-04-20 19:36:12,276 [TScriptEngine] INFO  JobRequest
##############################################################
### STATE: Paused
##############################################################


2024-04-20 19:36:12,276 [TScriptEngine] INFO  JobRequest
Last job life cycle state: Paused

2024-04-20 19:36:12,285 [T10] DEBUG JobRequest
Callback - State: Paused


2024-04-20 19:36:20,330 [T8] INFO  JobService
Stop Job

2024-04-20 19:36:20,333 [T8] INFO  JobRunner
Stop Job Runner - Cause: LocalUser / Message: stop by user

2024-04-20 19:36:20,333 [T8] INFO  JobRequest
##############################################################
### STATE: Stopping
##############################################################
stop by user


2024-04-20 19:36:20,337 [T10] DEBUG JobRequest
Callback - State: Stopping
stop by user

2024-04-20 19:36:20,342 [TScriptEngine] DEBUG JobRunner
RunTask Interrupted. TASK: P_Atividade => Script execution interrupted by host

2024-04-20 19:36:20,362 [TScriptEngine] DEBUG JobManager
Set Result State: Stopped

2024-04-20 19:36:20,367 [TScriptEngine] INFO  JobRunner
Make report.

2024-04-20 19:36:20,415 [TScriptEngine] INFO  JobRunner
Start to clean up resources.

2024-04-20 19:36:20,416 [TScriptEngine] DEBUG JobRunner
OnProcessCompleted

2024-04-20 19:36:20,416 [T12] DEBUG JobRunner
Start timer for checking the job to be completed.

2024-04-20 19:36:20,421 [TScriptEngine] DEBUG ExcelBase
DisposeExcel

2024-04-20 19:36:20,444 [TScriptEngine] INFO  JobRunner
Start to clean up resources.

2024-04-20 19:36:20,445 [TScriptEngine] DEBUG JobRunner
Remove all Process Stack: 1

2024-04-20 19:36:20,450 [TScriptEngine] INFO  JobRequest
##############################################################
### STATE: EndProcess - P_Atividade
##############################################################
05688af9-4021-4715-968f-8735111f8ff4
P_Atividade


2024-04-20 19:36:20,451 [TScriptEngine] DEBUG JobRunner
Remove all libraries

2024-04-20 19:36:20,461 [TScriptEngine] DEBUG NetPlayer
WebPlayer OnDispose

2024-04-20 19:36:20,464 [TScriptEngine] DEBUG WebPlayer
WebPlayer OnDispose : Do Nothing

2024-04-20 19:36:20,467 [TScriptEngine] DEBUG UiaAppHelper
WinHelper DisposeAppList Count: 0

2024-04-20 19:36:20,467 [TScriptEngine] INFO  JobRunner
All Resources Clear

2024-04-20 19:36:20,469 [TScriptEngine] DEBUG JobRunner
OnCompleted

2024-04-20 19:36:20,469 [TScriptEngine] DEBUG JobRunner
SendJobResult: Stopped

2024-04-20 19:36:20,469 [TScriptEngine] INFO  JobRequest
##############################################################
### STATE: Stopped
##############################################################
Process: P_Atividade
Step: ReadString (6/17)

Stopped by User


2024-04-20 19:36:20,469 [TScriptEngine] INFO  JobRequest
Last job life cycle state: Stopped

2024-04-20 19:36:20,469 [TScriptEngine] INFO  JobRequest
Update skipped current step informations.

2024-04-20 19:36:20,477 [T10] DEBUG JobRequest
Callback - State: Stopped
Process: P_Atividade
Step: ReadString (6/17)

Stopped by User

2024-04-20 19:36:20,478 [TScriptEngine] INFO  JobRequest
##############################################################
### JOB COMPLETED
##############################################################


2024-04-20 19:36:20,492 [TScriptEngine] INFO  JobRunner
RunProcess end

2024-04-20 19:36:20,493 [T1] INFO  JobService
Exit - Shutdown Engine BOT

2024-04-20 19:36:20,493 [T10] INFO  JobRequest
Callback - EngineClosed

2024-04-20 19:36:20,494 [T10] INFO  JobService
Disconnect agent service

