2024-04-20 19:59:30,146 [T1] INFO  EngineStarter
BOT Engine Start - v3.1.000.01101
BOT ID: D_20240420_195927_115
BOT PID: 4176
BOT PPID: 9512
BOT Working Directory: C:\Users\aysla\AppData\Roaming\Brity RPA Designer

2024-04-20 19:59:30,187 [T1] INFO  EngineStarter
System Language: pt-BR
Resolution: 1920 x 1848

2024-04-20 19:59:31,022 [T1] INFO  Config
Initialize Config

2024-04-20 19:59:31,117 [T1] DEBUG Config
Config Loaded

2024-04-20 19:59:31,123 [T1] DEBUG Config
Backup config file.

2024-04-20 19:59:31,172 [T1] INFO  Config
Orchestrator Service => https://orch.sdsbrity.com:8777

2024-04-20 19:59:31,179 [T1] INFO  Config
Initialize Resource Config

2024-04-20 19:59:31,379 [T1] DEBUG Config
Refresh Language Information

2024-04-20 19:59:31,572 [T1] INFO  Config
All Config Initialized.

2024-04-20 19:59:31,582 [T1] DEBUG KeyManager
Initialize KeyManager

2024-04-20 19:59:31,612 [T1] DEBUG KeyManager
Device ID is initialized.

2024-04-20 19:59:31,674 [T1] INFO  CertLicenseClient
Initialize certificate.

2024-04-20 19:59:31,680 [T1] DEBUG CertLicenseClient
Set Security Protocol: Tls12

2024-04-20 19:59:31,701 [T4] DEBUG JobService
Connect to agent service

2024-04-20 19:59:31,734 [T4] DEBUG JobService
JobService URL : net.tcp://127.0.0.1:59001/rpa/agent

2024-04-20 19:59:31,736 [T4] DEBUG JobService
Open connection

2024-04-20 19:59:31,758 [T1] DEBUG ApplicationInitializer
InitMode: Thread

2024-04-20 19:59:31,763 [T4] DEBUG JobService
Register engine to agent

2024-04-20 19:59:31,770 [T1] INFO  LibraryManager
Load Libraries - Started

2024-04-20 19:59:31,780 [T4] DEBUG JobService
Engine is connected to agent service.

2024-04-20 19:59:31,780 [T4] DEBUG JobService
Owner Process PID: 9512

2024-04-20 19:59:31,785 [T4] INFO  JobService
Start monitoring owner process is terminated.

2024-04-20 19:59:31,787 [T1] DEBUG AddInLoader
Load Assembly : IPA.Lib.Chrome

2024-04-20 19:59:32,055 [T1] DEBUG AddInLoader
Load Assembly : IPA.Lib.Desktop

2024-04-20 19:59:32,290 [T1] DEBUG AddInLoader
Load Assembly : IPA.Lib.Excel

2024-04-20 19:59:32,493 [T1] DEBUG AddInLoader
Load Assembly : IPA.Lib.Flow

2024-04-20 19:59:32,772 [T1] DEBUG AddInLoader
Load Assembly : IPA.Lib.IE

2024-04-20 19:59:32,954 [T1] DEBUG AddInLoader
Load Assembly : IPA.Lib.ImageConverter

2024-04-20 19:59:33,110 [T1] DEBUG AddInLoader
Load Assembly : IPA.Lib.ImageRecognition

2024-04-20 19:59:33,634 [T1] DEBUG AddInLoader
Load Assembly : IPA.Lib.MicrosoftOCR

2024-04-20 19:59:33,958 [T1] DEBUG AddInLoader
Load Assembly : IPA.Lib.Net

2024-04-20 19:59:34,159 [T1] DEBUG AddInLoader
Load Assembly : IPA.Lib.Orchestra

2024-04-20 19:59:34,434 [T1] DEBUG AddInLoader
Load Assembly : IPA.Lib.ProcessFlow

2024-04-20 19:59:34,543 [T1] DEBUG AddInLoader
Load Assembly : IPA.Lib.SAP

2024-04-20 19:59:34,694 [T1] DEBUG AddInLoader
Load Assembly : IPA.Lib.Web

2024-04-20 19:59:35,089 [T1] DEBUG AddInLoader
Load Assembly : IPA.Lib.Win

2024-04-20 19:59:35,505 [T1] INFO  ScreenCapture
Default Screen Capture Bounds: -336;-1080;1920;1848

2024-04-20 19:59:35,663 [T1] DEBUG AddInLoader
Load Assembly : BrityRPA.AddIn.NativeApp

2024-04-20 19:59:36,105 [T1] DEBUG AddInLoader
Load Assembly : BrityWorks.AddIn.Outlook

2024-04-20 19:59:36,678 [T1] DEBUG AddInLoader
Load Assembly : BrityWorks.AddIn.Pdf

2024-04-20 19:59:36,964 [T1] DEBUG LibraryManager
Load Library - Chrome

2024-04-20 19:59:36,972 [T1] DEBUG LibraryManager
Load Library - Desktop

2024-04-20 19:59:36,975 [T1] DEBUG LibraryManager
Load Library - Excel

2024-04-20 19:59:36,977 [T1] DEBUG LibraryManager
Load Library - Flow

2024-04-20 19:59:36,978 [T1] DEBUG LibraryManager
Load Library - IE

2024-04-20 19:59:36,980 [T1] DEBUG LibraryManager
Load Library - ImageConverter

2024-04-20 19:59:36,983 [T1] DEBUG LibraryManager
Load Library - ImageRecognition

2024-04-20 19:59:36,988 [T1] DEBUG LibraryManager
Load Library - MicrosoftOCR

2024-04-20 19:59:36,991 [T1] DEBUG LibraryManager
Load Library - NativeApp

2024-04-20 19:59:36,999 [T1] DEBUG LibraryManager
Load Library - Net

2024-04-20 19:59:37,002 [T1] DEBUG LibraryManager
Load Library - Orchestra

2024-04-20 19:59:37,004 [T1] DEBUG LibraryManager
Load Library - Outlook

2024-04-20 19:59:37,004 [T1] DEBUG LibraryManager
Load Library - Pdf

2024-04-20 19:59:37,004 [T1] DEBUG LibraryManager
Load Library - SAP

2024-04-20 19:59:37,006 [T1] DEBUG LibraryManager
Load Library - Web

2024-04-20 19:59:37,008 [T1] DEBUG LibraryManager
Load Library - Win

2024-04-20 19:59:37,009 [T1] DEBUG LibraryManager
Load Library - WorkFlow

2024-04-20 19:59:37,036 [T1] DEBUG LibraryManager
Load built-in script libraries

2024-04-20 19:59:37,519 [T1] INFO  LibraryManager
Load Libraries - Completed.

2024-04-20 19:59:37,540 [T1] INFO  App
Launch Arguments: Total: 6 |  -eid D_20240420_195927_115 -runtype ProcRunner -ppid 9512

2024-04-20 19:59:37,540 [T1] DEBUG Config
Refresh Language Information

2024-04-20 19:59:37,542 [T1] DEBUG LibraryManager
LibraryManager Initialized.

2024-04-20 20:01:28,277 [T9] INFO  JobService
Start Job: T_ReadData (Foreground)
{
  "UsePIP": false,
  "UserID": null,
  "UserPWD": null,
  "IsRunning": false,
  "ResultMessage": null,
  "JobWorkDir": "C:\\Users\\aysla\\OneDrive\\Documents\\Brity RPA Projects\\Atividade\\Histories\\20240420_200128_T_ReadData_Designer_20240420_200124_629",
  "JobLogDir": "C:\\Users\\aysla\\OneDrive\\Documents\\Brity RPA Projects\\Atividade\\Histories\\20240420_200128_T_ReadData_Designer_20240420_200124_629\\Log",
  "JobScreenshotDir": "C:\\Users\\aysla\\OneDrive\\Documents\\Brity RPA Projects\\Atividade\\Histories\\20240420_200128_T_ReadData_Designer_20240420_200124_629\\Log\\Screenshot",
  "TotalProcessStepCount": 0,
  "CurrentStepNo": 0,
  "CurrentStepName": null,
  "StartTime": "2024-04-20 20:01:28",
  "EndTime": null,
  "Data": null,
  "EngineID": "D_20240420_195927_115",
  "EnginePID": 0,
  "EngineRecommededVersion": "",
  "JobId": "Designer_20240420_200124_629",
  "JobType": 1,
  "UserAuthentication": null,
  "ProcessPath": "C:\\Users\\aysla\\OneDrive\\Documents\\Brity RPA Projects\\Atividade\\T_ReadData.proc",
  "ProcessId": "050167e3-7605-4076-89ac-55f49898cab0",
  "ProcessVer": "",
  "ProcessArgs": null,
  "RequesterType": 3,
  "RequesterId": "designer",
  "RequesterPID": 9512,
  "OptionsJsonString": null,
  "TimeoutSec": 0,
  "State": 0
}

2024-04-20 20:01:28,424 [T11] DEBUG JobService
Waiting library loading...

2024-04-20 20:01:28,427 [T11] DEBUG Config
Reload User Settings

2024-04-20 20:01:28,428 [T11] INFO  Config
UserSettings Reloaded =>
 - LastExecution : wq3iK1yW8JXhovkFCu3RF+llVXbXBKclAJZj75MYKnU= -> suMlysZjke3nuvyUHrZFZ66JlJ8a7M61izblxkbDZtA=

2024-04-20 20:01:28,428 [T11] INFO  JobService
Config Loading Completed.

2024-04-20 20:01:28,428 [T11] DEBUG JobService
Config Loading Time: 3 ms.

2024-04-20 20:01:28,437 [T11] INFO  JobManager
Create JobManager instance for job T_ReadData(Designer_20240420_200124_629)

2024-04-20 20:01:28,443 [T11] INFO  JobRequest
Job ID : Designer_20240420_200124_629
Project Path  : C:\Users\aysla\OneDrive\Documents\Brity RPA Projects\Atividade\Atividade.proj
Process Name  : T_ReadData
Engine Mode   : Designer
Requester Type: Designer
Requester PID : 9512

2024-04-20 20:01:28,448 [T10] INFO  JobRequest
Start Callback Sender

2024-04-20 20:01:28,448 [T10] DEBUG JobRequest
Step Callback Interval: 500

2024-04-20 20:01:28,494 [T11] DEBUG ProjectManager
Set Project Information

2024-04-20 20:01:28,519 [T11] INFO  PlayOptionManager
PlayOption
- Step Interval : 1
- Disable DrawBounds : False
- Invoke First : False
- Allow Upload of DumpScreen results : False

2024-04-20 20:01:28,520 [T11] INFO  JobRunner
Initialize Script Engine

2024-04-20 20:01:28,537 [TScriptEngine] INFO  JobRequest
##############################################################
### STATE: Initializing
##############################################################


2024-04-20 20:01:28,567 [T10] DEBUG JobRequest
Callback - State: Initializing


2024-04-20 20:01:29,479 [TScriptEngine] INFO  JobRequest
##############################################################
### STATE: Ready
##############################################################


2024-04-20 20:01:29,483 [T10] DEBUG JobRequest
Callback - State: Ready


2024-04-20 20:01:29,491 [T11] INFO  JobRunnerHook
HotKey Hook Started

2024-04-20 20:01:29,492 [T11] INFO  JobRequest
##############################################################
### STATE: Starting
##############################################################


2024-04-20 20:01:29,493 [TScriptEngine] INFO  JobRunner
RunProcess start

2024-04-20 20:01:29,495 [TScriptEngine] INFO  JobRequest
##############################################################
### STATE: Running
##############################################################


2024-04-20 20:01:29,495 [TScriptEngine] INFO  JobRequest
Last job life cycle state: Running

2024-04-20 20:01:29,499 [T10] DEBUG JobRequest
Callback - State: Starting


2024-04-20 20:01:29,515 [T10] DEBUG JobRequest
Callback - State: Running


2024-04-20 20:01:29,661 [TScriptEngine] WARN  ProcessDataValidator
It can be occurred a malfunction to play T_ReadData,
because this system is different from designed system environment.
(OS, Resolution, etc)

2024-04-20 20:01:30,543 [TScriptEngine] DEBUG ScreenCapture
DirectX Screen Capture Initialized.

2024-04-20 20:01:30,675 [TScriptEngine] DEBUG JobRunner
DirectX ScreenCapture Checked.

2024-04-20 20:01:30,711 [TScriptEngine] INFO  JobRequest
##############################################################
### STATE: StartProcess - T_ReadData
##############################################################
050167e3-7605-4076-89ac-55f49898cab0
T_ReadData


2024-04-20 20:01:30,768 [TScriptEngine] INFO  JobRequest
**************************************************************
*** TASK: T_ReadData
**************************************************************
 - STEP 1: S7b5451ab03f24e968aa01b02443d0230 (1/16) - (1/16)
 - [1] ChromeOpen


2024-04-20 20:01:33,119 [T12] DEBUG ChromeRemoteConnect
GetRemoteBrowserUsingEndPoint Fail : Um ou mais erros.

2024-04-20 20:01:33,192 [T12] DEBUG ChromeCommonExtension
extension default locale empty

2024-04-20 20:01:33,194 [T12] DEBUG ChromeCommonExtension
extension default locale empty

2024-04-20 20:01:34,029 [T12] DEBUG ChromeCommonExtension
extension default locale empty

2024-04-20 20:01:34,038 [T12] DEBUG ChromeCommonExtension
extension default locale empty

2024-04-20 20:01:43,053 [TScriptEngine] INFO  JobRequest
 - STEP 2: S28ce395c2bad42d2ad72147b0f13f61c (2/16) - (2/16)
 - [2] Click


2024-04-20 20:01:44,000 [T23] INFO  UIAEventHandler
Start UIA event handler

2024-04-20 20:01:45,009 [T23] DEBUG UIAEventHandler
UI Structure Changed Count: 0

2024-04-20 20:01:45,009 [T23] INFO  UIAEventHandler
waiting for 892 msec during the screen structure is changing.

2024-04-20 20:01:48,733 [TScriptEngine] INFO  JobRequest
 - STEP 3: S74259ddc3cd649838accf6e4495a26c4 (3/16) - (3/16)
 - [3] Click


2024-04-20 20:01:49,436 [T18] DEBUG UIAEventHandler
UI Structure Changed Count: 0

2024-04-20 20:01:49,436 [T18] INFO  UIAEventHandler
waiting for 216 msec during the screen structure is changing.

2024-04-20 20:01:50,336 [TScriptEngine] INFO  JobRequest
 - STEP 4: Se7fca5c8ea684934b2707476821de1eb (4/16) - (4/16)
 - [4] WaitAppear


2024-04-20 20:01:52,237 [TScriptEngine] INFO  JobRequest
 - STEP 5: Sbfebe55bbe8746b2822da9cbed34d88c (5/16) - (5/16)
 - [5] Click


2024-04-20 20:01:53,278 [T12] DEBUG UIAEventHandler
UI Structure Changed Count: 0

2024-04-20 20:01:53,278 [T12] INFO  UIAEventHandler
waiting for 1014 msec during the screen structure is changing.

2024-04-20 20:01:53,697 [T12] DEBUG UIAEventHandler
UI Structure Changed Count: 0

2024-04-20 20:01:53,697 [T12] INFO  UIAEventHandler
waiting for 240 msec during the screen structure is changing.

2024-04-20 20:01:54,792 [TScriptEngine] INFO  JobRequest
 - STEP 6: S0b378dafa20342eabadd82ecdb4a54b2 (6/16) - (6/16)
 - [6] WaitAppear


2024-04-20 20:01:57,019 [TScriptEngine] INFO  JobRequest
 - STEP 7: Se42655ba1e1144508c70d4d4e6bc5645 (7/16) - (7/16)
 - [7] ChromeGetData


2024-04-20 20:01:58,495 [TScriptEngine] INFO  JobRequest
 - STEP 8: S07a6862599344a3cb4f9d8f92573b57c (8/16) - (8/16)
 - [8] ChromeGetData


2024-04-20 20:01:59,803 [TScriptEngine] DEBUG ChromeFind
Chrome Find Wrapper : The object was not found.
Please re-specify the object.

2024-04-20 20:01:59,807 [TScriptEngine] WARN  ScriptSupport
CatchException: The object was not found.
Please re-specify the object.

2024-04-20 20:01:59,814 [TScriptEngine] INFO  JobRequest
 - STEP 9: Sc567a2717a14482baf6990d452159f80 (9/16) - (9/16)
 - [9] Click


2024-04-20 20:02:00,615 [TScriptEngine] INFO  JobRequest
 - STEP 10: Sc1d75d0190034baca217e2378949610e (10/16) - (10/16)
 - [10] Click


2024-04-20 20:02:02,631 [T11] DEBUG UIAEventHandler
UI Structure Changed Count: 1

2024-04-20 20:02:02,741 [T11] INFO  UIAEventHandler
waiting for 1432 msec during the screen structure is changing.

2024-04-20 20:02:04,829 [TScriptEngine] INFO  JobRequest
 - STEP 11: S5dcbe24ae3c04ed3ad3bfe00fefd64de (11/16) - (11/16)
 - [11] GetText


2024-04-20 20:02:05,122 [T19] DEBUG UIAEventHandler
UI Structure Changed Count: 0

2024-04-20 20:02:05,122 [T19] INFO  UIAEventHandler
waiting for 106 msec during the screen structure is changing.

2024-04-20 20:02:05,147 [TScriptEngine] DEBUG UIAElement
Failed to get object text information: O método ou a operação não está implementada.

2024-04-20 20:02:05,160 [TScriptEngine] INFO  JobRequest
 - STEP 12: Sbde1623e24bc4214bb96f9bccafb285f (12/16) - (12/16)
 - [12] GetActiveExcel


2024-04-20 20:02:05,517 [TScriptEngine] INFO  JobRequest
 - STEP 13: S9bd1d47825ec4548801937604e06103c (13/16) - (13/16)
 - [13] WriteString


2024-04-20 20:02:05,845 [TScriptEngine] ERROR WriteString
Invalid range(position) value entered. => Bnull

2024-04-20 20:02:11,619 [TScriptEngine] INFO  JobRunner
Stop Job Runner - Cause: LocalUser / Message: Catch Step Exception

2024-04-20 20:02:11,620 [TScriptEngine] INFO  JobRequest
##############################################################
### STATE: Stopping
##############################################################
Catch Step Exception


2024-04-20 20:02:11,622 [T10] DEBUG JobRequest
Callback - State: Stopping
Catch Step Exception

2024-04-20 20:02:11,627 [TScriptEngine] WARN  ScriptSupport
[CATCH_STEP_EXCEPTION] Process: T_ReadData
Step: WriteString (13/16)

Error: Invalid range(position) value entered. => Bnull

2024-04-20 20:02:11,632 [TScriptEngine] FINE  JobRunner
RunTask ExceptionOccured. TASK: T_ReadData => Invalid range(position) value entered. => Bnull

2024-04-20 20:02:11,667 [TScriptEngine] INFO  JobRequest
##############################################################
### STATE: EndProcess - T_ReadData
##############################################################
050167e3-7605-4076-89ac-55f49898cab0
T_ReadData


2024-04-20 20:02:11,696 [TScriptEngine] DEBUG JobManager
Set Result State: Stopped

2024-04-20 20:02:11,704 [TScriptEngine] INFO  JobRunner
Make report.

2024-04-20 20:02:12,049 [TScriptEngine] INFO  JobRunner
Start to clean up resources.

2024-04-20 20:02:12,053 [TScriptEngine] DEBUG JobRunner
OnProcessCompleted

2024-04-20 20:02:12,056 [T5] DEBUG JobRunner
Start timer for checking the job to be completed.

2024-04-20 20:02:12,472 [TScriptEngine] DEBUG ExcelBase
DisposeExcel

2024-04-20 20:02:12,772 [TScriptEngine] INFO  JobRunner
Start to clean up resources.

2024-04-20 20:02:12,776 [TScriptEngine] DEBUG JobRunner
Remove all libraries

2024-04-20 20:02:12,778 [TScriptEngine] DEBUG NetPlayer
WebPlayer OnDispose

2024-04-20 20:02:12,782 [TScriptEngine] DEBUG WebPlayer
WebPlayer OnDispose : Do Nothing

2024-04-20 20:02:12,784 [TScriptEngine] DEBUG UIAEventHandler
Stop UIA event handler

2024-04-20 20:02:12,796 [TScriptEngine] DEBUG UiaAppHelper
WinHelper DisposeAppList Count: 0

2024-04-20 20:02:12,796 [TScriptEngine] INFO  JobRunner
All Resources Clear

2024-04-20 20:02:12,798 [TScriptEngine] DEBUG JobRunner
OnCompleted

2024-04-20 20:02:12,799 [TScriptEngine] DEBUG JobRunner
SendJobResult: Stopped

2024-04-20 20:02:12,799 [TScriptEngine] INFO  JobRequest
##############################################################
### STATE: Stopped
##############################################################
Process: T_ReadData

Process: T_ReadData
Step: WriteString (13/16)
Invalid range(position) value entered. => Bnull


2024-04-20 20:02:12,799 [TScriptEngine] INFO  JobRequest
Last job life cycle state: Stopped

2024-04-20 20:02:12,812 [TScriptEngine] INFO  JobRequest
##############################################################
### JOB COMPLETED
##############################################################


2024-04-20 20:02:12,817 [T10] DEBUG JobRequest
Callback - State: Stopped
Process: T_ReadData

Process: T_ReadData
Step: WriteString (13/16)
Invalid range(position) value entered. => Bnull

2024-04-20 20:02:12,819 [T10] INFO  JobRequest
Callback - EngineClosed

2024-04-20 20:02:12,820 [T10] INFO  JobService
Disconnect agent service

2024-04-20 20:02:12,823 [T10] DEBUG JobRequest
End of Callback Sender

2024-04-20 20:02:12,825 [TScriptEngine] INFO  JobRunner
RunProcess end

2024-04-20 20:02:12,825 [T1] INFO  JobService
Exit - Shutdown Engine BOT

