2024-04-20 19:36:21,349 [T1] INFO  EngineStarter
BOT Engine Start - v3.1.000.01101
BOT ID: D_20240420_193620_495
BOT PID: 11932
BOT PPID: 9512
BOT Working Directory: C:\Users\aysla\AppData\Roaming\Brity RPA Designer

2024-04-20 19:36:21,364 [T1] INFO  EngineStarter
System Language: pt-BR
Resolution: 1366 x 768

2024-04-20 19:36:21,660 [T1] INFO  Config
Initialize Config

2024-04-20 19:36:21,705 [T1] DEBUG Config
Config Loaded

2024-04-20 19:36:21,706 [T1] DEBUG Config
Backup config file.

2024-04-20 19:36:21,738 [T1] INFO  Config
Orchestrator Service => https://orch.sdsbrity.com:8777

2024-04-20 19:36:21,746 [T1] INFO  Config
Initialize Resource Config

2024-04-20 19:36:21,779 [T1] DEBUG Config
Refresh Language Information

2024-04-20 19:36:21,885 [T1] INFO  Config
All Config Initialized.

2024-04-20 19:36:21,890 [T1] DEBUG KeyManager
Initialize KeyManager

2024-04-20 19:36:21,896 [T1] DEBUG KeyManager
Device ID is initialized.

2024-04-20 19:36:21,946 [T1] INFO  CertLicenseClient
Initialize certificate.

2024-04-20 19:36:21,951 [T1] DEBUG CertLicenseClient
Set Security Protocol: Tls12

2024-04-20 19:36:21,992 [T5] DEBUG JobService
Connect to agent service

2024-04-20 19:36:22,033 [T5] DEBUG JobService
JobService URL : net.tcp://127.0.0.1:59001/rpa/agent

2024-04-20 19:36:22,037 [T5] DEBUG JobService
Open connection

2024-04-20 19:36:22,043 [T1] DEBUG ApplicationInitializer
InitMode: Thread

2024-04-20 19:36:22,055 [T1] INFO  LibraryManager
Load Libraries - Started

2024-04-20 19:36:22,060 [T5] DEBUG JobService
Register engine to agent

2024-04-20 19:36:22,074 [T1] DEBUG AddInLoader
Load Assembly : IPA.Lib.Chrome

2024-04-20 19:36:22,076 [T5] DEBUG JobService
Engine is connected to agent service.

2024-04-20 19:36:22,076 [T5] DEBUG JobService
Owner Process PID: 9512

2024-04-20 19:36:22,080 [T5] INFO  JobService
Start monitoring owner process is terminated.

2024-04-20 19:36:22,366 [T1] DEBUG AddInLoader
Load Assembly : IPA.Lib.Desktop

2024-04-20 19:36:22,588 [T1] DEBUG AddInLoader
Load Assembly : IPA.Lib.Excel

2024-04-20 19:36:22,748 [T1] DEBUG AddInLoader
Load Assembly : IPA.Lib.Flow

2024-04-20 19:36:22,915 [T1] DEBUG AddInLoader
Load Assembly : IPA.Lib.IE

2024-04-20 19:36:23,053 [T1] DEBUG AddInLoader
Load Assembly : IPA.Lib.ImageConverter

2024-04-20 19:36:23,141 [T1] DEBUG AddInLoader
Load Assembly : IPA.Lib.ImageRecognition

2024-04-20 19:36:23,348 [T1] DEBUG AddInLoader
Load Assembly : IPA.Lib.MicrosoftOCR

2024-04-20 19:36:23,423 [T1] DEBUG AddInLoader
Load Assembly : IPA.Lib.Net

2024-04-20 19:36:23,533 [T1] DEBUG AddInLoader
Load Assembly : IPA.Lib.Orchestra

2024-04-20 19:36:23,627 [T1] DEBUG AddInLoader
Load Assembly : IPA.Lib.ProcessFlow

2024-04-20 19:36:23,758 [T1] DEBUG AddInLoader
Load Assembly : IPA.Lib.SAP

2024-04-20 19:36:23,873 [T1] DEBUG AddInLoader
Load Assembly : IPA.Lib.Web

2024-04-20 19:36:24,015 [T1] DEBUG AddInLoader
Load Assembly : IPA.Lib.Win

2024-04-20 19:36:24,166 [T1] INFO  ScreenCapture
Default Screen Capture Bounds: 0;0;1366;768

2024-04-20 19:36:24,202 [T1] DEBUG AddInLoader
Load Assembly : BrityRPA.AddIn.NativeApp

2024-04-20 19:36:24,324 [T1] DEBUG AddInLoader
Load Assembly : BrityWorks.AddIn.Outlook

2024-04-20 19:36:24,404 [T1] DEBUG AddInLoader
Load Assembly : BrityWorks.AddIn.Pdf

2024-04-20 19:36:24,500 [T1] DEBUG LibraryManager
Load Library - Chrome

2024-04-20 19:36:24,507 [T1] DEBUG LibraryManager
Load Library - Desktop

2024-04-20 19:36:24,508 [T1] DEBUG LibraryManager
Load Library - Excel

2024-04-20 19:36:24,510 [T1] DEBUG LibraryManager
Load Library - Flow

2024-04-20 19:36:24,510 [T1] DEBUG LibraryManager
Load Library - IE

2024-04-20 19:36:24,511 [T1] DEBUG LibraryManager
Load Library - ImageConverter

2024-04-20 19:36:24,512 [T1] DEBUG LibraryManager
Load Library - ImageRecognition

2024-04-20 19:36:24,513 [T1] DEBUG LibraryManager
Load Library - MicrosoftOCR

2024-04-20 19:36:24,514 [T1] DEBUG LibraryManager
Load Library - NativeApp

2024-04-20 19:36:24,517 [T1] DEBUG LibraryManager
Load Library - Net

2024-04-20 19:36:24,521 [T1] DEBUG LibraryManager
Load Library - Orchestra

2024-04-20 19:36:24,523 [T1] DEBUG LibraryManager
Load Library - Outlook

2024-04-20 19:36:24,523 [T1] DEBUG LibraryManager
Load Library - Pdf

2024-04-20 19:36:24,523 [T1] DEBUG LibraryManager
Load Library - SAP

2024-04-20 19:36:24,524 [T1] DEBUG LibraryManager
Load Library - Web

2024-04-20 19:36:24,525 [T1] DEBUG LibraryManager
Load Library - Win

2024-04-20 19:36:24,525 [T1] DEBUG LibraryManager
Load Library - WorkFlow

2024-04-20 19:36:24,532 [T1] DEBUG LibraryManager
Load built-in script libraries

2024-04-20 19:36:24,687 [T1] INFO  LibraryManager
Load Libraries - Completed.

2024-04-20 19:36:24,704 [T1] INFO  App
Launch Arguments: Total: 6 |  -eid D_20240420_193620_495 -runtype ProcRunner -ppid 9512

2024-04-20 19:36:24,705 [T1] DEBUG Config
Refresh Language Information

2024-04-20 19:36:24,706 [T1] DEBUG LibraryManager
LibraryManager Initialized.

2024-04-20 19:36:30,520 [T8] INFO  JobService
Start Job: P_Atividade (Foreground)
{
  "UsePIP": false,
  "UserID": null,
  "UserPWD": null,
  "IsRunning": false,
  "ResultMessage": null,
  "JobWorkDir": "C:\\Users\\aysla\\OneDrive\\Documents\\Brity RPA Projects\\Atividade\\Histories\\20240420_193630_P_Atividade_Designer_20240420_193630_133",
  "JobLogDir": "C:\\Users\\aysla\\OneDrive\\Documents\\Brity RPA Projects\\Atividade\\Histories\\20240420_193630_P_Atividade_Designer_20240420_193630_133\\Log",
  "JobScreenshotDir": "C:\\Users\\aysla\\OneDrive\\Documents\\Brity RPA Projects\\Atividade\\Histories\\20240420_193630_P_Atividade_Designer_20240420_193630_133\\Log\\Screenshot",
  "TotalProcessStepCount": 0,
  "CurrentStepNo": 0,
  "CurrentStepName": null,
  "StartTime": "2024-04-20 19:36:30",
  "EndTime": null,
  "Data": null,
  "EngineID": "D_20240420_193620_495",
  "EnginePID": 0,
  "EngineRecommededVersion": "",
  "JobId": "Designer_20240420_193630_133",
  "JobType": 1,
  "UserAuthentication": null,
  "ProcessPath": "C:\\Users\\aysla\\OneDrive\\Documents\\Brity RPA Projects\\Atividade\\P_Atividade.proc",
  "ProcessId": "05688af9-4021-4715-968f-8735111f8ff4",
  "ProcessVer": "",
  "ProcessArgs": null,
  "RequesterType": 3,
  "RequesterId": "designer",
  "RequesterPID": 9512,
  "OptionsJsonString": null,
  "TimeoutSec": 0,
  "State": 0
}

2024-04-20 19:36:30,670 [T7] DEBUG JobService
Waiting library loading...

2024-04-20 19:36:30,673 [T7] DEBUG Config
Reload User Settings

2024-04-20 19:36:30,674 [T7] INFO  JobService
Config Loading Completed.

2024-04-20 19:36:30,674 [T7] DEBUG JobService
Config Loading Time: 3 ms.

2024-04-20 19:36:30,683 [T7] INFO  JobManager
Create JobManager instance for job P_Atividade(Designer_20240420_193630_133)

2024-04-20 19:36:30,691 [T7] INFO  JobRequest
Job ID : Designer_20240420_193630_133
Project Path  : C:\Users\aysla\OneDrive\Documents\Brity RPA Projects\Atividade\Atividade.proj
Process Name  : P_Atividade
Engine Mode   : Designer
Requester Type: Designer
Requester PID : 9512

2024-04-20 19:36:30,695 [T10] INFO  JobRequest
Start Callback Sender

2024-04-20 19:36:30,695 [T10] DEBUG JobRequest
Step Callback Interval: 500

2024-04-20 19:36:30,751 [T7] DEBUG ProjectManager
Set Project Information

2024-04-20 19:36:30,776 [T7] INFO  PlayOptionManager
PlayOption
- Step Interval : 1
- Disable DrawBounds : False
- Invoke First : False
- Allow Upload of DumpScreen results : False

2024-04-20 19:36:30,777 [T7] INFO  JobRunner
Initialize Script Engine

2024-04-20 19:36:30,793 [TScriptEngine] INFO  JobRequest
##############################################################
### STATE: Initializing
##############################################################


2024-04-20 19:36:30,826 [T10] DEBUG JobRequest
Callback - State: Initializing


2024-04-20 19:36:31,731 [TScriptEngine] INFO  JobRequest
##############################################################
### STATE: Ready
##############################################################


2024-04-20 19:36:31,740 [T10] DEBUG JobRequest
Callback - State: Ready


2024-04-20 19:36:31,744 [T7] INFO  JobRunnerHook
HotKey Hook Started

2024-04-20 19:36:31,744 [T7] INFO  JobRequest
##############################################################
### STATE: Starting
##############################################################


2024-04-20 19:36:31,746 [TScriptEngine] INFO  JobRunner
RunProcess start

2024-04-20 19:36:31,748 [TScriptEngine] INFO  JobRequest
##############################################################
### STATE: Running
##############################################################


2024-04-20 19:36:31,748 [TScriptEngine] INFO  JobRequest
Last job life cycle state: Running

2024-04-20 19:36:31,756 [T10] DEBUG JobRequest
Callback - State: Starting


2024-04-20 19:36:31,759 [T10] DEBUG JobRequest
Callback - State: Running


2024-04-20 19:36:31,907 [TScriptEngine] WARN  ProcessDataValidator
It can be occurred a malfunction to play P_Atividade,
because this system is different from designed system environment.
(OS, Resolution, etc)

2024-04-20 19:36:32,754 [TScriptEngine] DEBUG ScreenCapture
DirectX Screen Capture Initialized.

2024-04-20 19:36:32,813 [TScriptEngine] DEBUG JobRunner
DirectX ScreenCapture Checked.

2024-04-20 19:36:32,845 [TScriptEngine] INFO  JobRequest
##############################################################
### STATE: StartProcess - P_Atividade
##############################################################
05688af9-4021-4715-968f-8735111f8ff4
P_Atividade


2024-04-20 19:36:32,912 [TScriptEngine] INFO  JobRequest
**************************************************************
*** TASK: P_Atividade
**************************************************************
 - STEP 1: S81a0ebfb5a2c4a8b9a71dee37d7e0b78 (1/17) - (1/32)
 - [1] ExecuteScript


2024-04-20 19:36:33,025 [TScriptEngine] INFO  JobRequest
 - STEP 2: S2fe14a09e8ec4fee96d82b281a338c15 (2/17) - (2/32)
 - [2] OpenExcel


2024-04-20 19:36:34,630 [TScriptEngine] INFO  JobRequest
 - STEP 3: Sa2ffea335c68462984398f8647d25471 (3/17) - (3/32)
 - [3] GetRowCount


2024-04-20 19:36:34,789 [TScriptEngine] INFO  JobRequest
 - STEP 4: Se4b2ea00830543c89117e6b63f8f7099 (4/17) - (4/32)
 - [4] For


2024-04-20 19:36:34,805 [TScriptEngine] INFO  JobRequest
 - STEP 5: Sdea2da61b925487181471142e9aaa813 (5/17) - (5/32)
 - [5] ChromeClose


2024-04-20 19:36:34,890 [TScriptEngine] DEBUG LastUsedPageManager
The browser could not be found.
Please create a browser.

2024-04-20 19:36:34,890 [TScriptEngine] ERROR ChromeClose
The browser could not be found.
Please create a browser.

2024-04-20 19:36:34,895 [TScriptEngine] WARN  ScriptSupport
CatchException: The browser could not be found.
Please create a browser.

2024-04-20 19:36:34,898 [TScriptEngine] INFO  JobRequest
 - STEP 6: S09d63d9d3fda427bb7475440858c030e (6/17) - (6/32)
 - [6] ReadString


2024-04-20 19:36:42,526 [TScriptEngine] INFO  JobRunner
Try Pause

2024-04-20 19:36:42,526 [TScriptEngine] INFO  JobRequest
##############################################################
### STATE: Paused
##############################################################


2024-04-20 19:36:42,526 [TScriptEngine] INFO  JobRequest
Last job life cycle state: Paused

2024-04-20 19:36:42,550 [T10] DEBUG JobRequest
Callback - State: Paused


2024-04-20 19:36:44,790 [T8] INFO  JobService
Stop Job

2024-04-20 19:36:44,792 [T8] INFO  JobRunner
Stop Job Runner - Cause: LocalUser / Message: stop by user

2024-04-20 19:36:44,793 [T8] INFO  JobRequest
##############################################################
### STATE: Stopping
##############################################################
stop by user


2024-04-20 19:36:44,798 [T10] DEBUG JobRequest
Callback - State: Stopping
stop by user

2024-04-20 19:36:44,801 [TScriptEngine] DEBUG JobRunner
RunTask Interrupted. TASK: P_Atividade => Script execution interrupted by host

2024-04-20 19:36:44,841 [TScriptEngine] DEBUG JobManager
Set Result State: Stopped

2024-04-20 19:36:44,846 [TScriptEngine] INFO  JobRunner
Make report.

2024-04-20 19:36:44,906 [TScriptEngine] INFO  JobRunner
Start to clean up resources.

2024-04-20 19:36:44,907 [TScriptEngine] DEBUG JobRunner
OnProcessCompleted

2024-04-20 19:36:44,908 [T7] DEBUG JobRunner
Start timer for checking the job to be completed.

2024-04-20 19:36:44,913 [TScriptEngine] DEBUG ExcelBase
DisposeExcel

2024-04-20 19:36:44,934 [TScriptEngine] INFO  JobRunner
Start to clean up resources.

2024-04-20 19:36:44,935 [TScriptEngine] DEBUG JobRunner
Remove all Process Stack: 1

2024-04-20 19:36:44,941 [TScriptEngine] INFO  JobRequest
##############################################################
### STATE: EndProcess - P_Atividade
##############################################################
05688af9-4021-4715-968f-8735111f8ff4
P_Atividade


2024-04-20 19:36:44,942 [TScriptEngine] DEBUG JobRunner
Remove all libraries

2024-04-20 19:36:44,953 [TScriptEngine] DEBUG NetPlayer
WebPlayer OnDispose

2024-04-20 19:36:44,956 [TScriptEngine] DEBUG WebPlayer
WebPlayer OnDispose : Do Nothing

2024-04-20 19:36:44,960 [TScriptEngine] DEBUG UiaAppHelper
WinHelper DisposeAppList Count: 0

2024-04-20 19:36:44,960 [TScriptEngine] INFO  JobRunner
All Resources Clear

2024-04-20 19:36:44,961 [TScriptEngine] DEBUG JobRunner
OnCompleted

2024-04-20 19:36:44,962 [TScriptEngine] DEBUG JobRunner
SendJobResult: Stopped

2024-04-20 19:36:44,962 [TScriptEngine] INFO  JobRequest
##############################################################
### STATE: Stopped
##############################################################
Process: P_Atividade
Step: ReadString (6/17)

Stopped by User


2024-04-20 19:36:44,962 [TScriptEngine] INFO  JobRequest
Last job life cycle state: Stopped

2024-04-20 19:36:44,962 [TScriptEngine] INFO  JobRequest
Update skipped current step informations.

2024-04-20 19:36:44,970 [TScriptEngine] INFO  JobRequest
##############################################################
### JOB COMPLETED
##############################################################


2024-04-20 19:36:44,982 [T10] DEBUG JobRequest
Callback - State: Stopped
Process: P_Atividade
Step: ReadString (6/17)

Stopped by User

2024-04-20 19:36:44,983 [T10] INFO  JobRequest
Callback - EngineClosed

2024-04-20 19:36:44,984 [T10] INFO  JobService
Disconnect agent service

