2024-04-17 20:31:37,771 [T1] INFO  EngineStarter
BOT Engine Start - v3.1.000.01101
BOT ID: D_20240417_203136_271
BOT PID: 17704
BOT PPID: 15112
BOT Working Directory: C:\Users\aysla\AppData\Roaming\Brity RPA Designer

2024-04-17 20:31:37,802 [T1] INFO  EngineStarter
System Language: pt-BR
Resolution: 1366 x 768

2024-04-17 20:31:38,204 [T1] INFO  Config
Initialize Config

2024-04-17 20:31:38,254 [T1] DEBUG Config
Config Loaded

2024-04-17 20:31:38,254 [T1] DEBUG Config
Backup config file.

2024-04-17 20:31:38,272 [T1] INFO  Config
Orchestrator Service => https://orch.sdsbrity.com:8777

2024-04-17 20:31:38,272 [T1] INFO  Config
Initialize Resource Config

2024-04-17 20:31:38,303 [T1] DEBUG Config
Refresh Language Information

2024-04-17 20:31:38,397 [T1] INFO  Config
All Config Initialized.

2024-04-17 20:31:38,397 [T1] DEBUG KeyManager
Initialize KeyManager

2024-04-17 20:31:38,412 [T1] DEBUG KeyManager
Device ID is initialized.

2024-04-17 20:31:38,444 [T1] INFO  CertLicenseClient
Initialize certificate.

2024-04-17 20:31:38,444 [T1] DEBUG CertLicenseClient
Set Security Protocol: Tls12

2024-04-17 20:31:38,491 [T4] DEBUG JobService
Connect to agent service

2024-04-17 20:31:38,522 [T4] DEBUG JobService
JobService URL : net.tcp://127.0.0.1:59001/rpa/agent

2024-04-17 20:31:38,522 [T4] DEBUG JobService
Open connection

2024-04-17 20:31:38,537 [T1] DEBUG ApplicationInitializer
InitMode: Thread

2024-04-17 20:31:38,537 [T1] INFO  LibraryManager
Load Libraries - Started

2024-04-17 20:31:38,537 [T4] DEBUG JobService
Register engine to agent

2024-04-17 20:31:38,569 [T4] DEBUG JobService
Engine is connected to agent service.

2024-04-17 20:31:38,569 [T4] DEBUG JobService
Owner Process PID: 15112

2024-04-17 20:31:38,569 [T1] DEBUG AddInLoader
Load Assembly : IPA.Lib.Chrome

2024-04-17 20:31:38,569 [T4] INFO  JobService
Start monitoring owner process is terminated.

2024-04-17 20:31:38,819 [T1] DEBUG AddInLoader
Load Assembly : IPA.Lib.Desktop

2024-04-17 20:31:39,053 [T1] DEBUG AddInLoader
Load Assembly : IPA.Lib.Excel

2024-04-17 20:31:39,237 [T1] DEBUG AddInLoader
Load Assembly : IPA.Lib.Flow

2024-04-17 20:31:39,382 [T1] DEBUG AddInLoader
Load Assembly : IPA.Lib.IE

2024-04-17 20:31:39,507 [T1] DEBUG AddInLoader
Load Assembly : IPA.Lib.ImageConverter

2024-04-17 20:31:39,585 [T1] DEBUG AddInLoader
Load Assembly : IPA.Lib.ImageRecognition

2024-04-17 20:31:39,787 [T1] DEBUG AddInLoader
Load Assembly : IPA.Lib.MicrosoftOCR

2024-04-17 20:31:39,850 [T1] DEBUG AddInLoader
Load Assembly : IPA.Lib.Net

2024-04-17 20:31:39,944 [T1] DEBUG AddInLoader
Load Assembly : IPA.Lib.Orchestra

2024-04-17 20:31:40,037 [T1] DEBUG AddInLoader
Load Assembly : IPA.Lib.ProcessFlow

2024-04-17 20:31:40,157 [T1] DEBUG AddInLoader
Load Assembly : IPA.Lib.SAP

2024-04-17 20:31:40,249 [T1] DEBUG AddInLoader
Load Assembly : IPA.Lib.Web

2024-04-17 20:31:40,367 [T1] DEBUG AddInLoader
Load Assembly : IPA.Lib.Win

2024-04-17 20:31:40,523 [T1] INFO  ScreenCapture
Default Screen Capture Bounds: 0;0;1366;768

2024-04-17 20:31:40,554 [T1] DEBUG AddInLoader
Load Assembly : BrityRPA.AddIn.NativeApp

2024-04-17 20:31:40,721 [T1] DEBUG AddInLoader
Load Assembly : BrityWorks.AddIn.Outlook

2024-04-17 20:31:40,820 [T1] DEBUG AddInLoader
Load Assembly : BrityWorks.AddIn.Pdf

2024-04-17 20:31:40,913 [T1] DEBUG LibraryManager
Load Library - Chrome

2024-04-17 20:31:40,913 [T1] DEBUG LibraryManager
Load Library - Desktop

2024-04-17 20:31:40,913 [T1] DEBUG LibraryManager
Load Library - Excel

2024-04-17 20:31:40,913 [T1] DEBUG LibraryManager
Load Library - Flow

2024-04-17 20:31:40,913 [T1] DEBUG LibraryManager
Load Library - IE

2024-04-17 20:31:40,913 [T1] DEBUG LibraryManager
Load Library - ImageConverter

2024-04-17 20:31:40,913 [T1] DEBUG LibraryManager
Load Library - ImageRecognition

2024-04-17 20:31:40,929 [T1] DEBUG LibraryManager
Load Library - MicrosoftOCR

2024-04-17 20:31:40,929 [T1] DEBUG LibraryManager
Load Library - NativeApp

2024-04-17 20:31:40,929 [T1] DEBUG LibraryManager
Load Library - Net

2024-04-17 20:31:40,929 [T1] DEBUG LibraryManager
Load Library - Orchestra

2024-04-17 20:31:40,929 [T1] DEBUG LibraryManager
Load Library - Outlook

2024-04-17 20:31:40,929 [T1] DEBUG LibraryManager
Load Library - Pdf

2024-04-17 20:31:40,929 [T1] DEBUG LibraryManager
Load Library - SAP

2024-04-17 20:31:40,929 [T1] DEBUG LibraryManager
Load Library - Web

2024-04-17 20:31:40,929 [T1] DEBUG LibraryManager
Load Library - Win

2024-04-17 20:31:40,929 [T1] DEBUG LibraryManager
Load Library - WorkFlow

2024-04-17 20:31:40,945 [T1] DEBUG LibraryManager
Load built-in script libraries

2024-04-17 20:31:41,070 [T1] INFO  LibraryManager
Load Libraries - Completed.

2024-04-17 20:31:41,085 [T1] INFO  App
Launch Arguments: Total: 6 |  -eid D_20240417_203136_271 -runtype ProcRunner -ppid 15112

2024-04-17 20:31:41,085 [T1] DEBUG Config
Refresh Language Information

2024-04-17 20:31:41,085 [T1] DEBUG LibraryManager
LibraryManager Initialized.

2024-04-17 20:31:58,546 [T8] INFO  JobService
Start Job: P_Atividade (Foreground)
{
  "UsePIP": false,
  "UserID": null,
  "UserPWD": null,
  "IsRunning": false,
  "ResultMessage": null,
  "JobWorkDir": "C:\\Users\\aysla\\OneDrive\\Documents\\Brity RPA Projects\\Atividade\\Histories\\20240417_203158_P_Atividade_Designer_20240417_203158_144",
  "JobLogDir": "C:\\Users\\aysla\\OneDrive\\Documents\\Brity RPA Projects\\Atividade\\Histories\\20240417_203158_P_Atividade_Designer_20240417_203158_144\\Log",
  "JobScreenshotDir": "C:\\Users\\aysla\\OneDrive\\Documents\\Brity RPA Projects\\Atividade\\Histories\\20240417_203158_P_Atividade_Designer_20240417_203158_144\\Log\\Screenshot",
  "TotalProcessStepCount": 0,
  "CurrentStepNo": 0,
  "CurrentStepName": null,
  "StartTime": "2024-04-17 20:31:58",
  "EndTime": null,
  "Data": null,
  "EngineID": "D_20240417_203136_271",
  "EnginePID": 0,
  "EngineRecommededVersion": "",
  "JobId": "Designer_20240417_203158_144",
  "JobType": 1,
  "UserAuthentication": null,
  "ProcessPath": "C:\\Users\\aysla\\OneDrive\\Documents\\Brity RPA Projects\\Atividade\\P_Atividade.proc",
  "ProcessId": "05688af9-4021-4715-968f-8735111f8ff4",
  "ProcessVer": "",
  "ProcessArgs": null,
  "RequesterType": 3,
  "RequesterId": "designer",
  "RequesterPID": 15112,
  "OptionsJsonString": null,
  "TimeoutSec": 0,
  "State": 0
}

2024-04-17 20:31:58,697 [T7] DEBUG JobService
Waiting library loading...

2024-04-17 20:31:58,697 [T7] DEBUG Config
Reload User Settings

2024-04-17 20:31:58,697 [T7] INFO  JobService
Config Loading Completed.

2024-04-17 20:31:58,697 [T7] DEBUG JobService
Config Loading Time: 0 ms.

2024-04-17 20:31:58,712 [T7] INFO  JobManager
Create JobManager instance for job P_Atividade(Designer_20240417_203158_144)

2024-04-17 20:31:58,728 [T7] INFO  JobRequest
Job ID : Designer_20240417_203158_144
Project Path  : C:\Users\aysla\OneDrive\Documents\Brity RPA Projects\Atividade\Atividade.proj
Process Name  : P_Atividade
Engine Mode   : Designer
Requester Type: Designer
Requester PID : 15112

2024-04-17 20:31:58,728 [T5] INFO  JobRequest
Start Callback Sender

2024-04-17 20:31:58,728 [T5] DEBUG JobRequest
Step Callback Interval: 500

2024-04-17 20:31:58,780 [T7] DEBUG ProjectManager
Set Project Information

2024-04-17 20:31:58,796 [T7] INFO  PlayOptionManager
PlayOption
- Step Interval : 1
- Disable DrawBounds : False
- Invoke First : False
- Allow Upload of DumpScreen results : False

2024-04-17 20:31:58,796 [T7] INFO  JobRunner
Initialize Script Engine

2024-04-17 20:31:58,812 [TScriptEngine] INFO  JobRequest
##############################################################
### STATE: Initializing
##############################################################


2024-04-17 20:31:58,827 [T5] DEBUG JobRequest
Callback - State: Initializing


2024-04-17 20:31:59,874 [TScriptEngine] INFO  JobRequest
##############################################################
### STATE: Ready
##############################################################


2024-04-17 20:31:59,890 [T5] DEBUG JobRequest
Callback - State: Ready


2024-04-17 20:31:59,890 [T7] INFO  JobRunnerHook
HotKey Hook Started

2024-04-17 20:31:59,890 [T7] INFO  JobRequest
##############################################################
### STATE: Starting
##############################################################


2024-04-17 20:31:59,890 [TScriptEngine] INFO  JobRunner
RunProcess start

2024-04-17 20:31:59,890 [TScriptEngine] INFO  JobRequest
##############################################################
### STATE: Running
##############################################################


2024-04-17 20:31:59,890 [TScriptEngine] INFO  JobRequest
Last job life cycle state: Running

2024-04-17 20:31:59,905 [T5] DEBUG JobRequest
Callback - State: Starting


2024-04-17 20:31:59,921 [T5] DEBUG JobRequest
Callback - State: Running


2024-04-17 20:32:00,077 [TScriptEngine] WARN  ProcessDataValidator
It can be occurred a malfunction to play P_Atividade,
because this system is different from designed system environment.
(OS, Resolution, etc)

2024-04-17 20:32:00,922 [TScriptEngine] DEBUG ScreenCapture
DirectX Screen Capture Initialized.

2024-04-17 20:32:01,000 [TScriptEngine] DEBUG JobRunner
DirectX ScreenCapture Checked.

2024-04-17 20:32:01,040 [TScriptEngine] INFO  JobRequest
##############################################################
### STATE: StartProcess - P_Atividade
##############################################################
05688af9-4021-4715-968f-8735111f8ff4
P_Atividade


2024-04-17 20:32:01,102 [TScriptEngine] INFO  JobRequest
**************************************************************
*** TASK: P_Atividade
**************************************************************
 - STEP 1: S81a0ebfb5a2c4a8b9a71dee37d7e0b78 (1/13) - (1/28)
 - [1] ExecuteScript


2024-04-17 20:32:01,230 [TScriptEngine] INFO  JobRequest
 - STEP 2: S2f262c6eb2384f8789f53ce6aa08aa75 (2/13) - (2/28)
 - [2] GetActiveExcel


2024-04-17 20:32:01,500 [TScriptEngine] INFO  JobRequest
 - STEP 3: Sa2ffea335c68462984398f8647d25471 (3/13) - (3/28)
 - [3] GetRowCount


2024-04-17 20:32:01,728 [TScriptEngine] INFO  JobRequest
 - STEP 4: Sda3e6b23bb1a4d39affe5280218ea58b (4/13) - (4/28)
 - [4] For


2024-04-17 20:32:01,744 [TScriptEngine] INFO  JobRequest
 - STEP 5: Sdea2da61b925487181471142e9aaa813 (5/13) - (5/28)
 - [5] ChromeClose


2024-04-17 20:32:03,210 [TScriptEngine] INFO  JobRequest
 - STEP 6: S09d63d9d3fda427bb7475440858c030e (6/13) - (6/28)
 - [6] ReadString


2024-04-17 20:32:03,413 [TScriptEngine] INFO  JobRequest
 - STEP 7: S7e95aa17246a433abdcada2f20679a68 (7/13) - (7/28)
 - [7] ExecuteScript


2024-04-17 20:32:03,428 [TScriptEngine] INFO  JobRequest
 - STEP 8: Sb01899dd9dcc43c9adaaaab1ed7a6f0c (8/13) - (8/28)
 - [8] IfElse


2024-04-17 20:32:03,444 [TScriptEngine] INFO  JobRequest
 - STEP 9: Sa9456650272b4b5e83a3073cf8af312a (9/13) - (9/28)
 - [9] RunTask


2024-04-17 20:32:03,459 [TScriptEngine] INFO  JobRequest
##############################################################
### STATE: StartTask - T_ReadData
##############################################################
050167e3-7605-4076-89ac-55f49898cab0
T_ReadData


2024-04-17 20:32:03,475 [TScriptEngine] INFO  JobRequest
**************************************************************
*** TASK: T_ReadData
**************************************************************
 - STEP 10: S7b5451ab03f24e968aa01b02443d0230 (1/16) - (10/28)
 - [1] ChromeOpen


2024-04-17 20:32:03,568 [T10] DEBUG ChromeCommonExtension
extension default locale empty

2024-04-17 20:32:03,568 [T10] DEBUG ChromeCommonExtension
extension default locale empty

2024-04-17 20:32:04,100 [T10] DEBUG ChromeCommonExtension
extension default locale empty

2024-04-17 20:32:04,100 [T10] DEBUG ChromeCommonExtension
extension default locale empty

2024-04-17 20:32:09,221 [TScriptEngine] INFO  JobRequest
 - STEP 11: See956307f79448ce844eef8e27180a04 (2/16) - (11/28)
 - [2] ChromeClick


2024-04-17 20:32:10,768 [TScriptEngine] INFO  JobRequest
 - STEP 12: Se42655ba1e1144508c70d4d4e6bc5645 (4/16) - (12/28)
 - [4] ChromeGetData


2024-04-17 20:32:12,042 [TScriptEngine] INFO  JobRequest
 - STEP 13: S07a6862599344a3cb4f9d8f92573b57c (5/16) - (13/28)
 - [5] ChromeGetData


2024-04-17 20:32:13,388 [TScriptEngine] INFO  JobRequest
 - STEP 14: Sd8fb8d88bb5e4ccea68ef3873d3d5d1f (6/16) - (14/28)
 - [6] TryCatch


2024-04-17 20:32:13,403 [TScriptEngine] INFO  JobRequest
 - STEP 15: S0139794d469e4c37b7f7c8dfcf659bbb (7/16) - (15/28)
 - [7] ChromeClick


2024-04-17 20:32:23,702 [TScriptEngine] DEBUG ChromeFind
Chrome Find Wrapper : The object was not found.
Please re-specify the object.

2024-04-17 20:32:23,825 [TScriptEngine] WARN  ScriptSupport
CatchException: The object was not found.
Please re-specify the object.

2024-04-17 20:32:23,841 [TScriptEngine] INFO  JobRequest
 - STEP 16: Sd56ef602997949cfac66ca25ec439aae (8/16) - (16/28)
 - [8] End-TryCatch


2024-04-17 20:32:23,856 [TScriptEngine] INFO  JobRequest
 - STEP 17: Sc72d88f1f4a545d88b3780678cce0376 (9/16) - (17/28)
 - [9] TryCatch


2024-04-17 20:32:23,872 [TScriptEngine] INFO  JobRequest
 - STEP 18: Sbdd9182a53c14156a4cda9be696070e1 (10/16) - (18/28)
 - [10] ChromeClick


2024-04-17 20:32:24,118 [TScriptEngine] INFO  JobRequest
 - STEP 19: Sc61b304383f94b3891d6d5c528052e6e (11/16) - (19/28)
 - [11] End-TryCatch


2024-04-17 20:32:24,133 [TScriptEngine] INFO  JobRequest
 - STEP 20: S5dcbe24ae3c04ed3ad3bfe00fefd64de (12/16) - (20/28)
 - [12] GetText


2024-04-17 20:32:24,328 [T7] INFO  UIAEventHandler
Start UIA event handler

2024-04-17 20:32:25,328 [T7] DEBUG UIAEventHandler
UI Structure Changed Count: 0

2024-04-17 20:32:25,328 [T7] INFO  UIAEventHandler
waiting for 928 msec during the screen structure is changing.

2024-04-17 20:32:25,656 [T7] DEBUG UIAEventHandler
UI Structure Changed Count: 1

2024-04-17 20:32:25,764 [T7] INFO  UIAEventHandler
waiting for 213 msec during the screen structure is changing.

2024-04-17 20:32:25,784 [TScriptEngine] DEBUG UIAElement
Failed to get object text information: O método ou a operação não está implementada.

2024-04-17 20:32:25,795 [TScriptEngine] INFO  JobRequest
 - STEP 21: Sbde1623e24bc4214bb96f9bccafb285f (13/16) - (21/28)
 - [13] GetActiveExcel


2024-04-17 20:32:25,863 [TScriptEngine] INFO  JobRequest
 - STEP 22: S9bd1d47825ec4548801937604e06103c (14/16) - (22/28)
 - [14] WriteString


2024-04-17 20:32:26,034 [TScriptEngine] INFO  JobRequest
 - STEP 23: Sffd9ac747bf54859ad6159140bb52f88 (15/16) - (23/28)
 - [15] WriteString


2024-04-17 20:32:26,130 [TScriptEngine] INFO  JobRequest
 - STEP 24: Sfd17e47c3890492aa7522e4a155f23f6 (16/16) - (24/28)
 - [16] WriteString


2024-04-17 20:32:26,201 [TScriptEngine] INFO  JobRunner
[PASS] TASK: T_ReadData

2024-04-17 20:32:26,213 [TScriptEngine] INFO  JobRequest
##############################################################
### STATE: EndTask - T_ReadData
##############################################################
050167e3-7605-4076-89ac-55f49898cab0
T_ReadData


2024-04-17 20:32:26,226 [TScriptEngine] INFO  JobRequest
**************************************************************
*** TASK: P_Atividade
**************************************************************
 - STEP 25: S1da9a24927094a558b63654f8830a226 (11/13) - (26/28)
 - [11] End-IfElse


2024-04-17 20:32:26,244 [TScriptEngine] INFO  JobRequest
 - STEP 26: Sdea2da61b925487181471142e9aaa813 (5/13) - (26/28)
 - [5] ChromeClose


2024-04-17 20:33:04,409 [TScriptEngine] INFO  JobRequest
 - STEP 27: S09d63d9d3fda427bb7475440858c030e (6/13) - (26/28)
 - [6] ReadString


2024-04-17 20:33:04,519 [TScriptEngine] INFO  JobRequest
 - STEP 28: S7e95aa17246a433abdcada2f20679a68 (7/13) - (26/28)
 - [7] ExecuteScript


2024-04-17 20:33:04,534 [TScriptEngine] INFO  JobRequest
 - STEP 29: Sb01899dd9dcc43c9adaaaab1ed7a6f0c (8/13) - (26/28)
 - [8] IfElse


2024-04-17 20:33:04,550 [TScriptEngine] INFO  JobRequest
 - STEP 30: Sa9456650272b4b5e83a3073cf8af312a (9/13) - (26/28)
 - [9] RunTask


2024-04-17 20:33:04,550 [TScriptEngine] INFO  JobRequest
##############################################################
### STATE: StartTask - T_ReadData
##############################################################
050167e3-7605-4076-89ac-55f49898cab0
T_ReadData


2024-04-17 20:33:04,566 [TScriptEngine] INFO  JobRequest
**************************************************************
*** TASK: T_ReadData
**************************************************************
 - STEP 31: S7b5451ab03f24e968aa01b02443d0230 (1/16) - (26/28)
 - [1] ChromeOpen


2024-04-17 20:33:04,566 [T7] DEBUG ChromeCommonExtension
extension default locale empty

2024-04-17 20:33:04,566 [T7] DEBUG ChromeCommonExtension
extension default locale empty

2024-04-17 20:33:05,034 [T7] DEBUG ChromeCommonExtension
extension default locale empty

2024-04-17 20:33:05,050 [T7] DEBUG ChromeCommonExtension
extension default locale empty

2024-04-17 20:33:12,280 [TScriptEngine] INFO  JobRequest
 - STEP 32: See956307f79448ce844eef8e27180a04 (2/16) - (26/28)
 - [2] ChromeClick


2024-04-17 20:33:13,337 [TScriptEngine] INFO  JobRequest
 - STEP 33: Se42655ba1e1144508c70d4d4e6bc5645 (4/16) - (26/28)
 - [4] ChromeGetData


2024-04-17 20:33:14,944 [TScriptEngine] INFO  JobRequest
 - STEP 34: S07a6862599344a3cb4f9d8f92573b57c (5/16) - (26/28)
 - [5] ChromeGetData


2024-04-17 20:33:26,091 [TScriptEngine] DEBUG ChromeFind
Chrome Find Wrapper : The object was not found.
Please re-specify the object.

2024-04-17 20:33:26,092 [TScriptEngine] WARN  ScriptSupport
CatchException: The object was not found.
Please re-specify the object.

2024-04-17 20:33:26,098 [TScriptEngine] INFO  JobRequest
 - STEP 35: Sd8fb8d88bb5e4ccea68ef3873d3d5d1f (6/16) - (26/28)
 - [6] TryCatch


2024-04-17 20:33:26,121 [TScriptEngine] INFO  JobRequest
 - STEP 36: S0139794d469e4c37b7f7c8dfcf659bbb (7/16) - (26/28)
 - [7] ChromeClick


2024-04-17 20:33:26,491 [TScriptEngine] INFO  JobRequest
 - STEP 37: Sd56ef602997949cfac66ca25ec439aae (8/16) - (26/28)
 - [8] End-TryCatch


2024-04-17 20:33:26,494 [TScriptEngine] INFO  JobRequest
 - STEP 38: Sc72d88f1f4a545d88b3780678cce0376 (9/16) - (26/28)
 - [9] TryCatch


2024-04-17 20:33:26,547 [TScriptEngine] INFO  JobRequest
 - STEP 39: Sbdd9182a53c14156a4cda9be696070e1 (10/16) - (26/28)
 - [10] ChromeClick


2024-04-17 20:33:55,032 [TScriptEngine] DEBUG ChromeFind
Chrome Find Wrapper : The object was not found.
Please re-specify the object.

2024-04-17 20:33:58,171 [TScriptEngine] WARN  ScriptSupport
CatchException: The object was not found.
Please re-specify the object.

2024-04-17 20:33:58,173 [TScriptEngine] INFO  JobRequest
 - STEP 40: Sc61b304383f94b3891d6d5c528052e6e (11/16) - (26/28)
 - [11] End-TryCatch


2024-04-17 20:33:58,189 [TScriptEngine] INFO  JobRequest
 - STEP 41: S5dcbe24ae3c04ed3ad3bfe00fefd64de (12/16) - (26/28)
 - [12] GetText


2024-04-17 20:33:58,538 [TScriptEngine] DEBUG UIAElement
Failed to get object text information: O método ou a operação não está implementada.

2024-04-17 20:33:58,554 [TScriptEngine] INFO  JobRequest
 - STEP 42: Sbde1623e24bc4214bb96f9bccafb285f (13/16) - (26/28)
 - [13] GetActiveExcel


2024-04-17 20:33:58,717 [TScriptEngine] INFO  JobRequest
 - STEP 43: S9bd1d47825ec4548801937604e06103c (14/16) - (26/28)
 - [14] WriteString


2024-04-17 20:33:58,888 [TScriptEngine] INFO  JobRequest
 - STEP 44: Sffd9ac747bf54859ad6159140bb52f88 (15/16) - (26/28)
 - [15] WriteString


2024-04-17 20:33:58,999 [TScriptEngine] INFO  JobRequest
 - STEP 45: Sfd17e47c3890492aa7522e4a155f23f6 (16/16) - (26/28)
 - [16] WriteString


2024-04-17 20:33:59,099 [TScriptEngine] INFO  JobRunner
[PASS] TASK: T_ReadData

2024-04-17 20:33:59,101 [TScriptEngine] INFO  JobRequest
##############################################################
### STATE: EndTask - T_ReadData
##############################################################
050167e3-7605-4076-89ac-55f49898cab0
T_ReadData


2024-04-17 20:33:59,110 [TScriptEngine] INFO  JobRequest
**************************************************************
*** TASK: P_Atividade
**************************************************************
 - STEP 46: S1da9a24927094a558b63654f8830a226 (11/13) - (26/28)
 - [11] End-IfElse


2024-04-17 20:33:59,125 [TScriptEngine] INFO  JobRequest
 - STEP 47: Sdea2da61b925487181471142e9aaa813 (5/13) - (26/28)
 - [5] ChromeClose


2024-04-17 20:34:00,567 [TScriptEngine] INFO  JobRequest
 - STEP 48: S09d63d9d3fda427bb7475440858c030e (6/13) - (26/28)
 - [6] ReadString


2024-04-17 20:34:00,676 [TScriptEngine] INFO  JobRequest
 - STEP 49: S7e95aa17246a433abdcada2f20679a68 (7/13) - (26/28)
 - [7] ExecuteScript


2024-04-17 20:34:00,692 [TScriptEngine] INFO  JobRequest
 - STEP 50: Sb01899dd9dcc43c9adaaaab1ed7a6f0c (8/13) - (26/28)
 - [8] IfElse


2024-04-17 20:34:00,708 [TScriptEngine] INFO  JobRequest
 - STEP 51: Sa9456650272b4b5e83a3073cf8af312a (9/13) - (26/28)
 - [9] RunTask


2024-04-17 20:34:00,723 [TScriptEngine] INFO  JobRequest
##############################################################
### STATE: StartTask - T_ReadData
##############################################################
050167e3-7605-4076-89ac-55f49898cab0
T_ReadData


2024-04-17 20:34:00,739 [TScriptEngine] INFO  JobRequest
**************************************************************
*** TASK: T_ReadData
**************************************************************
 - STEP 52: S7b5451ab03f24e968aa01b02443d0230 (1/16) - (26/28)
 - [1] ChromeOpen


2024-04-17 20:34:00,754 [T28] DEBUG ChromeCommonExtension
extension default locale empty

2024-04-17 20:34:00,754 [T28] DEBUG ChromeCommonExtension
extension default locale empty

2024-04-17 20:34:01,192 [T28] DEBUG ChromeCommonExtension
extension default locale empty

2024-04-17 20:34:01,192 [T28] DEBUG ChromeCommonExtension
extension default locale empty

2024-04-17 20:34:05,249 [TScriptEngine] INFO  JobRequest
 - STEP 53: See956307f79448ce844eef8e27180a04 (2/16) - (26/28)
 - [2] ChromeClick


2024-04-17 20:34:06,212 [TScriptEngine] INFO  JobRequest
 - STEP 54: Se42655ba1e1144508c70d4d4e6bc5645 (4/16) - (26/28)
 - [4] ChromeGetData


2024-04-17 20:34:10,511 [TScriptEngine] INFO  JobRequest
 - STEP 55: S07a6862599344a3cb4f9d8f92573b57c (5/16) - (26/28)
 - [5] ChromeGetData


2024-04-17 20:34:20,850 [TScriptEngine] DEBUG ChromeFind
Chrome Find Wrapper : The object was not found.
Please re-specify the object.

2024-04-17 20:34:20,853 [TScriptEngine] WARN  ScriptSupport
CatchException: The object was not found.
Please re-specify the object.

2024-04-17 20:34:20,869 [TScriptEngine] INFO  JobRequest
 - STEP 56: Sd8fb8d88bb5e4ccea68ef3873d3d5d1f (6/16) - (26/28)
 - [6] TryCatch


2024-04-17 20:34:20,895 [TScriptEngine] INFO  JobRequest
 - STEP 57: S0139794d469e4c37b7f7c8dfcf659bbb (7/16) - (26/28)
 - [7] ChromeClick


2024-04-17 20:34:21,240 [TScriptEngine] INFO  JobRequest
 - STEP 58: Sd56ef602997949cfac66ca25ec439aae (8/16) - (26/28)
 - [8] End-TryCatch


2024-04-17 20:34:21,256 [TScriptEngine] INFO  JobRequest
 - STEP 59: Sc72d88f1f4a545d88b3780678cce0376 (9/16) - (26/28)
 - [9] TryCatch


2024-04-17 20:34:21,263 [TScriptEngine] INFO  JobRequest
 - STEP 60: Sbdd9182a53c14156a4cda9be696070e1 (10/16) - (26/28)
 - [10] ChromeClick


2024-04-17 20:34:43,593 [TScriptEngine] DEBUG ChromeFind
Chrome Find Wrapper : The object was not found.
Please re-specify the object.

2024-04-17 20:34:46,730 [TScriptEngine] WARN  ScriptSupport
CatchException: The object was not found.
Please re-specify the object.

2024-04-17 20:34:46,740 [TScriptEngine] INFO  JobRequest
 - STEP 61: Sc61b304383f94b3891d6d5c528052e6e (11/16) - (26/28)
 - [11] End-TryCatch


2024-04-17 20:34:46,760 [TScriptEngine] INFO  JobRequest
 - STEP 62: S5dcbe24ae3c04ed3ad3bfe00fefd64de (12/16) - (26/28)
 - [12] GetText


2024-04-17 20:34:46,887 [TScriptEngine] DEBUG UIAElement
Failed to get object text information: O método ou a operação não está implementada.

2024-04-17 20:34:46,907 [TScriptEngine] INFO  JobRequest
 - STEP 63: Sbde1623e24bc4214bb96f9bccafb285f (13/16) - (26/28)
 - [13] GetActiveExcel


2024-04-17 20:34:47,088 [TScriptEngine] INFO  JobRequest
 - STEP 64: S9bd1d47825ec4548801937604e06103c (14/16) - (26/28)
 - [14] WriteString


2024-04-17 20:34:47,392 [TScriptEngine] INFO  JobRequest
 - STEP 65: Sffd9ac747bf54859ad6159140bb52f88 (15/16) - (26/28)
 - [15] WriteString


2024-04-17 20:34:47,508 [TScriptEngine] INFO  JobRequest
 - STEP 66: Sfd17e47c3890492aa7522e4a155f23f6 (16/16) - (26/28)
 - [16] WriteString


2024-04-17 20:34:47,645 [TScriptEngine] INFO  JobRunner
[PASS] TASK: T_ReadData

2024-04-17 20:34:47,646 [TScriptEngine] INFO  JobRequest
##############################################################
### STATE: EndTask - T_ReadData
##############################################################
050167e3-7605-4076-89ac-55f49898cab0
T_ReadData


2024-04-17 20:34:47,650 [TScriptEngine] INFO  JobRequest
**************************************************************
*** TASK: P_Atividade
**************************************************************
 - STEP 67: S1da9a24927094a558b63654f8830a226 (11/13) - (26/28)
 - [11] End-IfElse


2024-04-17 20:34:47,665 [TScriptEngine] INFO  JobRequest
 - STEP 68: Sdea2da61b925487181471142e9aaa813 (5/13) - (26/28)
 - [5] ChromeClose


2024-04-17 20:35:04,735 [TScriptEngine] INFO  JobRequest
 - STEP 69: S09d63d9d3fda427bb7475440858c030e (6/13) - (26/28)
 - [6] ReadString


2024-04-17 20:35:04,844 [TScriptEngine] INFO  JobRequest
 - STEP 70: S7e95aa17246a433abdcada2f20679a68 (7/13) - (26/28)
 - [7] ExecuteScript


2024-04-17 20:35:04,860 [TScriptEngine] INFO  JobRequest
 - STEP 71: Sb01899dd9dcc43c9adaaaab1ed7a6f0c (8/13) - (26/28)
 - [8] IfElse


2024-04-17 20:35:04,876 [TScriptEngine] INFO  JobRequest
 - STEP 72: Sa9456650272b4b5e83a3073cf8af312a (9/13) - (26/28)
 - [9] RunTask


2024-04-17 20:35:04,876 [TScriptEngine] INFO  JobRequest
##############################################################
### STATE: StartTask - T_ReadData
##############################################################
050167e3-7605-4076-89ac-55f49898cab0
T_ReadData


2024-04-17 20:35:04,891 [TScriptEngine] INFO  JobRequest
**************************************************************
*** TASK: T_ReadData
**************************************************************
 - STEP 73: S7b5451ab03f24e968aa01b02443d0230 (1/16) - (26/28)
 - [1] ChromeOpen


2024-04-17 20:35:05,891 [T28] DEBUG ChromeCommonExtension
extension default locale empty

2024-04-17 20:35:05,891 [T28] DEBUG ChromeCommonExtension
extension default locale empty

2024-04-17 20:35:06,328 [T28] DEBUG ChromeCommonExtension
extension default locale empty

2024-04-17 20:35:06,328 [T28] DEBUG ChromeCommonExtension
extension default locale empty

2024-04-17 20:35:11,472 [TScriptEngine] INFO  JobRequest
 - STEP 74: See956307f79448ce844eef8e27180a04 (2/16) - (26/28)
 - [2] ChromeClick


2024-04-17 20:35:26,679 [TScriptEngine] DEBUG ChromeFind
Chrome Find Wrapper : The object was not found.
Please re-specify the object.

2024-04-17 20:35:26,681 [TScriptEngine] WARN  ScriptSupport
CatchException: The object was not found.
Please re-specify the object.

2024-04-17 20:35:26,693 [TScriptEngine] INFO  JobRequest
 - STEP 75: Se42655ba1e1144508c70d4d4e6bc5645 (4/16) - (26/28)
 - [4] ChromeGetData


2024-04-17 20:35:35,661 [T34] INFO  JobService
Stop Job

2024-04-17 20:35:35,664 [T34] INFO  JobRunner
Stop Job Runner - Cause: LocalUser / Message: stop by user

2024-04-17 20:35:35,665 [T34] INFO  JobRequest
##############################################################
### STATE: Stopping
##############################################################
stop by user


2024-04-17 20:35:35,690 [T5] DEBUG JobRequest
Callback - State: Stopping
stop by user

2024-04-17 20:35:35,693 [TScriptEngine] DEBUG ChromeFind
Chrome Find Wrapper : O thread foi interrompido por um estado de espera.

2024-04-17 20:35:35,697 [TScriptEngine] DEBUG JobRunner
RunTask Interrupted. TASK: T_ReadData => Script execution interrupted by host

2024-04-17 20:35:35,718 [TScriptEngine] DEBUG JobRunner
RunTask Interrupted. TASK: P_Atividade => O thread foi interrompido por um estado de espera.

2024-04-17 20:35:35,996 [TScriptEngine] DEBUG JobManager
Set Result State: Stopped

2024-04-17 20:35:36,030 [TScriptEngine] INFO  JobRunner
Make report.

2024-04-17 20:35:36,310 [TScriptEngine] INFO  JobRunner
Start to clean up resources.

2024-04-17 20:35:36,313 [T29] DEBUG JobRunner
Start timer for checking the job to be completed.

2024-04-17 20:35:36,315 [TScriptEngine] DEBUG JobRunner
OnProcessCompleted

2024-04-17 20:35:36,336 [TScriptEngine] DEBUG ExcelBase
DisposeExcel

2024-04-17 20:35:36,367 [TScriptEngine] INFO  JobRunner
Start to clean up resources.

2024-04-17 20:35:36,369 [TScriptEngine] DEBUG JobRunner
Remove all Process Stack: 2

2024-04-17 20:35:36,393 [TScriptEngine] INFO  JobRequest
##############################################################
### STATE: EndTask - T_ReadData
##############################################################
050167e3-7605-4076-89ac-55f49898cab0
T_ReadData


2024-04-17 20:35:36,394 [TScriptEngine] INFO  JobRequest
##############################################################
### STATE: EndProcess - P_Atividade
##############################################################
05688af9-4021-4715-968f-8735111f8ff4
P_Atividade


2024-04-17 20:35:36,397 [TScriptEngine] DEBUG JobRunner
Remove all libraries

2024-04-17 20:35:36,399 [TScriptEngine] DEBUG NetPlayer
WebPlayer OnDispose

2024-04-17 20:35:36,403 [TScriptEngine] DEBUG WebPlayer
WebPlayer OnDispose : Do Nothing

2024-04-17 20:35:36,405 [TScriptEngine] DEBUG UIAEventHandler
Stop UIA event handler

2024-04-17 20:35:36,430 [TScriptEngine] DEBUG UiaAppHelper
WinHelper DisposeAppList Count: 0

2024-04-17 20:35:36,431 [TScriptEngine] INFO  JobRunner
All Resources Clear

2024-04-17 20:35:36,433 [TScriptEngine] DEBUG JobRunner
OnCompleted

2024-04-17 20:35:36,434 [TScriptEngine] DEBUG JobRunner
SendJobResult: Stopped

2024-04-17 20:35:36,434 [TScriptEngine] INFO  JobRequest
##############################################################
### STATE: Stopped
##############################################################
Process: P_Atividade
Task: T_ReadData
Step: ChromeGetData (4/16)

Stopped by User


2024-04-17 20:35:36,434 [TScriptEngine] INFO  JobRequest
Last job life cycle state: Stopped

2024-04-17 20:35:36,434 [TScriptEngine] INFO  JobRequest
Update skipped current step informations.

2024-04-17 20:35:36,453 [TScriptEngine] INFO  JobRequest
##############################################################
### JOB COMPLETED
##############################################################


2024-04-17 20:35:36,467 [T5] DEBUG JobRequest
Callback - State: Stopped
Process: P_Atividade
Task: T_ReadData
Step: ChromeGetData (4/16)

Stopped by User

2024-04-17 20:35:36,469 [T5] INFO  JobRequest
Callback - EngineClosed

2024-04-17 20:35:36,471 [T5] INFO  JobService
Disconnect agent service

2024-04-17 20:35:36,475 [T5] DEBUG JobRequest
End of Callback Sender

2024-04-17 20:35:36,484 [TScriptEngine] INFO  JobRunner
RunProcess end

2024-04-17 20:35:36,485 [T1] INFO  JobService
Exit - Shutdown Engine BOT

