2024-04-17 20:25:46,428 [T1] INFO  EngineStarter
BOT Engine Start - v3.1.000.01101
BOT ID: D_20240417_202545_458
BOT PID: 2796
BOT PPID: 15112
BOT Working Directory: C:\Users\aysla\AppData\Roaming\Brity RPA Designer

2024-04-17 20:25:46,444 [T1] INFO  EngineStarter
System Language: pt-BR
Resolution: 1366 x 768

2024-04-17 20:25:46,725 [T1] INFO  Config
Initialize Config

2024-04-17 20:25:46,756 [T1] DEBUG Config
Config Loaded

2024-04-17 20:25:46,756 [T1] DEBUG Config
Backup config file.

2024-04-17 20:25:46,788 [T1] INFO  Config
Orchestrator Service => https://orch.sdsbrity.com:8777

2024-04-17 20:25:46,788 [T1] INFO  Config
Initialize Resource Config

2024-04-17 20:25:46,850 [T1] DEBUG Config
Refresh Language Information

2024-04-17 20:25:46,960 [T1] INFO  Config
All Config Initialized.

2024-04-17 20:25:46,960 [T1] DEBUG KeyManager
Initialize KeyManager

2024-04-17 20:25:46,975 [T1] DEBUG KeyManager
Device ID is initialized.

2024-04-17 20:25:47,006 [T1] INFO  CertLicenseClient
Initialize certificate.

2024-04-17 20:25:47,006 [T1] DEBUG CertLicenseClient
Set Security Protocol: Tls12

2024-04-17 20:25:47,053 [T4] DEBUG JobService
Connect to agent service

2024-04-17 20:25:47,084 [T4] DEBUG JobService
JobService URL : net.tcp://127.0.0.1:59001/rpa/agent

2024-04-17 20:25:47,084 [T4] DEBUG JobService
Open connection

2024-04-17 20:25:47,084 [T1] DEBUG ApplicationInitializer
InitMode: Thread

2024-04-17 20:25:47,100 [T1] INFO  LibraryManager
Load Libraries - Started

2024-04-17 20:25:47,116 [T4] DEBUG JobService
Register engine to agent

2024-04-17 20:25:47,116 [T1] DEBUG AddInLoader
Load Assembly : IPA.Lib.Chrome

2024-04-17 20:25:47,131 [T4] DEBUG JobService
Engine is connected to agent service.

2024-04-17 20:25:47,131 [T4] DEBUG JobService
Owner Process PID: 15112

2024-04-17 20:25:47,131 [T4] INFO  JobService
Start monitoring owner process is terminated.

2024-04-17 20:25:47,366 [T1] DEBUG AddInLoader
Load Assembly : IPA.Lib.Desktop

2024-04-17 20:25:47,629 [T1] DEBUG AddInLoader
Load Assembly : IPA.Lib.Excel

2024-04-17 20:25:47,817 [T1] DEBUG AddInLoader
Load Assembly : IPA.Lib.Flow

2024-04-17 20:25:47,961 [T1] DEBUG AddInLoader
Load Assembly : IPA.Lib.IE

2024-04-17 20:25:48,071 [T1] DEBUG AddInLoader
Load Assembly : IPA.Lib.ImageConverter

2024-04-17 20:25:48,133 [T1] DEBUG AddInLoader
Load Assembly : IPA.Lib.ImageRecognition

2024-04-17 20:25:48,383 [T1] DEBUG AddInLoader
Load Assembly : IPA.Lib.MicrosoftOCR

2024-04-17 20:25:48,477 [T1] DEBUG AddInLoader
Load Assembly : IPA.Lib.Net

2024-04-17 20:25:48,571 [T1] DEBUG AddInLoader
Load Assembly : IPA.Lib.Orchestra

2024-04-17 20:25:48,664 [T1] DEBUG AddInLoader
Load Assembly : IPA.Lib.ProcessFlow

2024-04-17 20:25:48,758 [T1] DEBUG AddInLoader
Load Assembly : IPA.Lib.SAP

2024-04-17 20:25:48,852 [T1] DEBUG AddInLoader
Load Assembly : IPA.Lib.Web

2024-04-17 20:25:49,008 [T1] DEBUG AddInLoader
Load Assembly : IPA.Lib.Win

2024-04-17 20:25:49,149 [T1] INFO  ScreenCapture
Default Screen Capture Bounds: 0;0;1366;768

2024-04-17 20:25:49,180 [T1] DEBUG AddInLoader
Load Assembly : BrityRPA.AddIn.NativeApp

2024-04-17 20:25:49,305 [T1] DEBUG AddInLoader
Load Assembly : BrityWorks.AddIn.Outlook

2024-04-17 20:25:49,383 [T1] DEBUG AddInLoader
Load Assembly : BrityWorks.AddIn.Pdf

2024-04-17 20:25:49,461 [T1] DEBUG LibraryManager
Load Library - Chrome

2024-04-17 20:25:49,461 [T1] DEBUG LibraryManager
Load Library - Desktop

2024-04-17 20:25:49,461 [T1] DEBUG LibraryManager
Load Library - Excel

2024-04-17 20:25:49,461 [T1] DEBUG LibraryManager
Load Library - Flow

2024-04-17 20:25:49,461 [T1] DEBUG LibraryManager
Load Library - IE

2024-04-17 20:25:49,461 [T1] DEBUG LibraryManager
Load Library - ImageConverter

2024-04-17 20:25:49,461 [T1] DEBUG LibraryManager
Load Library - ImageRecognition

2024-04-17 20:25:49,477 [T1] DEBUG LibraryManager
Load Library - MicrosoftOCR

2024-04-17 20:25:49,477 [T1] DEBUG LibraryManager
Load Library - NativeApp

2024-04-17 20:25:49,477 [T1] DEBUG LibraryManager
Load Library - Net

2024-04-17 20:25:49,477 [T1] DEBUG LibraryManager
Load Library - Orchestra

2024-04-17 20:25:49,477 [T1] DEBUG LibraryManager
Load Library - Outlook

2024-04-17 20:25:49,477 [T1] DEBUG LibraryManager
Load Library - Pdf

2024-04-17 20:25:49,477 [T1] DEBUG LibraryManager
Load Library - SAP

2024-04-17 20:25:49,477 [T1] DEBUG LibraryManager
Load Library - Web

2024-04-17 20:25:49,477 [T1] DEBUG LibraryManager
Load Library - Win

2024-04-17 20:25:49,477 [T1] DEBUG LibraryManager
Load Library - WorkFlow

2024-04-17 20:25:49,477 [T1] DEBUG LibraryManager
Load built-in script libraries

2024-04-17 20:25:49,602 [T1] INFO  LibraryManager
Load Libraries - Completed.

2024-04-17 20:25:49,617 [T1] INFO  App
Launch Arguments: Total: 6 |  -eid D_20240417_202545_458 -runtype ProcRunner -ppid 15112

2024-04-17 20:25:49,617 [T1] DEBUG Config
Refresh Language Information

2024-04-17 20:25:49,617 [T1] DEBUG LibraryManager
LibraryManager Initialized.

2024-04-17 20:26:20,240 [T9] INFO  JobService
Start Job: P_Atividade (Foreground)
{
  "UsePIP": false,
  "UserID": null,
  "UserPWD": null,
  "IsRunning": false,
  "ResultMessage": null,
  "JobWorkDir": "C:\\Users\\aysla\\OneDrive\\Documents\\Brity RPA Projects\\Atividade\\Histories\\20240417_202619_P_Atividade_Designer_20240417_202614_916",
  "JobLogDir": "C:\\Users\\aysla\\OneDrive\\Documents\\Brity RPA Projects\\Atividade\\Histories\\20240417_202619_P_Atividade_Designer_20240417_202614_916\\Log",
  "JobScreenshotDir": "C:\\Users\\aysla\\OneDrive\\Documents\\Brity RPA Projects\\Atividade\\Histories\\20240417_202619_P_Atividade_Designer_20240417_202614_916\\Log\\Screenshot",
  "TotalProcessStepCount": 0,
  "CurrentStepNo": 0,
  "CurrentStepName": null,
  "StartTime": "2024-04-17 20:26:19",
  "EndTime": null,
  "Data": null,
  "EngineID": "D_20240417_202545_458",
  "EnginePID": 0,
  "EngineRecommededVersion": "",
  "JobId": "Designer_20240417_202614_916",
  "JobType": 1,
  "UserAuthentication": null,
  "ProcessPath": "C:\\Users\\aysla\\OneDrive\\Documents\\Brity RPA Projects\\Atividade\\P_Atividade.proc",
  "ProcessId": "05688af9-4021-4715-968f-8735111f8ff4",
  "ProcessVer": "",
  "ProcessArgs": null,
  "RequesterType": 3,
  "RequesterId": "designer",
  "RequesterPID": 15112,
  "OptionsJsonString": null,
  "TimeoutSec": 0,
  "State": 0
}

2024-04-17 20:26:20,396 [T11] DEBUG JobService
Waiting library loading...

2024-04-17 20:26:20,396 [T11] DEBUG Config
Reload User Settings

2024-04-17 20:26:20,396 [T11] INFO  Config
UserSettings Reloaded =>
 - PlayPopup : true -> false
 - LastExecution : cGFY1WOuNEbRCjRj6VGOC3DBbyuAZnnRk+bEoYTKKRA= -> i7ThCfj+IP66k0xop5j/KudZE5Rym9gOQupe/Esxo10=

2024-04-17 20:26:20,396 [T11] INFO  JobService
Config Loading Completed.

2024-04-17 20:26:20,396 [T11] DEBUG JobService
Config Loading Time: 0 ms.

2024-04-17 20:26:20,411 [T11] INFO  JobManager
Create JobManager instance for job P_Atividade(Designer_20240417_202614_916)

2024-04-17 20:26:20,411 [T11] INFO  JobRequest
Job ID : Designer_20240417_202614_916
Project Path  : C:\Users\aysla\OneDrive\Documents\Brity RPA Projects\Atividade\Atividade.proj
Process Name  : P_Atividade
Engine Mode   : Designer
Requester Type: Designer
Requester PID : 15112

2024-04-17 20:26:20,427 [T12] INFO  JobRequest
Start Callback Sender

2024-04-17 20:26:20,427 [T12] DEBUG JobRequest
Step Callback Interval: 500

2024-04-17 20:26:20,474 [T11] DEBUG ProjectManager
Set Project Information

2024-04-17 20:26:20,489 [T11] INFO  PlayOptionManager
PlayOption
- Step Interval : 1
- Disable DrawBounds : False
- Invoke First : False
- Allow Upload of DumpScreen results : False

2024-04-17 20:26:20,489 [T11] INFO  JobRunner
Initialize Script Engine

2024-04-17 20:26:20,505 [TScriptEngine] INFO  JobRequest
##############################################################
### STATE: Initializing
##############################################################


2024-04-17 20:26:20,536 [T12] DEBUG JobRequest
Callback - State: Initializing


2024-04-17 20:26:21,442 [TScriptEngine] INFO  JobRequest
##############################################################
### STATE: Ready
##############################################################


2024-04-17 20:26:21,458 [T12] DEBUG JobRequest
Callback - State: Ready


2024-04-17 20:26:21,458 [T11] INFO  JobRunnerHook
HotKey Hook Started

2024-04-17 20:26:21,458 [T11] INFO  JobRequest
##############################################################
### STATE: Starting
##############################################################


2024-04-17 20:26:21,458 [TScriptEngine] INFO  JobRunner
RunProcess start

2024-04-17 20:26:21,458 [TScriptEngine] INFO  JobRequest
##############################################################
### STATE: Running
##############################################################


2024-04-17 20:26:21,458 [TScriptEngine] INFO  JobRequest
Last job life cycle state: Running

2024-04-17 20:26:21,474 [T12] DEBUG JobRequest
Callback - State: Starting


2024-04-17 20:26:21,489 [T12] DEBUG JobRequest
Callback - State: Running


2024-04-17 20:26:21,630 [TScriptEngine] WARN  ProcessDataValidator
It can be occurred a malfunction to play P_Atividade,
because this system is different from designed system environment.
(OS, Resolution, etc)

2024-04-17 20:26:22,504 [TScriptEngine] DEBUG ScreenCapture
DirectX Screen Capture Initialized.

2024-04-17 20:26:22,567 [TScriptEngine] DEBUG JobRunner
DirectX ScreenCapture Checked.

2024-04-17 20:26:22,598 [TScriptEngine] INFO  JobRequest
##############################################################
### STATE: StartProcess - P_Atividade
##############################################################
05688af9-4021-4715-968f-8735111f8ff4
P_Atividade


2024-04-17 20:26:22,661 [TScriptEngine] INFO  JobRequest
**************************************************************
*** TASK: P_Atividade
**************************************************************
 - STEP 1: S81a0ebfb5a2c4a8b9a71dee37d7e0b78 (1/13) - (1/24)
 - [1] ExecuteScript


2024-04-17 20:26:22,801 [TScriptEngine] INFO  JobRequest
 - STEP 2: S2f262c6eb2384f8789f53ce6aa08aa75 (2/13) - (2/24)
 - [2] GetActiveExcel


2024-04-17 20:26:23,170 [TScriptEngine] INFO  JobRequest
 - STEP 3: Sa2ffea335c68462984398f8647d25471 (3/13) - (3/24)
 - [3] GetRowCount


2024-04-17 20:26:23,420 [TScriptEngine] INFO  JobRequest
 - STEP 4: Sda3e6b23bb1a4d39affe5280218ea58b (4/13) - (4/24)
 - [4] For


2024-04-17 20:26:23,435 [TScriptEngine] INFO  JobRequest
 - STEP 5: Sdea2da61b925487181471142e9aaa813 (5/13) - (5/24)
 - [5] ChromeClose


2024-04-17 20:26:25,189 [TScriptEngine] INFO  JobRequest
 - STEP 6: S09d63d9d3fda427bb7475440858c030e (6/13) - (6/24)
 - [6] ReadString


2024-04-17 20:26:25,376 [TScriptEngine] INFO  JobRequest
 - STEP 7: S7e95aa17246a433abdcada2f20679a68 (7/13) - (7/24)
 - [7] ExecuteScript


2024-04-17 20:26:25,392 [TScriptEngine] INFO  JobRequest
 - STEP 8: Sb01899dd9dcc43c9adaaaab1ed7a6f0c (8/13) - (8/24)
 - [8] IfElse


2024-04-17 20:26:25,408 [TScriptEngine] INFO  JobRequest
 - STEP 9: Sa9456650272b4b5e83a3073cf8af312a (9/13) - (9/24)
 - [9] RunTask


2024-04-17 20:26:25,423 [TScriptEngine] INFO  JobRequest
##############################################################
### STATE: StartTask - T_ReadData
##############################################################
050167e3-7605-4076-89ac-55f49898cab0
T_ReadData


2024-04-17 20:26:25,439 [TScriptEngine] INFO  JobRequest
**************************************************************
*** TASK: T_ReadData
**************************************************************
 - STEP 10: S7b5451ab03f24e968aa01b02443d0230 (1/12) - (10/24)
 - [1] ChromeOpen


2024-04-17 20:26:25,517 [T22] DEBUG ChromeCommonExtension
extension default locale empty

2024-04-17 20:26:25,517 [T22] DEBUG ChromeCommonExtension
extension default locale empty

2024-04-17 20:26:26,016 [T22] DEBUG ChromeCommonExtension
extension default locale empty

2024-04-17 20:26:26,016 [T22] DEBUG ChromeCommonExtension
extension default locale empty

2024-04-17 20:26:30,941 [TScriptEngine] INFO  JobRequest
 - STEP 11: See956307f79448ce844eef8e27180a04 (2/12) - (11/24)
 - [2] ChromeClick


2024-04-17 20:26:35,534 [TScriptEngine] INFO  JobRequest
 - STEP 12: Se42655ba1e1144508c70d4d4e6bc5645 (4/12) - (12/24)
 - [4] ChromeGetData


2024-04-17 20:26:36,836 [TScriptEngine] INFO  JobRequest
 - STEP 13: S07a6862599344a3cb4f9d8f92573b57c (5/12) - (13/24)
 - [5] ChromeGetData


2024-04-17 20:26:37,081 [TScriptEngine] INFO  JobRequest
 - STEP 14: S0139794d469e4c37b7f7c8dfcf659bbb (6/12) - (14/24)
 - [6] ChromeClick


2024-04-17 20:26:37,373 [TScriptEngine] INFO  JobRequest
 - STEP 15: Sb9383e8601e14d419d1783e0adc2efcc (7/12) - (15/24)
 - [7] Delay


2024-04-17 20:26:42,400 [TScriptEngine] INFO  JobRequest
 - STEP 16: S5dcbe24ae3c04ed3ad3bfe00fefd64de (8/12) - (16/24)
 - [8] GetText


2024-04-17 20:26:44,153 [T21] INFO  UIAEventHandler
Start UIA event handler

2024-04-17 20:26:45,168 [T21] DEBUG UIAEventHandler
UI Structure Changed Count: 0

2024-04-17 20:26:45,168 [T21] INFO  UIAEventHandler
waiting for 906 msec during the screen structure is changing.

2024-04-17 20:26:45,544 [T21] DEBUG UIAEventHandler
UI Structure Changed Count: 0

2024-04-17 20:26:45,544 [T21] INFO  UIAEventHandler
waiting for 88 msec during the screen structure is changing.

2024-04-17 20:26:45,590 [TScriptEngine] DEBUG UIAElement
Failed to get object text information: O método ou a operação não está implementada.

2024-04-17 20:26:45,622 [TScriptEngine] INFO  JobRequest
 - STEP 17: Sbde1623e24bc4214bb96f9bccafb285f (9/12) - (17/24)
 - [9] GetActiveExcel


2024-04-17 20:26:45,808 [TScriptEngine] INFO  JobRequest
 - STEP 18: S9bd1d47825ec4548801937604e06103c (10/12) - (18/24)
 - [10] WriteString


2024-04-17 20:26:46,080 [TScriptEngine] INFO  JobRequest
 - STEP 19: Sffd9ac747bf54859ad6159140bb52f88 (11/12) - (19/24)
 - [11] WriteString


2024-04-17 20:26:46,313 [TScriptEngine] INFO  JobRequest
 - STEP 20: Sfd17e47c3890492aa7522e4a155f23f6 (12/12) - (20/24)
 - [12] WriteString


2024-04-17 20:26:47,025 [TScriptEngine] INFO  JobRunner
[PASS] TASK: T_ReadData

2024-04-17 20:26:47,041 [TScriptEngine] INFO  JobRequest
##############################################################
### STATE: EndTask - T_ReadData
##############################################################
050167e3-7605-4076-89ac-55f49898cab0
T_ReadData


2024-04-17 20:26:47,055 [TScriptEngine] INFO  JobRequest
**************************************************************
*** TASK: P_Atividade
**************************************************************
 - STEP 21: S1da9a24927094a558b63654f8830a226 (11/13) - (22/24)
 - [11] End-IfElse


2024-04-17 20:26:47,061 [TScriptEngine] INFO  JobRequest
 - STEP 22: Sdea2da61b925487181471142e9aaa813 (5/13) - (22/24)
 - [5] ChromeClose


2024-04-17 20:26:51,228 [TScriptEngine] INFO  JobRequest
 - STEP 23: S09d63d9d3fda427bb7475440858c030e (6/13) - (22/24)
 - [6] ReadString


2024-04-17 20:26:51,322 [TScriptEngine] INFO  JobRequest
 - STEP 24: S7e95aa17246a433abdcada2f20679a68 (7/13) - (22/24)
 - [7] ExecuteScript


2024-04-17 20:26:51,338 [TScriptEngine] INFO  JobRequest
 - STEP 25: Sb01899dd9dcc43c9adaaaab1ed7a6f0c (8/13) - (22/24)
 - [8] IfElse


2024-04-17 20:26:51,354 [TScriptEngine] INFO  JobRequest
 - STEP 26: Sa9456650272b4b5e83a3073cf8af312a (9/13) - (22/24)
 - [9] RunTask


2024-04-17 20:26:51,354 [TScriptEngine] INFO  JobRequest
##############################################################
### STATE: StartTask - T_ReadData
##############################################################
050167e3-7605-4076-89ac-55f49898cab0
T_ReadData


2024-04-17 20:26:51,369 [TScriptEngine] INFO  JobRequest
**************************************************************
*** TASK: T_ReadData
**************************************************************
 - STEP 27: S7b5451ab03f24e968aa01b02443d0230 (1/12) - (22/24)
 - [1] ChromeOpen


2024-04-17 20:26:51,369 [T6] DEBUG ChromeCommonExtension
extension default locale empty

2024-04-17 20:26:51,369 [T6] DEBUG ChromeCommonExtension
extension default locale empty

2024-04-17 20:26:51,822 [T6] DEBUG ChromeCommonExtension
extension default locale empty

2024-04-17 20:26:51,838 [T6] DEBUG ChromeCommonExtension
extension default locale empty

2024-04-17 20:27:02,830 [TScriptEngine] INFO  JobRequest
 - STEP 28: See956307f79448ce844eef8e27180a04 (2/12) - (22/24)
 - [2] ChromeClick


2024-04-17 20:27:03,469 [TScriptEngine] INFO  JobRequest
 - STEP 29: Se42655ba1e1144508c70d4d4e6bc5645 (4/12) - (22/24)
 - [4] ChromeGetData


2024-04-17 20:27:05,023 [TScriptEngine] INFO  JobRequest
 - STEP 30: S07a6862599344a3cb4f9d8f92573b57c (5/12) - (22/24)
 - [5] ChromeGetData


2024-04-17 20:27:15,152 [TScriptEngine] DEBUG ChromeFind
Chrome Find Wrapper : The object was not found.
Please re-specify the object.

2024-04-17 20:27:15,152 [TScriptEngine] WARN  ScriptSupport
CatchException: The object was not found.
Please re-specify the object.

2024-04-17 20:27:15,168 [TScriptEngine] INFO  JobRequest
 - STEP 31: S0139794d469e4c37b7f7c8dfcf659bbb (6/12) - (22/24)
 - [6] ChromeClick


2024-04-17 20:27:25,219 [TScriptEngine] DEBUG ChromeFind
Chrome Find Wrapper : The object was not found.
Please re-specify the object.

2024-04-17 20:27:31,437 [TScriptEngine] INFO  JobRunner
Try Pause

2024-04-17 20:27:31,437 [TScriptEngine] INFO  JobRequest
##############################################################
### STATE: Paused
##############################################################


2024-04-17 20:27:31,437 [TScriptEngine] INFO  JobRequest
Last job life cycle state: Paused

2024-04-17 20:27:31,463 [T12] DEBUG JobRequest
Callback - State: Paused


2024-04-17 20:27:44,210 [T3] INFO  JobService
Stop Job

2024-04-17 20:27:44,210 [T3] INFO  JobRunner
Stop Job Runner - Cause: LocalUser / Message: stop by user

2024-04-17 20:27:44,210 [T3] INFO  JobRequest
##############################################################
### STATE: Stopping
##############################################################
stop by user


2024-04-17 20:27:44,225 [TScriptEngine] FINE  JobRunner
RunTask ExceptionOccured. TASK: T_ReadData => The object was not found.
Please re-specify the object.

2024-04-17 20:27:44,241 [T12] DEBUG JobRequest
Callback - State: Stopping
stop by user

2024-04-17 20:27:44,247 [TScriptEngine] INFO  JobRequest
##############################################################
### STATE: EndTask - T_ReadData
##############################################################
050167e3-7605-4076-89ac-55f49898cab0
T_ReadData


2024-04-17 20:27:44,250 [TScriptEngine] DEBUG JobRunner
RunTask Interrupted. TASK: P_Atividade => O thread foi interrompido por um estado de espera.

2024-04-17 20:27:44,266 [TScriptEngine] DEBUG JobManager
Set Result State: Stopped

2024-04-17 20:27:44,266 [TScriptEngine] INFO  JobRunner
Make report.

2024-04-17 20:27:44,313 [TScriptEngine] INFO  JobRunner
Start to clean up resources.

2024-04-17 20:27:44,313 [TScriptEngine] DEBUG JobRunner
OnProcessCompleted

2024-04-17 20:27:44,313 [T21] DEBUG JobRunner
Start timer for checking the job to be completed.

2024-04-17 20:27:44,313 [TScriptEngine] DEBUG ExcelBase
DisposeExcel

2024-04-17 20:27:44,328 [TScriptEngine] INFO  JobRunner
Start to clean up resources.

2024-04-17 20:27:44,328 [TScriptEngine] DEBUG JobRunner
Remove all Process Stack: 1

2024-04-17 20:27:44,328 [TScriptEngine] INFO  JobRequest
##############################################################
### STATE: EndProcess - P_Atividade
##############################################################
05688af9-4021-4715-968f-8735111f8ff4
P_Atividade


2024-04-17 20:27:44,344 [TScriptEngine] DEBUG JobRunner
Remove all libraries

2024-04-17 20:27:44,344 [TScriptEngine] DEBUG NetPlayer
WebPlayer OnDispose

2024-04-17 20:27:44,344 [TScriptEngine] DEBUG WebPlayer
WebPlayer OnDispose : Do Nothing

2024-04-17 20:27:44,344 [TScriptEngine] DEBUG UIAEventHandler
Stop UIA event handler

2024-04-17 20:27:44,360 [TScriptEngine] DEBUG UiaAppHelper
WinHelper DisposeAppList Count: 0

2024-04-17 20:27:44,360 [TScriptEngine] INFO  JobRunner
All Resources Clear

2024-04-17 20:27:44,360 [TScriptEngine] DEBUG JobRunner
OnCompleted

2024-04-17 20:27:44,360 [TScriptEngine] DEBUG JobRunner
SendJobResult: Stopped

2024-04-17 20:27:44,360 [TScriptEngine] INFO  JobRequest
##############################################################
### STATE: Stopped
##############################################################
Process: P_Atividade

Stopped by User


2024-04-17 20:27:44,360 [TScriptEngine] INFO  JobRequest
Last job life cycle state: Stopped

2024-04-17 20:27:44,360 [TScriptEngine] INFO  JobRequest
Update skipped current step informations.

2024-04-17 20:27:44,360 [TScriptEngine] INFO  JobRequest
##############################################################
### JOB COMPLETED
##############################################################


2024-04-17 20:27:44,376 [T12] DEBUG JobRequest
Callback - State: Stopped
Process: P_Atividade

Stopped by User

2024-04-17 20:27:44,376 [T12] INFO  JobRequest
Callback - EngineClosed

2024-04-17 20:27:44,376 [T12] INFO  JobService
Disconnect agent service

2024-04-17 20:27:44,376 [T12] DEBUG JobRequest
End of Callback Sender

2024-04-17 20:27:44,391 [TScriptEngine] INFO  JobRunner
RunProcess end

2024-04-17 20:27:44,391 [T1] INFO  JobService
Exit - Shutdown Engine BOT

