2024-04-20 19:54:34,035 [T1] INFO  EngineStarter
BOT Engine Start - v3.1.000.01101
BOT ID: D_20240420_195432_793
BOT PID: 12952
BOT PPID: 9512
BOT Working Directory: C:\Users\aysla\AppData\Roaming\Brity RPA Designer

2024-04-20 19:54:34,051 [T1] INFO  EngineStarter
System Language: pt-BR
Resolution: 1920 x 1848

2024-04-20 19:54:34,576 [T1] INFO  Config
Initialize Config

2024-04-20 19:54:34,636 [T1] DEBUG Config
Config Loaded

2024-04-20 19:54:34,637 [T1] DEBUG Config
Backup config file.

2024-04-20 19:54:34,669 [T1] INFO  Config
Orchestrator Service => https://orch.sdsbrity.com:8777

2024-04-20 19:54:34,676 [T1] INFO  Config
Initialize Resource Config

2024-04-20 19:54:34,752 [T1] DEBUG Config
Refresh Language Information

2024-04-20 19:54:34,901 [T1] INFO  Config
All Config Initialized.

2024-04-20 19:54:34,904 [T1] DEBUG KeyManager
Initialize KeyManager

2024-04-20 19:54:34,912 [T1] DEBUG KeyManager
Device ID is initialized.

2024-04-20 19:54:34,958 [T1] INFO  CertLicenseClient
Initialize certificate.

2024-04-20 19:54:34,961 [T1] DEBUG CertLicenseClient
Set Security Protocol: Tls12

2024-04-20 19:54:35,010 [T4] DEBUG JobService
Connect to agent service

2024-04-20 19:54:35,116 [T4] DEBUG JobService
JobService URL : net.tcp://127.0.0.1:59001/rpa/agent

2024-04-20 19:54:35,120 [T4] DEBUG JobService
Open connection

2024-04-20 19:54:35,132 [T1] DEBUG ApplicationInitializer
InitMode: Thread

2024-04-20 19:54:35,144 [T1] INFO  LibraryManager
Load Libraries - Started

2024-04-20 19:54:35,146 [T4] DEBUG JobService
Register engine to agent

2024-04-20 19:54:35,164 [T4] DEBUG JobService
Engine is connected to agent service.

2024-04-20 19:54:35,164 [T4] DEBUG JobService
Owner Process PID: 9512

2024-04-20 19:54:35,170 [T4] INFO  JobService
Start monitoring owner process is terminated.

2024-04-20 19:54:35,170 [T1] DEBUG AddInLoader
Load Assembly : IPA.Lib.Chrome

2024-04-20 19:54:35,415 [T1] DEBUG AddInLoader
Load Assembly : IPA.Lib.Desktop

2024-04-20 19:54:35,665 [T1] DEBUG AddInLoader
Load Assembly : IPA.Lib.Excel

2024-04-20 19:54:35,853 [T1] DEBUG AddInLoader
Load Assembly : IPA.Lib.Flow

2024-04-20 19:54:36,028 [T1] DEBUG AddInLoader
Load Assembly : IPA.Lib.IE

2024-04-20 19:54:36,160 [T1] DEBUG AddInLoader
Load Assembly : IPA.Lib.ImageConverter

2024-04-20 19:54:36,253 [T1] DEBUG AddInLoader
Load Assembly : IPA.Lib.ImageRecognition

2024-04-20 19:54:36,578 [T1] DEBUG AddInLoader
Load Assembly : IPA.Lib.MicrosoftOCR

2024-04-20 19:54:36,691 [T1] DEBUG AddInLoader
Load Assembly : IPA.Lib.Net

2024-04-20 19:54:36,793 [T1] DEBUG AddInLoader
Load Assembly : IPA.Lib.Orchestra

2024-04-20 19:54:36,880 [T1] DEBUG AddInLoader
Load Assembly : IPA.Lib.ProcessFlow

2024-04-20 19:54:36,987 [T1] DEBUG AddInLoader
Load Assembly : IPA.Lib.SAP

2024-04-20 19:54:37,071 [T1] DEBUG AddInLoader
Load Assembly : IPA.Lib.Web

2024-04-20 19:54:37,205 [T1] DEBUG AddInLoader
Load Assembly : IPA.Lib.Win

2024-04-20 19:54:37,365 [T1] INFO  ScreenCapture
Default Screen Capture Bounds: -336;-1080;1920;1848

2024-04-20 19:54:37,408 [T1] DEBUG AddInLoader
Load Assembly : BrityRPA.AddIn.NativeApp

2024-04-20 19:54:37,533 [T1] DEBUG AddInLoader
Load Assembly : BrityWorks.AddIn.Outlook

2024-04-20 19:54:37,607 [T1] DEBUG AddInLoader
Load Assembly : BrityWorks.AddIn.Pdf

2024-04-20 19:54:37,710 [T1] DEBUG LibraryManager
Load Library - Chrome

2024-04-20 19:54:37,714 [T1] DEBUG LibraryManager
Load Library - Desktop

2024-04-20 19:54:37,716 [T1] DEBUG LibraryManager
Load Library - Excel

2024-04-20 19:54:37,717 [T1] DEBUG LibraryManager
Load Library - Flow

2024-04-20 19:54:37,718 [T1] DEBUG LibraryManager
Load Library - IE

2024-04-20 19:54:37,719 [T1] DEBUG LibraryManager
Load Library - ImageConverter

2024-04-20 19:54:37,720 [T1] DEBUG LibraryManager
Load Library - ImageRecognition

2024-04-20 19:54:37,722 [T1] DEBUG LibraryManager
Load Library - MicrosoftOCR

2024-04-20 19:54:37,723 [T1] DEBUG LibraryManager
Load Library - NativeApp

2024-04-20 19:54:37,728 [T1] DEBUG LibraryManager
Load Library - Net

2024-04-20 19:54:37,729 [T1] DEBUG LibraryManager
Load Library - Orchestra

2024-04-20 19:54:37,731 [T1] DEBUG LibraryManager
Load Library - Outlook

2024-04-20 19:54:37,731 [T1] DEBUG LibraryManager
Load Library - Pdf

2024-04-20 19:54:37,731 [T1] DEBUG LibraryManager
Load Library - SAP

2024-04-20 19:54:37,733 [T1] DEBUG LibraryManager
Load Library - Web

2024-04-20 19:54:37,733 [T1] DEBUG LibraryManager
Load Library - Win

2024-04-20 19:54:37,734 [T1] DEBUG LibraryManager
Load Library - WorkFlow

2024-04-20 19:54:37,743 [T1] DEBUG LibraryManager
Load built-in script libraries

2024-04-20 19:54:37,871 [T1] INFO  LibraryManager
Load Libraries - Completed.

2024-04-20 19:54:37,882 [T1] INFO  App
Launch Arguments: Total: 6 |  -eid D_20240420_195432_793 -runtype ProcRunner -ppid 9512

2024-04-20 19:54:37,883 [T1] DEBUG Config
Refresh Language Information

2024-04-20 19:54:37,883 [T1] DEBUG LibraryManager
LibraryManager Initialized.

2024-04-20 19:54:39,181 [T8] INFO  JobService
Start Job: P_Atividade (Foreground)
{
  "UsePIP": false,
  "UserID": null,
  "UserPWD": null,
  "IsRunning": false,
  "ResultMessage": null,
  "JobWorkDir": "C:\\Users\\aysla\\OneDrive\\Documents\\Brity RPA Projects\\Atividade\\Histories\\20240420_195438_P_Atividade_Designer_20240420_195438_786",
  "JobLogDir": "C:\\Users\\aysla\\OneDrive\\Documents\\Brity RPA Projects\\Atividade\\Histories\\20240420_195438_P_Atividade_Designer_20240420_195438_786\\Log",
  "JobScreenshotDir": "C:\\Users\\aysla\\OneDrive\\Documents\\Brity RPA Projects\\Atividade\\Histories\\20240420_195438_P_Atividade_Designer_20240420_195438_786\\Log\\Screenshot",
  "TotalProcessStepCount": 0,
  "CurrentStepNo": 0,
  "CurrentStepName": null,
  "StartTime": "2024-04-20 19:54:38",
  "EndTime": null,
  "Data": null,
  "EngineID": "D_20240420_195432_793",
  "EnginePID": 0,
  "EngineRecommededVersion": "",
  "JobId": "Designer_20240420_195438_786",
  "JobType": 1,
  "UserAuthentication": null,
  "ProcessPath": "C:\\Users\\aysla\\OneDrive\\Documents\\Brity RPA Projects\\Atividade\\P_Atividade.proc",
  "ProcessId": "05688af9-4021-4715-968f-8735111f8ff4",
  "ProcessVer": "",
  "ProcessArgs": null,
  "RequesterType": 3,
  "RequesterId": "designer",
  "RequesterPID": 9512,
  "OptionsJsonString": null,
  "TimeoutSec": 0,
  "State": 0
}

2024-04-20 19:54:39,369 [T7] DEBUG JobService
Waiting library loading...

2024-04-20 19:54:39,372 [T7] DEBUG Config
Reload User Settings

2024-04-20 19:54:39,373 [T7] INFO  JobService
Config Loading Completed.

2024-04-20 19:54:39,373 [T7] DEBUG JobService
Config Loading Time: 3 ms.

2024-04-20 19:54:39,384 [T7] INFO  JobManager
Create JobManager instance for job P_Atividade(Designer_20240420_195438_786)

2024-04-20 19:54:39,391 [T7] INFO  JobRequest
Job ID : Designer_20240420_195438_786
Project Path  : C:\Users\aysla\OneDrive\Documents\Brity RPA Projects\Atividade\Atividade.proj
Process Name  : P_Atividade
Engine Mode   : Designer
Requester Type: Designer
Requester PID : 9512

2024-04-20 19:54:39,394 [T5] INFO  JobRequest
Start Callback Sender

2024-04-20 19:54:39,394 [T5] DEBUG JobRequest
Step Callback Interval: 500

2024-04-20 19:54:39,473 [T7] DEBUG ProjectManager
Set Project Information

2024-04-20 19:54:39,510 [T7] INFO  PlayOptionManager
PlayOption
- Step Interval : 1
- Disable DrawBounds : False
- Invoke First : False
- Allow Upload of DumpScreen results : False

2024-04-20 19:54:39,511 [T7] INFO  JobRunner
Initialize Script Engine

2024-04-20 19:54:39,534 [TScriptEngine] INFO  JobRequest
##############################################################
### STATE: Initializing
##############################################################


2024-04-20 19:54:39,554 [T5] DEBUG JobRequest
Callback - State: Initializing


2024-04-20 19:54:40,634 [TScriptEngine] INFO  JobRequest
##############################################################
### STATE: Ready
##############################################################


2024-04-20 19:54:40,646 [T5] DEBUG JobRequest
Callback - State: Ready


2024-04-20 19:54:40,662 [T7] INFO  JobRunnerHook
HotKey Hook Started

2024-04-20 19:54:40,665 [T7] INFO  JobRequest
##############################################################
### STATE: Starting
##############################################################


2024-04-20 19:54:40,668 [TScriptEngine] INFO  JobRunner
RunProcess start

2024-04-20 19:54:40,671 [TScriptEngine] INFO  JobRequest
##############################################################
### STATE: Running
##############################################################


2024-04-20 19:54:40,672 [TScriptEngine] INFO  JobRequest
Last job life cycle state: Running

2024-04-20 19:54:40,713 [T5] DEBUG JobRequest
Callback - State: Starting


2024-04-20 19:54:40,714 [T5] DEBUG JobRequest
Callback - State: Running


2024-04-20 19:54:41,290 [TScriptEngine] WARN  ProcessDataValidator
It can be occurred a malfunction to play T_ReadData,
because this system is different from designed system environment.
(OS, Resolution, etc)

2024-04-20 19:54:42,168 [TScriptEngine] DEBUG ScreenCapture
DirectX Screen Capture Initialized.

2024-04-20 19:54:42,695 [TScriptEngine] DEBUG JobRunner
DirectX ScreenCapture Checked.

2024-04-20 19:54:42,726 [TScriptEngine] INFO  JobRequest
##############################################################
### STATE: StartProcess - P_Atividade
##############################################################
05688af9-4021-4715-968f-8735111f8ff4
P_Atividade


2024-04-20 19:54:42,789 [TScriptEngine] INFO  JobRequest
**************************************************************
*** TASK: P_Atividade
**************************************************************
 - STEP 1: S81a0ebfb5a2c4a8b9a71dee37d7e0b78 (1/17) - (1/33)
 - [1] ExecuteScript


2024-04-20 19:54:42,906 [TScriptEngine] INFO  JobRequest
 - STEP 2: S2fe14a09e8ec4fee96d82b281a338c15 (2/17) - (2/33)
 - [2] OpenExcel


2024-04-20 19:54:45,879 [TScriptEngine] INFO  JobRequest
 - STEP 3: Sa2ffea335c68462984398f8647d25471 (3/17) - (3/33)
 - [3] GetRowCount


2024-04-20 19:54:46,078 [TScriptEngine] INFO  JobRequest
 - STEP 4: Se4b2ea00830543c89117e6b63f8f7099 (4/17) - (4/33)
 - [4] For


2024-04-20 19:54:46,094 [TScriptEngine] INFO  JobRequest
 - STEP 5: Sdea2da61b925487181471142e9aaa813 (5/17) - (5/33)
 - [5] ChromeClose


2024-04-20 19:54:48,253 [TScriptEngine] DEBUG ChromeRemoteConnect
GetRemoteBrowserUsingEndPoint Fail : Um ou mais erros.

2024-04-20 19:54:48,254 [TScriptEngine] DEBUG LastUsedPageManager
lastUsedPage browser not exist

2024-04-20 19:54:48,259 [TScriptEngine] DEBUG RestorePuppeteer
Chrome Try RestoreConnection Start

2024-04-20 19:54:50,272 [TScriptEngine] DEBUG ChromeRemoteConnect
GetRemoteBrowserUsingEndPoint Fail : Um ou mais erros.

2024-04-20 19:54:50,272 [TScriptEngine] DEBUG RestorePuppeteer
The page or browser has been disconnected.
Please check if the page or browser exists and try again. : Chrome Try RestoreConnection Fail : remoteBrowser is null

2024-04-20 19:54:50,272 [TScriptEngine] DEBUG RestorePuppeteer
Chrome Try RestoreConnection Fail : The page or browser has been disconnected.
Please check if the page or browser exists and try again.

2024-04-20 19:54:50,273 [TScriptEngine] DEBUG LastUsedPageManager
The page or browser has been disconnected.
Please check if the page or browser exists and try again.

2024-04-20 19:54:50,273 [TScriptEngine] ERROR ChromeClose
The page or browser has been disconnected.
Please check if the page or browser exists and try again.

2024-04-20 19:54:50,280 [TScriptEngine] WARN  ScriptSupport
CatchException: The page or browser has been disconnected.
Please check if the page or browser exists and try again.

2024-04-20 19:54:50,287 [TScriptEngine] INFO  JobRequest
 - STEP 6: S09d63d9d3fda427bb7475440858c030e (6/17) - (6/33)
 - [6] ReadString


2024-04-20 19:54:50,411 [TScriptEngine] INFO  JobRequest
 - STEP 7: S7e95aa17246a433abdcada2f20679a68 (7/17) - (7/33)
 - [7] ExecuteScript


2024-04-20 19:54:50,426 [TScriptEngine] INFO  JobRequest
 - STEP 8: Sb01899dd9dcc43c9adaaaab1ed7a6f0c (8/17) - (8/33)
 - [8] IfElse


2024-04-20 19:54:50,442 [TScriptEngine] INFO  JobRequest
 - STEP 9: S1294e846cb7e45fa87588af8fbb093d8 (9/17) - (9/33)
 - [9] Else


2024-04-20 19:54:50,458 [TScriptEngine] INFO  JobRequest
 - STEP 10: S4520f5ba2c86491bb60615333cf09df3 (10/17) - (10/33)
 - [10] GetActiveExcel


2024-04-20 19:54:50,537 [TScriptEngine] INFO  JobRequest
 - STEP 11: Sd2d8c5a614f84283bc4930fa6caf54a6 (11/17) - (11/33)
 - [11] ReadRange


2024-04-20 19:54:50,648 [TScriptEngine] INFO  JobRequest
 - STEP 12: Sf179dc02da1e444b891e6dc9f1bd3850 (12/17) - (12/33)
 - [12] IfThen


2024-04-20 19:54:50,664 [TScriptEngine] INFO  JobRequest
 - STEP 13: S66814069ae31455499a502c05b32a3eb (14/17) - (30/33)
 - [14] End-IfThen


2024-04-20 19:54:50,679 [TScriptEngine] INFO  JobRequest
 - STEP 14: S1da9a24927094a558b63654f8830a226 (15/17) - (31/33)
 - [15] End-IfElse


2024-04-20 19:54:50,695 [TScriptEngine] INFO  JobRequest
 - STEP 15: Sdea2da61b925487181471142e9aaa813 (5/17) - (31/33)
 - [5] ChromeClose


2024-04-20 19:54:51,391 [T9] INFO  JobService
Stop Job

2024-04-20 19:54:51,394 [T9] INFO  JobRunner
Stop Job Runner - Cause: LocalUser / Message: stop by user

2024-04-20 19:54:51,394 [T9] INFO  JobRequest
##############################################################
### STATE: Stopping
##############################################################
stop by user


2024-04-20 19:54:51,399 [T5] DEBUG JobRequest
Callback - State: Stopping
stop by user

2024-04-20 19:54:52,718 [TScriptEngine] DEBUG ChromeRemoteConnect
GetRemoteBrowserUsingEndPoint Fail : Um ou mais erros.

2024-04-20 19:54:52,718 [TScriptEngine] DEBUG LastUsedPageManager
lastUsedPage browser not exist

2024-04-20 19:54:52,718 [TScriptEngine] DEBUG RestorePuppeteer
Chrome Try RestoreConnection Start

2024-04-20 19:54:54,757 [TScriptEngine] DEBUG ChromeRemoteConnect
GetRemoteBrowserUsingEndPoint Fail : Um ou mais erros.

2024-04-20 19:54:54,757 [TScriptEngine] DEBUG RestorePuppeteer
The page or browser has been disconnected.
Please check if the page or browser exists and try again. : Chrome Try RestoreConnection Fail : remoteBrowser is null

2024-04-20 19:54:54,757 [TScriptEngine] DEBUG RestorePuppeteer
Chrome Try RestoreConnection Fail : The page or browser has been disconnected.
Please check if the page or browser exists and try again.

2024-04-20 19:54:54,757 [TScriptEngine] DEBUG LastUsedPageManager
The page or browser has been disconnected.
Please check if the page or browser exists and try again.

2024-04-20 19:54:54,757 [TScriptEngine] ERROR ChromeClose
The page or browser has been disconnected.
Please check if the page or browser exists and try again.

2024-04-20 19:54:54,760 [TScriptEngine] DEBUG JobRunner
RunTask Interrupted. TASK: P_Atividade => Script execution interrupted by host

2024-04-20 19:54:54,789 [TScriptEngine] DEBUG JobManager
Set Result State: Stopped

2024-04-20 19:54:54,797 [TScriptEngine] INFO  JobRunner
Make report.

2024-04-20 19:54:54,853 [TScriptEngine] INFO  JobRunner
Start to clean up resources.

2024-04-20 19:54:54,854 [TScriptEngine] DEBUG JobRunner
OnProcessCompleted

2024-04-20 19:54:54,854 [T10] DEBUG JobRunner
Start timer for checking the job to be completed.

2024-04-20 19:54:54,859 [TScriptEngine] DEBUG ExcelBase
DisposeExcel

2024-04-20 19:54:54,872 [TScriptEngine] INFO  JobRunner
Start to clean up resources.

2024-04-20 19:54:54,873 [TScriptEngine] DEBUG JobRunner
Remove all Process Stack: 1

2024-04-20 19:54:54,878 [TScriptEngine] INFO  JobRequest
##############################################################
### STATE: EndProcess - P_Atividade
##############################################################
05688af9-4021-4715-968f-8735111f8ff4
P_Atividade


2024-04-20 19:54:54,879 [TScriptEngine] DEBUG JobRunner
Remove all libraries

2024-04-20 19:54:54,888 [TScriptEngine] DEBUG NetPlayer
WebPlayer OnDispose

2024-04-20 19:54:54,891 [TScriptEngine] DEBUG WebPlayer
WebPlayer OnDispose : Do Nothing

2024-04-20 19:54:54,895 [TScriptEngine] DEBUG UiaAppHelper
WinHelper DisposeAppList Count: 0

2024-04-20 19:54:54,895 [TScriptEngine] INFO  JobRunner
All Resources Clear

2024-04-20 19:54:54,896 [TScriptEngine] DEBUG JobRunner
OnCompleted

2024-04-20 19:54:54,897 [TScriptEngine] DEBUG JobRunner
SendJobResult: Stopped

2024-04-20 19:54:54,897 [TScriptEngine] INFO  JobRequest
##############################################################
### STATE: Stopped
##############################################################
Process: P_Atividade
Step: ChromeClose (5/17)

Stopped by User


2024-04-20 19:54:54,897 [TScriptEngine] INFO  JobRequest
Last job life cycle state: Stopped

2024-04-20 19:54:54,906 [TScriptEngine] INFO  JobRequest
##############################################################
### JOB COMPLETED
##############################################################


2024-04-20 19:54:54,915 [T5] DEBUG JobRequest
Callback - State: Stopped
Process: P_Atividade
Step: ChromeClose (5/17)

Stopped by User

2024-04-20 19:54:54,916 [T5] INFO  JobRequest
Callback - EngineClosed

2024-04-20 19:54:54,917 [T5] INFO  JobService
Disconnect agent service

