2024-04-20 20:05:38,350 [T1] INFO  EngineStarter
BOT Engine Start - v3.1.000.01101
BOT ID: D_20240420_200537_240
BOT PID: 2032
BOT PPID: 9512
BOT Working Directory: C:\Users\aysla\AppData\Roaming\Brity RPA Designer

2024-04-20 20:05:38,369 [T1] INFO  EngineStarter
System Language: pt-BR
Resolution: 1920 x 1848

2024-04-20 20:05:38,663 [T1] INFO  Config
Initialize Config

2024-04-20 20:05:38,705 [T1] DEBUG Config
Config Loaded

2024-04-20 20:05:38,706 [T1] DEBUG Config
Backup config file.

2024-04-20 20:05:38,737 [T1] INFO  Config
Orchestrator Service => https://orch.sdsbrity.com:8777

2024-04-20 20:05:38,744 [T1] INFO  Config
Initialize Resource Config

2024-04-20 20:05:38,783 [T1] DEBUG Config
Refresh Language Information

2024-04-20 20:05:38,884 [T1] INFO  Config
All Config Initialized.

2024-04-20 20:05:38,890 [T1] DEBUG KeyManager
Initialize KeyManager

2024-04-20 20:05:38,897 [T1] DEBUG KeyManager
Device ID is initialized.

2024-04-20 20:05:38,943 [T1] INFO  CertLicenseClient
Initialize certificate.

2024-04-20 20:05:38,948 [T1] DEBUG CertLicenseClient
Set Security Protocol: Tls12

2024-04-20 20:05:38,995 [T5] DEBUG JobService
Connect to agent service

2024-04-20 20:05:39,037 [T5] DEBUG JobService
JobService URL : net.tcp://127.0.0.1:59001/rpa/agent

2024-04-20 20:05:39,039 [T5] DEBUG JobService
Open connection

2024-04-20 20:05:39,047 [T1] DEBUG ApplicationInitializer
InitMode: Thread

2024-04-20 20:05:39,058 [T1] INFO  LibraryManager
Load Libraries - Started

2024-04-20 20:05:39,059 [T5] DEBUG JobService
Register engine to agent

2024-04-20 20:05:39,071 [T1] DEBUG AddInLoader
Load Assembly : IPA.Lib.Chrome

2024-04-20 20:05:39,073 [T5] DEBUG JobService
Engine is connected to agent service.

2024-04-20 20:05:39,073 [T5] DEBUG JobService
Owner Process PID: 9512

2024-04-20 20:05:39,078 [T5] INFO  JobService
Start monitoring owner process is terminated.

2024-04-20 20:05:39,400 [T1] DEBUG AddInLoader
Load Assembly : IPA.Lib.Desktop

2024-04-20 20:05:39,624 [T1] DEBUG AddInLoader
Load Assembly : IPA.Lib.Excel

2024-04-20 20:05:39,801 [T1] DEBUG AddInLoader
Load Assembly : IPA.Lib.Flow

2024-04-20 20:05:39,955 [T1] DEBUG AddInLoader
Load Assembly : IPA.Lib.IE

2024-04-20 20:05:40,080 [T1] DEBUG AddInLoader
Load Assembly : IPA.Lib.ImageConverter

2024-04-20 20:05:40,144 [T1] DEBUG AddInLoader
Load Assembly : IPA.Lib.ImageRecognition

2024-04-20 20:05:40,376 [T1] DEBUG AddInLoader
Load Assembly : IPA.Lib.MicrosoftOCR

2024-04-20 20:05:40,445 [T1] DEBUG AddInLoader
Load Assembly : IPA.Lib.Net

2024-04-20 20:05:40,542 [T1] DEBUG AddInLoader
Load Assembly : IPA.Lib.Orchestra

2024-04-20 20:05:40,664 [T1] DEBUG AddInLoader
Load Assembly : IPA.Lib.ProcessFlow

2024-04-20 20:05:40,783 [T1] DEBUG AddInLoader
Load Assembly : IPA.Lib.SAP

2024-04-20 20:05:40,888 [T1] DEBUG AddInLoader
Load Assembly : IPA.Lib.Web

2024-04-20 20:05:41,031 [T1] DEBUG AddInLoader
Load Assembly : IPA.Lib.Win

2024-04-20 20:05:41,197 [T1] INFO  ScreenCapture
Default Screen Capture Bounds: -336;-1080;1920;1848

2024-04-20 20:05:41,241 [T1] DEBUG AddInLoader
Load Assembly : BrityRPA.AddIn.NativeApp

2024-04-20 20:05:41,389 [T1] DEBUG AddInLoader
Load Assembly : BrityWorks.AddIn.Outlook

2024-04-20 20:05:41,472 [T1] DEBUG AddInLoader
Load Assembly : BrityWorks.AddIn.Pdf

2024-04-20 20:05:41,557 [T1] DEBUG LibraryManager
Load Library - Chrome

2024-04-20 20:05:41,561 [T1] DEBUG LibraryManager
Load Library - Desktop

2024-04-20 20:05:41,562 [T1] DEBUG LibraryManager
Load Library - Excel

2024-04-20 20:05:41,564 [T1] DEBUG LibraryManager
Load Library - Flow

2024-04-20 20:05:41,564 [T1] DEBUG LibraryManager
Load Library - IE

2024-04-20 20:05:41,565 [T1] DEBUG LibraryManager
Load Library - ImageConverter

2024-04-20 20:05:41,567 [T1] DEBUG LibraryManager
Load Library - ImageRecognition

2024-04-20 20:05:41,568 [T1] DEBUG LibraryManager
Load Library - MicrosoftOCR

2024-04-20 20:05:41,569 [T1] DEBUG LibraryManager
Load Library - NativeApp

2024-04-20 20:05:41,572 [T1] DEBUG LibraryManager
Load Library - Net

2024-04-20 20:05:41,573 [T1] DEBUG LibraryManager
Load Library - Orchestra

2024-04-20 20:05:41,574 [T1] DEBUG LibraryManager
Load Library - Outlook

2024-04-20 20:05:41,575 [T1] DEBUG LibraryManager
Load Library - Pdf

2024-04-20 20:05:41,575 [T1] DEBUG LibraryManager
Load Library - SAP

2024-04-20 20:05:41,576 [T1] DEBUG LibraryManager
Load Library - Web

2024-04-20 20:05:41,576 [T1] DEBUG LibraryManager
Load Library - Win

2024-04-20 20:05:41,577 [T1] DEBUG LibraryManager
Load Library - WorkFlow

2024-04-20 20:05:41,584 [T1] DEBUG LibraryManager
Load built-in script libraries

2024-04-20 20:05:41,721 [T1] INFO  LibraryManager
Load Libraries - Completed.

2024-04-20 20:05:41,734 [T1] INFO  App
Launch Arguments: Total: 6 |  -eid D_20240420_200537_240 -runtype ProcRunner -ppid 9512

2024-04-20 20:05:41,735 [T1] DEBUG Config
Refresh Language Information

2024-04-20 20:05:41,736 [T1] DEBUG LibraryManager
LibraryManager Initialized.

2024-04-20 20:05:44,416 [T8] INFO  JobService
Start Job: P_Atividade (Foreground)
{
  "UsePIP": false,
  "UserID": null,
  "UserPWD": null,
  "IsRunning": false,
  "ResultMessage": null,
  "JobWorkDir": "C:\\Users\\aysla\\OneDrive\\Documents\\Brity RPA Projects\\Atividade\\Histories\\20240420_200544_P_Atividade_Designer_20240420_200544_014",
  "JobLogDir": "C:\\Users\\aysla\\OneDrive\\Documents\\Brity RPA Projects\\Atividade\\Histories\\20240420_200544_P_Atividade_Designer_20240420_200544_014\\Log",
  "JobScreenshotDir": "C:\\Users\\aysla\\OneDrive\\Documents\\Brity RPA Projects\\Atividade\\Histories\\20240420_200544_P_Atividade_Designer_20240420_200544_014\\Log\\Screenshot",
  "TotalProcessStepCount": 0,
  "CurrentStepNo": 0,
  "CurrentStepName": null,
  "StartTime": "2024-04-20 20:05:44",
  "EndTime": null,
  "Data": null,
  "EngineID": "D_20240420_200537_240",
  "EnginePID": 0,
  "EngineRecommededVersion": "",
  "JobId": "Designer_20240420_200544_014",
  "JobType": 1,
  "UserAuthentication": null,
  "ProcessPath": "C:\\Users\\aysla\\OneDrive\\Documents\\Brity RPA Projects\\Atividade\\P_Atividade.proc",
  "ProcessId": "05688af9-4021-4715-968f-8735111f8ff4",
  "ProcessVer": "",
  "ProcessArgs": null,
  "RequesterType": 3,
  "RequesterId": "designer",
  "RequesterPID": 9512,
  "OptionsJsonString": null,
  "TimeoutSec": 0,
  "State": 0
}

2024-04-20 20:05:44,571 [T10] DEBUG JobService
Waiting library loading...

2024-04-20 20:05:44,577 [T10] DEBUG Config
Reload User Settings

2024-04-20 20:05:44,579 [T10] INFO  JobService
Config Loading Completed.

2024-04-20 20:05:44,579 [T10] DEBUG JobService
Config Loading Time: 7 ms.

2024-04-20 20:05:44,590 [T10] INFO  JobManager
Create JobManager instance for job P_Atividade(Designer_20240420_200544_014)

2024-04-20 20:05:44,597 [T10] INFO  JobRequest
Job ID : Designer_20240420_200544_014
Project Path  : C:\Users\aysla\OneDrive\Documents\Brity RPA Projects\Atividade\Atividade.proj
Process Name  : P_Atividade
Engine Mode   : Designer
Requester Type: Designer
Requester PID : 9512

2024-04-20 20:05:44,600 [T6] INFO  JobRequest
Start Callback Sender

2024-04-20 20:05:44,600 [T6] DEBUG JobRequest
Step Callback Interval: 500

2024-04-20 20:05:44,647 [T10] DEBUG ProjectManager
Set Project Information

2024-04-20 20:05:44,673 [T10] INFO  PlayOptionManager
PlayOption
- Step Interval : 1
- Disable DrawBounds : False
- Invoke First : False
- Allow Upload of DumpScreen results : False

2024-04-20 20:05:44,675 [T10] INFO  JobRunner
Initialize Script Engine

2024-04-20 20:05:44,692 [TScriptEngine] INFO  JobRequest
##############################################################
### STATE: Initializing
##############################################################


2024-04-20 20:05:44,714 [T6] DEBUG JobRequest
Callback - State: Initializing


2024-04-20 20:05:45,634 [TScriptEngine] INFO  JobRequest
##############################################################
### STATE: Ready
##############################################################


2024-04-20 20:05:45,640 [T6] DEBUG JobRequest
Callback - State: Ready


2024-04-20 20:05:45,646 [T10] INFO  JobRunnerHook
HotKey Hook Started

2024-04-20 20:05:45,647 [T10] INFO  JobRequest
##############################################################
### STATE: Starting
##############################################################


2024-04-20 20:05:45,649 [TScriptEngine] INFO  JobRunner
RunProcess start

2024-04-20 20:05:45,651 [TScriptEngine] INFO  JobRequest
##############################################################
### STATE: Running
##############################################################


2024-04-20 20:05:45,651 [TScriptEngine] INFO  JobRequest
Last job life cycle state: Running

2024-04-20 20:05:45,655 [T6] DEBUG JobRequest
Callback - State: Starting


2024-04-20 20:05:45,671 [T6] DEBUG JobRequest
Callback - State: Running


2024-04-20 20:05:45,951 [TScriptEngine] WARN  ProcessDataValidator
It can be occurred a malfunction to play T_ReadData,
because this system is different from designed system environment.
(OS, Resolution, etc)

2024-04-20 20:05:46,843 [TScriptEngine] DEBUG ScreenCapture
DirectX Screen Capture Initialized.

2024-04-20 20:05:46,938 [TScriptEngine] DEBUG JobRunner
DirectX ScreenCapture Checked.

2024-04-20 20:05:46,967 [TScriptEngine] INFO  JobRequest
##############################################################
### STATE: StartProcess - P_Atividade
##############################################################
05688af9-4021-4715-968f-8735111f8ff4
P_Atividade


2024-04-20 20:05:47,030 [TScriptEngine] INFO  JobRequest
**************************************************************
*** TASK: P_Atividade
**************************************************************
 - STEP 1: S81a0ebfb5a2c4a8b9a71dee37d7e0b78 (1/17) - (1/33)
 - [1] ExecuteScript


2024-04-20 20:05:47,129 [TScriptEngine] INFO  JobRequest
 - STEP 2: S2fe14a09e8ec4fee96d82b281a338c15 (2/17) - (2/33)
 - [2] OpenExcel


2024-04-20 20:05:48,854 [TScriptEngine] INFO  JobRequest
 - STEP 3: Sa2ffea335c68462984398f8647d25471 (3/17) - (3/33)
 - [3] GetRowCount


2024-04-20 20:05:49,044 [TScriptEngine] INFO  JobRequest
 - STEP 4: Se4b2ea00830543c89117e6b63f8f7099 (4/17) - (4/33)
 - [4] For


2024-04-20 20:05:49,060 [TScriptEngine] INFO  JobRequest
 - STEP 5: S09d63d9d3fda427bb7475440858c030e (5/17) - (5/33)
 - [5] ReadString


2024-04-20 20:05:49,155 [TScriptEngine] INFO  JobRequest
 - STEP 6: S7e95aa17246a433abdcada2f20679a68 (6/17) - (6/33)
 - [6] ExecuteScript


2024-04-20 20:05:49,171 [TScriptEngine] INFO  JobRequest
 - STEP 7: Sb01899dd9dcc43c9adaaaab1ed7a6f0c (7/17) - (7/33)
 - [7] IfElse


2024-04-20 20:05:49,185 [TScriptEngine] INFO  JobRequest
 - STEP 8: S1294e846cb7e45fa87588af8fbb093d8 (8/17) - (8/33)
 - [8] Else


2024-04-20 20:05:49,201 [TScriptEngine] INFO  JobRequest
 - STEP 9: S4520f5ba2c86491bb60615333cf09df3 (9/17) - (9/33)
 - [9] GetActiveExcel


2024-04-20 20:05:49,263 [TScriptEngine] INFO  JobRequest
 - STEP 10: Sd2d8c5a614f84283bc4930fa6caf54a6 (10/17) - (10/33)
 - [10] ReadRange


2024-04-20 20:05:49,356 [TScriptEngine] INFO  JobRequest
 - STEP 11: Sf179dc02da1e444b891e6dc9f1bd3850 (11/17) - (11/33)
 - [11] IfThen


2024-04-20 20:05:49,372 [TScriptEngine] INFO  JobRequest
 - STEP 12: S66814069ae31455499a502c05b32a3eb (14/17) - (31/33)
 - [14] End-IfThen


2024-04-20 20:05:49,387 [TScriptEngine] INFO  JobRequest
 - STEP 13: S1da9a24927094a558b63654f8830a226 (15/17) - (32/33)
 - [15] End-IfElse


2024-04-20 20:05:49,403 [TScriptEngine] INFO  JobRequest
 - STEP 14: S09d63d9d3fda427bb7475440858c030e (5/17) - (32/33)
 - [5] ReadString


2024-04-20 20:05:49,465 [TScriptEngine] INFO  JobRequest
 - STEP 15: S7e95aa17246a433abdcada2f20679a68 (6/17) - (32/33)
 - [6] ExecuteScript


2024-04-20 20:05:49,481 [TScriptEngine] INFO  JobRequest
 - STEP 16: Sb01899dd9dcc43c9adaaaab1ed7a6f0c (7/17) - (32/33)
 - [7] IfElse


2024-04-20 20:05:49,496 [TScriptEngine] INFO  JobRequest
 - STEP 17: S1294e846cb7e45fa87588af8fbb093d8 (8/17) - (32/33)
 - [8] Else


2024-04-20 20:05:49,512 [TScriptEngine] INFO  JobRequest
 - STEP 18: S4520f5ba2c86491bb60615333cf09df3 (9/17) - (32/33)
 - [9] GetActiveExcel


2024-04-20 20:05:49,589 [TScriptEngine] INFO  JobRequest
 - STEP 19: Sd2d8c5a614f84283bc4930fa6caf54a6 (10/17) - (32/33)
 - [10] ReadRange


2024-04-20 20:05:49,665 [TScriptEngine] INFO  JobRequest
 - STEP 20: Sf179dc02da1e444b891e6dc9f1bd3850 (11/17) - (32/33)
 - [11] IfThen


2024-04-20 20:05:49,681 [TScriptEngine] INFO  JobRequest
 - STEP 21: S66814069ae31455499a502c05b32a3eb (14/17) - (32/33)
 - [14] End-IfThen


2024-04-20 20:05:49,697 [TScriptEngine] INFO  JobRequest
 - STEP 22: S1da9a24927094a558b63654f8830a226 (15/17) - (32/33)
 - [15] End-IfElse


2024-04-20 20:05:49,713 [TScriptEngine] INFO  JobRequest
 - STEP 23: S09d63d9d3fda427bb7475440858c030e (5/17) - (32/33)
 - [5] ReadString


2024-04-20 20:05:49,776 [TScriptEngine] INFO  JobRequest
 - STEP 24: S7e95aa17246a433abdcada2f20679a68 (6/17) - (32/33)
 - [6] ExecuteScript


2024-04-20 20:05:49,792 [TScriptEngine] INFO  JobRequest
 - STEP 25: Sb01899dd9dcc43c9adaaaab1ed7a6f0c (7/17) - (32/33)
 - [7] IfElse


2024-04-20 20:05:49,807 [TScriptEngine] INFO  JobRequest
 - STEP 26: S1294e846cb7e45fa87588af8fbb093d8 (8/17) - (32/33)
 - [8] Else


2024-04-20 20:05:49,822 [TScriptEngine] INFO  JobRequest
 - STEP 27: S4520f5ba2c86491bb60615333cf09df3 (9/17) - (32/33)
 - [9] GetActiveExcel


2024-04-20 20:05:49,869 [TScriptEngine] INFO  JobRequest
 - STEP 28: Sd2d8c5a614f84283bc4930fa6caf54a6 (10/17) - (32/33)
 - [10] ReadRange


2024-04-20 20:05:49,948 [TScriptEngine] INFO  JobRequest
 - STEP 29: Sf179dc02da1e444b891e6dc9f1bd3850 (11/17) - (32/33)
 - [11] IfThen


2024-04-20 20:05:49,963 [TScriptEngine] INFO  JobRequest
 - STEP 30: S66814069ae31455499a502c05b32a3eb (14/17) - (32/33)
 - [14] End-IfThen


2024-04-20 20:05:49,979 [TScriptEngine] INFO  JobRequest
 - STEP 31: S1da9a24927094a558b63654f8830a226 (15/17) - (32/33)
 - [15] End-IfElse


2024-04-20 20:05:49,995 [TScriptEngine] INFO  JobRequest
 - STEP 32: S09d63d9d3fda427bb7475440858c030e (5/17) - (32/33)
 - [5] ReadString


2024-04-20 20:05:50,074 [TScriptEngine] INFO  JobRequest
 - STEP 33: S7e95aa17246a433abdcada2f20679a68 (6/17) - (32/33)
 - [6] ExecuteScript


2024-04-20 20:05:50,090 [TScriptEngine] INFO  JobRequest
 - STEP 34: Sb01899dd9dcc43c9adaaaab1ed7a6f0c (7/17) - (32/33)
 - [7] IfElse


2024-04-20 20:05:50,105 [TScriptEngine] INFO  JobRequest
 - STEP 35: S1294e846cb7e45fa87588af8fbb093d8 (8/17) - (32/33)
 - [8] Else


2024-04-20 20:05:50,121 [TScriptEngine] INFO  JobRequest
 - STEP 36: S4520f5ba2c86491bb60615333cf09df3 (9/17) - (32/33)
 - [9] GetActiveExcel


2024-04-20 20:05:50,183 [TScriptEngine] INFO  JobRequest
 - STEP 37: Sd2d8c5a614f84283bc4930fa6caf54a6 (10/17) - (32/33)
 - [10] ReadRange


2024-04-20 20:05:50,261 [TScriptEngine] INFO  JobRequest
 - STEP 38: Sf179dc02da1e444b891e6dc9f1bd3850 (11/17) - (32/33)
 - [11] IfThen


2024-04-20 20:05:50,277 [TScriptEngine] INFO  JobRequest
 - STEP 39: Sa9456650272b4b5e83a3073cf8af312a (12/17) - (32/33)
 - [12] RunTask


2024-04-20 20:05:50,296 [TScriptEngine] INFO  JobRequest
##############################################################
### STATE: StartTask - T_ReadData
##############################################################
050167e3-7605-4076-89ac-55f49898cab0
T_ReadData


2024-04-20 20:05:50,307 [TScriptEngine] INFO  JobRequest
**************************************************************
*** TASK: T_ReadData
**************************************************************
 - STEP 40: S7b5451ab03f24e968aa01b02443d0230 (1/17) - (32/33)
 - [1] ChromeOpen


2024-04-20 20:05:51,113 [TScriptEngine] DEBUG ChromeOpen
The variable 'RESULT' already has a browser set through ChromeOpen and cannot be overwritten.
Please change the variable specified in Output or try again after closing the browser through ChromeClose.

2024-04-20 20:06:04,601 [TScriptEngine] INFO  JobRunner
Try Pause

2024-04-20 20:06:04,601 [TScriptEngine] INFO  JobRequest
##############################################################
### STATE: Paused
##############################################################


2024-04-20 20:06:04,601 [TScriptEngine] INFO  JobRequest
Last job life cycle state: Paused

2024-04-20 20:06:04,635 [T6] DEBUG JobRequest
Callback - State: Paused


2024-04-20 20:06:06,702 [T8] INFO  JobService
ResumeJob

2024-04-20 20:06:06,702 [T8] INFO  JobRunner
Try Resume

2024-04-20 20:06:06,703 [T8] INFO  JobRequest
##############################################################
### STATE: Running
##############################################################


2024-04-20 20:06:06,703 [T8] INFO  JobRequest
Last job life cycle state: Running

2024-04-20 20:06:06,713 [TScriptEngine] WARN  ScriptSupport
[CATCH_STEP_EXCEPTION] Process: P_Atividade
Task: T_ReadData
Step: ChromeOpen (1/17)

Error: The variable 'RESULT' already has a browser set through ChromeOpen and cannot be overwritten.
Please change the variable specified in Output or try again after closing the browser through ChromeClose.

2024-04-20 20:06:06,713 [T6] DEBUG JobRequest
Callback - State: Running


2024-04-20 20:06:06,729 [TScriptEngine] INFO  JobRequest
 - STEP 41: S7b5451ab03f24e968aa01b02443d0230 (1/17) - (32/33)
 - [1] ChromeOpen


2024-04-20 20:06:10,791 [T7] DEBUG ChromeRemoteConnect
GetRemoteBrowserUsingEndPoint Fail : Um ou mais erros.

2024-04-20 20:06:10,859 [T7] DEBUG ChromeCommonExtension
extension default locale empty

2024-04-20 20:06:10,861 [T7] DEBUG ChromeCommonExtension
extension default locale empty

2024-04-20 20:06:11,703 [T7] DEBUG ChromeCommonExtension
extension default locale empty

2024-04-20 20:06:11,704 [T7] DEBUG ChromeCommonExtension
extension default locale empty

2024-04-20 20:06:17,553 [TScriptEngine] INFO  JobRequest
 - STEP 42: S28ce395c2bad42d2ad72147b0f13f61c (2/17) - (32/33)
 - [2] Click


2024-04-20 20:06:18,133 [T4] INFO  UIAEventHandler
Start UIA event handler

2024-04-20 20:06:19,142 [T4] DEBUG UIAEventHandler
UI Structure Changed Count: 0

2024-04-20 20:06:19,142 [T4] INFO  UIAEventHandler
waiting for 856 msec during the screen structure is changing.

2024-04-20 20:06:20,895 [T4] DEBUG UIAEventHandler
UI Structure Changed Count: 0

2024-04-20 20:06:20,895 [T4] INFO  UIAEventHandler
waiting for 371 msec during the screen structure is changing.

2024-04-20 20:06:22,286 [TScriptEngine] INFO  JobRequest
 - STEP 43: S74259ddc3cd649838accf6e4495a26c4 (3/17) - (32/33)
 - [3] Click


2024-04-20 20:06:24,363 [TScriptEngine] INFO  JobRequest
 - STEP 44: Se7fca5c8ea684934b2707476821de1eb (4/17) - (32/33)
 - [4] WaitAppear


2024-04-20 20:06:26,615 [TScriptEngine] INFO  JobRequest
 - STEP 45: Sbfebe55bbe8746b2822da9cbed34d88c (5/17) - (32/33)
 - [5] Click


2024-04-20 20:06:27,578 [T4] DEBUG UIAEventHandler
UI Structure Changed Count: 0

2024-04-20 20:06:27,578 [T4] INFO  UIAEventHandler
waiting for 874 msec during the screen structure is changing.

2024-04-20 20:06:28,200 [T4] DEBUG UIAEventHandler
UI Structure Changed Count: 0

2024-04-20 20:06:28,200 [T4] INFO  UIAEventHandler
waiting for 389 msec during the screen structure is changing.

2024-04-20 20:06:28,833 [TScriptEngine] INFO  JobRequest
 - STEP 46: S841084c431474584b63edfae191f9600 (6/17) - (32/33)
 - [6] WaitAppear


2024-04-20 20:06:32,012 [TScriptEngine] INFO  JobRequest
 - STEP 47: S0b378dafa20342eabadd82ecdb4a54b2 (7/17) - (32/33)
 - [7] WaitAppear


2024-04-20 20:06:33,117 [T7] DEBUG UIAEventHandler
UI Structure Changed Count: 0

2024-04-20 20:06:33,117 [T7] INFO  UIAEventHandler
waiting for 257 msec during the screen structure is changing.

2024-04-20 20:06:33,131 [TScriptEngine] INFO  JobRequest
 - STEP 48: Se42655ba1e1144508c70d4d4e6bc5645 (8/17) - (32/33)
 - [8] ChromeGetData


2024-04-20 20:06:34,430 [TScriptEngine] INFO  JobRequest
 - STEP 49: S07a6862599344a3cb4f9d8f92573b57c (9/17) - (32/33)
 - [9] ChromeGetData


2024-04-20 20:06:34,602 [TScriptEngine] INFO  JobRequest
 - STEP 50: Sc567a2717a14482baf6990d452159f80 (10/17) - (32/33)
 - [10] Click


2024-04-20 20:06:37,231 [TScriptEngine] INFO  JobRequest
 - STEP 51: Sc1d75d0190034baca217e2378949610e (11/17) - (32/33)
 - [11] Click


2024-04-20 20:06:38,158 [TScriptEngine] INFO  JobRequest
 - STEP 52: S5dcbe24ae3c04ed3ad3bfe00fefd64de (12/17) - (32/33)
 - [12] GetText


2024-04-20 20:06:39,171 [T20] DEBUG UIAEventHandler
UI Structure Changed Count: 0

2024-04-20 20:06:39,171 [T20] INFO  UIAEventHandler
waiting for 918 msec during the screen structure is changing.

2024-04-20 20:06:39,561 [T20] DEBUG UIAEventHandler
UI Structure Changed Count: 0

2024-04-20 20:06:39,561 [T20] INFO  UIAEventHandler
waiting for 106 msec during the screen structure is changing.

2024-04-20 20:06:39,580 [TScriptEngine] DEBUG UIAElement
Failed to get object text information: O método ou a operação não está implementada.

2024-04-20 20:06:39,592 [TScriptEngine] INFO  JobRequest
 - STEP 53: Sbde1623e24bc4214bb96f9bccafb285f (13/17) - (32/33)
 - [13] GetActiveExcel


2024-04-20 20:06:39,687 [TScriptEngine] INFO  JobRequest
 - STEP 54: S9bd1d47825ec4548801937604e06103c (14/17) - (32/33)
 - [14] WriteString


2024-04-20 20:06:39,903 [TScriptEngine] INFO  JobRequest
 - STEP 55: Sffd9ac747bf54859ad6159140bb52f88 (15/17) - (32/33)
 - [15] WriteString


2024-04-20 20:06:40,092 [TScriptEngine] INFO  JobRequest
 - STEP 56: Sfd17e47c3890492aa7522e4a155f23f6 (16/17) - (32/33)
 - [16] WriteString


2024-04-20 20:06:40,263 [TScriptEngine] INFO  JobRequest
 - STEP 57: S838f13c11f9548efa33b84c5cfd07bdb (17/17) - (32/33)
 - [17] WriteString


2024-04-20 20:06:40,385 [TScriptEngine] INFO  JobRunner
[PASS] TASK: T_ReadData

2024-04-20 20:06:40,407 [TScriptEngine] INFO  JobRequest
##############################################################
### STATE: EndTask - T_ReadData
##############################################################
050167e3-7605-4076-89ac-55f49898cab0
T_ReadData


2024-04-20 20:06:40,423 [TScriptEngine] INFO  JobRequest
**************************************************************
*** TASK: P_Atividade
**************************************************************
 - STEP 58: Sdea2da61b925487181471142e9aaa813 (13/17) - (32/33)
 - [13] ChromeClose


2024-04-20 20:06:42,211 [TScriptEngine] INFO  JobRequest
 - STEP 59: S66814069ae31455499a502c05b32a3eb (14/17) - (32/33)
 - [14] End-IfThen


2024-04-20 20:06:42,226 [TScriptEngine] INFO  JobRequest
 - STEP 60: S1da9a24927094a558b63654f8830a226 (15/17) - (32/33)
 - [15] End-IfElse


2024-04-20 20:06:42,241 [TScriptEngine] INFO  JobRequest
 - STEP 61: S09d63d9d3fda427bb7475440858c030e (5/17) - (32/33)
 - [5] ReadString


2024-04-20 20:06:42,349 [TScriptEngine] INFO  JobRequest
 - STEP 62: S7e95aa17246a433abdcada2f20679a68 (6/17) - (32/33)
 - [6] ExecuteScript


2024-04-20 20:06:42,351 [TScriptEngine] INFO  JobRunner
[PASS] TASK: P_Atividade

2024-04-20 20:06:42,351 [TScriptEngine] INFO  JobRequest
##############################################################
### STATE: EndProcess - P_Atividade
##############################################################
05688af9-4021-4715-968f-8735111f8ff4
P_Atividade


2024-04-20 20:06:42,369 [TScriptEngine] INFO  JobRunner
RunProcess - Job Result: {}

2024-04-20 20:06:42,369 [TScriptEngine] DEBUG JobManager
Set Result State: Completed

2024-04-20 20:06:42,374 [TScriptEngine] INFO  JobRunner
Make report.

2024-04-20 20:06:42,412 [TScriptEngine] INFO  JobRunner
Start to clean up resources.

2024-04-20 20:06:42,413 [TScriptEngine] DEBUG JobRunner
OnProcessCompleted

2024-04-20 20:06:42,413 [T31] DEBUG JobRunner
Start timer for checking the job to be completed.

2024-04-20 20:06:42,417 [TScriptEngine] DEBUG ExcelBase
DisposeExcel

2024-04-20 20:06:42,442 [TScriptEngine] INFO  JobRunner
Start to clean up resources.

2024-04-20 20:06:42,445 [TScriptEngine] DEBUG JobRunner
Remove all libraries

2024-04-20 20:06:42,446 [TScriptEngine] DEBUG NetPlayer
WebPlayer OnDispose

2024-04-20 20:06:42,449 [TScriptEngine] DEBUG WebPlayer
WebPlayer OnDispose : Do Nothing

2024-04-20 20:06:42,450 [TScriptEngine] DEBUG UIAEventHandler
Stop UIA event handler

2024-04-20 20:06:42,459 [TScriptEngine] DEBUG UiaAppHelper
WinHelper DisposeAppList Count: 0

2024-04-20 20:06:42,459 [TScriptEngine] INFO  JobRunner
All Resources Clear

2024-04-20 20:06:42,460 [TScriptEngine] DEBUG JobRunner
OnCompleted

2024-04-20 20:06:42,461 [TScriptEngine] DEBUG JobRunner
SendJobResult: Completed

2024-04-20 20:06:42,461 [TScriptEngine] INFO  JobRequest
##############################################################
### STATE: Completed
##############################################################
{}


2024-04-20 20:06:42,461 [TScriptEngine] INFO  JobRequest
Last job life cycle state: Completed

2024-04-20 20:06:42,461 [TScriptEngine] INFO  JobRequest
Update skipped current step informations.

2024-04-20 20:06:42,471 [TScriptEngine] INFO  JobRequest
##############################################################
### JOB COMPLETED
##############################################################


2024-04-20 20:06:42,476 [T6] DEBUG JobRequest
Callback - State: Completed
{}

2024-04-20 20:06:42,477 [T6] INFO  JobRequest
Callback - EngineClosed

2024-04-20 20:06:42,477 [T6] INFO  JobService
Disconnect agent service

2024-04-20 20:06:42,479 [T6] DEBUG JobRequest
End of Callback Sender

2024-04-20 20:06:42,491 [TScriptEngine] INFO  JobRunner
RunProcess end

2024-04-20 20:06:42,491 [T1] INFO  JobService
Exit - Shutdown Engine BOT

