2024-04-20 20:02:17,084 [T1] INFO  EngineStarter
BOT Engine Start - v3.1.000.01101
BOT ID: D_20240420_200212_893
BOT PID: 5284
BOT PPID: 9512
BOT Working Directory: C:\Users\aysla\AppData\Roaming\Brity RPA Designer

2024-04-20 20:02:17,114 [T1] INFO  EngineStarter
System Language: pt-BR
Resolution: 1920 x 1848

2024-04-20 20:02:17,987 [T1] INFO  Config
Initialize Config

2024-04-20 20:02:18,101 [T1] DEBUG Config
Config Loaded

2024-04-20 20:02:18,101 [T1] DEBUG Config
Backup config file.

2024-04-20 20:02:18,161 [T1] INFO  Config
Orchestrator Service => https://orch.sdsbrity.com:8777

2024-04-20 20:02:18,168 [T1] INFO  Config
Initialize Resource Config

2024-04-20 20:02:18,217 [T1] DEBUG Config
Refresh Language Information

2024-04-20 20:02:18,496 [T1] INFO  Config
All Config Initialized.

2024-04-20 20:02:18,510 [T1] DEBUG KeyManager
Initialize KeyManager

2024-04-20 20:02:18,552 [T1] DEBUG KeyManager
Device ID is initialized.

2024-04-20 20:02:18,921 [T1] INFO  CertLicenseClient
Initialize certificate.

2024-04-20 20:02:18,926 [T1] DEBUG CertLicenseClient
Set Security Protocol: Tls12

2024-04-20 20:02:18,969 [T4] DEBUG JobService
Connect to agent service

2024-04-20 20:02:19,048 [T4] DEBUG JobService
JobService URL : net.tcp://127.0.0.1:59001/rpa/agent

2024-04-20 20:02:19,051 [T4] DEBUG JobService
Open connection

2024-04-20 20:02:19,098 [T4] DEBUG JobService
Register engine to agent

2024-04-20 20:02:19,110 [T1] DEBUG ApplicationInitializer
InitMode: Thread

2024-04-20 20:02:19,117 [T4] DEBUG JobService
Engine is connected to agent service.

2024-04-20 20:02:19,117 [T4] DEBUG JobService
Owner Process PID: 9512

2024-04-20 20:02:19,123 [T4] INFO  JobService
Start monitoring owner process is terminated.

2024-04-20 20:02:19,144 [T1] INFO  LibraryManager
Load Libraries - Started

2024-04-20 20:02:19,170 [T1] DEBUG AddInLoader
Load Assembly : IPA.Lib.Chrome

2024-04-20 20:02:19,573 [T1] DEBUG AddInLoader
Load Assembly : IPA.Lib.Desktop

2024-04-20 20:02:19,800 [T1] DEBUG AddInLoader
Load Assembly : IPA.Lib.Excel

2024-04-20 20:02:20,125 [T1] DEBUG AddInLoader
Load Assembly : IPA.Lib.Flow

2024-04-20 20:02:20,340 [T1] DEBUG AddInLoader
Load Assembly : IPA.Lib.IE

2024-04-20 20:02:20,444 [T1] DEBUG AddInLoader
Load Assembly : IPA.Lib.ImageConverter

2024-04-20 20:02:20,508 [T1] DEBUG AddInLoader
Load Assembly : IPA.Lib.ImageRecognition

2024-04-20 20:02:20,734 [T1] DEBUG AddInLoader
Load Assembly : IPA.Lib.MicrosoftOCR

2024-04-20 20:02:20,825 [T1] DEBUG AddInLoader
Load Assembly : IPA.Lib.Net

2024-04-20 20:02:21,166 [T1] DEBUG AddInLoader
Load Assembly : IPA.Lib.Orchestra

2024-04-20 20:02:21,333 [T1] DEBUG AddInLoader
Load Assembly : IPA.Lib.ProcessFlow

2024-04-20 20:02:21,522 [T1] DEBUG AddInLoader
Load Assembly : IPA.Lib.SAP

2024-04-20 20:02:21,662 [T1] DEBUG AddInLoader
Load Assembly : IPA.Lib.Web

2024-04-20 20:02:21,824 [T1] DEBUG AddInLoader
Load Assembly : IPA.Lib.Win

2024-04-20 20:02:22,008 [T1] INFO  ScreenCapture
Default Screen Capture Bounds: -336;-1080;1920;1848

2024-04-20 20:02:22,067 [T1] DEBUG AddInLoader
Load Assembly : BrityRPA.AddIn.NativeApp

2024-04-20 20:02:22,223 [T1] DEBUG AddInLoader
Load Assembly : BrityWorks.AddIn.Outlook

2024-04-20 20:02:22,311 [T1] DEBUG AddInLoader
Load Assembly : BrityWorks.AddIn.Pdf

2024-04-20 20:02:22,398 [T1] DEBUG LibraryManager
Load Library - Chrome

2024-04-20 20:02:22,401 [T1] DEBUG LibraryManager
Load Library - Desktop

2024-04-20 20:02:22,403 [T1] DEBUG LibraryManager
Load Library - Excel

2024-04-20 20:02:22,404 [T1] DEBUG LibraryManager
Load Library - Flow

2024-04-20 20:02:22,404 [T1] DEBUG LibraryManager
Load Library - IE

2024-04-20 20:02:22,405 [T1] DEBUG LibraryManager
Load Library - ImageConverter

2024-04-20 20:02:22,406 [T1] DEBUG LibraryManager
Load Library - ImageRecognition

2024-04-20 20:02:22,408 [T1] DEBUG LibraryManager
Load Library - MicrosoftOCR

2024-04-20 20:02:22,409 [T1] DEBUG LibraryManager
Load Library - NativeApp

2024-04-20 20:02:22,413 [T1] DEBUG LibraryManager
Load Library - Net

2024-04-20 20:02:22,414 [T1] DEBUG LibraryManager
Load Library - Orchestra

2024-04-20 20:02:22,415 [T1] DEBUG LibraryManager
Load Library - Outlook

2024-04-20 20:02:22,415 [T1] DEBUG LibraryManager
Load Library - Pdf

2024-04-20 20:02:22,415 [T1] DEBUG LibraryManager
Load Library - SAP

2024-04-20 20:02:22,417 [T1] DEBUG LibraryManager
Load Library - Web

2024-04-20 20:02:22,417 [T1] DEBUG LibraryManager
Load Library - Win

2024-04-20 20:02:22,418 [T1] DEBUG LibraryManager
Load Library - WorkFlow

2024-04-20 20:02:22,426 [T1] DEBUG LibraryManager
Load built-in script libraries

2024-04-20 20:02:22,558 [T1] INFO  LibraryManager
Load Libraries - Completed.

2024-04-20 20:02:22,569 [T1] INFO  App
Launch Arguments: Total: 6 |  -eid D_20240420_200212_893 -runtype ProcRunner -ppid 9512

2024-04-20 20:02:22,570 [T1] DEBUG Config
Refresh Language Information

2024-04-20 20:02:22,570 [T1] DEBUG LibraryManager
LibraryManager Initialized.

2024-04-20 20:02:46,607 [T8] INFO  JobService
Start Job: P_Atividade (Foreground)
{
  "UsePIP": false,
  "UserID": null,
  "UserPWD": null,
  "IsRunning": false,
  "ResultMessage": null,
  "JobWorkDir": "C:\\Users\\aysla\\OneDrive\\Documents\\Brity RPA Projects\\Atividade\\Histories\\20240420_200246_P_Atividade_Designer_20240420_200246_232",
  "JobLogDir": "C:\\Users\\aysla\\OneDrive\\Documents\\Brity RPA Projects\\Atividade\\Histories\\20240420_200246_P_Atividade_Designer_20240420_200246_232\\Log",
  "JobScreenshotDir": "C:\\Users\\aysla\\OneDrive\\Documents\\Brity RPA Projects\\Atividade\\Histories\\20240420_200246_P_Atividade_Designer_20240420_200246_232\\Log\\Screenshot",
  "TotalProcessStepCount": 0,
  "CurrentStepNo": 0,
  "CurrentStepName": null,
  "StartTime": "2024-04-20 20:02:46",
  "EndTime": null,
  "Data": null,
  "EngineID": "D_20240420_200212_893",
  "EnginePID": 0,
  "EngineRecommededVersion": "",
  "JobId": "Designer_20240420_200246_232",
  "JobType": 1,
  "UserAuthentication": null,
  "ProcessPath": "C:\\Users\\aysla\\OneDrive\\Documents\\Brity RPA Projects\\Atividade\\P_Atividade.proc",
  "ProcessId": "05688af9-4021-4715-968f-8735111f8ff4",
  "ProcessVer": "",
  "ProcessArgs": null,
  "RequesterType": 3,
  "RequesterId": "designer",
  "RequesterPID": 9512,
  "OptionsJsonString": null,
  "TimeoutSec": 0,
  "State": 0
}

2024-04-20 20:02:46,757 [T10] DEBUG JobService
Waiting library loading...

2024-04-20 20:02:46,760 [T10] DEBUG Config
Reload User Settings

2024-04-20 20:02:46,762 [T10] INFO  JobService
Config Loading Completed.

2024-04-20 20:02:46,762 [T10] DEBUG JobService
Config Loading Time: 4 ms.

2024-04-20 20:02:46,774 [T10] INFO  JobManager
Create JobManager instance for job P_Atividade(Designer_20240420_200246_232)

2024-04-20 20:02:46,784 [T10] INFO  JobRequest
Job ID : Designer_20240420_200246_232
Project Path  : C:\Users\aysla\OneDrive\Documents\Brity RPA Projects\Atividade\Atividade.proj
Process Name  : P_Atividade
Engine Mode   : Designer
Requester Type: Designer
Requester PID : 9512

2024-04-20 20:02:46,788 [T12] INFO  JobRequest
Start Callback Sender

2024-04-20 20:02:46,788 [T12] DEBUG JobRequest
Step Callback Interval: 500

2024-04-20 20:02:46,836 [T10] DEBUG ProjectManager
Set Project Information

2024-04-20 20:02:46,860 [T10] INFO  PlayOptionManager
PlayOption
- Step Interval : 1
- Disable DrawBounds : False
- Invoke First : False
- Allow Upload of DumpScreen results : False

2024-04-20 20:02:46,861 [T10] INFO  JobRunner
Initialize Script Engine

2024-04-20 20:02:46,877 [TScriptEngine] INFO  JobRequest
##############################################################
### STATE: Initializing
##############################################################


2024-04-20 20:02:46,892 [T12] DEBUG JobRequest
Callback - State: Initializing


2024-04-20 20:02:47,802 [TScriptEngine] INFO  JobRequest
##############################################################
### STATE: Ready
##############################################################


2024-04-20 20:02:47,806 [T12] DEBUG JobRequest
Callback - State: Ready


2024-04-20 20:02:47,815 [T10] INFO  JobRunnerHook
HotKey Hook Started

2024-04-20 20:02:47,816 [T10] INFO  JobRequest
##############################################################
### STATE: Starting
##############################################################


2024-04-20 20:02:47,817 [TScriptEngine] INFO  JobRunner
RunProcess start

2024-04-20 20:02:47,819 [TScriptEngine] INFO  JobRequest
##############################################################
### STATE: Running
##############################################################


2024-04-20 20:02:47,819 [TScriptEngine] INFO  JobRequest
Last job life cycle state: Running

2024-04-20 20:02:47,823 [T12] DEBUG JobRequest
Callback - State: Starting


2024-04-20 20:02:47,838 [T12] DEBUG JobRequest
Callback - State: Running


2024-04-20 20:02:48,090 [TScriptEngine] WARN  ProcessDataValidator
It can be occurred a malfunction to play T_ReadData,
because this system is different from designed system environment.
(OS, Resolution, etc)

2024-04-20 20:02:48,984 [TScriptEngine] DEBUG ScreenCapture
DirectX Screen Capture Initialized.

2024-04-20 20:02:49,078 [TScriptEngine] DEBUG JobRunner
DirectX ScreenCapture Checked.

2024-04-20 20:02:49,108 [TScriptEngine] INFO  JobRequest
##############################################################
### STATE: StartProcess - P_Atividade
##############################################################
05688af9-4021-4715-968f-8735111f8ff4
P_Atividade


2024-04-20 20:02:49,172 [TScriptEngine] INFO  JobRequest
**************************************************************
*** TASK: P_Atividade
**************************************************************
 - STEP 1: S81a0ebfb5a2c4a8b9a71dee37d7e0b78 (1/17) - (1/32)
 - [1] ExecuteScript


2024-04-20 20:02:49,285 [TScriptEngine] INFO  JobRequest
 - STEP 2: S2fe14a09e8ec4fee96d82b281a338c15 (2/17) - (2/32)
 - [2] OpenExcel


2024-04-20 20:02:51,046 [TScriptEngine] INFO  JobRequest
 - STEP 3: Sa2ffea335c68462984398f8647d25471 (3/17) - (3/32)
 - [3] GetRowCount


2024-04-20 20:02:51,217 [TScriptEngine] INFO  JobRequest
 - STEP 4: Se4b2ea00830543c89117e6b63f8f7099 (4/17) - (4/32)
 - [4] For


2024-04-20 20:02:51,233 [TScriptEngine] INFO  JobRequest
 - STEP 5: S09d63d9d3fda427bb7475440858c030e (5/17) - (5/32)
 - [5] ReadString


2024-04-20 20:02:51,310 [TScriptEngine] INFO  JobRequest
 - STEP 6: S7e95aa17246a433abdcada2f20679a68 (6/17) - (6/32)
 - [6] ExecuteScript


2024-04-20 20:02:51,326 [TScriptEngine] INFO  JobRequest
 - STEP 7: Sb01899dd9dcc43c9adaaaab1ed7a6f0c (7/17) - (7/32)
 - [7] IfElse


2024-04-20 20:02:51,341 [TScriptEngine] INFO  JobRequest
 - STEP 8: S1294e846cb7e45fa87588af8fbb093d8 (8/17) - (8/32)
 - [8] Else


2024-04-20 20:02:51,357 [TScriptEngine] INFO  JobRequest
 - STEP 9: S4520f5ba2c86491bb60615333cf09df3 (9/17) - (9/32)
 - [9] GetActiveExcel


2024-04-20 20:02:51,434 [TScriptEngine] INFO  JobRequest
 - STEP 10: Sd2d8c5a614f84283bc4930fa6caf54a6 (10/17) - (10/32)
 - [10] ReadRange


2024-04-20 20:02:51,528 [TScriptEngine] INFO  JobRequest
 - STEP 11: Sf179dc02da1e444b891e6dc9f1bd3850 (11/17) - (11/32)
 - [11] IfThen


2024-04-20 20:02:51,543 [TScriptEngine] INFO  JobRequest
 - STEP 12: S66814069ae31455499a502c05b32a3eb (14/17) - (30/32)
 - [14] End-IfThen


2024-04-20 20:02:51,559 [TScriptEngine] INFO  JobRequest
 - STEP 13: S1da9a24927094a558b63654f8830a226 (15/17) - (31/32)
 - [15] End-IfElse


2024-04-20 20:02:51,575 [TScriptEngine] INFO  JobRequest
 - STEP 14: S09d63d9d3fda427bb7475440858c030e (5/17) - (31/32)
 - [5] ReadString


2024-04-20 20:02:51,638 [TScriptEngine] INFO  JobRequest
 - STEP 15: S7e95aa17246a433abdcada2f20679a68 (6/17) - (31/32)
 - [6] ExecuteScript


2024-04-20 20:02:51,654 [TScriptEngine] INFO  JobRequest
 - STEP 16: Sb01899dd9dcc43c9adaaaab1ed7a6f0c (7/17) - (31/32)
 - [7] IfElse


2024-04-20 20:02:51,670 [TScriptEngine] INFO  JobRequest
 - STEP 17: S1294e846cb7e45fa87588af8fbb093d8 (8/17) - (31/32)
 - [8] Else


2024-04-20 20:02:51,685 [TScriptEngine] INFO  JobRequest
 - STEP 18: S4520f5ba2c86491bb60615333cf09df3 (9/17) - (31/32)
 - [9] GetActiveExcel


2024-04-20 20:02:51,730 [TScriptEngine] INFO  JobRequest
 - STEP 19: Sd2d8c5a614f84283bc4930fa6caf54a6 (10/17) - (31/32)
 - [10] ReadRange


2024-04-20 20:02:51,809 [TScriptEngine] INFO  JobRequest
 - STEP 20: Sf179dc02da1e444b891e6dc9f1bd3850 (11/17) - (31/32)
 - [11] IfThen


2024-04-20 20:02:51,825 [TScriptEngine] INFO  JobRequest
 - STEP 21: Sa9456650272b4b5e83a3073cf8af312a (12/17) - (31/32)
 - [12] RunTask


2024-04-20 20:02:51,848 [TScriptEngine] INFO  JobRequest
##############################################################
### STATE: StartTask - T_ReadData
##############################################################
050167e3-7605-4076-89ac-55f49898cab0
T_ReadData


2024-04-20 20:02:51,855 [TScriptEngine] INFO  JobRequest
**************************************************************
*** TASK: T_ReadData
**************************************************************
 - STEP 22: S7b5451ab03f24e968aa01b02443d0230 (1/16) - (31/32)
 - [1] ChromeOpen


2024-04-20 20:02:54,620 [T11] DEBUG ChromeRemoteConnect
GetRemoteBrowserUsingEndPoint Fail : Um ou mais erros.

2024-04-20 20:02:54,682 [T11] DEBUG ChromeCommonExtension
extension default locale empty

2024-04-20 20:02:54,684 [T11] DEBUG ChromeCommonExtension
extension default locale empty

2024-04-20 20:02:55,535 [T11] DEBUG ChromeCommonExtension
extension default locale empty

2024-04-20 20:02:55,537 [T11] DEBUG ChromeCommonExtension
extension default locale empty

2024-04-20 20:03:02,772 [TScriptEngine] INFO  JobRequest
 - STEP 23: S28ce395c2bad42d2ad72147b0f13f61c (2/16) - (31/32)
 - [2] Click


2024-04-20 20:03:03,356 [T19] INFO  UIAEventHandler
Start UIA event handler

2024-04-20 20:03:04,393 [T19] DEBUG UIAEventHandler
UI Structure Changed Count: 0

2024-04-20 20:03:04,393 [T19] INFO  UIAEventHandler
waiting for 960 msec during the screen structure is changing.

2024-04-20 20:03:07,189 [TScriptEngine] INFO  JobRequest
 - STEP 24: S74259ddc3cd649838accf6e4495a26c4 (3/16) - (31/32)
 - [3] Click


2024-04-20 20:03:08,832 [TScriptEngine] INFO  JobRequest
 - STEP 25: Se7fca5c8ea684934b2707476821de1eb (4/16) - (31/32)
 - [4] WaitAppear


2024-04-20 20:03:11,063 [TScriptEngine] INFO  JobRequest
 - STEP 26: Sbfebe55bbe8746b2822da9cbed34d88c (5/16) - (31/32)
 - [5] Click


2024-04-20 20:03:11,431 [T20] DEBUG UIAEventHandler
UI Structure Changed Count: 0

2024-04-20 20:03:11,431 [T20] INFO  UIAEventHandler
waiting for 52 msec during the screen structure is changing.

2024-04-20 20:03:12,082 [TScriptEngine] INFO  JobRequest
 - STEP 27: S0b378dafa20342eabadd82ecdb4a54b2 (6/16) - (31/32)
 - [6] WaitAppear


2024-04-20 20:03:16,812 [T24] DEBUG UIAEventHandler
UI Structure Changed Count: 0

2024-04-20 20:03:16,813 [T24] INFO  UIAEventHandler
waiting for 121 msec during the screen structure is changing.

2024-04-20 20:03:16,834 [TScriptEngine] INFO  JobRequest
 - STEP 28: Se42655ba1e1144508c70d4d4e6bc5645 (7/16) - (31/32)
 - [7] ChromeGetData


2024-04-20 20:03:17,996 [TScriptEngine] INFO  JobRequest
 - STEP 29: S07a6862599344a3cb4f9d8f92573b57c (8/16) - (31/32)
 - [8] ChromeGetData


2024-04-20 20:03:19,122 [TScriptEngine] DEBUG ChromeFind
Chrome Find Wrapper : The object was not found.
Please re-specify the object.

2024-04-20 20:03:19,127 [TScriptEngine] WARN  ScriptSupport
CatchException: The object was not found.
Please re-specify the object.

2024-04-20 20:03:19,132 [TScriptEngine] INFO  JobRequest
 - STEP 30: Sc567a2717a14482baf6990d452159f80 (9/16) - (31/32)
 - [9] Click


2024-04-20 20:03:20,128 [TScriptEngine] INFO  JobRequest
 - STEP 31: Sc1d75d0190034baca217e2378949610e (10/16) - (31/32)
 - [10] Click


2024-04-20 20:03:21,157 [T11] DEBUG UIAEventHandler
UI Structure Changed Count: 0

2024-04-20 20:03:21,157 [T11] INFO  UIAEventHandler
waiting for 917 msec during the screen structure is changing.

2024-04-20 20:03:22,753 [T11] DEBUG UIAEventHandler
UI Structure Changed Count: 0

2024-04-20 20:03:22,753 [T11] INFO  UIAEventHandler
waiting for 810 msec during the screen structure is changing.

2024-04-20 20:03:28,799 [TScriptEngine] INFO  JobRequest
 - STEP 32: S5dcbe24ae3c04ed3ad3bfe00fefd64de (11/16) - (31/32)
 - [11] GetText


2024-04-20 20:03:29,215 [TScriptEngine] DEBUG UIAElement
Failed to get object text information: O método ou a operação não está implementada.

2024-04-20 20:03:29,233 [TScriptEngine] INFO  JobRequest
 - STEP 33: Sbde1623e24bc4214bb96f9bccafb285f (12/16) - (31/32)
 - [12] GetActiveExcel


2024-04-20 20:03:29,297 [TScriptEngine] INFO  JobRequest
 - STEP 34: S9bd1d47825ec4548801937604e06103c (13/16) - (31/32)
 - [13] WriteString


2024-04-20 20:03:29,625 [TScriptEngine] INFO  JobRequest
 - STEP 35: Sffd9ac747bf54859ad6159140bb52f88 (14/16) - (31/32)
 - [14] WriteString


2024-04-20 20:03:29,934 [TScriptEngine] INFO  JobRequest
 - STEP 36: Sfd17e47c3890492aa7522e4a155f23f6 (15/16) - (31/32)
 - [15] WriteString


2024-04-20 20:03:30,091 [TScriptEngine] INFO  JobRequest
 - STEP 37: S838f13c11f9548efa33b84c5cfd07bdb (16/16) - (31/32)
 - [16] WriteString


2024-04-20 20:03:30,228 [TScriptEngine] INFO  JobRunner
[PASS] TASK: T_ReadData

2024-04-20 20:03:30,250 [TScriptEngine] INFO  JobRequest
##############################################################
### STATE: EndTask - T_ReadData
##############################################################
050167e3-7605-4076-89ac-55f49898cab0
T_ReadData


2024-04-20 20:03:30,264 [TScriptEngine] INFO  JobRequest
**************************************************************
*** TASK: P_Atividade
**************************************************************
 - STEP 38: Sdea2da61b925487181471142e9aaa813 (13/17) - (31/32)
 - [13] ChromeClose


2024-04-20 20:03:32,037 [TScriptEngine] INFO  JobRequest
 - STEP 39: S66814069ae31455499a502c05b32a3eb (14/17) - (31/32)
 - [14] End-IfThen


2024-04-20 20:03:32,053 [TScriptEngine] INFO  JobRequest
 - STEP 40: S1da9a24927094a558b63654f8830a226 (15/17) - (31/32)
 - [15] End-IfElse


2024-04-20 20:03:32,069 [TScriptEngine] INFO  JobRequest
 - STEP 41: S09d63d9d3fda427bb7475440858c030e (5/17) - (31/32)
 - [5] ReadString


2024-04-20 20:03:32,179 [TScriptEngine] INFO  JobRequest
 - STEP 42: S7e95aa17246a433abdcada2f20679a68 (6/17) - (31/32)
 - [6] ExecuteScript


2024-04-20 20:03:32,194 [TScriptEngine] INFO  JobRequest
 - STEP 43: Sb01899dd9dcc43c9adaaaab1ed7a6f0c (7/17) - (31/32)
 - [7] IfElse


2024-04-20 20:03:32,210 [TScriptEngine] INFO  JobRequest
 - STEP 44: S1294e846cb7e45fa87588af8fbb093d8 (8/17) - (31/32)
 - [8] Else


2024-04-20 20:03:32,225 [TScriptEngine] INFO  JobRequest
 - STEP 45: S4520f5ba2c86491bb60615333cf09df3 (9/17) - (31/32)
 - [9] GetActiveExcel


2024-04-20 20:03:32,319 [TScriptEngine] INFO  JobRequest
 - STEP 46: Sd2d8c5a614f84283bc4930fa6caf54a6 (10/17) - (31/32)
 - [10] ReadRange


2024-04-20 20:03:32,444 [TScriptEngine] INFO  JobRequest
 - STEP 47: Sf179dc02da1e444b891e6dc9f1bd3850 (11/17) - (31/32)
 - [11] IfThen


2024-04-20 20:03:32,460 [TScriptEngine] INFO  JobRequest
 - STEP 48: Sa9456650272b4b5e83a3073cf8af312a (12/17) - (31/32)
 - [12] RunTask


2024-04-20 20:03:32,470 [TScriptEngine] INFO  JobRequest
##############################################################
### STATE: StartTask - T_ReadData
##############################################################
050167e3-7605-4076-89ac-55f49898cab0
T_ReadData


2024-04-20 20:03:32,476 [TScriptEngine] INFO  JobRequest
**************************************************************
*** TASK: T_ReadData
**************************************************************
 - STEP 49: S7b5451ab03f24e968aa01b02443d0230 (1/16) - (31/32)
 - [1] ChromeOpen


2024-04-20 20:03:32,486 [T22] DEBUG ChromeCommonExtension
extension default locale empty

2024-04-20 20:03:32,488 [T22] DEBUG ChromeCommonExtension
extension default locale empty

2024-04-20 20:03:33,246 [T22] DEBUG ChromeCommonExtension
extension default locale empty

2024-04-20 20:03:33,249 [T22] DEBUG ChromeCommonExtension
extension default locale empty

2024-04-20 20:03:37,421 [TScriptEngine] INFO  JobRequest
 - STEP 50: S28ce395c2bad42d2ad72147b0f13f61c (2/16) - (31/32)
 - [2] Click


2024-04-20 20:03:38,419 [T19] DEBUG UIAEventHandler
UI Structure Changed Count: 0

2024-04-20 20:03:38,419 [T19] INFO  UIAEventHandler
waiting for 99 msec during the screen structure is changing.

2024-04-20 20:03:39,479 [TScriptEngine] INFO  JobRequest
 - STEP 51: S74259ddc3cd649838accf6e4495a26c4 (3/16) - (31/32)
 - [3] Click


2024-04-20 20:03:41,418 [TScriptEngine] INFO  JobRequest
 - STEP 52: Se7fca5c8ea684934b2707476821de1eb (4/16) - (31/32)
 - [4] WaitAppear


2024-04-20 20:03:43,000 [T23] DEBUG UIAEventHandler
UI Structure Changed Count: 0

2024-04-20 20:03:43,000 [T23] INFO  UIAEventHandler
waiting for 117 msec during the screen structure is changing.

2024-04-20 20:03:43,017 [TScriptEngine] INFO  JobRequest
 - STEP 53: Sbfebe55bbe8746b2822da9cbed34d88c (5/16) - (31/32)
 - [5] Click


2024-04-20 20:03:43,923 [T23] DEBUG UIAEventHandler
UI Structure Changed Count: 0

2024-04-20 20:03:43,923 [T23] INFO  UIAEventHandler
waiting for 865 msec during the screen structure is changing.

2024-04-20 20:03:44,303 [T23] DEBUG UIAEventHandler
UI Structure Changed Count: 0

2024-04-20 20:03:44,303 [T23] INFO  UIAEventHandler
waiting for 154 msec during the screen structure is changing.

2024-04-20 20:03:45,069 [TScriptEngine] INFO  JobRequest
 - STEP 54: S0b378dafa20342eabadd82ecdb4a54b2 (6/16) - (31/32)
 - [6] WaitAppear


2024-04-20 20:03:51,351 [TScriptEngine] INFO  JobRequest
 - STEP 55: Se42655ba1e1144508c70d4d4e6bc5645 (7/16) - (31/32)
 - [7] ChromeGetData


2024-04-20 20:03:51,700 [TScriptEngine] INFO  JobRequest
 - STEP 56: S07a6862599344a3cb4f9d8f92573b57c (8/16) - (31/32)
 - [8] ChromeGetData


2024-04-20 20:03:52,915 [TScriptEngine] DEBUG ChromeFind
Chrome Find Wrapper : The object was not found.
Please re-specify the object.

2024-04-20 20:03:52,918 [TScriptEngine] WARN  ScriptSupport
CatchException: The object was not found.
Please re-specify the object.

2024-04-20 20:03:52,923 [TScriptEngine] INFO  JobRequest
 - STEP 57: Sc567a2717a14482baf6990d452159f80 (9/16) - (31/32)
 - [9] Click


2024-04-20 20:03:54,040 [TScriptEngine] INFO  JobRequest
 - STEP 58: Sc1d75d0190034baca217e2378949610e (10/16) - (31/32)
 - [10] Click


2024-04-20 20:03:54,802 [T24] DEBUG UIAEventHandler
UI Structure Changed Count: 0

2024-04-20 20:03:54,802 [T24] INFO  UIAEventHandler
waiting for 585 msec during the screen structure is changing.

2024-04-20 20:03:56,756 [T24] DEBUG UIAEventHandler
UI Structure Changed Count: 0

2024-04-20 20:03:56,756 [T24] INFO  UIAEventHandler
waiting for 929 msec during the screen structure is changing.

2024-04-20 20:04:02,646 [TScriptEngine] INFO  JobRequest
 - STEP 59: S5dcbe24ae3c04ed3ad3bfe00fefd64de (11/16) - (31/32)
 - [11] GetText


2024-04-20 20:04:02,791 [TScriptEngine] DEBUG UIAElement
Failed to get object text information: O método ou a operação não está implementada.

2024-04-20 20:04:02,804 [TScriptEngine] INFO  JobRequest
 - STEP 60: Sbde1623e24bc4214bb96f9bccafb285f (12/16) - (31/32)
 - [12] GetActiveExcel


2024-04-20 20:04:02,864 [TScriptEngine] INFO  JobRequest
 - STEP 61: S9bd1d47825ec4548801937604e06103c (13/16) - (31/32)
 - [13] WriteString


2024-04-20 20:04:03,049 [TScriptEngine] INFO  JobRequest
 - STEP 62: Sffd9ac747bf54859ad6159140bb52f88 (14/16) - (31/32)
 - [14] WriteString


2024-04-20 20:04:03,193 [TScriptEngine] INFO  JobRequest
 - STEP 63: Sfd17e47c3890492aa7522e4a155f23f6 (15/16) - (31/32)
 - [15] WriteString


2024-04-20 20:04:03,317 [TScriptEngine] INFO  JobRequest
 - STEP 64: S838f13c11f9548efa33b84c5cfd07bdb (16/16) - (31/32)
 - [16] WriteString


2024-04-20 20:04:03,438 [TScriptEngine] INFO  JobRunner
[PASS] TASK: T_ReadData

2024-04-20 20:04:03,440 [TScriptEngine] INFO  JobRequest
##############################################################
### STATE: EndTask - T_ReadData
##############################################################
050167e3-7605-4076-89ac-55f49898cab0
T_ReadData


2024-04-20 20:04:03,457 [TScriptEngine] INFO  JobRequest
**************************************************************
*** TASK: P_Atividade
**************************************************************
 - STEP 65: Sdea2da61b925487181471142e9aaa813 (13/17) - (31/32)
 - [13] ChromeClose


2024-04-20 20:04:05,238 [TScriptEngine] INFO  JobRequest
 - STEP 66: S66814069ae31455499a502c05b32a3eb (14/17) - (31/32)
 - [14] End-IfThen


2024-04-20 20:04:05,253 [TScriptEngine] INFO  JobRequest
 - STEP 67: S1da9a24927094a558b63654f8830a226 (15/17) - (31/32)
 - [15] End-IfElse


2024-04-20 20:04:05,269 [TScriptEngine] INFO  JobRequest
 - STEP 68: S09d63d9d3fda427bb7475440858c030e (5/17) - (31/32)
 - [5] ReadString


2024-04-20 20:04:05,379 [TScriptEngine] INFO  JobRequest
 - STEP 69: S7e95aa17246a433abdcada2f20679a68 (6/17) - (31/32)
 - [6] ExecuteScript


2024-04-20 20:04:05,394 [TScriptEngine] INFO  JobRequest
 - STEP 70: Sb01899dd9dcc43c9adaaaab1ed7a6f0c (7/17) - (31/32)
 - [7] IfElse


2024-04-20 20:04:05,409 [TScriptEngine] INFO  JobRequest
 - STEP 71: S1294e846cb7e45fa87588af8fbb093d8 (8/17) - (31/32)
 - [8] Else


2024-04-20 20:04:05,425 [TScriptEngine] INFO  JobRequest
 - STEP 72: S4520f5ba2c86491bb60615333cf09df3 (9/17) - (31/32)
 - [9] GetActiveExcel


2024-04-20 20:04:05,487 [TScriptEngine] INFO  JobRequest
 - STEP 73: Sd2d8c5a614f84283bc4930fa6caf54a6 (10/17) - (31/32)
 - [10] ReadRange


2024-04-20 20:04:05,613 [TScriptEngine] INFO  JobRequest
 - STEP 74: Sf179dc02da1e444b891e6dc9f1bd3850 (11/17) - (31/32)
 - [11] IfThen


2024-04-20 20:04:05,627 [TScriptEngine] INFO  JobRequest
 - STEP 75: Sa9456650272b4b5e83a3073cf8af312a (12/17) - (31/32)
 - [12] RunTask


2024-04-20 20:04:05,645 [TScriptEngine] INFO  JobRequest
##############################################################
### STATE: StartTask - T_ReadData
##############################################################
050167e3-7605-4076-89ac-55f49898cab0
T_ReadData


2024-04-20 20:04:05,658 [TScriptEngine] INFO  JobRequest
**************************************************************
*** TASK: T_ReadData
**************************************************************
 - STEP 76: S7b5451ab03f24e968aa01b02443d0230 (1/16) - (31/32)
 - [1] ChromeOpen


2024-04-20 20:04:05,668 [T24] DEBUG ChromeCommonExtension
extension default locale empty

2024-04-20 20:04:05,670 [T24] DEBUG ChromeCommonExtension
extension default locale empty

2024-04-20 20:04:06,436 [T24] DEBUG ChromeCommonExtension
extension default locale empty

2024-04-20 20:04:06,438 [T24] DEBUG ChromeCommonExtension
extension default locale empty

2024-04-20 20:04:12,943 [TScriptEngine] INFO  JobRequest
 - STEP 77: S28ce395c2bad42d2ad72147b0f13f61c (2/16) - (31/32)
 - [2] Click


2024-04-20 20:04:14,146 [T11] DEBUG UIAEventHandler
UI Structure Changed Count: 0

2024-04-20 20:04:14,148 [T11] INFO  UIAEventHandler
waiting for 93 msec during the screen structure is changing.

2024-04-20 20:04:15,181 [TScriptEngine] INFO  JobRequest
 - STEP 78: S74259ddc3cd649838accf6e4495a26c4 (3/16) - (31/32)
 - [3] Click


2024-04-20 20:04:16,418 [TScriptEngine] INFO  JobRequest
 - STEP 79: Se7fca5c8ea684934b2707476821de1eb (4/16) - (31/32)
 - [4] WaitAppear


2024-04-20 20:04:17,721 [TScriptEngine] INFO  JobRequest
 - STEP 80: Sbfebe55bbe8746b2822da9cbed34d88c (5/16) - (31/32)
 - [5] Click


2024-04-20 20:04:18,772 [T24] DEBUG UIAEventHandler
UI Structure Changed Count: 0

2024-04-20 20:04:18,772 [T24] INFO  UIAEventHandler
waiting for 1024 msec during the screen structure is changing.

2024-04-20 20:04:19,088 [T24] DEBUG UIAEventHandler
UI Structure Changed Count: 0

2024-04-20 20:04:19,088 [T24] INFO  UIAEventHandler
waiting for 54 msec during the screen structure is changing.

2024-04-20 20:04:19,917 [TScriptEngine] INFO  JobRequest
 - STEP 81: S0b378dafa20342eabadd82ecdb4a54b2 (6/16) - (31/32)
 - [6] WaitAppear


2024-04-20 20:04:32,618 [TScriptEngine] DEBUG WinFinder
UI Inspection Time: 12 seconds.

2024-04-20 20:04:32,633 [TScriptEngine] INFO  JobRequest
 - STEP 82: Se42655ba1e1144508c70d4d4e6bc5645 (7/16) - (31/32)
 - [7] ChromeGetData


2024-04-20 20:04:32,897 [TScriptEngine] INFO  JobRequest
 - STEP 83: S07a6862599344a3cb4f9d8f92573b57c (8/16) - (31/32)
 - [8] ChromeGetData


2024-04-20 20:04:33,184 [TScriptEngine] INFO  JobRequest
 - STEP 84: Sc567a2717a14482baf6990d452159f80 (9/16) - (31/32)
 - [9] Click


2024-04-20 20:04:35,936 [TScriptEngine] INFO  JobRequest
 - STEP 85: Sc1d75d0190034baca217e2378949610e (10/16) - (31/32)
 - [10] Click


2024-04-20 20:04:36,635 [T14] INFO  JobService
Stop Job

2024-04-20 20:04:36,640 [T14] INFO  JobRunner
Stop Job Runner - Cause: LocalUser / Message: stop by user

2024-04-20 20:04:36,641 [T14] INFO  JobRequest
##############################################################
### STATE: Stopping
##############################################################
stop by user


2024-04-20 20:04:36,676 [TScriptEngine] DEBUG JobRunner
RunTask Interrupted. TASK: T_ReadData => Script execution interrupted by host

2024-04-20 20:04:36,701 [TScriptEngine] DEBUG JobRunner
RunTask Interrupted. TASK: P_Atividade => O thread foi interrompido por um estado de espera.

2024-04-20 20:04:36,709 [T12] DEBUG JobRequest
Callback - State: Stopping
stop by user

2024-04-20 20:04:36,754 [TScriptEngine] DEBUG JobManager
Set Result State: Stopped

2024-04-20 20:04:36,762 [TScriptEngine] INFO  JobRunner
Make report.

2024-04-20 20:04:36,937 [TScriptEngine] INFO  JobRunner
Start to clean up resources.

2024-04-20 20:04:36,939 [T19] DEBUG JobRunner
Start timer for checking the job to be completed.

2024-04-20 20:04:36,940 [TScriptEngine] DEBUG JobRunner
OnProcessCompleted

2024-04-20 20:04:37,042 [TScriptEngine] DEBUG ExcelBase
DisposeExcel

2024-04-20 20:04:37,080 [TScriptEngine] INFO  JobRunner
Start to clean up resources.

2024-04-20 20:04:37,081 [TScriptEngine] DEBUG JobRunner
Remove all Process Stack: 2

2024-04-20 20:04:37,083 [TScriptEngine] INFO  JobRequest
##############################################################
### STATE: EndTask - T_ReadData
##############################################################
050167e3-7605-4076-89ac-55f49898cab0
T_ReadData


2024-04-20 20:04:37,083 [TScriptEngine] INFO  JobRequest
##############################################################
### STATE: EndProcess - P_Atividade
##############################################################
05688af9-4021-4715-968f-8735111f8ff4
P_Atividade


2024-04-20 20:04:37,085 [TScriptEngine] DEBUG JobRunner
Remove all libraries

2024-04-20 20:04:37,087 [TScriptEngine] DEBUG NetPlayer
WebPlayer OnDispose

2024-04-20 20:04:37,091 [TScriptEngine] DEBUG WebPlayer
WebPlayer OnDispose : Do Nothing

2024-04-20 20:04:37,093 [TScriptEngine] DEBUG UIAEventHandler
Stop UIA event handler

2024-04-20 20:04:37,116 [TScriptEngine] DEBUG UiaAppHelper
WinHelper DisposeAppList Count: 0

2024-04-20 20:04:37,117 [TScriptEngine] INFO  JobRunner
All Resources Clear

2024-04-20 20:04:37,118 [TScriptEngine] DEBUG JobRunner
OnCompleted

2024-04-20 20:04:37,119 [TScriptEngine] DEBUG JobRunner
SendJobResult: Stopped

2024-04-20 20:04:37,119 [TScriptEngine] INFO  JobRequest
##############################################################
### STATE: Stopped
##############################################################
Process: P_Atividade
Task: T_ReadData
Step: Click (10/16)

Stopped by User


2024-04-20 20:04:37,119 [TScriptEngine] INFO  JobRequest
Last job life cycle state: Stopped

2024-04-20 20:04:37,119 [TScriptEngine] INFO  JobRequest
Update skipped current step informations.

2024-04-20 20:04:37,131 [TScriptEngine] INFO  JobRequest
##############################################################
### JOB COMPLETED
##############################################################


2024-04-20 20:04:37,135 [T12] DEBUG JobRequest
Callback - State: Stopped
Process: P_Atividade
Task: T_ReadData
Step: Click (10/16)

Stopped by User

2024-04-20 20:04:37,137 [T12] INFO  JobRequest
Callback - EngineClosed

2024-04-20 20:04:37,145 [TScriptEngine] INFO  JobRunner
RunProcess end

2024-04-20 20:04:37,146 [T1] INFO  JobService
Exit - Shutdown Engine BOT

2024-04-20 20:04:37,185 [T12] INFO  JobService
Disconnect agent service

2024-04-20 20:04:37,199 [T12] DEBUG JobRequest
End of Callback Sender

