2024-04-20 19:42:06,326 [T1] INFO  EngineStarter
BOT Engine Start - v3.1.000.01101
BOT ID: D_20240420_194205_454
BOT PID: 11560
BOT PPID: 9512
BOT Working Directory: C:\Users\aysla\AppData\Roaming\Brity RPA Designer

2024-04-20 19:42:06,345 [T1] INFO  EngineStarter
System Language: pt-BR
Resolution: 1366 x 768

2024-04-20 19:42:06,629 [T1] INFO  Config
Initialize Config

2024-04-20 19:42:06,668 [T1] DEBUG Config
Config Loaded

2024-04-20 19:42:06,668 [T1] DEBUG Config
Backup config file.

2024-04-20 19:42:06,695 [T1] INFO  Config
Orchestrator Service => https://orch.sdsbrity.com:8777

2024-04-20 19:42:06,700 [T1] INFO  Config
Initialize Resource Config

2024-04-20 19:42:06,735 [T1] DEBUG Config
Refresh Language Information

2024-04-20 19:42:06,829 [T1] INFO  Config
All Config Initialized.

2024-04-20 19:42:06,834 [T1] DEBUG KeyManager
Initialize KeyManager

2024-04-20 19:42:06,840 [T1] DEBUG KeyManager
Device ID is initialized.

2024-04-20 19:42:06,884 [T1] INFO  CertLicenseClient
Initialize certificate.

2024-04-20 19:42:06,887 [T1] DEBUG CertLicenseClient
Set Security Protocol: Tls12

2024-04-20 19:42:06,914 [T4] DEBUG JobService
Connect to agent service

2024-04-20 19:42:06,951 [T4] DEBUG JobService
JobService URL : net.tcp://127.0.0.1:59001/rpa/agent

2024-04-20 19:42:06,953 [T4] DEBUG JobService
Open connection

2024-04-20 19:42:06,964 [T1] DEBUG ApplicationInitializer
InitMode: Thread

2024-04-20 19:42:06,975 [T4] DEBUG JobService
Register engine to agent

2024-04-20 19:42:06,978 [T1] INFO  LibraryManager
Load Libraries - Started

2024-04-20 19:42:06,990 [T4] DEBUG JobService
Engine is connected to agent service.

2024-04-20 19:42:06,990 [T4] DEBUG JobService
Owner Process PID: 9512

2024-04-20 19:42:06,996 [T4] INFO  JobService
Start monitoring owner process is terminated.

2024-04-20 19:42:06,997 [T1] DEBUG AddInLoader
Load Assembly : IPA.Lib.Chrome

2024-04-20 19:42:07,301 [T1] DEBUG AddInLoader
Load Assembly : IPA.Lib.Desktop

2024-04-20 19:42:07,517 [T1] DEBUG AddInLoader
Load Assembly : IPA.Lib.Excel

2024-04-20 19:42:07,741 [T1] DEBUG AddInLoader
Load Assembly : IPA.Lib.Flow

2024-04-20 19:42:07,897 [T1] DEBUG AddInLoader
Load Assembly : IPA.Lib.IE

2024-04-20 19:42:08,004 [T1] DEBUG AddInLoader
Load Assembly : IPA.Lib.ImageConverter

2024-04-20 19:42:08,087 [T1] DEBUG AddInLoader
Load Assembly : IPA.Lib.ImageRecognition

2024-04-20 19:42:08,318 [T1] DEBUG AddInLoader
Load Assembly : IPA.Lib.MicrosoftOCR

2024-04-20 19:42:08,385 [T1] DEBUG AddInLoader
Load Assembly : IPA.Lib.Net

2024-04-20 19:42:08,480 [T1] DEBUG AddInLoader
Load Assembly : IPA.Lib.Orchestra

2024-04-20 19:42:08,589 [T1] DEBUG AddInLoader
Load Assembly : IPA.Lib.ProcessFlow

2024-04-20 19:42:08,695 [T1] DEBUG AddInLoader
Load Assembly : IPA.Lib.SAP

2024-04-20 19:42:08,809 [T1] DEBUG AddInLoader
Load Assembly : IPA.Lib.Web

2024-04-20 19:42:08,932 [T1] DEBUG AddInLoader
Load Assembly : IPA.Lib.Win

2024-04-20 19:42:09,106 [T1] INFO  ScreenCapture
Default Screen Capture Bounds: 0;0;1366;768

2024-04-20 19:42:09,149 [T1] DEBUG AddInLoader
Load Assembly : BrityRPA.AddIn.NativeApp

2024-04-20 19:42:09,300 [T1] DEBUG AddInLoader
Load Assembly : BrityWorks.AddIn.Outlook

2024-04-20 19:42:09,390 [T1] DEBUG AddInLoader
Load Assembly : BrityWorks.AddIn.Pdf

2024-04-20 19:42:09,509 [T1] DEBUG LibraryManager
Load Library - Chrome

2024-04-20 19:42:09,514 [T1] DEBUG LibraryManager
Load Library - Desktop

2024-04-20 19:42:09,516 [T1] DEBUG LibraryManager
Load Library - Excel

2024-04-20 19:42:09,517 [T1] DEBUG LibraryManager
Load Library - Flow

2024-04-20 19:42:09,517 [T1] DEBUG LibraryManager
Load Library - IE

2024-04-20 19:42:09,518 [T1] DEBUG LibraryManager
Load Library - ImageConverter

2024-04-20 19:42:09,519 [T1] DEBUG LibraryManager
Load Library - ImageRecognition

2024-04-20 19:42:09,520 [T1] DEBUG LibraryManager
Load Library - MicrosoftOCR

2024-04-20 19:42:09,521 [T1] DEBUG LibraryManager
Load Library - NativeApp

2024-04-20 19:42:09,525 [T1] DEBUG LibraryManager
Load Library - Net

2024-04-20 19:42:09,527 [T1] DEBUG LibraryManager
Load Library - Orchestra

2024-04-20 19:42:09,528 [T1] DEBUG LibraryManager
Load Library - Outlook

2024-04-20 19:42:09,529 [T1] DEBUG LibraryManager
Load Library - Pdf

2024-04-20 19:42:09,529 [T1] DEBUG LibraryManager
Load Library - SAP

2024-04-20 19:42:09,530 [T1] DEBUG LibraryManager
Load Library - Web

2024-04-20 19:42:09,531 [T1] DEBUG LibraryManager
Load Library - Win

2024-04-20 19:42:09,532 [T1] DEBUG LibraryManager
Load Library - WorkFlow

2024-04-20 19:42:09,539 [T1] DEBUG LibraryManager
Load built-in script libraries

2024-04-20 19:42:09,659 [T1] INFO  LibraryManager
Load Libraries - Completed.

2024-04-20 19:42:09,671 [T1] INFO  App
Launch Arguments: Total: 6 |  -eid D_20240420_194205_454 -runtype ProcRunner -ppid 9512

2024-04-20 19:42:09,671 [T1] DEBUG Config
Refresh Language Information

2024-04-20 19:42:09,672 [T1] DEBUG LibraryManager
LibraryManager Initialized.

2024-04-20 19:42:18,951 [T7] INFO  JobService
Start Job: T_ReadData (Foreground)
{
  "UsePIP": false,
  "UserID": null,
  "UserPWD": null,
  "IsRunning": false,
  "ResultMessage": null,
  "JobWorkDir": "C:\\Users\\aysla\\OneDrive\\Documents\\Brity RPA Projects\\Atividade\\Histories\\20240420_194218_T_ReadData_Designer_20240420_194217_098",
  "JobLogDir": "C:\\Users\\aysla\\OneDrive\\Documents\\Brity RPA Projects\\Atividade\\Histories\\20240420_194218_T_ReadData_Designer_20240420_194217_098\\Log",
  "JobScreenshotDir": "C:\\Users\\aysla\\OneDrive\\Documents\\Brity RPA Projects\\Atividade\\Histories\\20240420_194218_T_ReadData_Designer_20240420_194217_098\\Log\\Screenshot",
  "TotalProcessStepCount": 0,
  "CurrentStepNo": 0,
  "CurrentStepName": null,
  "StartTime": "2024-04-20 19:42:18",
  "EndTime": null,
  "Data": null,
  "EngineID": "D_20240420_194205_454",
  "EnginePID": 0,
  "EngineRecommededVersion": "",
  "JobId": "Designer_20240420_194217_098",
  "JobType": 1,
  "UserAuthentication": null,
  "ProcessPath": "C:\\Users\\aysla\\OneDrive\\Documents\\Brity RPA Projects\\Atividade\\T_ReadData.proc",
  "ProcessId": "050167e3-7605-4076-89ac-55f49898cab0",
  "ProcessVer": "",
  "ProcessArgs": "Sc567a2717a14482baf6990d452159f80;;False",
  "RequesterType": 3,
  "RequesterId": "designer",
  "RequesterPID": 9512,
  "OptionsJsonString": null,
  "TimeoutSec": 0,
  "State": 0
}

2024-04-20 19:42:19,101 [T6] DEBUG JobService
Waiting library loading...

2024-04-20 19:42:19,105 [T6] DEBUG Config
Reload User Settings

2024-04-20 19:42:19,106 [T6] INFO  Config
UserSettings Reloaded =>
 - LastExecution : 1m4GkrxfyrwKDPz2Jp0EGH/+CmH68w7XVgsri8R0RJA= -> 1m4GkrxfyrwKDPz2Jp0EGNsT2AWYvjNnXRs4RRVWuKo=

2024-04-20 19:42:19,106 [T6] INFO  JobService
Config Loading Completed.

2024-04-20 19:42:19,106 [T6] DEBUG JobService
Config Loading Time: 5 ms.

2024-04-20 19:42:19,117 [T6] INFO  JobManager
Create JobManager instance for job T_ReadData(Designer_20240420_194217_098)

2024-04-20 19:42:19,124 [T6] INFO  JobRequest
Job ID : Designer_20240420_194217_098
Project Path  : C:\Users\aysla\OneDrive\Documents\Brity RPA Projects\Atividade\Atividade.proj
Process Name  : T_ReadData
Engine Mode   : Designer
Requester Type: Designer
Requester PID : 9512

2024-04-20 19:42:19,127 [T9] INFO  JobRequest
Start Callback Sender

2024-04-20 19:42:19,127 [T9] DEBUG JobRequest
Step Callback Interval: 500

2024-04-20 19:42:19,178 [T6] DEBUG ProjectManager
Set Project Information

2024-04-20 19:42:19,209 [T6] INFO  PlayOptionManager
PlayOption
- Step Interval : 1
- Disable DrawBounds : False
- Invoke First : False
- Allow Upload of DumpScreen results : False

2024-04-20 19:42:19,210 [T6] INFO  JobRunner
Initialize Script Engine

2024-04-20 19:42:19,226 [TScriptEngine] INFO  JobRequest
##############################################################
### STATE: Initializing
##############################################################


2024-04-20 19:42:19,247 [T9] DEBUG JobRequest
Callback - State: Initializing


2024-04-20 19:42:20,168 [TScriptEngine] INFO  JobRequest
##############################################################
### STATE: Ready
##############################################################


2024-04-20 19:42:20,180 [T9] DEBUG JobRequest
Callback - State: Ready


2024-04-20 19:42:20,180 [T6] INFO  JobRunnerHook
HotKey Hook Started

2024-04-20 19:42:20,181 [T6] INFO  JobRequest
##############################################################
### STATE: Starting
##############################################################


2024-04-20 19:42:20,183 [TScriptEngine] INFO  JobRunner
RunProcess start

2024-04-20 19:42:20,185 [TScriptEngine] INFO  JobRequest
##############################################################
### STATE: Running
##############################################################


2024-04-20 19:42:20,185 [TScriptEngine] INFO  JobRequest
Last job life cycle state: Running

2024-04-20 19:42:20,196 [T9] DEBUG JobRequest
Callback - State: Starting


2024-04-20 19:42:20,196 [T9] DEBUG JobRequest
Callback - State: Running


2024-04-20 19:42:21,187 [TScriptEngine] DEBUG ScreenCapture
DirectX Screen Capture Initialized.

2024-04-20 19:42:21,217 [TScriptEngine] DEBUG JobRunner
DirectX ScreenCapture Checked.

2024-04-20 19:42:21,259 [TScriptEngine] INFO  JobRequest
##############################################################
### STATE: StartProcess - T_ReadData
##############################################################
050167e3-7605-4076-89ac-55f49898cab0
T_ReadData


2024-04-20 19:42:21,342 [TScriptEngine] INFO  JobRequest
**************************************************************
*** TASK: T_ReadData
**************************************************************
 - STEP 1: Sc567a2717a14482baf6990d452159f80 (9/15) - (1/7)
 - [9] Click


2024-04-20 19:42:21,647 [T6] INFO  UIAEventHandler
Start UIA event handler

2024-04-20 19:42:22,654 [T6] DEBUG UIAEventHandler
UI Structure Changed Count: 0

2024-04-20 19:42:22,654 [T6] INFO  UIAEventHandler
waiting for 954 msec during the screen structure is changing.

2024-04-20 19:42:48,300 [TScriptEngine] INFO  JobRunner
Stop Job Runner - Cause: LocalUser / Message: Catch Step Exception

2024-04-20 19:42:48,301 [TScriptEngine] INFO  JobRequest
##############################################################
### STATE: Stopping
##############################################################
Catch Step Exception


2024-04-20 19:42:48,306 [T9] DEBUG JobRequest
Callback - State: Stopping
Catch Step Exception

2024-04-20 19:42:48,307 [TScriptEngine] WARN  ScriptSupport
[CATCH_STEP_EXCEPTION] Process: T_ReadData
Step: Click (9/15)

Error: Target object does not exist, or can not be identified with current properties.

A total of 1312 candidate objects were reviewed on 1 target app screens by attempting 8 searches for 10 seconds, but no target objects were found.

The current properties are as follows.

Application: chrome
App Object Type: Pane
Target Type: Button
Target Name: Ir pra Loja Copiar

2024-04-20 19:42:48,310 [TScriptEngine] FINE  JobRunner
RunTask ExceptionOccured. TASK: T_ReadData => Target object does not exist, or can not be identified with current properties.

A total of 1312 candidate objects were reviewed on 1 target app screens by attempting 8 searches for 10 seconds, but no target objects were found.

The current properties are as follows.

Application: chrome
App Object Type: Pane
Target Type: Button
Target Name: Ir pra Loja Copiar

2024-04-20 19:42:48,386 [TScriptEngine] INFO  JobRequest
##############################################################
### STATE: EndProcess - T_ReadData
##############################################################
050167e3-7605-4076-89ac-55f49898cab0
T_ReadData


2024-04-20 19:42:48,437 [TScriptEngine] DEBUG JobManager
Set Result State: Stopped

2024-04-20 19:42:48,447 [TScriptEngine] INFO  JobRunner
Make report.

2024-04-20 19:42:48,545 [TScriptEngine] INFO  JobRunner
Start to clean up resources.

2024-04-20 19:42:48,547 [TScriptEngine] DEBUG JobRunner
OnProcessCompleted

2024-04-20 19:42:48,548 [T23] DEBUG JobRunner
Start timer for checking the job to be completed.

2024-04-20 19:42:48,548 [TScriptEngine] INFO  JobRunner
Start to clean up resources.

2024-04-20 19:42:48,552 [TScriptEngine] DEBUG JobRunner
Remove all libraries

2024-04-20 19:42:48,574 [TScriptEngine] DEBUG NetPlayer
WebPlayer OnDispose

2024-04-20 19:42:48,635 [TScriptEngine] DEBUG WebPlayer
WebPlayer OnDispose : Do Nothing

2024-04-20 19:42:48,639 [TScriptEngine] DEBUG UIAEventHandler
Stop UIA event handler

2024-04-20 19:42:48,657 [TScriptEngine] DEBUG UiaAppHelper
WinHelper DisposeAppList Count: 0

2024-04-20 19:42:48,657 [TScriptEngine] INFO  JobRunner
All Resources Clear

2024-04-20 19:42:48,659 [TScriptEngine] DEBUG JobRunner
OnCompleted

2024-04-20 19:42:48,662 [TScriptEngine] DEBUG JobRunner
SendJobResult: Stopped

2024-04-20 19:42:48,662 [TScriptEngine] INFO  JobRequest
##############################################################
### STATE: Stopped
##############################################################
Process: T_ReadData

Process: T_ReadData
Step: Click (9/15)
Target object does not exist, or can not be identified with current properties.

A total of 1312 candidate objects were reviewed on 1 target app screens by attempting 8 searches for 10 seconds, but no target objects were found.

The current properties are as follows.

Application: chrome
App Object Type: Pane
Target Type: Button
Target Name: Ir pra Loja Copiar


2024-04-20 19:42:48,662 [TScriptEngine] INFO  JobRequest
Last job life cycle state: Stopped

2024-04-20 19:42:48,662 [TScriptEngine] INFO  JobRequest
Update skipped current step informations.

2024-04-20 19:42:48,675 [TScriptEngine] INFO  JobRequest
##############################################################
### JOB COMPLETED
##############################################################


2024-04-20 19:42:48,686 [T9] DEBUG JobRequest
Callback - State: Stopped
Process: T_ReadData

Process: T_ReadData
Step: Click (9/15)
Target object does not exist, or can not be identified with current properties.

A total of 1312 candidate objects were reviewed on 1 target app screens by attempting 8 searches for 10 seconds, but no target objects were found.

The current properties are as follows.

Application: chrome
App Object Type: Pane
Target Type: Button
Target Name: Ir pra Loja Copiar

2024-04-20 19:42:48,688 [T9] INFO  JobRequest
Callback - EngineClosed

2024-04-20 19:42:48,689 [T9] INFO  JobService
Disconnect agent service

2024-04-20 19:42:48,708 [TScriptEngine] INFO  JobRunner
RunProcess end

2024-04-20 19:42:48,709 [T1] INFO  JobService
Exit - Shutdown Engine BOT

2024-04-20 19:42:48,724 [T9] DEBUG JobRequest
End of Callback Sender

