2024-04-17 20:29:47,749 [T1] INFO  EngineStarter
BOT Engine Start - v3.1.000.01101
BOT ID: D_20240417_202946_844
BOT PID: 17748
BOT PPID: 15112
BOT Working Directory: C:\Users\aysla\AppData\Roaming\Brity RPA Designer

2024-04-17 20:29:47,764 [T1] INFO  EngineStarter
System Language: pt-BR
Resolution: 1366 x 768

2024-04-17 20:29:48,084 [T1] INFO  Config
Initialize Config

2024-04-17 20:29:48,138 [T1] DEBUG Config
Config Loaded

2024-04-17 20:29:48,139 [T1] DEBUG Config
Backup config file.

2024-04-17 20:29:48,140 [T1] INFO  Config
Orchestrator Service => https://orch.sdsbrity.com:8777

2024-04-17 20:29:48,140 [T1] INFO  Config
Initialize Resource Config

2024-04-17 20:29:48,171 [T1] DEBUG Config
Refresh Language Information

2024-04-17 20:29:48,265 [T1] INFO  Config
All Config Initialized.

2024-04-17 20:29:48,265 [T1] DEBUG KeyManager
Initialize KeyManager

2024-04-17 20:29:48,265 [T1] DEBUG KeyManager
Device ID is initialized.

2024-04-17 20:29:48,327 [T1] INFO  CertLicenseClient
Initialize certificate.

2024-04-17 20:29:48,327 [T1] DEBUG CertLicenseClient
Set Security Protocol: Tls12

2024-04-17 20:29:48,343 [T4] DEBUG JobService
Connect to agent service

2024-04-17 20:29:48,390 [T4] DEBUG JobService
JobService URL : net.tcp://127.0.0.1:59001/rpa/agent

2024-04-17 20:29:48,390 [T4] DEBUG JobService
Open connection

2024-04-17 20:29:48,390 [T1] DEBUG ApplicationInitializer
InitMode: Thread

2024-04-17 20:29:48,405 [T1] INFO  LibraryManager
Load Libraries - Started

2024-04-17 20:29:48,405 [T4] DEBUG JobService
Register engine to agent

2024-04-17 20:29:48,421 [T1] DEBUG AddInLoader
Load Assembly : IPA.Lib.Chrome

2024-04-17 20:29:48,421 [T4] DEBUG JobService
Engine is connected to agent service.

2024-04-17 20:29:48,421 [T4] DEBUG JobService
Owner Process PID: 15112

2024-04-17 20:29:48,421 [T4] INFO  JobService
Start monitoring owner process is terminated.

2024-04-17 20:29:48,687 [T1] DEBUG AddInLoader
Load Assembly : IPA.Lib.Desktop

2024-04-17 20:29:48,906 [T1] DEBUG AddInLoader
Load Assembly : IPA.Lib.Excel

2024-04-17 20:29:49,086 [T1] DEBUG AddInLoader
Load Assembly : IPA.Lib.Flow

2024-04-17 20:29:49,251 [T1] DEBUG AddInLoader
Load Assembly : IPA.Lib.IE

2024-04-17 20:29:49,360 [T1] DEBUG AddInLoader
Load Assembly : IPA.Lib.ImageConverter

2024-04-17 20:29:49,439 [T1] DEBUG AddInLoader
Load Assembly : IPA.Lib.ImageRecognition

2024-04-17 20:29:49,641 [T1] DEBUG AddInLoader
Load Assembly : IPA.Lib.MicrosoftOCR

2024-04-17 20:29:49,703 [T1] DEBUG AddInLoader
Load Assembly : IPA.Lib.Net

2024-04-17 20:29:49,797 [T1] DEBUG AddInLoader
Load Assembly : IPA.Lib.Orchestra

2024-04-17 20:29:49,891 [T1] DEBUG AddInLoader
Load Assembly : IPA.Lib.ProcessFlow

2024-04-17 20:29:50,006 [T1] DEBUG AddInLoader
Load Assembly : IPA.Lib.SAP

2024-04-17 20:29:50,126 [T1] DEBUG AddInLoader
Load Assembly : IPA.Lib.Web

2024-04-17 20:29:50,265 [T1] DEBUG AddInLoader
Load Assembly : IPA.Lib.Win

2024-04-17 20:29:50,437 [T1] INFO  ScreenCapture
Default Screen Capture Bounds: 0;0;1366;768

2024-04-17 20:29:50,474 [T1] DEBUG AddInLoader
Load Assembly : BrityRPA.AddIn.NativeApp

2024-04-17 20:29:50,625 [T1] DEBUG AddInLoader
Load Assembly : BrityWorks.AddIn.Outlook

2024-04-17 20:29:50,719 [T1] DEBUG AddInLoader
Load Assembly : BrityWorks.AddIn.Pdf

2024-04-17 20:29:50,782 [T1] DEBUG LibraryManager
Load Library - Chrome

2024-04-17 20:29:50,797 [T1] DEBUG LibraryManager
Load Library - Desktop

2024-04-17 20:29:50,797 [T1] DEBUG LibraryManager
Load Library - Excel

2024-04-17 20:29:50,797 [T1] DEBUG LibraryManager
Load Library - Flow

2024-04-17 20:29:50,797 [T1] DEBUG LibraryManager
Load Library - IE

2024-04-17 20:29:50,797 [T1] DEBUG LibraryManager
Load Library - ImageConverter

2024-04-17 20:29:50,797 [T1] DEBUG LibraryManager
Load Library - ImageRecognition

2024-04-17 20:29:50,797 [T1] DEBUG LibraryManager
Load Library - MicrosoftOCR

2024-04-17 20:29:50,797 [T1] DEBUG LibraryManager
Load Library - NativeApp

2024-04-17 20:29:50,797 [T1] DEBUG LibraryManager
Load Library - Net

2024-04-17 20:29:50,797 [T1] DEBUG LibraryManager
Load Library - Orchestra

2024-04-17 20:29:50,797 [T1] DEBUG LibraryManager
Load Library - Outlook

2024-04-17 20:29:50,797 [T1] DEBUG LibraryManager
Load Library - Pdf

2024-04-17 20:29:50,797 [T1] DEBUG LibraryManager
Load Library - SAP

2024-04-17 20:29:50,797 [T1] DEBUG LibraryManager
Load Library - Web

2024-04-17 20:29:50,797 [T1] DEBUG LibraryManager
Load Library - Win

2024-04-17 20:29:50,813 [T1] DEBUG LibraryManager
Load Library - WorkFlow

2024-04-17 20:29:50,813 [T1] DEBUG LibraryManager
Load built-in script libraries

2024-04-17 20:29:51,036 [T1] INFO  LibraryManager
Load Libraries - Completed.

2024-04-17 20:29:51,052 [T1] INFO  App
Launch Arguments: Total: 6 |  -eid D_20240417_202946_844 -runtype ProcRunner -ppid 15112

2024-04-17 20:29:51,052 [T1] DEBUG Config
Refresh Language Information

2024-04-17 20:29:51,052 [T1] DEBUG LibraryManager
LibraryManager Initialized.

2024-04-17 20:30:36,940 [T9] INFO  JobService
Start Job: P_Atividade (Foreground)
{
  "UsePIP": false,
  "UserID": null,
  "UserPWD": null,
  "IsRunning": false,
  "ResultMessage": null,
  "JobWorkDir": "C:\\Users\\aysla\\OneDrive\\Documents\\Brity RPA Projects\\Atividade\\Histories\\20240417_203036_P_Atividade_Designer_20240417_203036_526",
  "JobLogDir": "C:\\Users\\aysla\\OneDrive\\Documents\\Brity RPA Projects\\Atividade\\Histories\\20240417_203036_P_Atividade_Designer_20240417_203036_526\\Log",
  "JobScreenshotDir": "C:\\Users\\aysla\\OneDrive\\Documents\\Brity RPA Projects\\Atividade\\Histories\\20240417_203036_P_Atividade_Designer_20240417_203036_526\\Log\\Screenshot",
  "TotalProcessStepCount": 0,
  "CurrentStepNo": 0,
  "CurrentStepName": null,
  "StartTime": "2024-04-17 20:30:36",
  "EndTime": null,
  "Data": null,
  "EngineID": "D_20240417_202946_844",
  "EnginePID": 0,
  "EngineRecommededVersion": "",
  "JobId": "Designer_20240417_203036_526",
  "JobType": 1,
  "UserAuthentication": null,
  "ProcessPath": "C:\\Users\\aysla\\OneDrive\\Documents\\Brity RPA Projects\\Atividade\\P_Atividade.proc",
  "ProcessId": "05688af9-4021-4715-968f-8735111f8ff4",
  "ProcessVer": "",
  "ProcessArgs": null,
  "RequesterType": 3,
  "RequesterId": "designer",
  "RequesterPID": 15112,
  "OptionsJsonString": null,
  "TimeoutSec": 0,
  "State": 0
}

2024-04-17 20:30:37,088 [T11] DEBUG JobService
Waiting library loading...

2024-04-17 20:30:37,088 [T11] DEBUG Config
Reload User Settings

2024-04-17 20:30:37,088 [T11] INFO  Config
UserSettings Reloaded =>
 - LastExecution : SRDEzJTa6OJZ4ahFCa+fJZS4Q5W5szxGIFcFDHKouRQ= -> 9m1sCECuKi1pTCRxfnSopE0iDK/u9ixwl4U0nLdB9wQ=

2024-04-17 20:30:37,088 [T11] INFO  JobService
Config Loading Completed.

2024-04-17 20:30:37,088 [T11] DEBUG JobService
Config Loading Time: 0 ms.

2024-04-17 20:30:37,113 [T11] INFO  JobManager
Create JobManager instance for job P_Atividade(Designer_20240417_203036_526)

2024-04-17 20:30:37,121 [T11] INFO  JobRequest
Job ID : Designer_20240417_203036_526
Project Path  : C:\Users\aysla\OneDrive\Documents\Brity RPA Projects\Atividade\Atividade.proj
Process Name  : P_Atividade
Engine Mode   : Designer
Requester Type: Designer
Requester PID : 15112

2024-04-17 20:30:37,124 [T12] INFO  JobRequest
Start Callback Sender

2024-04-17 20:30:37,124 [T12] DEBUG JobRequest
Step Callback Interval: 500

2024-04-17 20:30:37,160 [T11] DEBUG ProjectManager
Set Project Information

2024-04-17 20:30:37,176 [T11] INFO  PlayOptionManager
PlayOption
- Step Interval : 1
- Disable DrawBounds : False
- Invoke First : False
- Allow Upload of DumpScreen results : False

2024-04-17 20:30:37,192 [T11] INFO  JobRunner
Initialize Script Engine

2024-04-17 20:30:37,207 [TScriptEngine] INFO  JobRequest
##############################################################
### STATE: Initializing
##############################################################


2024-04-17 20:30:37,238 [T12] DEBUG JobRequest
Callback - State: Initializing


2024-04-17 20:30:38,160 [TScriptEngine] INFO  JobRequest
##############################################################
### STATE: Ready
##############################################################


2024-04-17 20:30:38,175 [T12] DEBUG JobRequest
Callback - State: Ready


2024-04-17 20:30:38,175 [T11] INFO  JobRunnerHook
HotKey Hook Started

2024-04-17 20:30:38,175 [T11] INFO  JobRequest
##############################################################
### STATE: Starting
##############################################################


2024-04-17 20:30:38,175 [TScriptEngine] INFO  JobRunner
RunProcess start

2024-04-17 20:30:38,175 [TScriptEngine] INFO  JobRequest
##############################################################
### STATE: Running
##############################################################


2024-04-17 20:30:38,175 [TScriptEngine] INFO  JobRequest
Last job life cycle state: Running

2024-04-17 20:30:38,191 [T12] DEBUG JobRequest
Callback - State: Starting


2024-04-17 20:30:38,207 [T12] DEBUG JobRequest
Callback - State: Running


2024-04-17 20:30:38,394 [TScriptEngine] WARN  ProcessDataValidator
It can be occurred a malfunction to play P_Atividade,
because this system is different from designed system environment.
(OS, Resolution, etc)

2024-04-17 20:30:39,422 [TScriptEngine] DEBUG ScreenCapture
DirectX Screen Capture Initialized.

2024-04-17 20:30:39,437 [TScriptEngine] DEBUG JobRunner
DirectX ScreenCapture Checked.

2024-04-17 20:30:39,480 [TScriptEngine] INFO  JobRequest
##############################################################
### STATE: StartProcess - P_Atividade
##############################################################
05688af9-4021-4715-968f-8735111f8ff4
P_Atividade


2024-04-17 20:30:39,543 [TScriptEngine] INFO  JobRequest
**************************************************************
*** TASK: P_Atividade
**************************************************************
 - STEP 1: S81a0ebfb5a2c4a8b9a71dee37d7e0b78 (1/13) - (1/28)
 - [1] ExecuteScript


2024-04-17 20:30:39,676 [TScriptEngine] INFO  JobRequest
 - STEP 2: S2f262c6eb2384f8789f53ce6aa08aa75 (2/13) - (2/28)
 - [2] GetActiveExcel


2024-04-17 20:30:40,052 [TScriptEngine] INFO  JobRequest
 - STEP 3: Sa2ffea335c68462984398f8647d25471 (3/13) - (3/28)
 - [3] GetRowCount


2024-04-17 20:30:40,287 [TScriptEngine] INFO  JobRequest
 - STEP 4: Sda3e6b23bb1a4d39affe5280218ea58b (4/13) - (4/28)
 - [4] For


2024-04-17 20:30:40,302 [TScriptEngine] INFO  JobRequest
 - STEP 5: Sdea2da61b925487181471142e9aaa813 (5/13) - (5/28)
 - [5] ChromeClose


2024-04-17 20:30:41,717 [TScriptEngine] INFO  JobRequest
 - STEP 6: S09d63d9d3fda427bb7475440858c030e (6/13) - (6/28)
 - [6] ReadString


2024-04-17 20:30:41,873 [TScriptEngine] INFO  JobRequest
 - STEP 7: S7e95aa17246a433abdcada2f20679a68 (7/13) - (7/28)
 - [7] ExecuteScript


2024-04-17 20:30:41,889 [TScriptEngine] INFO  JobRequest
 - STEP 8: Sb01899dd9dcc43c9adaaaab1ed7a6f0c (8/13) - (8/28)
 - [8] IfElse


2024-04-17 20:30:41,905 [TScriptEngine] INFO  JobRequest
 - STEP 9: Sa9456650272b4b5e83a3073cf8af312a (9/13) - (9/28)
 - [9] RunTask


2024-04-17 20:30:41,920 [TScriptEngine] INFO  JobRequest
##############################################################
### STATE: StartTask - T_ReadData
##############################################################
050167e3-7605-4076-89ac-55f49898cab0
T_ReadData


2024-04-17 20:30:41,937 [TScriptEngine] INFO  JobRequest
**************************************************************
*** TASK: T_ReadData
**************************************************************
 - STEP 10: S7b5451ab03f24e968aa01b02443d0230 (1/16) - (10/28)
 - [1] ChromeOpen


2024-04-17 20:30:42,030 [T10] DEBUG ChromeCommonExtension
extension default locale empty

2024-04-17 20:30:42,030 [T10] DEBUG ChromeCommonExtension
extension default locale empty

2024-04-17 20:30:42,514 [T10] DEBUG ChromeCommonExtension
extension default locale empty

2024-04-17 20:30:42,530 [T10] DEBUG ChromeCommonExtension
extension default locale empty

2024-04-17 20:30:47,442 [TScriptEngine] INFO  JobRequest
 - STEP 11: See956307f79448ce844eef8e27180a04 (2/16) - (11/28)
 - [2] ChromeClick


2024-04-17 20:30:51,886 [TScriptEngine] INFO  JobRequest
 - STEP 12: Se42655ba1e1144508c70d4d4e6bc5645 (4/16) - (12/28)
 - [4] ChromeGetData


2024-04-17 20:30:53,213 [TScriptEngine] INFO  JobRequest
 - STEP 13: S07a6862599344a3cb4f9d8f92573b57c (5/16) - (13/28)
 - [5] ChromeGetData


2024-04-17 20:30:53,478 [TScriptEngine] INFO  JobRequest
 - STEP 14: Sd8fb8d88bb5e4ccea68ef3873d3d5d1f (6/16) - (14/28)
 - [6] TryCatch


2024-04-17 20:30:53,493 [TScriptEngine] INFO  JobRequest
 - STEP 15: S0139794d469e4c37b7f7c8dfcf659bbb (7/16) - (15/28)
 - [7] ChromeClick


2024-04-17 20:31:03,653 [TScriptEngine] DEBUG ChromeFind
Chrome Find Wrapper : The object was not found.
Please re-specify the object.

2024-04-17 20:31:09,120 [TScriptEngine] INFO  JobRunner
Try Pause

2024-04-17 20:31:09,121 [TScriptEngine] INFO  JobRequest
##############################################################
### STATE: Paused
##############################################################


2024-04-17 20:31:09,121 [TScriptEngine] INFO  JobRequest
Last job life cycle state: Paused

2024-04-17 20:31:09,154 [T12] DEBUG JobRequest
Callback - State: Paused


2024-04-17 20:31:36,036 [T16] INFO  JobService
Stop Job

2024-04-17 20:31:36,036 [T16] INFO  JobRunner
Stop Job Runner - Cause: LocalUser / Message: stop by user

2024-04-17 20:31:36,036 [T16] INFO  JobRequest
##############################################################
### STATE: Stopping
##############################################################
stop by user


2024-04-17 20:31:36,052 [T12] DEBUG JobRequest
Callback - State: Stopping
stop by user

2024-04-17 20:31:36,052 [TScriptEngine] DEBUG JobRunner
RunTask Interrupted. TASK: T_ReadData => Script execution interrupted by host

2024-04-17 20:31:36,052 [TScriptEngine] DEBUG JobRunner
RunTask Interrupted. TASK: P_Atividade => O thread foi interrompido por um estado de espera.

2024-04-17 20:31:36,083 [TScriptEngine] DEBUG JobManager
Set Result State: Stopped

2024-04-17 20:31:36,083 [TScriptEngine] INFO  JobRunner
Make report.

2024-04-17 20:31:36,161 [TScriptEngine] INFO  JobRunner
Start to clean up resources.

2024-04-17 20:31:36,162 [TScriptEngine] DEBUG JobRunner
OnProcessCompleted

2024-04-17 20:31:36,163 [T20] DEBUG JobRunner
Start timer for checking the job to be completed.

2024-04-17 20:31:36,169 [TScriptEngine] DEBUG ExcelBase
DisposeExcel

2024-04-17 20:31:36,188 [TScriptEngine] INFO  JobRunner
Start to clean up resources.

2024-04-17 20:31:36,188 [TScriptEngine] DEBUG JobRunner
Remove all Process Stack: 2

2024-04-17 20:31:36,203 [TScriptEngine] INFO  JobRequest
##############################################################
### STATE: EndTask - T_ReadData
##############################################################
050167e3-7605-4076-89ac-55f49898cab0
T_ReadData


2024-04-17 20:31:36,203 [TScriptEngine] INFO  JobRequest
##############################################################
### STATE: EndProcess - P_Atividade
##############################################################
05688af9-4021-4715-968f-8735111f8ff4
P_Atividade


2024-04-17 20:31:36,203 [TScriptEngine] DEBUG JobRunner
Remove all libraries

2024-04-17 20:31:36,219 [TScriptEngine] DEBUG NetPlayer
WebPlayer OnDispose

2024-04-17 20:31:36,219 [TScriptEngine] DEBUG WebPlayer
WebPlayer OnDispose : Do Nothing

2024-04-17 20:31:36,219 [TScriptEngine] DEBUG UiaAppHelper
WinHelper DisposeAppList Count: 0

2024-04-17 20:31:36,219 [TScriptEngine] INFO  JobRunner
All Resources Clear

2024-04-17 20:31:36,219 [TScriptEngine] DEBUG JobRunner
OnCompleted

2024-04-17 20:31:36,219 [TScriptEngine] DEBUG JobRunner
SendJobResult: Stopped

2024-04-17 20:31:36,219 [TScriptEngine] INFO  JobRequest
##############################################################
### STATE: Stopped
##############################################################
Process: P_Atividade
Task: T_ReadData
Step: ChromeClick (7/16)

Stopped by User


2024-04-17 20:31:36,219 [TScriptEngine] INFO  JobRequest
Last job life cycle state: Stopped

2024-04-17 20:31:36,219 [TScriptEngine] INFO  JobRequest
Update skipped current step informations.

2024-04-17 20:31:36,244 [TScriptEngine] INFO  JobRequest
##############################################################
### JOB COMPLETED
##############################################################


2024-04-17 20:31:36,250 [T12] DEBUG JobRequest
Callback - State: Stopped
Process: P_Atividade
Task: T_ReadData
Step: ChromeClick (7/16)

Stopped by User

2024-04-17 20:31:36,251 [T12] INFO  JobRequest
Callback - EngineClosed

2024-04-17 20:31:36,252 [T12] INFO  JobService
Disconnect agent service

2024-04-17 20:31:36,255 [T12] DEBUG JobRequest
End of Callback Sender

2024-04-17 20:31:36,271 [TScriptEngine] INFO  JobRunner
RunProcess end

2024-04-17 20:31:36,271 [T1] INFO  JobService
Exit - Shutdown Engine BOT

