2024-04-17 20:20:45,031 [T1] INFO  EngineStarter
BOT Engine Start - v3.1.000.01101
BOT ID: D_20240417_202043_766
BOT PID: 11756
BOT PPID: 15112
BOT Working Directory: C:\Users\aysla\AppData\Roaming\Brity RPA Designer

2024-04-17 20:20:45,078 [T1] INFO  EngineStarter
System Language: pt-BR
Resolution: 1366 x 768

2024-04-17 20:20:45,441 [T1] INFO  Config
Initialize Config

2024-04-17 20:20:45,476 [T1] DEBUG Config
Config Loaded

2024-04-17 20:20:45,476 [T1] DEBUG Config
Backup config file.

2024-04-17 20:20:45,506 [T1] INFO  Config
Orchestrator Service => https://orch.sdsbrity.com:8777

2024-04-17 20:20:45,516 [T1] INFO  Config
Initialize Resource Config

2024-04-17 20:20:45,556 [T1] DEBUG Config
Refresh Language Information

2024-04-17 20:20:45,715 [T1] INFO  Config
All Config Initialized.

2024-04-17 20:20:45,726 [T1] DEBUG KeyManager
Initialize KeyManager

2024-04-17 20:20:45,736 [T1] DEBUG KeyManager
Device ID is initialized.

2024-04-17 20:20:45,776 [T1] INFO  CertLicenseClient
Initialize certificate.

2024-04-17 20:20:45,776 [T1] DEBUG CertLicenseClient
Set Security Protocol: Tls12

2024-04-17 20:20:45,826 [T5] DEBUG JobService
Connect to agent service

2024-04-17 20:20:45,871 [T5] DEBUG JobService
JobService URL : net.tcp://127.0.0.1:59001/rpa/agent

2024-04-17 20:20:45,876 [T5] DEBUG JobService
Open connection

2024-04-17 20:20:45,886 [T1] DEBUG ApplicationInitializer
InitMode: Thread

2024-04-17 20:20:45,896 [T1] INFO  LibraryManager
Load Libraries - Started

2024-04-17 20:20:45,896 [T5] DEBUG JobService
Register engine to agent

2024-04-17 20:20:45,906 [T5] DEBUG JobService
Engine is connected to agent service.

2024-04-17 20:20:45,906 [T5] DEBUG JobService
Owner Process PID: 15112

2024-04-17 20:20:45,916 [T1] DEBUG AddInLoader
Load Assembly : IPA.Lib.Chrome

2024-04-17 20:20:45,916 [T5] INFO  JobService
Start monitoring owner process is terminated.

2024-04-17 20:20:46,176 [T1] DEBUG AddInLoader
Load Assembly : IPA.Lib.Desktop

2024-04-17 20:20:46,416 [T1] DEBUG AddInLoader
Load Assembly : IPA.Lib.Excel

2024-04-17 20:20:46,606 [T1] DEBUG AddInLoader
Load Assembly : IPA.Lib.Flow

2024-04-17 20:20:46,761 [T1] DEBUG AddInLoader
Load Assembly : IPA.Lib.IE

2024-04-17 20:20:46,865 [T1] DEBUG AddInLoader
Load Assembly : IPA.Lib.ImageConverter

2024-04-17 20:20:46,936 [T1] DEBUG AddInLoader
Load Assembly : IPA.Lib.ImageRecognition

2024-04-17 20:20:47,151 [T1] DEBUG AddInLoader
Load Assembly : IPA.Lib.MicrosoftOCR

2024-04-17 20:20:47,227 [T1] DEBUG AddInLoader
Load Assembly : IPA.Lib.Net

2024-04-17 20:20:47,311 [T1] DEBUG AddInLoader
Load Assembly : IPA.Lib.Orchestra

2024-04-17 20:20:47,421 [T1] DEBUG AddInLoader
Load Assembly : IPA.Lib.ProcessFlow

2024-04-17 20:20:47,536 [T1] DEBUG AddInLoader
Load Assembly : IPA.Lib.SAP

2024-04-17 20:20:47,627 [T1] DEBUG AddInLoader
Load Assembly : IPA.Lib.Web

2024-04-17 20:20:47,759 [T1] DEBUG AddInLoader
Load Assembly : IPA.Lib.Win

2024-04-17 20:20:47,921 [T1] INFO  ScreenCapture
Default Screen Capture Bounds: 0;0;1366;768

2024-04-17 20:20:47,959 [T1] DEBUG AddInLoader
Load Assembly : BrityRPA.AddIn.NativeApp

2024-04-17 20:20:48,075 [T1] DEBUG AddInLoader
Load Assembly : BrityWorks.AddIn.Outlook

2024-04-17 20:20:48,160 [T1] DEBUG AddInLoader
Load Assembly : BrityWorks.AddIn.Pdf

2024-04-17 20:20:48,244 [T1] DEBUG LibraryManager
Load Library - Chrome

2024-04-17 20:20:48,244 [T1] DEBUG LibraryManager
Load Library - Desktop

2024-04-17 20:20:48,260 [T1] DEBUG LibraryManager
Load Library - Excel

2024-04-17 20:20:48,260 [T1] DEBUG LibraryManager
Load Library - Flow

2024-04-17 20:20:48,260 [T1] DEBUG LibraryManager
Load Library - IE

2024-04-17 20:20:48,260 [T1] DEBUG LibraryManager
Load Library - ImageConverter

2024-04-17 20:20:48,260 [T1] DEBUG LibraryManager
Load Library - ImageRecognition

2024-04-17 20:20:48,260 [T1] DEBUG LibraryManager
Load Library - MicrosoftOCR

2024-04-17 20:20:48,260 [T1] DEBUG LibraryManager
Load Library - NativeApp

2024-04-17 20:20:48,260 [T1] DEBUG LibraryManager
Load Library - Net

2024-04-17 20:20:48,260 [T1] DEBUG LibraryManager
Load Library - Orchestra

2024-04-17 20:20:48,260 [T1] DEBUG LibraryManager
Load Library - Outlook

2024-04-17 20:20:48,260 [T1] DEBUG LibraryManager
Load Library - Pdf

2024-04-17 20:20:48,260 [T1] DEBUG LibraryManager
Load Library - SAP

2024-04-17 20:20:48,260 [T1] DEBUG LibraryManager
Load Library - Web

2024-04-17 20:20:48,260 [T1] DEBUG LibraryManager
Load Library - Win

2024-04-17 20:20:48,260 [T1] DEBUG LibraryManager
Load Library - WorkFlow

2024-04-17 20:20:48,275 [T1] DEBUG LibraryManager
Load built-in script libraries

2024-04-17 20:20:48,407 [T1] INFO  LibraryManager
Load Libraries - Completed.

2024-04-17 20:20:48,423 [T1] INFO  App
Launch Arguments: Total: 6 |  -eid D_20240417_202043_766 -runtype ProcRunner -ppid 15112

2024-04-17 20:20:48,423 [T1] DEBUG Config
Refresh Language Information

2024-04-17 20:20:48,429 [T1] DEBUG LibraryManager
LibraryManager Initialized.

2024-04-17 20:21:25,579 [T9] INFO  JobService
Start Job: P_Atividade (Foreground)
{
  "UsePIP": false,
  "UserID": null,
  "UserPWD": null,
  "IsRunning": false,
  "ResultMessage": null,
  "JobWorkDir": "C:\\Users\\aysla\\OneDrive\\Documents\\Brity RPA Projects\\Atividade\\Histories\\20240417_202125_P_Atividade_Designer_20240417_202123_236",
  "JobLogDir": "C:\\Users\\aysla\\OneDrive\\Documents\\Brity RPA Projects\\Atividade\\Histories\\20240417_202125_P_Atividade_Designer_20240417_202123_236\\Log",
  "JobScreenshotDir": "C:\\Users\\aysla\\OneDrive\\Documents\\Brity RPA Projects\\Atividade\\Histories\\20240417_202125_P_Atividade_Designer_20240417_202123_236\\Log\\Screenshot",
  "TotalProcessStepCount": 0,
  "CurrentStepNo": 0,
  "CurrentStepName": null,
  "StartTime": "2024-04-17 20:21:25",
  "EndTime": null,
  "Data": null,
  "EngineID": "D_20240417_202043_766",
  "EnginePID": 0,
  "EngineRecommededVersion": "",
  "JobId": "Designer_20240417_202123_236",
  "JobType": 1,
  "UserAuthentication": null,
  "ProcessPath": "C:\\Users\\aysla\\OneDrive\\Documents\\Brity RPA Projects\\Atividade\\P_Atividade.proc",
  "ProcessId": "05688af9-4021-4715-968f-8735111f8ff4",
  "ProcessVer": "",
  "ProcessArgs": null,
  "RequesterType": 3,
  "RequesterId": "designer",
  "RequesterPID": 15112,
  "OptionsJsonString": null,
  "TimeoutSec": 0,
  "State": 0
}

2024-04-17 20:21:25,735 [T10] DEBUG JobService
Waiting library loading...

2024-04-17 20:21:25,735 [T10] DEBUG Config
Reload User Settings

2024-04-17 20:21:25,735 [T10] INFO  Config
UserSettings Reloaded =>
 - LastExecution : 8G0JX+/YlbeTDmLGl8h5dR5onj1qirO5QtWljLtmtqU= -> H8L4tcAaFBW4bdB0BiP30kGWCezfaYWaPM4MiCbWV3I=

2024-04-17 20:21:25,735 [T10] INFO  JobService
Config Loading Completed.

2024-04-17 20:21:25,735 [T10] DEBUG JobService
Config Loading Time: 0 ms.

2024-04-17 20:21:25,751 [T10] INFO  JobManager
Create JobManager instance for job P_Atividade(Designer_20240417_202123_236)

2024-04-17 20:21:25,766 [T10] INFO  JobRequest
Job ID : Designer_20240417_202123_236
Project Path  : C:\Users\aysla\OneDrive\Documents\Brity RPA Projects\Atividade\Atividade.proj
Process Name  : P_Atividade
Engine Mode   : Designer
Requester Type: Designer
Requester PID : 15112

2024-04-17 20:21:25,766 [T12] INFO  JobRequest
Start Callback Sender

2024-04-17 20:21:25,766 [T12] DEBUG JobRequest
Step Callback Interval: 500

2024-04-17 20:21:25,813 [T10] DEBUG ProjectManager
Set Project Information

2024-04-17 20:21:25,829 [T10] INFO  PlayOptionManager
PlayOption
- Step Interval : 1
- Disable DrawBounds : False
- Invoke First : False
- Allow Upload of DumpScreen results : False

2024-04-17 20:21:25,829 [T10] INFO  JobRunner
Initialize Script Engine

2024-04-17 20:21:25,844 [TScriptEngine] INFO  JobRequest
##############################################################
### STATE: Initializing
##############################################################


2024-04-17 20:21:25,860 [T12] DEBUG JobRequest
Callback - State: Initializing


2024-04-17 20:21:26,844 [TScriptEngine] INFO  JobRequest
##############################################################
### STATE: Ready
##############################################################


2024-04-17 20:21:26,860 [T12] DEBUG JobRequest
Callback - State: Ready


2024-04-17 20:21:26,860 [T10] INFO  JobRunnerHook
HotKey Hook Started

2024-04-17 20:21:26,860 [T10] INFO  JobRequest
##############################################################
### STATE: Starting
##############################################################


2024-04-17 20:21:26,860 [TScriptEngine] INFO  JobRunner
RunProcess start

2024-04-17 20:21:26,860 [TScriptEngine] INFO  JobRequest
##############################################################
### STATE: Running
##############################################################


2024-04-17 20:21:26,860 [TScriptEngine] INFO  JobRequest
Last job life cycle state: Running

2024-04-17 20:21:26,875 [T12] DEBUG JobRequest
Callback - State: Starting


2024-04-17 20:21:26,891 [T12] DEBUG JobRequest
Callback - State: Running


2024-04-17 20:21:27,032 [TScriptEngine] WARN  ProcessDataValidator
It can be occurred a malfunction to play P_Atividade,
because this system is different from designed system environment.
(OS, Resolution, etc)

2024-04-17 20:21:27,906 [TScriptEngine] DEBUG ScreenCapture
DirectX Screen Capture Initialized.

2024-04-17 20:21:27,969 [TScriptEngine] DEBUG JobRunner
DirectX ScreenCapture Checked.

2024-04-17 20:21:28,000 [TScriptEngine] INFO  JobRequest
##############################################################
### STATE: StartProcess - P_Atividade
##############################################################
05688af9-4021-4715-968f-8735111f8ff4
P_Atividade


2024-04-17 20:21:28,063 [TScriptEngine] INFO  JobRequest
**************************************************************
*** TASK: P_Atividade
**************************************************************
 - STEP 1: S81a0ebfb5a2c4a8b9a71dee37d7e0b78 (1/13) - (1/24)
 - [1] ExecuteScript


2024-04-17 20:21:28,204 [TScriptEngine] INFO  JobRequest
 - STEP 2: S2f262c6eb2384f8789f53ce6aa08aa75 (2/13) - (2/24)
 - [2] GetActiveExcel


2024-04-17 20:21:28,501 [TScriptEngine] INFO  JobRequest
 - STEP 3: Sa2ffea335c68462984398f8647d25471 (3/13) - (3/24)
 - [3] GetRowCount


2024-04-17 20:21:28,750 [TScriptEngine] INFO  JobRequest
 - STEP 4: Sda3e6b23bb1a4d39affe5280218ea58b (4/13) - (4/24)
 - [4] For


2024-04-17 20:21:28,766 [TScriptEngine] INFO  JobRequest
 - STEP 5: Sdea2da61b925487181471142e9aaa813 (5/13) - (5/24)
 - [5] ChromeClose


2024-04-17 20:21:30,347 [TScriptEngine] INFO  JobRequest
 - STEP 6: S09d63d9d3fda427bb7475440858c030e (6/13) - (6/24)
 - [6] ReadString


2024-04-17 20:21:30,565 [TScriptEngine] INFO  JobRequest
 - STEP 7: S7e95aa17246a433abdcada2f20679a68 (7/13) - (7/24)
 - [7] ExecuteScript


2024-04-17 20:21:30,581 [TScriptEngine] INFO  JobRequest
 - STEP 8: Sb01899dd9dcc43c9adaaaab1ed7a6f0c (8/13) - (8/24)
 - [8] IfElse


2024-04-17 20:21:30,597 [TScriptEngine] INFO  JobRequest
 - STEP 9: Sa9456650272b4b5e83a3073cf8af312a (9/13) - (9/24)
 - [9] RunTask


2024-04-17 20:21:30,628 [TScriptEngine] INFO  JobRequest
##############################################################
### STATE: StartTask - T_ReadData
##############################################################
050167e3-7605-4076-89ac-55f49898cab0
T_ReadData


2024-04-17 20:21:30,644 [TScriptEngine] INFO  JobRequest
**************************************************************
*** TASK: T_ReadData
**************************************************************
 - STEP 10: S7b5451ab03f24e968aa01b02443d0230 (1/12) - (10/24)
 - [1] ChromeOpen


2024-04-17 20:21:30,722 [T23] DEBUG ChromeCommonExtension
extension default locale empty

2024-04-17 20:21:30,722 [T23] DEBUG ChromeCommonExtension
extension default locale empty

2024-04-17 20:21:31,237 [T23] DEBUG ChromeCommonExtension
extension default locale empty

2024-04-17 20:21:31,237 [T23] DEBUG ChromeCommonExtension
extension default locale empty

2024-04-17 20:21:39,322 [TScriptEngine] INFO  JobRequest
 - STEP 11: See956307f79448ce844eef8e27180a04 (2/12) - (11/24)
 - [2] ChromeClick


2024-04-17 20:21:41,178 [T19] INFO  JobService
Stop Job

2024-04-17 20:21:41,184 [T19] INFO  JobRunner
Stop Job Runner - Cause: LocalUser / Message: stop by user

2024-04-17 20:21:41,185 [T19] INFO  JobRequest
##############################################################
### STATE: Stopping
##############################################################
stop by user


2024-04-17 20:21:41,207 [T12] DEBUG JobRequest
Callback - State: Stopping
stop by user

2024-04-17 20:21:41,217 [TScriptEngine] DEBUG PageManager
O CancellationTokenSource foi descartado.

2024-04-17 20:21:41,220 [TScriptEngine] DEBUG ChromePlayer
Chrome Set Report Page Image Fail : page or result is null

2024-04-17 20:21:41,221 [TScriptEngine] DEBUG ChromeFind
Chrome Find Wrapper : O CancellationTokenSource foi descartado.

2024-04-17 20:21:41,231 [TScriptEngine] DEBUG JobRunner
RunTask Interrupted. TASK: T_ReadData => Script execution interrupted by host

2024-04-17 20:21:41,303 [TScriptEngine] DEBUG JobRunner
RunTask Interrupted. TASK: P_Atividade => O thread foi interrompido por um estado de espera.

2024-04-17 20:21:41,349 [TScriptEngine] DEBUG JobManager
Set Result State: Stopped

2024-04-17 20:21:41,359 [TScriptEngine] INFO  JobRunner
Make report.

2024-04-17 20:21:41,732 [TScriptEngine] INFO  JobRunner
Start to clean up resources.

2024-04-17 20:21:41,734 [TScriptEngine] DEBUG JobRunner
OnProcessCompleted

2024-04-17 20:21:41,738 [T18] DEBUG JobRunner
Start timer for checking the job to be completed.

2024-04-17 20:21:43,273 [TScriptEngine] DEBUG ExcelBase
DisposeExcel

2024-04-17 20:21:43,717 [TScriptEngine] INFO  JobRunner
Start to clean up resources.

2024-04-17 20:21:43,718 [TScriptEngine] DEBUG JobRunner
Remove all Process Stack: 2

2024-04-17 20:21:43,801 [TScriptEngine] INFO  JobRequest
##############################################################
### STATE: EndTask - T_ReadData
##############################################################
050167e3-7605-4076-89ac-55f49898cab0
T_ReadData


2024-04-17 20:21:43,801 [TScriptEngine] INFO  JobRequest
##############################################################
### STATE: EndProcess - P_Atividade
##############################################################
05688af9-4021-4715-968f-8735111f8ff4
P_Atividade


2024-04-17 20:21:43,805 [TScriptEngine] DEBUG JobRunner
Remove all libraries

2024-04-17 20:21:43,808 [TScriptEngine] DEBUG NetPlayer
WebPlayer OnDispose

2024-04-17 20:21:43,813 [TScriptEngine] DEBUG WebPlayer
WebPlayer OnDispose : Do Nothing

2024-04-17 20:21:43,820 [TScriptEngine] DEBUG UiaAppHelper
WinHelper DisposeAppList Count: 0

2024-04-17 20:21:43,820 [TScriptEngine] INFO  JobRunner
All Resources Clear

2024-04-17 20:21:43,823 [TScriptEngine] DEBUG JobRunner
OnCompleted

2024-04-17 20:21:43,824 [TScriptEngine] DEBUG JobRunner
SendJobResult: Stopped

2024-04-17 20:21:43,825 [TScriptEngine] INFO  JobRequest
##############################################################
### STATE: Stopped
##############################################################
Process: P_Atividade
Task: T_ReadData
Step: ChromeClick (2/12)

Stopped by User


2024-04-17 20:21:43,825 [TScriptEngine] INFO  JobRequest
Last job life cycle state: Stopped

2024-04-17 20:21:43,850 [TScriptEngine] INFO  JobRequest
##############################################################
### JOB COMPLETED
##############################################################


2024-04-17 20:21:43,940 [T12] DEBUG JobRequest
Callback - State: Stopped
Process: P_Atividade
Task: T_ReadData
Step: ChromeClick (2/12)

Stopped by User

2024-04-17 20:21:43,941 [T12] INFO  JobRequest
Callback - EngineClosed

2024-04-17 20:21:43,942 [T12] INFO  JobService
Disconnect agent service

2024-04-17 20:21:43,945 [T12] DEBUG JobRequest
End of Callback Sender

