2024-04-20 16:01:48,269 [T1] INFO  EngineStarter
BOT Engine Start - v3.1.000.01101
BOT ID: D_20240420_160145_636
BOT PID: 11284
BOT PPID: 9512
BOT Working Directory: C:\Users\aysla\AppData\Roaming\Brity RPA Designer

2024-04-20 16:01:48,302 [T1] INFO  EngineStarter
System Language: pt-BR
Resolution: 1366 x 768

2024-04-20 16:01:48,719 [T1] INFO  Config
Initialize Config

2024-04-20 16:01:48,752 [T1] DEBUG Config
Config Loaded

2024-04-20 16:01:48,752 [T1] DEBUG Config
Backup config file.

2024-04-20 16:01:48,785 [T1] INFO  Config
Orchestrator Service => https://orch.sdsbrity.com:8777

2024-04-20 16:01:48,786 [T1] INFO  Config
Initialize Resource Config

2024-04-20 16:01:48,802 [T1] DEBUG Config
Refresh Language Information

2024-04-20 16:01:49,703 [T1] INFO  Config
All Config Initialized.

2024-04-20 16:01:49,703 [T1] DEBUG KeyManager
Initialize KeyManager

2024-04-20 16:01:49,703 [T1] DEBUG KeyManager
Device ID is initialized.

2024-04-20 16:01:49,753 [T1] INFO  CertLicenseClient
Initialize certificate.

2024-04-20 16:01:49,753 [T1] DEBUG CertLicenseClient
Set Security Protocol: Tls12

2024-04-20 16:01:49,786 [T4] DEBUG JobService
Connect to agent service

2024-04-20 16:01:49,803 [T1] DEBUG ApplicationInitializer
InitMode: Thread

2024-04-20 16:01:49,819 [T1] INFO  LibraryManager
Load Libraries - Started

2024-04-20 16:01:49,819 [T4] DEBUG JobService
JobService URL : net.tcp://127.0.0.1:59001/rpa/agent

2024-04-20 16:01:49,819 [T4] DEBUG JobService
Open connection

2024-04-20 16:01:49,836 [T1] DEBUG AddInLoader
Load Assembly : IPA.Lib.Chrome

2024-04-20 16:01:49,853 [T4] DEBUG JobService
Register engine to agent

2024-04-20 16:01:49,869 [T4] DEBUG JobService
Engine is connected to agent service.

2024-04-20 16:01:49,885 [T4] DEBUG JobService
Owner Process PID: 9512

2024-04-20 16:01:49,886 [T4] INFO  JobService
Start monitoring owner process is terminated.

2024-04-20 16:01:50,170 [T1] DEBUG AddInLoader
Load Assembly : IPA.Lib.Desktop

2024-04-20 16:01:50,286 [T8] INFO  JobService
Start Job: T_ReadData (Foreground)
{
  "UsePIP": false,
  "UserID": null,
  "UserPWD": null,
  "IsRunning": false,
  "ResultMessage": null,
  "JobWorkDir": "C:\\Users\\aysla\\OneDrive\\Documents\\Brity RPA Projects\\Atividade\\Histories\\20240420_160145_T_ReadData_Designer_20240420_160143_417",
  "JobLogDir": "C:\\Users\\aysla\\OneDrive\\Documents\\Brity RPA Projects\\Atividade\\Histories\\20240420_160145_T_ReadData_Designer_20240420_160143_417\\Log",
  "JobScreenshotDir": "C:\\Users\\aysla\\OneDrive\\Documents\\Brity RPA Projects\\Atividade\\Histories\\20240420_160145_T_ReadData_Designer_20240420_160143_417\\Log\\Screenshot",
  "TotalProcessStepCount": 0,
  "CurrentStepNo": 0,
  "CurrentStepName": null,
  "StartTime": "2024-04-20 16:01:45",
  "EndTime": null,
  "Data": null,
  "EngineID": "D_20240420_160145_636",
  "EnginePID": 0,
  "EngineRecommededVersion": "",
  "JobId": "Designer_20240420_160143_417",
  "JobType": 1,
  "UserAuthentication": null,
  "ProcessPath": "C:\\Users\\aysla\\OneDrive\\Documents\\Brity RPA Projects\\Atividade\\T_ReadData.proc",
  "ProcessId": "050167e3-7605-4076-89ac-55f49898cab0",
  "ProcessVer": "",
  "ProcessArgs": null,
  "RequesterType": 3,
  "RequesterId": "designer",
  "RequesterPID": 9512,
  "OptionsJsonString": null,
  "TimeoutSec": 0,
  "State": 0
}

2024-04-20 16:01:50,420 [T1] DEBUG AddInLoader
Load Assembly : IPA.Lib.Excel

2024-04-20 16:01:50,470 [T7] DEBUG JobService
Waiting library loading...

2024-04-20 16:01:50,586 [T1] DEBUG AddInLoader
Load Assembly : IPA.Lib.Flow

2024-04-20 16:01:50,720 [T1] DEBUG AddInLoader
Load Assembly : IPA.Lib.IE

2024-04-20 16:01:51,037 [T1] DEBUG AddInLoader
Load Assembly : IPA.Lib.ImageConverter

2024-04-20 16:01:51,103 [T1] DEBUG AddInLoader
Load Assembly : IPA.Lib.ImageRecognition

2024-04-20 16:01:51,320 [T1] DEBUG AddInLoader
Load Assembly : IPA.Lib.MicrosoftOCR

2024-04-20 16:01:51,370 [T1] DEBUG AddInLoader
Load Assembly : IPA.Lib.Net

2024-04-20 16:01:51,470 [T1] DEBUG AddInLoader
Load Assembly : IPA.Lib.Orchestra

2024-04-20 16:01:51,553 [T1] DEBUG AddInLoader
Load Assembly : IPA.Lib.ProcessFlow

2024-04-20 16:01:51,637 [T1] DEBUG AddInLoader
Load Assembly : IPA.Lib.SAP

2024-04-20 16:01:51,720 [T1] DEBUG AddInLoader
Load Assembly : IPA.Lib.Web

2024-04-20 16:01:51,837 [T1] DEBUG AddInLoader
Load Assembly : IPA.Lib.Win

2024-04-20 16:01:52,004 [T1] INFO  ScreenCapture
Default Screen Capture Bounds: 0;0;1366;768

2024-04-20 16:01:52,187 [T1] DEBUG AddInLoader
Load Assembly : BrityRPA.AddIn.NativeApp

2024-04-20 16:01:52,320 [T1] DEBUG AddInLoader
Load Assembly : BrityWorks.AddIn.Outlook

2024-04-20 16:01:52,421 [T1] DEBUG AddInLoader
Load Assembly : BrityWorks.AddIn.Pdf

2024-04-20 16:01:52,554 [T1] DEBUG LibraryManager
Load Library - Chrome

2024-04-20 16:01:52,554 [T1] DEBUG LibraryManager
Load Library - Desktop

2024-04-20 16:01:52,554 [T1] DEBUG LibraryManager
Load Library - Excel

2024-04-20 16:01:52,554 [T1] DEBUG LibraryManager
Load Library - Flow

2024-04-20 16:01:52,554 [T1] DEBUG LibraryManager
Load Library - IE

2024-04-20 16:01:52,554 [T1] DEBUG LibraryManager
Load Library - ImageConverter

2024-04-20 16:01:52,554 [T1] DEBUG LibraryManager
Load Library - ImageRecognition

2024-04-20 16:01:52,570 [T1] DEBUG LibraryManager
Load Library - MicrosoftOCR

2024-04-20 16:01:52,571 [T1] DEBUG LibraryManager
Load Library - NativeApp

2024-04-20 16:01:52,571 [T1] DEBUG LibraryManager
Load Library - Net

2024-04-20 16:01:52,571 [T1] DEBUG LibraryManager
Load Library - Orchestra

2024-04-20 16:01:52,571 [T1] DEBUG LibraryManager
Load Library - Outlook

2024-04-20 16:01:52,571 [T1] DEBUG LibraryManager
Load Library - Pdf

2024-04-20 16:01:52,571 [T1] DEBUG LibraryManager
Load Library - SAP

2024-04-20 16:01:52,571 [T1] DEBUG LibraryManager
Load Library - Web

2024-04-20 16:01:52,571 [T1] DEBUG LibraryManager
Load Library - Win

2024-04-20 16:01:52,571 [T1] DEBUG LibraryManager
Load Library - WorkFlow

2024-04-20 16:01:52,571 [T1] DEBUG LibraryManager
Load built-in script libraries

2024-04-20 16:01:53,688 [T1] INFO  LibraryManager
Load Libraries - Completed.

2024-04-20 16:01:53,704 [T1] INFO  App
Launch Arguments: Total: 6 |  -eid D_20240420_160145_636 -runtype ProcRunner -ppid 9512

2024-04-20 16:01:53,704 [T1] DEBUG Config
Refresh Language Information

2024-04-20 16:01:53,704 [T1] DEBUG LibraryManager
LibraryManager Initialized.

2024-04-20 16:01:53,721 [T7] DEBUG Config
Reload User Settings

2024-04-20 16:01:53,721 [T7] INFO  JobService
Config Loading Completed.

2024-04-20 16:01:53,721 [T7] DEBUG JobService
Config Loading Time: 3251 ms.

2024-04-20 16:01:53,721 [T7] INFO  JobManager
Create JobManager instance for job T_ReadData(Designer_20240420_160143_417)

2024-04-20 16:01:53,738 [T7] INFO  JobRequest
Job ID : Designer_20240420_160143_417
Project Path  : C:\Users\aysla\OneDrive\Documents\Brity RPA Projects\Atividade\Atividade.proj
Process Name  : T_ReadData
Engine Mode   : Designer
Requester Type: Designer
Requester PID : 9512

2024-04-20 16:01:53,738 [T5] INFO  JobRequest
Start Callback Sender

2024-04-20 16:01:53,738 [T5] DEBUG JobRequest
Step Callback Interval: 500

2024-04-20 16:01:53,804 [T7] DEBUG ProjectManager
Set Project Information

2024-04-20 16:01:53,821 [T7] INFO  PlayOptionManager
PlayOption
- Step Interval : 1
- Disable DrawBounds : False
- Invoke First : False
- Allow Upload of DumpScreen results : False

2024-04-20 16:01:53,821 [T7] INFO  JobRunner
Initialize Script Engine

2024-04-20 16:01:53,838 [TScriptEngine] INFO  JobRequest
##############################################################
### STATE: Initializing
##############################################################


2024-04-20 16:01:53,871 [T5] DEBUG JobRequest
Callback - State: Initializing


2024-04-20 16:01:55,122 [TScriptEngine] INFO  JobRequest
##############################################################
### STATE: Ready
##############################################################


2024-04-20 16:01:55,137 [T5] DEBUG JobRequest
Callback - State: Ready


2024-04-20 16:01:55,138 [T7] INFO  JobRunnerHook
HotKey Hook Started

2024-04-20 16:01:55,138 [T7] INFO  JobRequest
##############################################################
### STATE: Starting
##############################################################


2024-04-20 16:01:55,138 [TScriptEngine] INFO  JobRunner
RunProcess start

2024-04-20 16:01:55,138 [TScriptEngine] INFO  JobRequest
##############################################################
### STATE: Running
##############################################################


2024-04-20 16:01:55,138 [TScriptEngine] INFO  JobRequest
Last job life cycle state: Running

2024-04-20 16:01:55,154 [T5] DEBUG JobRequest
Callback - State: Starting


2024-04-20 16:01:55,154 [T5] DEBUG JobRequest
Callback - State: Running


2024-04-20 16:01:56,189 [TScriptEngine] DEBUG ScreenCapture
DirectX Screen Capture Initialized.

2024-04-20 16:01:56,239 [TScriptEngine] DEBUG JobRunner
DirectX ScreenCapture Checked.

2024-04-20 16:01:56,272 [TScriptEngine] INFO  JobRequest
##############################################################
### STATE: StartProcess - T_ReadData
##############################################################
050167e3-7605-4076-89ac-55f49898cab0
T_ReadData


2024-04-20 16:01:56,322 [TScriptEngine] INFO  JobRequest
**************************************************************
*** TASK: T_ReadData
**************************************************************
 - STEP 1: S7b5451ab03f24e968aa01b02443d0230 (1/12) - (1/12)
 - [1] ChromeOpen


2024-04-20 16:01:56,739 [T6] DEBUG ChromeCommonExtension
extension default locale empty

2024-04-20 16:01:56,739 [T6] DEBUG ChromeCommonExtension
extension default locale empty

2024-04-20 16:01:57,339 [T6] DEBUG ChromeCommonExtension
extension default locale empty

2024-04-20 16:01:57,339 [T6] DEBUG ChromeCommonExtension
extension default locale empty

2024-04-20 16:02:02,665 [TScriptEngine] INFO  JobRequest
 - STEP 2: See956307f79448ce844eef8e27180a04 (2/12) - (2/12)
 - [2] ChromeClick


2024-04-20 16:02:18,585 [TScriptEngine] INFO  JobRequest
 - STEP 3: S610d1412f89148bdb40dfe3e73744148 (3/12) - (3/12)
 - [3] ChromeClick


2024-04-20 16:02:19,513 [TScriptEngine] INFO  JobRequest
 - STEP 4: Se42655ba1e1144508c70d4d4e6bc5645 (4/12) - (4/12)
 - [4] ChromeGetData


2024-04-20 16:02:29,846 [TScriptEngine] DEBUG ChromeFind
Chrome Find Wrapper : The object was not found.
Please re-specify the object.

2024-04-20 16:02:35,704 [TScriptEngine] INFO  JobRunner
Stop Job Runner - Cause: LocalUser / Message: Catch Step Exception

2024-04-20 16:02:35,704 [TScriptEngine] INFO  JobRequest
##############################################################
### STATE: Stopping
##############################################################
Catch Step Exception


2024-04-20 16:02:35,718 [TScriptEngine] WARN  ScriptSupport
[CATCH_STEP_EXCEPTION] Process: T_ReadData
Step: ChromeGetData (4/12)

Error: The object was not found.
Please re-specify the object.

2024-04-20 16:02:35,729 [TScriptEngine] FINE  JobRunner
RunTask ExceptionOccured. TASK: T_ReadData => The object was not found.
Please re-specify the object.

2024-04-20 16:02:35,743 [T5] DEBUG JobRequest
Callback - State: Stopping
Catch Step Exception

2024-04-20 16:02:35,803 [TScriptEngine] INFO  JobRequest
##############################################################
### STATE: EndProcess - T_ReadData
##############################################################
050167e3-7605-4076-89ac-55f49898cab0
T_ReadData


2024-04-20 16:02:35,920 [TScriptEngine] DEBUG JobManager
Set Result State: Stopped

2024-04-20 16:02:35,930 [TScriptEngine] INFO  JobRunner
Make report.

2024-04-20 16:02:36,380 [TScriptEngine] INFO  JobRunner
Start to clean up resources.

2024-04-20 16:02:36,382 [TScriptEngine] DEBUG JobRunner
OnProcessCompleted

2024-04-20 16:02:36,385 [TScriptEngine] INFO  JobRunner
Start to clean up resources.

2024-04-20 16:02:36,404 [TScriptEngine] DEBUG JobRunner
Remove all libraries

2024-04-20 16:02:36,421 [TScriptEngine] DEBUG NetPlayer
WebPlayer OnDispose

2024-04-20 16:02:36,425 [TScriptEngine] DEBUG WebPlayer
WebPlayer OnDispose : Do Nothing

2024-04-20 16:02:36,433 [TScriptEngine] DEBUG UiaAppHelper
WinHelper DisposeAppList Count: 0

2024-04-20 16:02:36,434 [TScriptEngine] INFO  JobRunner
All Resources Clear

2024-04-20 16:02:36,436 [TScriptEngine] DEBUG JobRunner
OnCompleted

2024-04-20 16:02:36,439 [TScriptEngine] DEBUG JobRunner
SendJobResult: Stopped

2024-04-20 16:02:36,439 [TScriptEngine] INFO  JobRequest
##############################################################
### STATE: Stopped
##############################################################
Process: T_ReadData

Process: T_ReadData
Step: ChromeGetData (4/12)
The object was not found.
Please re-specify the object.


2024-04-20 16:02:36,439 [TScriptEngine] INFO  JobRequest
Last job life cycle state: Stopped

2024-04-20 16:02:36,452 [T25] DEBUG JobRunner
Start timer for checking the job to be completed.

2024-04-20 16:02:36,462 [TScriptEngine] INFO  JobRequest
##############################################################
### JOB COMPLETED
##############################################################


2024-04-20 16:02:36,479 [T5] DEBUG JobRequest
Callback - State: Stopped
Process: T_ReadData

Process: T_ReadData
Step: ChromeGetData (4/12)
The object was not found.
Please re-specify the object.

2024-04-20 16:02:36,494 [TScriptEngine] INFO  JobRunner
RunProcess end

2024-04-20 16:02:36,494 [T1] INFO  JobService
Exit - Shutdown Engine BOT

2024-04-20 16:02:36,497 [T5] INFO  JobRequest
Callback - EngineClosed

2024-04-20 16:02:36,498 [T5] INFO  JobService
Disconnect agent service

2024-04-20 16:02:36,501 [T5] DEBUG JobRequest
End of Callback Sender

