2024-04-17 20:17:03,136 [T1] INFO  EngineStarter
BOT Engine Start - v3.1.000.01101
BOT ID: D_20240417_201702_339
BOT PID: 6208
BOT PPID: 15112
BOT Working Directory: C:\Users\aysla\AppData\Roaming\Brity RPA Designer

2024-04-17 20:17:03,167 [T1] INFO  EngineStarter
System Language: pt-BR
Resolution: 1366 x 768

2024-04-17 20:17:03,448 [T1] INFO  Config
Initialize Config

2024-04-17 20:17:03,495 [T1] DEBUG Config
Config Loaded

2024-04-17 20:17:03,495 [T1] DEBUG Config
Backup config file.

2024-04-17 20:17:03,511 [T1] INFO  Config
Orchestrator Service => https://orch.sdsbrity.com:8777

2024-04-17 20:17:03,527 [T1] INFO  Config
Initialize Resource Config

2024-04-17 20:17:03,542 [T1] DEBUG Config
Refresh Language Information

2024-04-17 20:17:03,636 [T1] INFO  Config
All Config Initialized.

2024-04-17 20:17:03,636 [T1] DEBUG KeyManager
Initialize KeyManager

2024-04-17 20:17:03,636 [T1] DEBUG KeyManager
Device ID is initialized.

2024-04-17 20:17:03,683 [T1] INFO  CertLicenseClient
Initialize certificate.

2024-04-17 20:17:03,683 [T1] DEBUG CertLicenseClient
Set Security Protocol: Tls12

2024-04-17 20:17:03,699 [T5] DEBUG JobService
Connect to agent service

2024-04-17 20:17:03,745 [T5] DEBUG JobService
JobService URL : net.tcp://127.0.0.1:59001/rpa/agent

2024-04-17 20:17:03,745 [T5] DEBUG JobService
Open connection

2024-04-17 20:17:03,745 [T1] DEBUG ApplicationInitializer
InitMode: Thread

2024-04-17 20:17:03,761 [T1] INFO  LibraryManager
Load Libraries - Started

2024-04-17 20:17:03,761 [T5] DEBUG JobService
Register engine to agent

2024-04-17 20:17:03,776 [T5] DEBUG JobService
Engine is connected to agent service.

2024-04-17 20:17:03,776 [T5] DEBUG JobService
Owner Process PID: 15112

2024-04-17 20:17:03,776 [T1] DEBUG AddInLoader
Load Assembly : IPA.Lib.Chrome

2024-04-17 20:17:03,776 [T5] INFO  JobService
Start monitoring owner process is terminated.

2024-04-17 20:17:04,105 [T1] DEBUG AddInLoader
Load Assembly : IPA.Lib.Desktop

2024-04-17 20:17:04,323 [T1] DEBUG AddInLoader
Load Assembly : IPA.Lib.Excel

2024-04-17 20:17:04,479 [T1] DEBUG AddInLoader
Load Assembly : IPA.Lib.Flow

2024-04-17 20:17:04,604 [T1] DEBUG AddInLoader
Load Assembly : IPA.Lib.IE

2024-04-17 20:17:04,714 [T1] DEBUG AddInLoader
Load Assembly : IPA.Lib.ImageConverter

2024-04-17 20:17:04,776 [T1] DEBUG AddInLoader
Load Assembly : IPA.Lib.ImageRecognition

2024-04-17 20:17:05,026 [T1] DEBUG AddInLoader
Load Assembly : IPA.Lib.MicrosoftOCR

2024-04-17 20:17:05,089 [T1] DEBUG AddInLoader
Load Assembly : IPA.Lib.Net

2024-04-17 20:17:05,182 [T1] DEBUG AddInLoader
Load Assembly : IPA.Lib.Orchestra

2024-04-17 20:17:05,261 [T1] DEBUG AddInLoader
Load Assembly : IPA.Lib.ProcessFlow

2024-04-17 20:17:05,354 [T1] DEBUG AddInLoader
Load Assembly : IPA.Lib.SAP

2024-04-17 20:17:05,432 [T1] DEBUG AddInLoader
Load Assembly : IPA.Lib.Web

2024-04-17 20:17:05,542 [T1] DEBUG AddInLoader
Load Assembly : IPA.Lib.Win

2024-04-17 20:17:05,729 [T1] INFO  ScreenCapture
Default Screen Capture Bounds: 0;0;1366;768

2024-04-17 20:17:05,792 [T1] DEBUG AddInLoader
Load Assembly : BrityRPA.AddIn.NativeApp

2024-04-17 20:17:05,917 [T1] DEBUG AddInLoader
Load Assembly : BrityWorks.AddIn.Outlook

2024-04-17 20:17:05,995 [T1] DEBUG AddInLoader
Load Assembly : BrityWorks.AddIn.Pdf

2024-04-17 20:17:06,073 [T1] DEBUG LibraryManager
Load Library - Chrome

2024-04-17 20:17:06,073 [T1] DEBUG LibraryManager
Load Library - Desktop

2024-04-17 20:17:06,073 [T1] DEBUG LibraryManager
Load Library - Excel

2024-04-17 20:17:06,073 [T1] DEBUG LibraryManager
Load Library - Flow

2024-04-17 20:17:06,073 [T1] DEBUG LibraryManager
Load Library - IE

2024-04-17 20:17:06,088 [T1] DEBUG LibraryManager
Load Library - ImageConverter

2024-04-17 20:17:06,088 [T1] DEBUG LibraryManager
Load Library - ImageRecognition

2024-04-17 20:17:06,088 [T1] DEBUG LibraryManager
Load Library - MicrosoftOCR

2024-04-17 20:17:06,088 [T1] DEBUG LibraryManager
Load Library - NativeApp

2024-04-17 20:17:06,088 [T1] DEBUG LibraryManager
Load Library - Net

2024-04-17 20:17:06,088 [T1] DEBUG LibraryManager
Load Library - Orchestra

2024-04-17 20:17:06,088 [T1] DEBUG LibraryManager
Load Library - Outlook

2024-04-17 20:17:06,088 [T1] DEBUG LibraryManager
Load Library - Pdf

2024-04-17 20:17:06,088 [T1] DEBUG LibraryManager
Load Library - SAP

2024-04-17 20:17:06,088 [T1] DEBUG LibraryManager
Load Library - Web

2024-04-17 20:17:06,088 [T1] DEBUG LibraryManager
Load Library - Win

2024-04-17 20:17:06,088 [T1] DEBUG LibraryManager
Load Library - WorkFlow

2024-04-17 20:17:06,104 [T1] DEBUG LibraryManager
Load built-in script libraries

2024-04-17 20:17:06,229 [T1] INFO  LibraryManager
Load Libraries - Completed.

2024-04-17 20:17:06,229 [T1] INFO  App
Launch Arguments: Total: 6 |  -eid D_20240417_201702_339 -runtype ProcRunner -ppid 15112

2024-04-17 20:17:06,229 [T1] DEBUG Config
Refresh Language Information

2024-04-17 20:17:06,229 [T1] DEBUG LibraryManager
LibraryManager Initialized.

2024-04-17 20:19:48,966 [T9] INFO  JobService
Start Job: P_Atividade (Foreground)
{
  "UsePIP": false,
  "UserID": null,
  "UserPWD": null,
  "IsRunning": false,
  "ResultMessage": null,
  "JobWorkDir": "C:\\Users\\aysla\\OneDrive\\Documents\\Brity RPA Projects\\Atividade\\Histories\\20240417_201948_P_Atividade_Designer_20240417_201946_264",
  "JobLogDir": "C:\\Users\\aysla\\OneDrive\\Documents\\Brity RPA Projects\\Atividade\\Histories\\20240417_201948_P_Atividade_Designer_20240417_201946_264\\Log",
  "JobScreenshotDir": "C:\\Users\\aysla\\OneDrive\\Documents\\Brity RPA Projects\\Atividade\\Histories\\20240417_201948_P_Atividade_Designer_20240417_201946_264\\Log\\Screenshot",
  "TotalProcessStepCount": 0,
  "CurrentStepNo": 0,
  "CurrentStepName": null,
  "StartTime": "2024-04-17 20:19:48",
  "EndTime": null,
  "Data": null,
  "EngineID": "D_20240417_201702_339",
  "EnginePID": 0,
  "EngineRecommededVersion": "",
  "JobId": "Designer_20240417_201946_264",
  "JobType": 1,
  "UserAuthentication": null,
  "ProcessPath": "C:\\Users\\aysla\\OneDrive\\Documents\\Brity RPA Projects\\Atividade\\P_Atividade.proc",
  "ProcessId": "05688af9-4021-4715-968f-8735111f8ff4",
  "ProcessVer": "",
  "ProcessArgs": null,
  "RequesterType": 3,
  "RequesterId": "designer",
  "RequesterPID": 15112,
  "OptionsJsonString": null,
  "TimeoutSec": 0,
  "State": 0
}

2024-04-17 20:19:49,122 [T11] DEBUG JobService
Waiting library loading...

2024-04-17 20:19:49,122 [T11] DEBUG Config
Reload User Settings

2024-04-17 20:19:49,138 [T11] INFO  Config
UserSettings Reloaded =>
 - LastExecution : 4Zt7dTMb653WjV75S20OeV89uhf2/0uwy//IUXF7LQs= -> 8G0JX+/YlbeTDmLGl8h5dR5onj1qirO5QtWljLtmtqU=

2024-04-17 20:19:49,138 [T11] INFO  JobService
Config Loading Completed.

2024-04-17 20:19:49,138 [T11] DEBUG JobService
Config Loading Time: 15 ms.

2024-04-17 20:19:49,138 [T11] INFO  JobManager
Create JobManager instance for job P_Atividade(Designer_20240417_201946_264)

2024-04-17 20:19:49,154 [T11] INFO  JobRequest
Job ID : Designer_20240417_201946_264
Project Path  : C:\Users\aysla\OneDrive\Documents\Brity RPA Projects\Atividade\Atividade.proj
Process Name  : P_Atividade
Engine Mode   : Designer
Requester Type: Designer
Requester PID : 15112

2024-04-17 20:19:49,154 [T12] INFO  JobRequest
Start Callback Sender

2024-04-17 20:19:49,154 [T12] DEBUG JobRequest
Step Callback Interval: 500

2024-04-17 20:19:49,201 [T11] DEBUG ProjectManager
Set Project Information

2024-04-17 20:19:49,216 [T11] INFO  PlayOptionManager
PlayOption
- Step Interval : 1
- Disable DrawBounds : False
- Invoke First : False
- Allow Upload of DumpScreen results : False

2024-04-17 20:19:49,216 [T11] INFO  JobRunner
Initialize Script Engine

2024-04-17 20:19:49,247 [TScriptEngine] INFO  JobRequest
##############################################################
### STATE: Initializing
##############################################################


2024-04-17 20:19:49,279 [T12] DEBUG JobRequest
Callback - State: Initializing


2024-04-17 20:19:50,200 [TScriptEngine] INFO  JobRequest
##############################################################
### STATE: Ready
##############################################################


2024-04-17 20:19:50,200 [T11] INFO  JobRunnerHook
HotKey Hook Started

2024-04-17 20:19:50,200 [T11] INFO  JobRequest
##############################################################
### STATE: Starting
##############################################################


2024-04-17 20:19:50,200 [TScriptEngine] INFO  JobRunner
RunProcess start

2024-04-17 20:19:50,216 [T12] DEBUG JobRequest
Callback - State: Ready


2024-04-17 20:19:50,216 [TScriptEngine] INFO  JobRequest
##############################################################
### STATE: Running
##############################################################


2024-04-17 20:19:50,216 [TScriptEngine] INFO  JobRequest
Last job life cycle state: Running

2024-04-17 20:19:50,216 [T12] DEBUG JobRequest
Callback - State: Starting


2024-04-17 20:19:50,231 [T12] DEBUG JobRequest
Callback - State: Running


2024-04-17 20:19:50,372 [TScriptEngine] WARN  ProcessDataValidator
It can be occurred a malfunction to play P_Atividade,
because this system is different from designed system environment.
(OS, Resolution, etc)

2024-04-17 20:19:51,263 [TScriptEngine] DEBUG ScreenCapture
DirectX Screen Capture Initialized.

2024-04-17 20:19:51,341 [TScriptEngine] DEBUG JobRunner
DirectX ScreenCapture Checked.

2024-04-17 20:19:51,372 [TScriptEngine] INFO  JobRequest
##############################################################
### STATE: StartProcess - P_Atividade
##############################################################
05688af9-4021-4715-968f-8735111f8ff4
P_Atividade


2024-04-17 20:19:51,435 [TScriptEngine] INFO  JobRequest
**************************************************************
*** TASK: P_Atividade
**************************************************************
 - STEP 1: S81a0ebfb5a2c4a8b9a71dee37d7e0b78 (1/13) - (1/24)
 - [1] ExecuteScript


2024-04-17 20:19:51,560 [TScriptEngine] INFO  JobRequest
 - STEP 2: S2f262c6eb2384f8789f53ce6aa08aa75 (2/13) - (2/24)
 - [2] GetActiveExcel


2024-04-17 20:19:51,927 [TScriptEngine] INFO  JobRequest
 - STEP 3: Sa2ffea335c68462984398f8647d25471 (3/13) - (3/24)
 - [3] GetRowCount


2024-04-17 20:19:52,176 [TScriptEngine] INFO  JobRequest
 - STEP 4: Sda3e6b23bb1a4d39affe5280218ea58b (4/13) - (4/24)
 - [4] For


2024-04-17 20:19:52,208 [TScriptEngine] INFO  JobRequest
 - STEP 5: Sdea2da61b925487181471142e9aaa813 (5/13) - (5/24)
 - [5] ChromeClose


2024-04-17 20:19:54,379 [TScriptEngine] DEBUG ChromeRemoteConnect
GetRemoteBrowserUsingEndPoint Fail : Um ou mais erros.

2024-04-17 20:19:54,379 [TScriptEngine] DEBUG LastUsedPageManager
lastUsedPage browser not exist

2024-04-17 20:19:54,379 [TScriptEngine] DEBUG RestorePuppeteer
Chrome Try RestoreConnection Start

2024-04-17 20:19:56,456 [TScriptEngine] DEBUG ChromeRemoteConnect
GetRemoteBrowserUsingEndPoint Fail : Um ou mais erros.

2024-04-17 20:19:56,456 [TScriptEngine] DEBUG RestorePuppeteer
The page or browser has been disconnected.
Please check if the page or browser exists and try again. : Chrome Try RestoreConnection Fail : remoteBrowser is null

2024-04-17 20:19:56,456 [TScriptEngine] DEBUG RestorePuppeteer
Chrome Try RestoreConnection Fail : The page or browser has been disconnected.
Please check if the page or browser exists and try again.

2024-04-17 20:19:56,456 [TScriptEngine] DEBUG LastUsedPageManager
The page or browser has been disconnected.
Please check if the page or browser exists and try again.

2024-04-17 20:19:56,456 [TScriptEngine] ERROR ChromeClose
The page or browser has been disconnected.
Please check if the page or browser exists and try again.

2024-04-17 20:19:56,472 [TScriptEngine] WARN  ScriptSupport
CatchException: The page or browser has been disconnected.
Please check if the page or browser exists and try again.

2024-04-17 20:19:56,488 [TScriptEngine] INFO  JobRequest
 - STEP 6: S09d63d9d3fda427bb7475440858c030e (6/13) - (6/24)
 - [6] ReadString


2024-04-17 20:19:56,676 [TScriptEngine] INFO  JobRequest
 - STEP 7: S7e95aa17246a433abdcada2f20679a68 (7/13) - (7/24)
 - [7] ExecuteScript


2024-04-17 20:19:56,691 [TScriptEngine] INFO  JobRequest
 - STEP 8: Sb01899dd9dcc43c9adaaaab1ed7a6f0c (8/13) - (8/24)
 - [8] IfElse


2024-04-17 20:19:56,707 [TScriptEngine] INFO  JobRequest
 - STEP 9: Sa9456650272b4b5e83a3073cf8af312a (9/13) - (9/24)
 - [9] RunTask


2024-04-17 20:19:56,707 [TScriptEngine] INFO  JobRequest
##############################################################
### STATE: StartTask - T_ReadData
##############################################################
050167e3-7605-4076-89ac-55f49898cab0
T_ReadData


2024-04-17 20:19:56,738 [TScriptEngine] INFO  JobRequest
**************************************************************
*** TASK: T_ReadData
**************************************************************
 - STEP 10: S7b5451ab03f24e968aa01b02443d0230 (1/12) - (10/24)
 - [1] ChromeOpen


2024-04-17 20:19:59,549 [T10] DEBUG ChromeRemoteConnect
GetRemoteBrowserUsingEndPoint Fail : Um ou mais erros.

2024-04-17 20:19:59,612 [T10] DEBUG ChromeCommonExtension
extension default locale empty

2024-04-17 20:19:59,612 [T10] DEBUG ChromeCommonExtension
extension default locale empty

2024-04-17 20:20:00,174 [T10] DEBUG ChromeCommonExtension
extension default locale empty

2024-04-17 20:20:00,174 [T10] DEBUG ChromeCommonExtension
extension default locale empty

2024-04-17 20:20:08,168 [TScriptEngine] INFO  JobRequest
 - STEP 11: See956307f79448ce844eef8e27180a04 (2/12) - (11/24)
 - [2] ChromeClick


2024-04-17 20:20:10,764 [TScriptEngine] INFO  JobRequest
 - STEP 12: Se42655ba1e1144508c70d4d4e6bc5645 (4/12) - (12/24)
 - [4] ChromeGetData


2024-04-17 20:20:12,684 [TScriptEngine] INFO  JobRequest
 - STEP 13: S07a6862599344a3cb4f9d8f92573b57c (5/12) - (13/24)
 - [5] ChromeGetData


2024-04-17 20:20:23,287 [TScriptEngine] DEBUG ChromeFind
Chrome Find Wrapper : The object was not found.
Please re-specify the object.

2024-04-17 20:20:23,288 [TScriptEngine] WARN  ScriptSupport
CatchException: The object was not found.
Please re-specify the object.

2024-04-17 20:20:23,298 [TScriptEngine] INFO  JobRequest
 - STEP 14: S0139794d469e4c37b7f7c8dfcf659bbb (6/12) - (14/24)
 - [6] ChromeClick


2024-04-17 20:20:23,584 [TScriptEngine] INFO  JobRequest
 - STEP 15: Sb9383e8601e14d419d1783e0adc2efcc (7/12) - (15/24)
 - [7] Delay


2024-04-17 20:20:28,642 [TScriptEngine] INFO  JobRequest
 - STEP 16: S5dcbe24ae3c04ed3ad3bfe00fefd64de (8/12) - (16/24)
 - [8] GetText


2024-04-17 20:20:28,970 [T29] INFO  UIAEventHandler
Start UIA event handler

2024-04-17 20:20:29,993 [T29] DEBUG UIAEventHandler
UI Structure Changed Count: 0

2024-04-17 20:20:29,993 [T29] INFO  UIAEventHandler
waiting for 960 msec during the screen structure is changing.

2024-04-17 20:20:30,571 [T29] DEBUG UIAEventHandler
UI Structure Changed Count: 1

2024-04-17 20:20:30,680 [T29] INFO  UIAEventHandler
waiting for 265 msec during the screen structure is changing.

2024-04-17 20:20:30,696 [TScriptEngine] DEBUG UIAElement
Failed to get object text information: O método ou a operação não está implementada.

2024-04-17 20:20:30,727 [TScriptEngine] INFO  JobRequest
 - STEP 17: Sbde1623e24bc4214bb96f9bccafb285f (9/12) - (17/24)
 - [9] GetActiveExcel


2024-04-17 20:20:30,790 [TScriptEngine] INFO  JobRequest
 - STEP 18: S9bd1d47825ec4548801937604e06103c (10/12) - (18/24)
 - [10] WriteString


2024-04-17 20:20:31,018 [TScriptEngine] ERROR WriteString
Invalid range(position) value entered. => Bthis.current_line

2024-04-17 20:20:38,342 [TScriptEngine] INFO  JobRunner
Try Pause

2024-04-17 20:20:38,342 [TScriptEngine] INFO  JobRequest
##############################################################
### STATE: Paused
##############################################################


2024-04-17 20:20:38,342 [TScriptEngine] INFO  JobRequest
Last job life cycle state: Paused

2024-04-17 20:20:38,373 [T12] DEBUG JobRequest
Callback - State: Paused


2024-04-17 20:20:43,407 [T15] INFO  JobService
Stop Job

2024-04-17 20:20:43,422 [T15] INFO  JobRunner
Stop Job Runner - Cause: LocalUser / Message: stop by user

2024-04-17 20:20:43,422 [T15] INFO  JobRequest
##############################################################
### STATE: Stopping
##############################################################
stop by user


2024-04-17 20:20:43,422 [T12] DEBUG JobRequest
Callback - State: Stopping
stop by user

2024-04-17 20:20:43,438 [TScriptEngine] FINE  JobRunner
RunTask ExceptionOccured. TASK: T_ReadData => Invalid range(position) value entered. => Bthis.current_line

2024-04-17 20:20:43,500 [TScriptEngine] INFO  JobRequest
##############################################################
### STATE: EndTask - T_ReadData
##############################################################
050167e3-7605-4076-89ac-55f49898cab0
T_ReadData


2024-04-17 20:20:43,516 [TScriptEngine] DEBUG JobRunner
RunTask Interrupted. TASK: P_Atividade => O thread foi interrompido por um estado de espera.

2024-04-17 20:20:43,594 [TScriptEngine] DEBUG JobManager
Set Result State: Stopped

2024-04-17 20:20:43,610 [TScriptEngine] INFO  JobRunner
Make report.

2024-04-17 20:20:43,672 [TScriptEngine] INFO  JobRunner
Start to clean up resources.

2024-04-17 20:20:43,672 [TScriptEngine] DEBUG JobRunner
OnProcessCompleted

2024-04-17 20:20:43,672 [T27] DEBUG JobRunner
Start timer for checking the job to be completed.

2024-04-17 20:20:43,672 [TScriptEngine] DEBUG ExcelBase
DisposeExcel

2024-04-17 20:20:43,704 [TScriptEngine] INFO  JobRunner
Start to clean up resources.

2024-04-17 20:20:43,704 [TScriptEngine] DEBUG JobRunner
Remove all Process Stack: 1

2024-04-17 20:20:43,704 [TScriptEngine] INFO  JobRequest
##############################################################
### STATE: EndProcess - P_Atividade
##############################################################
05688af9-4021-4715-968f-8735111f8ff4
P_Atividade


2024-04-17 20:20:43,704 [TScriptEngine] DEBUG JobRunner
Remove all libraries

2024-04-17 20:20:43,704 [TScriptEngine] DEBUG NetPlayer
WebPlayer OnDispose

2024-04-17 20:20:43,704 [TScriptEngine] DEBUG WebPlayer
WebPlayer OnDispose : Do Nothing

2024-04-17 20:20:43,704 [TScriptEngine] DEBUG UIAEventHandler
Stop UIA event handler

2024-04-17 20:20:43,719 [TScriptEngine] DEBUG UiaAppHelper
WinHelper DisposeAppList Count: 0

2024-04-17 20:20:43,719 [TScriptEngine] INFO  JobRunner
All Resources Clear

2024-04-17 20:20:43,719 [TScriptEngine] DEBUG JobRunner
OnCompleted

2024-04-17 20:20:43,719 [TScriptEngine] DEBUG JobRunner
SendJobResult: Stopped

2024-04-17 20:20:43,719 [TScriptEngine] INFO  JobRequest
##############################################################
### STATE: Stopped
##############################################################
Process: P_Atividade

Stopped by User


2024-04-17 20:20:43,719 [TScriptEngine] INFO  JobRequest
Last job life cycle state: Stopped

2024-04-17 20:20:43,719 [TScriptEngine] INFO  JobRequest
Update skipped current step informations.

2024-04-17 20:20:43,735 [TScriptEngine] INFO  JobRequest
##############################################################
### JOB COMPLETED
##############################################################


2024-04-17 20:20:43,750 [T12] DEBUG JobRequest
Callback - State: Stopped
Process: P_Atividade

Stopped by User

2024-04-17 20:20:43,750 [T12] INFO  JobRequest
Callback - EngineClosed

2024-04-17 20:20:43,750 [T12] INFO  JobService
Disconnect agent service

2024-04-17 20:20:43,750 [T12] DEBUG JobRequest
End of Callback Sender

2024-04-17 20:20:43,766 [TScriptEngine] INFO  JobRunner
RunProcess end

2024-04-17 20:20:43,766 [T1] INFO  JobService
Exit - Shutdown Engine BOT

