2024-04-20 19:38:10,854 [T1] INFO  EngineStarter
BOT Engine Start - v3.1.000.01101
BOT ID: D_20240420_193810_080
BOT PID: 7328
BOT PPID: 9512
BOT Working Directory: C:\Users\aysla\AppData\Roaming\Brity RPA Designer

2024-04-20 19:38:10,875 [T1] INFO  EngineStarter
System Language: pt-BR
Resolution: 1366 x 768

2024-04-20 19:38:11,157 [T1] INFO  Config
Initialize Config

2024-04-20 19:38:11,194 [T1] DEBUG Config
Config Loaded

2024-04-20 19:38:11,194 [T1] DEBUG Config
Backup config file.

2024-04-20 19:38:11,204 [T1] INFO  Config
Orchestrator Service => https://orch.sdsbrity.com:8777

2024-04-20 19:38:11,208 [T1] INFO  Config
Initialize Resource Config

2024-04-20 19:38:11,238 [T1] DEBUG Config
Refresh Language Information

2024-04-20 19:38:11,317 [T1] INFO  Config
All Config Initialized.

2024-04-20 19:38:11,321 [T1] DEBUG KeyManager
Initialize KeyManager

2024-04-20 19:38:11,327 [T1] DEBUG KeyManager
Device ID is initialized.

2024-04-20 19:38:11,366 [T1] INFO  CertLicenseClient
Initialize certificate.

2024-04-20 19:38:11,368 [T1] DEBUG CertLicenseClient
Set Security Protocol: Tls12

2024-04-20 19:38:11,390 [T5] DEBUG JobService
Connect to agent service

2024-04-20 19:38:11,421 [T5] DEBUG JobService
JobService URL : net.tcp://127.0.0.1:59001/rpa/agent

2024-04-20 19:38:11,423 [T5] DEBUG JobService
Open connection

2024-04-20 19:38:11,429 [T1] DEBUG ApplicationInitializer
InitMode: Thread

2024-04-20 19:38:11,438 [T1] INFO  LibraryManager
Load Libraries - Started

2024-04-20 19:38:11,440 [T5] DEBUG JobService
Register engine to agent

2024-04-20 19:38:11,457 [T1] DEBUG AddInLoader
Load Assembly : IPA.Lib.Chrome

2024-04-20 19:38:11,457 [T5] DEBUG JobService
Engine is connected to agent service.

2024-04-20 19:38:11,457 [T5] DEBUG JobService
Owner Process PID: 9512

2024-04-20 19:38:11,460 [T5] INFO  JobService
Start monitoring owner process is terminated.

2024-04-20 19:38:11,678 [T1] DEBUG AddInLoader
Load Assembly : IPA.Lib.Desktop

2024-04-20 19:38:11,908 [T1] DEBUG AddInLoader
Load Assembly : IPA.Lib.Excel

2024-04-20 19:38:12,071 [T1] DEBUG AddInLoader
Load Assembly : IPA.Lib.Flow

2024-04-20 19:38:12,213 [T1] DEBUG AddInLoader
Load Assembly : IPA.Lib.IE

2024-04-20 19:38:12,330 [T1] DEBUG AddInLoader
Load Assembly : IPA.Lib.ImageConverter

2024-04-20 19:38:12,417 [T1] DEBUG AddInLoader
Load Assembly : IPA.Lib.ImageRecognition

2024-04-20 19:38:12,631 [T1] DEBUG AddInLoader
Load Assembly : IPA.Lib.MicrosoftOCR

2024-04-20 19:38:12,698 [T1] DEBUG AddInLoader
Load Assembly : IPA.Lib.Net

2024-04-20 19:38:12,805 [T1] DEBUG AddInLoader
Load Assembly : IPA.Lib.Orchestra

2024-04-20 19:38:12,916 [T1] DEBUG AddInLoader
Load Assembly : IPA.Lib.ProcessFlow

2024-04-20 19:38:13,030 [T1] DEBUG AddInLoader
Load Assembly : IPA.Lib.SAP

2024-04-20 19:38:13,143 [T1] DEBUG AddInLoader
Load Assembly : IPA.Lib.Web

2024-04-20 19:38:13,274 [T1] DEBUG AddInLoader
Load Assembly : IPA.Lib.Win

2024-04-20 19:38:13,451 [T1] INFO  ScreenCapture
Default Screen Capture Bounds: 0;0;1366;768

2024-04-20 19:38:13,491 [T1] DEBUG AddInLoader
Load Assembly : BrityRPA.AddIn.NativeApp

2024-04-20 19:38:13,617 [T1] DEBUG AddInLoader
Load Assembly : BrityWorks.AddIn.Outlook

2024-04-20 19:38:13,696 [T1] DEBUG AddInLoader
Load Assembly : BrityWorks.AddIn.Pdf

2024-04-20 19:38:13,776 [T1] DEBUG LibraryManager
Load Library - Chrome

2024-04-20 19:38:13,779 [T1] DEBUG LibraryManager
Load Library - Desktop

2024-04-20 19:38:13,780 [T1] DEBUG LibraryManager
Load Library - Excel

2024-04-20 19:38:13,781 [T1] DEBUG LibraryManager
Load Library - Flow

2024-04-20 19:38:13,781 [T1] DEBUG LibraryManager
Load Library - IE

2024-04-20 19:38:13,782 [T1] DEBUG LibraryManager
Load Library - ImageConverter

2024-04-20 19:38:13,783 [T1] DEBUG LibraryManager
Load Library - ImageRecognition

2024-04-20 19:38:13,784 [T1] DEBUG LibraryManager
Load Library - MicrosoftOCR

2024-04-20 19:38:13,785 [T1] DEBUG LibraryManager
Load Library - NativeApp

2024-04-20 19:38:13,788 [T1] DEBUG LibraryManager
Load Library - Net

2024-04-20 19:38:13,789 [T1] DEBUG LibraryManager
Load Library - Orchestra

2024-04-20 19:38:13,790 [T1] DEBUG LibraryManager
Load Library - Outlook

2024-04-20 19:38:13,790 [T1] DEBUG LibraryManager
Load Library - Pdf

2024-04-20 19:38:13,790 [T1] DEBUG LibraryManager
Load Library - SAP

2024-04-20 19:38:13,791 [T1] DEBUG LibraryManager
Load Library - Web

2024-04-20 19:38:13,792 [T1] DEBUG LibraryManager
Load Library - Win

2024-04-20 19:38:13,792 [T1] DEBUG LibraryManager
Load Library - WorkFlow

2024-04-20 19:38:13,799 [T1] DEBUG LibraryManager
Load built-in script libraries

2024-04-20 19:38:13,934 [T1] INFO  LibraryManager
Load Libraries - Completed.

2024-04-20 19:38:13,953 [T1] INFO  App
Launch Arguments: Total: 6 |  -eid D_20240420_193810_080 -runtype ProcRunner -ppid 9512

2024-04-20 19:38:13,954 [T1] DEBUG Config
Refresh Language Information

2024-04-20 19:38:13,955 [T1] DEBUG LibraryManager
LibraryManager Initialized.

2024-04-20 19:38:21,074 [T8] INFO  JobService
Start Job: P_Atividade (Foreground)
{
  "UsePIP": false,
  "UserID": null,
  "UserPWD": null,
  "IsRunning": false,
  "ResultMessage": null,
  "JobWorkDir": "C:\\Users\\aysla\\OneDrive\\Documents\\Brity RPA Projects\\Atividade\\Histories\\20240420_193820_P_Atividade_Designer_20240420_193820_621",
  "JobLogDir": "C:\\Users\\aysla\\OneDrive\\Documents\\Brity RPA Projects\\Atividade\\Histories\\20240420_193820_P_Atividade_Designer_20240420_193820_621\\Log",
  "JobScreenshotDir": "C:\\Users\\aysla\\OneDrive\\Documents\\Brity RPA Projects\\Atividade\\Histories\\20240420_193820_P_Atividade_Designer_20240420_193820_621\\Log\\Screenshot",
  "TotalProcessStepCount": 0,
  "CurrentStepNo": 0,
  "CurrentStepName": null,
  "StartTime": "2024-04-20 19:38:20",
  "EndTime": null,
  "Data": null,
  "EngineID": "D_20240420_193810_080",
  "EnginePID": 0,
  "EngineRecommededVersion": "",
  "JobId": "Designer_20240420_193820_621",
  "JobType": 1,
  "UserAuthentication": null,
  "ProcessPath": "C:\\Users\\aysla\\OneDrive\\Documents\\Brity RPA Projects\\Atividade\\P_Atividade.proc",
  "ProcessId": "05688af9-4021-4715-968f-8735111f8ff4",
  "ProcessVer": "",
  "ProcessArgs": null,
  "RequesterType": 3,
  "RequesterId": "designer",
  "RequesterPID": 9512,
  "OptionsJsonString": null,
  "TimeoutSec": 0,
  "State": 0
}

2024-04-20 19:38:21,252 [T7] DEBUG JobService
Waiting library loading...

2024-04-20 19:38:21,255 [T7] DEBUG Config
Reload User Settings

2024-04-20 19:38:21,257 [T7] INFO  JobService
Config Loading Completed.

2024-04-20 19:38:21,257 [T7] DEBUG JobService
Config Loading Time: 4 ms.

2024-04-20 19:38:21,265 [T7] INFO  JobManager
Create JobManager instance for job P_Atividade(Designer_20240420_193820_621)

2024-04-20 19:38:21,272 [T7] INFO  JobRequest
Job ID : Designer_20240420_193820_621
Project Path  : C:\Users\aysla\OneDrive\Documents\Brity RPA Projects\Atividade\Atividade.proj
Process Name  : P_Atividade
Engine Mode   : Designer
Requester Type: Designer
Requester PID : 9512

2024-04-20 19:38:21,277 [T6] INFO  JobRequest
Start Callback Sender

2024-04-20 19:38:21,277 [T6] DEBUG JobRequest
Step Callback Interval: 500

2024-04-20 19:38:21,324 [T7] DEBUG ProjectManager
Set Project Information

2024-04-20 19:38:21,349 [T7] INFO  PlayOptionManager
PlayOption
- Step Interval : 1
- Disable DrawBounds : False
- Invoke First : False
- Allow Upload of DumpScreen results : False

2024-04-20 19:38:21,350 [T7] INFO  JobRunner
Initialize Script Engine

2024-04-20 19:38:21,366 [TScriptEngine] INFO  JobRequest
##############################################################
### STATE: Initializing
##############################################################


2024-04-20 19:38:21,383 [T6] DEBUG JobRequest
Callback - State: Initializing


2024-04-20 19:38:22,328 [TScriptEngine] INFO  JobRequest
##############################################################
### STATE: Ready
##############################################################


2024-04-20 19:38:22,338 [T6] DEBUG JobRequest
Callback - State: Ready


2024-04-20 19:38:22,340 [T7] INFO  JobRunnerHook
HotKey Hook Started

2024-04-20 19:38:22,340 [T7] INFO  JobRequest
##############################################################
### STATE: Starting
##############################################################


2024-04-20 19:38:22,342 [TScriptEngine] INFO  JobRunner
RunProcess start

2024-04-20 19:38:22,344 [TScriptEngine] INFO  JobRequest
##############################################################
### STATE: Running
##############################################################


2024-04-20 19:38:22,344 [TScriptEngine] INFO  JobRequest
Last job life cycle state: Running

2024-04-20 19:38:22,354 [T6] DEBUG JobRequest
Callback - State: Starting


2024-04-20 19:38:22,354 [T6] DEBUG JobRequest
Callback - State: Running


2024-04-20 19:38:22,504 [TScriptEngine] WARN  ProcessDataValidator
It can be occurred a malfunction to play P_Atividade,
because this system is different from designed system environment.
(OS, Resolution, etc)

2024-04-20 19:38:23,368 [TScriptEngine] DEBUG ScreenCapture
DirectX Screen Capture Initialized.

2024-04-20 19:38:23,432 [TScriptEngine] DEBUG JobRunner
DirectX ScreenCapture Checked.

2024-04-20 19:38:23,462 [TScriptEngine] INFO  JobRequest
##############################################################
### STATE: StartProcess - P_Atividade
##############################################################
05688af9-4021-4715-968f-8735111f8ff4
P_Atividade


2024-04-20 19:38:23,531 [TScriptEngine] INFO  JobRequest
**************************************************************
*** TASK: P_Atividade
**************************************************************
 - STEP 1: S81a0ebfb5a2c4a8b9a71dee37d7e0b78 (1/17) - (1/32)
 - [1] ExecuteScript


2024-04-20 19:38:23,645 [TScriptEngine] INFO  JobRequest
 - STEP 2: S2fe14a09e8ec4fee96d82b281a338c15 (2/17) - (2/32)
 - [2] OpenExcel


2024-04-20 19:38:25,295 [TScriptEngine] INFO  JobRequest
 - STEP 3: Sa2ffea335c68462984398f8647d25471 (3/17) - (3/32)
 - [3] GetRowCount


2024-04-20 19:38:25,451 [TScriptEngine] INFO  JobRequest
 - STEP 4: Se4b2ea00830543c89117e6b63f8f7099 (4/17) - (4/32)
 - [4] For


2024-04-20 19:38:25,467 [TScriptEngine] INFO  JobRequest
 - STEP 5: Sdea2da61b925487181471142e9aaa813 (5/17) - (5/32)
 - [5] ChromeClose


2024-04-20 19:38:25,549 [TScriptEngine] DEBUG LastUsedPageManager
The browser could not be found.
Please create a browser.

2024-04-20 19:38:25,549 [TScriptEngine] ERROR ChromeClose
The browser could not be found.
Please create a browser.

2024-04-20 19:38:25,556 [TScriptEngine] WARN  ScriptSupport
CatchException: The browser could not be found.
Please create a browser.

2024-04-20 19:38:25,562 [TScriptEngine] INFO  JobRequest
 - STEP 6: S09d63d9d3fda427bb7475440858c030e (6/17) - (6/32)
 - [6] ReadString


2024-04-20 19:38:25,639 [TScriptEngine] INFO  JobRequest
 - STEP 7: S7e95aa17246a433abdcada2f20679a68 (7/17) - (7/32)
 - [7] ExecuteScript


2024-04-20 19:38:25,655 [TScriptEngine] INFO  JobRequest
 - STEP 8: Sb01899dd9dcc43c9adaaaab1ed7a6f0c (8/17) - (8/32)
 - [8] IfElse


2024-04-20 19:38:25,670 [TScriptEngine] INFO  JobRequest
 - STEP 9: S1294e846cb7e45fa87588af8fbb093d8 (9/17) - (9/32)
 - [9] Else


2024-04-20 19:38:25,685 [TScriptEngine] INFO  JobRequest
 - STEP 10: S4520f5ba2c86491bb60615333cf09df3 (10/17) - (10/32)
 - [10] GetActiveExcel


2024-04-20 19:38:25,747 [TScriptEngine] INFO  JobRequest
 - STEP 11: Sd2d8c5a614f84283bc4930fa6caf54a6 (11/17) - (11/32)
 - [11] ReadRange


2024-04-20 19:38:25,842 [TScriptEngine] INFO  JobRequest
 - STEP 12: Sf179dc02da1e444b891e6dc9f1bd3850 (12/17) - (12/32)
 - [12] IfThen


2024-04-20 19:38:25,859 [TScriptEngine] INFO  JobRequest
 - STEP 13: Sa9456650272b4b5e83a3073cf8af312a (13/17) - (13/32)
 - [13] RunTask


2024-04-20 19:38:25,873 [TScriptEngine] INFO  JobRequest
##############################################################
### STATE: StartTask - T_ReadData
##############################################################
050167e3-7605-4076-89ac-55f49898cab0
T_ReadData


2024-04-20 19:38:25,889 [TScriptEngine] INFO  JobRequest
**************************************************************
*** TASK: T_ReadData
**************************************************************
 - STEP 14: S7b5451ab03f24e968aa01b02443d0230 (1/15) - (14/32)
 - [1] ChromeOpen


2024-04-20 19:38:26,011 [T13] DEBUG ChromeCommonExtension
extension default locale empty

2024-04-20 19:38:26,013 [T13] DEBUG ChromeCommonExtension
extension default locale empty

2024-04-20 19:38:26,758 [T13] DEBUG ChromeCommonExtension
extension default locale empty

2024-04-20 19:38:26,772 [T13] DEBUG ChromeCommonExtension
extension default locale empty

2024-04-20 19:38:33,939 [TScriptEngine] INFO  JobRequest
 - STEP 15: S28ce395c2bad42d2ad72147b0f13f61c (2/15) - (15/32)
 - [2] Click


2024-04-20 19:38:34,377 [T25] INFO  UIAEventHandler
Start UIA event handler

2024-04-20 19:38:35,455 [T25] DEBUG UIAEventHandler
UI Structure Changed Count: 0

2024-04-20 19:38:35,455 [T25] INFO  UIAEventHandler
waiting for 767 msec during the screen structure is changing.

2024-04-20 19:38:38,615 [TScriptEngine] INFO  JobRequest
 - STEP 16: S74259ddc3cd649838accf6e4495a26c4 (3/15) - (16/32)
 - [3] Click


2024-04-20 19:38:39,461 [T20] DEBUG UIAEventHandler
UI Structure Changed Count: 0

2024-04-20 19:38:39,461 [T20] INFO  UIAEventHandler
waiting for 151 msec during the screen structure is changing.

2024-04-20 19:38:40,721 [TScriptEngine] INFO  JobRequest
 - STEP 17: S150f792f3b674731ba8c2913beb7c1fb (4/15) - (17/32)
 - [4] WaitAppear


2024-04-20 19:38:50,207 [T25] DEBUG UIAEventHandler
UI Structure Changed Count: 0

2024-04-20 19:38:50,207 [T25] INFO  UIAEventHandler
waiting for 470 msec during the screen structure is changing.

2024-04-20 19:38:57,203 [TScriptEngine] DEBUG WinFinder
UI Inspection Time: 16 seconds.

2024-04-20 19:38:57,220 [TScriptEngine] INFO  JobRequest
 - STEP 18: Sbfebe55bbe8746b2822da9cbed34d88c (5/15) - (18/32)
 - [5] Click


2024-04-20 19:38:59,702 [TScriptEngine] INFO  JobRequest
 - STEP 19: S0b378dafa20342eabadd82ecdb4a54b2 (6/15) - (19/32)
 - [6] WaitAppear


2024-04-20 19:39:07,000 [T20] DEBUG UIAEventHandler
UI Structure Changed Count: 2

2024-04-20 19:39:07,440 [T20] INFO  UIAEventHandler
waiting for 1629 msec during the screen structure is changing.

2024-04-20 19:39:08,630 [T20] DEBUG UIAHelper
FromPoint - Previous Found: ProgressBar, Loading..., -1;71;1368;668

2024-04-20 19:39:12,886 [T12] INFO  JobService
Stop Job

2024-04-20 19:39:12,890 [T12] INFO  JobRunner
Stop Job Runner - Cause: LocalUser / Message: stop by user

2024-04-20 19:39:12,890 [T12] INFO  JobRequest
##############################################################
### STATE: Stopping
##############################################################
stop by user


2024-04-20 19:39:12,934 [T6] DEBUG JobRequest
Callback - State: Stopping
stop by user

2024-04-20 19:39:13,239 [TScriptEngine] DEBUG WinFinder
UI Inspection Time: 13 seconds.

2024-04-20 19:39:13,242 [TScriptEngine] DEBUG JobRunner
RunTask Interrupted. TASK: T_ReadData => Script execution interrupted by host

2024-04-20 19:39:13,261 [TScriptEngine] DEBUG JobRunner
RunTask Interrupted. TASK: P_Atividade => O thread foi interrompido por um estado de espera.

2024-04-20 19:39:13,406 [TScriptEngine] DEBUG JobManager
Set Result State: Stopped

2024-04-20 19:39:13,418 [TScriptEngine] INFO  JobRunner
Make report.

2024-04-20 19:39:13,854 [TScriptEngine] INFO  JobRunner
Start to clean up resources.

2024-04-20 19:39:13,856 [TScriptEngine] DEBUG JobRunner
OnProcessCompleted

2024-04-20 19:39:13,873 [T22] DEBUG JobRunner
Start timer for checking the job to be completed.

2024-04-20 19:39:13,926 [TScriptEngine] DEBUG ExcelBase
DisposeExcel

2024-04-20 19:39:14,030 [TScriptEngine] INFO  JobRunner
Start to clean up resources.

2024-04-20 19:39:14,032 [TScriptEngine] DEBUG JobRunner
Remove all Process Stack: 2

2024-04-20 19:39:14,055 [TScriptEngine] INFO  JobRequest
##############################################################
### STATE: EndTask - T_ReadData
##############################################################
050167e3-7605-4076-89ac-55f49898cab0
T_ReadData


2024-04-20 19:39:14,055 [TScriptEngine] INFO  JobRequest
##############################################################
### STATE: EndProcess - P_Atividade
##############################################################
05688af9-4021-4715-968f-8735111f8ff4
P_Atividade


2024-04-20 19:39:14,057 [TScriptEngine] DEBUG JobRunner
Remove all libraries

2024-04-20 19:39:14,059 [TScriptEngine] DEBUG NetPlayer
WebPlayer OnDispose

2024-04-20 19:39:14,063 [TScriptEngine] DEBUG WebPlayer
WebPlayer OnDispose : Do Nothing

2024-04-20 19:39:14,065 [TScriptEngine] DEBUG UIAEventHandler
Stop UIA event handler

2024-04-20 19:39:14,078 [TScriptEngine] DEBUG UiaAppHelper
WinHelper DisposeAppList Count: 0

2024-04-20 19:39:14,079 [TScriptEngine] INFO  JobRunner
All Resources Clear

2024-04-20 19:39:14,081 [TScriptEngine] DEBUG JobRunner
OnCompleted

2024-04-20 19:39:14,082 [TScriptEngine] DEBUG JobRunner
SendJobResult: Stopped

2024-04-20 19:39:14,082 [TScriptEngine] INFO  JobRequest
##############################################################
### STATE: Stopped
##############################################################
Process: P_Atividade
Task: T_ReadData
Step: WaitAppear (6/15)

Stopped by User


2024-04-20 19:39:14,082 [TScriptEngine] INFO  JobRequest
Last job life cycle state: Stopped

2024-04-20 19:39:14,082 [TScriptEngine] INFO  JobRequest
Update skipped current step informations.

2024-04-20 19:39:14,094 [TScriptEngine] INFO  JobRequest
##############################################################
### JOB COMPLETED
##############################################################


2024-04-20 19:39:14,106 [T6] DEBUG JobRequest
Callback - State: Stopped
Process: P_Atividade
Task: T_ReadData
Step: WaitAppear (6/15)

Stopped by User

2024-04-20 19:39:14,107 [T6] INFO  JobRequest
Callback - EngineClosed

2024-04-20 19:39:14,108 [T6] INFO  JobService
Disconnect agent service

2024-04-20 19:39:14,111 [T6] DEBUG JobRequest
End of Callback Sender

