2024-04-20 19:39:17,840 [T1] INFO  EngineStarter
BOT Engine Start - v3.1.000.01101
BOT ID: D_20240420_193914_109
BOT PID: 2572
BOT PPID: 9512
BOT Working Directory: C:\Users\aysla\AppData\Roaming\Brity RPA Designer

2024-04-20 19:39:17,992 [T1] INFO  EngineStarter
System Language: pt-BR
Resolution: 1366 x 768

2024-04-20 19:39:19,260 [T1] INFO  Config
Initialize Config

2024-04-20 19:39:19,373 [T1] DEBUG Config
Config Loaded

2024-04-20 19:39:19,375 [T1] DEBUG Config
Backup config file.

2024-04-20 19:39:19,390 [T1] INFO  Config
Orchestrator Service => https://orch.sdsbrity.com:8777

2024-04-20 19:39:19,397 [T1] INFO  Config
Initialize Resource Config

2024-04-20 19:39:19,491 [T1] DEBUG Config
Refresh Language Information

2024-04-20 19:39:19,745 [T1] INFO  Config
All Config Initialized.

2024-04-20 19:39:19,753 [T1] DEBUG KeyManager
Initialize KeyManager

2024-04-20 19:39:19,764 [T1] DEBUG KeyManager
Device ID is initialized.

2024-04-20 19:39:19,846 [T1] INFO  CertLicenseClient
Initialize certificate.

2024-04-20 19:39:19,853 [T1] DEBUG CertLicenseClient
Set Security Protocol: Tls12

2024-04-20 19:39:19,880 [T5] DEBUG JobService
Connect to agent service

2024-04-20 19:39:19,926 [T5] DEBUG JobService
JobService URL : net.tcp://127.0.0.1:59001/rpa/agent

2024-04-20 19:39:19,928 [T5] DEBUG JobService
Open connection

2024-04-20 19:39:19,946 [T1] DEBUG ApplicationInitializer
InitMode: Thread

2024-04-20 19:39:19,956 [T5] DEBUG JobService
Register engine to agent

2024-04-20 19:39:19,961 [T1] INFO  LibraryManager
Load Libraries - Started

2024-04-20 19:39:19,979 [T5] DEBUG JobService
Engine is connected to agent service.

2024-04-20 19:39:19,979 [T5] DEBUG JobService
Owner Process PID: 9512

2024-04-20 19:39:19,986 [T1] DEBUG AddInLoader
Load Assembly : IPA.Lib.Chrome

2024-04-20 19:39:19,987 [T5] INFO  JobService
Start monitoring owner process is terminated.

2024-04-20 19:39:21,065 [T1] DEBUG AddInLoader
Load Assembly : IPA.Lib.Desktop

2024-04-20 19:39:21,670 [T1] DEBUG AddInLoader
Load Assembly : IPA.Lib.Excel

2024-04-20 19:39:22,128 [T1] DEBUG AddInLoader
Load Assembly : IPA.Lib.Flow

2024-04-20 19:39:22,435 [T1] DEBUG AddInLoader
Load Assembly : IPA.Lib.IE

2024-04-20 19:39:23,327 [T1] DEBUG AddInLoader
Load Assembly : IPA.Lib.ImageConverter

2024-04-20 19:39:23,503 [T1] DEBUG AddInLoader
Load Assembly : IPA.Lib.ImageRecognition

2024-04-20 19:39:23,866 [T1] DEBUG AddInLoader
Load Assembly : IPA.Lib.MicrosoftOCR

2024-04-20 19:39:23,942 [T1] DEBUG AddInLoader
Load Assembly : IPA.Lib.Net

2024-04-20 19:39:24,041 [T1] DEBUG AddInLoader
Load Assembly : IPA.Lib.Orchestra

2024-04-20 19:39:24,138 [T1] DEBUG AddInLoader
Load Assembly : IPA.Lib.ProcessFlow

2024-04-20 19:39:24,240 [T1] DEBUG AddInLoader
Load Assembly : IPA.Lib.SAP

2024-04-20 19:39:24,336 [T1] DEBUG AddInLoader
Load Assembly : IPA.Lib.Web

2024-04-20 19:39:24,574 [T1] DEBUG AddInLoader
Load Assembly : IPA.Lib.Win

2024-04-20 19:39:24,860 [T1] INFO  ScreenCapture
Default Screen Capture Bounds: 0;0;1366;768

2024-04-20 19:39:24,930 [T1] DEBUG AddInLoader
Load Assembly : BrityRPA.AddIn.NativeApp

2024-04-20 19:39:25,176 [T1] DEBUG AddInLoader
Load Assembly : BrityWorks.AddIn.Outlook

2024-04-20 19:39:25,297 [T1] DEBUG AddInLoader
Load Assembly : BrityWorks.AddIn.Pdf

2024-04-20 19:39:25,391 [T1] DEBUG LibraryManager
Load Library - Chrome

2024-04-20 19:39:25,394 [T1] DEBUG LibraryManager
Load Library - Desktop

2024-04-20 19:39:25,395 [T1] DEBUG LibraryManager
Load Library - Excel

2024-04-20 19:39:25,396 [T1] DEBUG LibraryManager
Load Library - Flow

2024-04-20 19:39:25,397 [T1] DEBUG LibraryManager
Load Library - IE

2024-04-20 19:39:25,397 [T1] DEBUG LibraryManager
Load Library - ImageConverter

2024-04-20 19:39:25,398 [T1] DEBUG LibraryManager
Load Library - ImageRecognition

2024-04-20 19:39:25,399 [T1] DEBUG LibraryManager
Load Library - MicrosoftOCR

2024-04-20 19:39:25,400 [T1] DEBUG LibraryManager
Load Library - NativeApp

2024-04-20 19:39:25,405 [T1] DEBUG LibraryManager
Load Library - Net

2024-04-20 19:39:25,406 [T1] DEBUG LibraryManager
Load Library - Orchestra

2024-04-20 19:39:25,407 [T1] DEBUG LibraryManager
Load Library - Outlook

2024-04-20 19:39:25,407 [T1] DEBUG LibraryManager
Load Library - Pdf

2024-04-20 19:39:25,407 [T1] DEBUG LibraryManager
Load Library - SAP

2024-04-20 19:39:25,408 [T1] DEBUG LibraryManager
Load Library - Web

2024-04-20 19:39:25,409 [T1] DEBUG LibraryManager
Load Library - Win

2024-04-20 19:39:25,410 [T1] DEBUG LibraryManager
Load Library - WorkFlow

2024-04-20 19:39:25,416 [T1] DEBUG LibraryManager
Load built-in script libraries

2024-04-20 19:39:25,534 [T1] INFO  LibraryManager
Load Libraries - Completed.

2024-04-20 19:39:25,548 [T1] INFO  App
Launch Arguments: Total: 6 |  -eid D_20240420_193914_109 -runtype ProcRunner -ppid 9512

2024-04-20 19:39:25,548 [T1] DEBUG Config
Refresh Language Information

2024-04-20 19:39:25,549 [T1] DEBUG LibraryManager
LibraryManager Initialized.

2024-04-20 19:39:28,445 [T9] INFO  JobService
Start Job: P_Atividade (Foreground)
{
  "UsePIP": false,
  "UserID": null,
  "UserPWD": null,
  "IsRunning": false,
  "ResultMessage": null,
  "JobWorkDir": "C:\\Users\\aysla\\OneDrive\\Documents\\Brity RPA Projects\\Atividade\\Histories\\20240420_193928_P_Atividade_Designer_20240420_193928_044",
  "JobLogDir": "C:\\Users\\aysla\\OneDrive\\Documents\\Brity RPA Projects\\Atividade\\Histories\\20240420_193928_P_Atividade_Designer_20240420_193928_044\\Log",
  "JobScreenshotDir": "C:\\Users\\aysla\\OneDrive\\Documents\\Brity RPA Projects\\Atividade\\Histories\\20240420_193928_P_Atividade_Designer_20240420_193928_044\\Log\\Screenshot",
  "TotalProcessStepCount": 0,
  "CurrentStepNo": 0,
  "CurrentStepName": null,
  "StartTime": "2024-04-20 19:39:28",
  "EndTime": null,
  "Data": null,
  "EngineID": "D_20240420_193914_109",
  "EnginePID": 0,
  "EngineRecommededVersion": "",
  "JobId": "Designer_20240420_193928_044",
  "JobType": 1,
  "UserAuthentication": null,
  "ProcessPath": "C:\\Users\\aysla\\OneDrive\\Documents\\Brity RPA Projects\\Atividade\\P_Atividade.proc",
  "ProcessId": "05688af9-4021-4715-968f-8735111f8ff4",
  "ProcessVer": "",
  "ProcessArgs": null,
  "RequesterType": 3,
  "RequesterId": "designer",
  "RequesterPID": 9512,
  "OptionsJsonString": null,
  "TimeoutSec": 0,
  "State": 0
}

2024-04-20 19:39:28,601 [T7] DEBUG JobService
Waiting library loading...

2024-04-20 19:39:28,607 [T7] DEBUG Config
Reload User Settings

2024-04-20 19:39:28,608 [T7] INFO  JobService
Config Loading Completed.

2024-04-20 19:39:28,608 [T7] DEBUG JobService
Config Loading Time: 6 ms.

2024-04-20 19:39:28,618 [T7] INFO  JobManager
Create JobManager instance for job P_Atividade(Designer_20240420_193928_044)

2024-04-20 19:39:28,625 [T7] INFO  JobRequest
Job ID : Designer_20240420_193928_044
Project Path  : C:\Users\aysla\OneDrive\Documents\Brity RPA Projects\Atividade\Atividade.proj
Process Name  : P_Atividade
Engine Mode   : Designer
Requester Type: Designer
Requester PID : 9512

2024-04-20 19:39:28,628 [T6] INFO  JobRequest
Start Callback Sender

2024-04-20 19:39:28,628 [T6] DEBUG JobRequest
Step Callback Interval: 500

2024-04-20 19:39:28,680 [T7] DEBUG ProjectManager
Set Project Information

2024-04-20 19:39:28,705 [T7] INFO  PlayOptionManager
PlayOption
- Step Interval : 1
- Disable DrawBounds : False
- Invoke First : False
- Allow Upload of DumpScreen results : False

2024-04-20 19:39:28,706 [T7] INFO  JobRunner
Initialize Script Engine

2024-04-20 19:39:28,722 [TScriptEngine] INFO  JobRequest
##############################################################
### STATE: Initializing
##############################################################


2024-04-20 19:39:28,737 [T6] DEBUG JobRequest
Callback - State: Initializing


2024-04-20 19:39:29,691 [TScriptEngine] INFO  JobRequest
##############################################################
### STATE: Ready
##############################################################


2024-04-20 19:39:29,702 [T7] INFO  JobRunnerHook
HotKey Hook Started

2024-04-20 19:39:29,702 [T7] INFO  JobRequest
##############################################################
### STATE: Starting
##############################################################


2024-04-20 19:39:29,703 [T6] DEBUG JobRequest
Callback - State: Ready


2024-04-20 19:39:29,704 [T6] DEBUG JobRequest
Callback - State: Starting


2024-04-20 19:39:29,705 [TScriptEngine] INFO  JobRunner
RunProcess start

2024-04-20 19:39:29,707 [TScriptEngine] INFO  JobRequest
##############################################################
### STATE: Running
##############################################################


2024-04-20 19:39:29,707 [TScriptEngine] INFO  JobRequest
Last job life cycle state: Running

2024-04-20 19:39:29,719 [T6] DEBUG JobRequest
Callback - State: Running


2024-04-20 19:39:29,868 [TScriptEngine] WARN  ProcessDataValidator
It can be occurred a malfunction to play P_Atividade,
because this system is different from designed system environment.
(OS, Resolution, etc)

2024-04-20 19:39:30,702 [TScriptEngine] DEBUG ScreenCapture
DirectX Screen Capture Initialized.

2024-04-20 19:39:30,763 [TScriptEngine] DEBUG JobRunner
DirectX ScreenCapture Checked.

2024-04-20 19:39:30,795 [TScriptEngine] INFO  JobRequest
##############################################################
### STATE: StartProcess - P_Atividade
##############################################################
05688af9-4021-4715-968f-8735111f8ff4
P_Atividade


2024-04-20 19:39:30,863 [TScriptEngine] INFO  JobRequest
**************************************************************
*** TASK: P_Atividade
**************************************************************
 - STEP 1: S81a0ebfb5a2c4a8b9a71dee37d7e0b78 (1/17) - (1/32)
 - [1] ExecuteScript


2024-04-20 19:39:30,977 [TScriptEngine] INFO  JobRequest
 - STEP 2: S2fe14a09e8ec4fee96d82b281a338c15 (2/17) - (2/32)
 - [2] OpenExcel


2024-04-20 19:39:32,600 [TScriptEngine] INFO  JobRequest
 - STEP 3: Sa2ffea335c68462984398f8647d25471 (3/17) - (3/32)
 - [3] GetRowCount


2024-04-20 19:39:32,758 [TScriptEngine] INFO  JobRequest
 - STEP 4: Se4b2ea00830543c89117e6b63f8f7099 (4/17) - (4/32)
 - [4] For


2024-04-20 19:39:32,772 [TScriptEngine] INFO  JobRequest
 - STEP 5: Sdea2da61b925487181471142e9aaa813 (5/17) - (5/32)
 - [5] ChromeClose


2024-04-20 19:39:34,938 [TScriptEngine] DEBUG ChromeRemoteConnect
GetRemoteBrowserUsingEndPoint Fail : Um ou mais erros.

2024-04-20 19:39:34,938 [TScriptEngine] DEBUG LastUsedPageManager
lastUsedPage browser not exist

2024-04-20 19:39:34,943 [TScriptEngine] DEBUG RestorePuppeteer
Chrome Try RestoreConnection Start

2024-04-20 19:39:36,979 [TScriptEngine] DEBUG ChromeRemoteConnect
GetRemoteBrowserUsingEndPoint Fail : Um ou mais erros.

2024-04-20 19:39:36,980 [TScriptEngine] DEBUG RestorePuppeteer
The page or browser has been disconnected.
Please check if the page or browser exists and try again. : Chrome Try RestoreConnection Fail : remoteBrowser is null

2024-04-20 19:39:36,981 [TScriptEngine] DEBUG RestorePuppeteer
Chrome Try RestoreConnection Fail : The page or browser has been disconnected.
Please check if the page or browser exists and try again.

2024-04-20 19:39:36,982 [TScriptEngine] DEBUG LastUsedPageManager
The page or browser has been disconnected.
Please check if the page or browser exists and try again.

2024-04-20 19:39:36,984 [TScriptEngine] ERROR ChromeClose
The page or browser has been disconnected.
Please check if the page or browser exists and try again.

2024-04-20 19:39:36,998 [TScriptEngine] WARN  ScriptSupport
CatchException: The page or browser has been disconnected.
Please check if the page or browser exists and try again.

2024-04-20 19:39:37,010 [TScriptEngine] INFO  JobRequest
 - STEP 6: S09d63d9d3fda427bb7475440858c030e (6/17) - (6/32)
 - [6] ReadString


2024-04-20 19:39:37,088 [TScriptEngine] INFO  JobRequest
 - STEP 7: S7e95aa17246a433abdcada2f20679a68 (7/17) - (7/32)
 - [7] ExecuteScript


2024-04-20 19:39:37,103 [TScriptEngine] INFO  JobRequest
 - STEP 8: Sb01899dd9dcc43c9adaaaab1ed7a6f0c (8/17) - (8/32)
 - [8] IfElse


2024-04-20 19:39:37,118 [TScriptEngine] INFO  JobRequest
 - STEP 9: S1294e846cb7e45fa87588af8fbb093d8 (9/17) - (9/32)
 - [9] Else


2024-04-20 19:39:37,134 [TScriptEngine] INFO  JobRequest
 - STEP 10: S4520f5ba2c86491bb60615333cf09df3 (10/17) - (10/32)
 - [10] GetActiveExcel


2024-04-20 19:39:37,196 [TScriptEngine] INFO  JobRequest
 - STEP 11: Sd2d8c5a614f84283bc4930fa6caf54a6 (11/17) - (11/32)
 - [11] ReadRange


2024-04-20 19:39:37,274 [TScriptEngine] INFO  JobRequest
 - STEP 12: Sf179dc02da1e444b891e6dc9f1bd3850 (12/17) - (12/32)
 - [12] IfThen


2024-04-20 19:39:37,289 [TScriptEngine] INFO  JobRequest
 - STEP 13: Sa9456650272b4b5e83a3073cf8af312a (13/17) - (13/32)
 - [13] RunTask


2024-04-20 19:39:37,305 [TScriptEngine] INFO  JobRequest
##############################################################
### STATE: StartTask - T_ReadData
##############################################################
050167e3-7605-4076-89ac-55f49898cab0
T_ReadData


2024-04-20 19:39:37,320 [TScriptEngine] INFO  JobRequest
**************************************************************
*** TASK: T_ReadData
**************************************************************
 - STEP 14: S7b5451ab03f24e968aa01b02443d0230 (1/15) - (14/32)
 - [1] ChromeOpen


2024-04-20 19:39:39,444 [T4] DEBUG ChromeRemoteConnect
GetRemoteBrowserUsingEndPoint Fail : Um ou mais erros.

2024-04-20 19:39:39,503 [T4] DEBUG ChromeCommonExtension
extension default locale empty

2024-04-20 19:39:39,504 [T4] DEBUG ChromeCommonExtension
extension default locale empty

2024-04-20 19:39:40,253 [T4] DEBUG ChromeCommonExtension
extension default locale empty

2024-04-20 19:39:40,266 [T4] DEBUG ChromeCommonExtension
extension default locale empty

2024-04-20 19:39:47,504 [TScriptEngine] INFO  JobRequest
 - STEP 15: S28ce395c2bad42d2ad72147b0f13f61c (2/15) - (15/32)
 - [2] Click


2024-04-20 19:39:47,910 [T7] INFO  UIAEventHandler
Start UIA event handler

2024-04-20 19:39:48,914 [T7] DEBUG UIAEventHandler
UI Structure Changed Count: 0

2024-04-20 19:39:48,914 [T7] INFO  UIAEventHandler
waiting for 835 msec during the screen structure is changing.

2024-04-20 19:39:52,503 [TScriptEngine] INFO  JobRequest
 - STEP 16: S74259ddc3cd649838accf6e4495a26c4 (3/15) - (16/32)
 - [3] Click


2024-04-20 19:39:54,399 [TScriptEngine] INFO  JobRequest
 - STEP 17: S150f792f3b674731ba8c2913beb7c1fb (4/15) - (17/32)
 - [4] WaitAppear


2024-04-20 19:40:06,632 [TScriptEngine] DEBUG WinFinder
UI Inspection Time: 12 seconds.

2024-04-20 19:40:06,639 [TScriptEngine] INFO  JobRequest
 - STEP 18: Sbfebe55bbe8746b2822da9cbed34d88c (5/15) - (18/32)
 - [5] Click


2024-04-20 19:40:07,770 [T22] DEBUG UIAHelper
FromPoint - Previous Found: ProgressBar, Loading..., -1;71;1368;668

2024-04-20 19:40:10,819 [TScriptEngine] INFO  JobRequest
 - STEP 19: S0b378dafa20342eabadd82ecdb4a54b2 (6/15) - (19/32)
 - [6] WaitAppear


2024-04-20 19:40:23,177 [TScriptEngine] DEBUG WinFinder
UI Inspection Time: 12 seconds.

2024-04-20 19:40:23,185 [TScriptEngine] INFO  JobRequest
 - STEP 20: Se42655ba1e1144508c70d4d4e6bc5645 (7/15) - (20/32)
 - [7] ChromeGetData


2024-04-20 19:40:23,933 [TScriptEngine] INFO  JobRequest
 - STEP 21: S07a6862599344a3cb4f9d8f92573b57c (8/15) - (21/32)
 - [8] ChromeGetData


2024-04-20 19:40:24,135 [TScriptEngine] INFO  JobRequest
 - STEP 22: Sc567a2717a14482baf6990d452159f80 (9/15) - (22/32)
 - [9] Click


2024-04-20 19:40:31,193 [T28] DEBUG UIAEventHandler
UI Structure Changed Count: 0

2024-04-20 19:40:31,193 [T28] INFO  UIAEventHandler
waiting for 488 msec during the screen structure is changing.

2024-04-20 19:40:38,233 [TScriptEngine] INFO  JobRunner
Stop Job Runner - Cause: LocalUser / Message: Catch Step Exception

2024-04-20 19:40:38,234 [TScriptEngine] INFO  JobRequest
##############################################################
### STATE: Stopping
##############################################################
Catch Step Exception


2024-04-20 19:40:38,244 [T6] DEBUG JobRequest
Callback - State: Stopping
Catch Step Exception

2024-04-20 19:40:38,246 [TScriptEngine] WARN  ScriptSupport
[CATCH_STEP_EXCEPTION] Process: P_Atividade
Task: T_ReadData
Step: Click (9/15)

Error: Target object does not exist, or can not be identified with current properties.

A total of 1148 candidate objects were reviewed on 1 target app screens by attempting 7 searches for 10 seconds, but no target objects were found.

The current properties are as follows.

Application: chrome
App Object Type: Pane
Target Type: Button
Target Name: Ir pra Loja Copiar

2024-04-20 19:40:38,249 [TScriptEngine] FINE  JobRunner
RunTask ExceptionOccured. TASK: T_ReadData => Target object does not exist, or can not be identified with current properties.

A total of 1148 candidate objects were reviewed on 1 target app screens by attempting 7 searches for 10 seconds, but no target objects were found.

The current properties are as follows.

Application: chrome
App Object Type: Pane
Target Type: Button
Target Name: Ir pra Loja Copiar

2024-04-20 19:40:38,289 [TScriptEngine] INFO  JobRequest
##############################################################
### STATE: EndTask - T_ReadData
##############################################################
050167e3-7605-4076-89ac-55f49898cab0
T_ReadData


2024-04-20 19:40:38,291 [TScriptEngine] DEBUG JobRunner
RunTask ExceptionOccured. TASK: P_Atividade => Process: P_Atividade
Task: T_ReadData
Step: Click (9/15)
Target object does not exist, or can not be identified with current properties.

A total of 1148 candidate objects were reviewed on 1 target app screens by attempting 7 searches for 10 seconds, but no target objects were found.

The current properties are as follows.

Application: chrome
App Object Type: Pane
Target Type: Button
Target Name: Ir pra Loja Copiar

2024-04-20 19:40:38,292 [TScriptEngine] INFO  JobRequest
##############################################################
### STATE: EndProcess - P_Atividade
##############################################################
05688af9-4021-4715-968f-8735111f8ff4
P_Atividade


2024-04-20 19:40:38,314 [TScriptEngine] DEBUG JobManager
Set Result State: Stopped

2024-04-20 19:40:38,319 [TScriptEngine] INFO  JobRunner
Make report.

2024-04-20 19:40:38,414 [TScriptEngine] INFO  JobRunner
Start to clean up resources.

2024-04-20 19:40:38,415 [TScriptEngine] DEBUG JobRunner
OnProcessCompleted

2024-04-20 19:40:38,415 [T22] DEBUG JobRunner
Start timer for checking the job to be completed.

2024-04-20 19:40:38,451 [TScriptEngine] DEBUG ExcelBase
DisposeExcel

2024-04-20 19:40:38,491 [TScriptEngine] INFO  JobRunner
Start to clean up resources.

2024-04-20 19:40:38,494 [TScriptEngine] DEBUG JobRunner
Remove all libraries

2024-04-20 19:40:38,496 [TScriptEngine] DEBUG NetPlayer
WebPlayer OnDispose

2024-04-20 19:40:38,500 [TScriptEngine] DEBUG WebPlayer
WebPlayer OnDispose : Do Nothing

2024-04-20 19:40:38,502 [TScriptEngine] DEBUG UIAEventHandler
Stop UIA event handler

2024-04-20 19:40:38,512 [TScriptEngine] DEBUG UiaAppHelper
WinHelper DisposeAppList Count: 0

2024-04-20 19:40:38,512 [TScriptEngine] INFO  JobRunner
All Resources Clear

2024-04-20 19:40:38,513 [TScriptEngine] DEBUG JobRunner
OnCompleted

2024-04-20 19:40:38,514 [TScriptEngine] DEBUG JobRunner
SendJobResult: Stopped

2024-04-20 19:40:38,514 [TScriptEngine] INFO  JobRequest
##############################################################
### STATE: Stopped
##############################################################
Process: P_Atividade

Process: P_Atividade
Task: T_ReadData
Step: Click (9/15)
Target object does not exist, or can not be identified with current properties.

A total of 1148 candidate objects were reviewed on 1 target app screens by attempting 7 searches for 10 seconds, but no target objects were found.

The current properties are as follows.

Application: chrome
App Object Type: Pane
Target Type: Button
Target Name: Ir pra Loja Copiar


2024-04-20 19:40:38,514 [TScriptEngine] INFO  JobRequest
Last job life cycle state: Stopped

2024-04-20 19:40:38,514 [TScriptEngine] INFO  JobRequest
Update skipped current step informations.

2024-04-20 19:40:38,523 [TScriptEngine] INFO  JobRequest
##############################################################
### JOB COMPLETED
##############################################################


2024-04-20 19:40:38,534 [T6] DEBUG JobRequest
Callback - State: Stopped
Process: P_Atividade

Process: P_Atividade
Task: T_ReadData
Step: Click (9/15)
Target object does not exist, or can not be identified with current properties.

A total of 1148 candidate objects were reviewed on 1 target app screens by attempting 7 searches for 10 seconds, but no target objects were found.

The current properties are as follows.

Application: chrome
App Object Type: Pane
Target Type: Button
Target Name: Ir pra Loja Copiar

2024-04-20 19:40:38,541 [T6] INFO  JobRequest
Callback - EngineClosed

2024-04-20 19:40:38,542 [T6] INFO  JobService
Disconnect agent service

2024-04-20 19:40:38,543 [TScriptEngine] INFO  JobRunner
RunProcess end

2024-04-20 19:40:38,544 [T1] INFO  JobService
Exit - Shutdown Engine BOT

2024-04-20 19:40:38,544 [T6] DEBUG JobRequest
End of Callback Sender

